ARM GAS  C:\Users\plod1602\AppData\Local\Temp\cclIsB5e.s 			page 1


   1              		.syntax unified
   2              		.cpu cortex-m3
   3              		.fpu softvfp
   4              		.eabi_attribute 20, 1
   5              		.eabi_attribute 21, 1
   6              		.eabi_attribute 23, 3
   7              		.eabi_attribute 24, 1
   8              		.eabi_attribute 25, 1
   9              		.eabi_attribute 26, 1
  10              		.eabi_attribute 30, 6
  11              		.eabi_attribute 34, 1
  12              		.eabi_attribute 18, 4
  13              		.thumb
  14              		.file	"AMux.c"
  15              		.text
  16              	.Ltext0:
  17              		.cfi_sections	.debug_frame
  18              		.data
  19              		.type	AMux_lastChannel, %object
  20              		.size	AMux_lastChannel, 1
  21              	AMux_lastChannel:
  22 0000 FF       		.byte	-1
  23              		.section	.text.AMux_Start,"ax",%progbits
  24              		.align	2
  25              		.global	AMux_Start
  26              		.thumb
  27              		.thumb_func
  28              		.type	AMux_Start, %function
  29              	AMux_Start:
  30              	.LFB0:
  31              		.file 1 ".\\Generated_Source\\PSoC5\\AMux.c"
   1:.\Generated_Source\PSoC5/AMux.c **** /*******************************************************************************
   2:.\Generated_Source\PSoC5/AMux.c **** * File Name: AMux.c
   3:.\Generated_Source\PSoC5/AMux.c **** * Version 1.80
   4:.\Generated_Source\PSoC5/AMux.c **** *
   5:.\Generated_Source\PSoC5/AMux.c **** *  Description:
   6:.\Generated_Source\PSoC5/AMux.c **** *    This file contains all functions required for the analog multiplexer
   7:.\Generated_Source\PSoC5/AMux.c **** *    AMux User Module.
   8:.\Generated_Source\PSoC5/AMux.c **** *
   9:.\Generated_Source\PSoC5/AMux.c **** *   Note:
  10:.\Generated_Source\PSoC5/AMux.c **** *
  11:.\Generated_Source\PSoC5/AMux.c **** *******************************************************************************
  12:.\Generated_Source\PSoC5/AMux.c **** * Copyright 2008-2010, Cypress Semiconductor Corporation.  All rights reserved.
  13:.\Generated_Source\PSoC5/AMux.c **** * You may use this file only in accordance with the license, terms, conditions, 
  14:.\Generated_Source\PSoC5/AMux.c **** * disclaimers, and limitations in the end user license agreement accompanying 
  15:.\Generated_Source\PSoC5/AMux.c **** * the software package with which this file was provided.
  16:.\Generated_Source\PSoC5/AMux.c **** ********************************************************************************/
  17:.\Generated_Source\PSoC5/AMux.c **** 
  18:.\Generated_Source\PSoC5/AMux.c **** #include "AMux.h"
  19:.\Generated_Source\PSoC5/AMux.c **** 
  20:.\Generated_Source\PSoC5/AMux.c **** static uint8 AMux_lastChannel = AMux_NULL_CHANNEL;
  21:.\Generated_Source\PSoC5/AMux.c **** 
  22:.\Generated_Source\PSoC5/AMux.c **** 
  23:.\Generated_Source\PSoC5/AMux.c **** /*******************************************************************************
  24:.\Generated_Source\PSoC5/AMux.c **** * Function Name: AMux_Start
  25:.\Generated_Source\PSoC5/AMux.c **** ********************************************************************************
  26:.\Generated_Source\PSoC5/AMux.c **** * Summary:
ARM GAS  C:\Users\plod1602\AppData\Local\Temp\cclIsB5e.s 			page 2


  27:.\Generated_Source\PSoC5/AMux.c **** *  Disconnect all channels.
  28:.\Generated_Source\PSoC5/AMux.c **** *
  29:.\Generated_Source\PSoC5/AMux.c **** * Parameters:
  30:.\Generated_Source\PSoC5/AMux.c **** *  void
  31:.\Generated_Source\PSoC5/AMux.c **** *
  32:.\Generated_Source\PSoC5/AMux.c **** * Return:
  33:.\Generated_Source\PSoC5/AMux.c **** *  void
  34:.\Generated_Source\PSoC5/AMux.c **** *
  35:.\Generated_Source\PSoC5/AMux.c **** *******************************************************************************/
  36:.\Generated_Source\PSoC5/AMux.c **** void AMux_Start(void) 
  37:.\Generated_Source\PSoC5/AMux.c **** {
  32              		.loc 1 37 0
  33              		.cfi_startproc
  34              		@ args = 0, pretend = 0, frame = 8
  35              		@ frame_needed = 1, uses_anonymous_args = 0
  36 0000 80B5     		push	{r7, lr}
  37              		.cfi_def_cfa_offset 8
  38              		.cfi_offset 7, -8
  39              		.cfi_offset 14, -4
  40 0002 82B0     		sub	sp, sp, #8
  41              		.cfi_def_cfa_offset 16
  42 0004 00AF     		add	r7, sp, #0
  43              		.cfi_def_cfa_register 7
  38:.\Generated_Source\PSoC5/AMux.c ****     uint8 chan;
  39:.\Generated_Source\PSoC5/AMux.c **** 
  40:.\Generated_Source\PSoC5/AMux.c ****     for(chan = 0u; chan < AMux_CHANNELS ; chan++)
  44              		.loc 1 40 0
  45 0006 0023     		movs	r3, #0
  46 0008 FB71     		strb	r3, [r7, #7]
  47 000a 0AE0     		b	.L2
  48              	.L3:
  41:.\Generated_Source\PSoC5/AMux.c ****     {
  42:.\Generated_Source\PSoC5/AMux.c **** #if (AMux_MUXTYPE == AMux_MUX_SINGLE)
  43:.\Generated_Source\PSoC5/AMux.c ****         AMux_Unset(chan);
  44:.\Generated_Source\PSoC5/AMux.c **** #else
  45:.\Generated_Source\PSoC5/AMux.c ****         AMux_CYAMUXSIDE_A_Unset(chan);
  49              		.loc 1 45 0 discriminator 2
  50 000c FB79     		ldrb	r3, [r7, #7]	@ zero_extendqisi2
  51 000e 1846     		mov	r0, r3
  52 0010 FFF7FEFF 		bl	AMux_CYAMUXSIDE_A_Unset
  46:.\Generated_Source\PSoC5/AMux.c ****         AMux_CYAMUXSIDE_B_Unset(chan);
  53              		.loc 1 46 0 discriminator 2
  54 0014 FB79     		ldrb	r3, [r7, #7]	@ zero_extendqisi2
  55 0016 1846     		mov	r0, r3
  56 0018 FFF7FEFF 		bl	AMux_CYAMUXSIDE_B_Unset
  40:.\Generated_Source\PSoC5/AMux.c ****     for(chan = 0u; chan < AMux_CHANNELS ; chan++)
  57              		.loc 1 40 0 discriminator 2
  58 001c FB79     		ldrb	r3, [r7, #7]	@ zero_extendqisi2
  59 001e 0133     		adds	r3, r3, #1
  60 0020 FB71     		strb	r3, [r7, #7]
  61              	.L2:
  40:.\Generated_Source\PSoC5/AMux.c ****     for(chan = 0u; chan < AMux_CHANNELS ; chan++)
  62              		.loc 1 40 0 is_stmt 0 discriminator 1
  63 0022 FB79     		ldrb	r3, [r7, #7]	@ zero_extendqisi2
  64 0024 022B     		cmp	r3, #2
  65 0026 F1D9     		bls	.L3
  47:.\Generated_Source\PSoC5/AMux.c **** #endif
ARM GAS  C:\Users\plod1602\AppData\Local\Temp\cclIsB5e.s 			page 3


  48:.\Generated_Source\PSoC5/AMux.c ****     }
  49:.\Generated_Source\PSoC5/AMux.c **** 
  50:.\Generated_Source\PSoC5/AMux.c ****     AMux_lastChannel = AMux_NULL_CHANNEL;
  66              		.loc 1 50 0 is_stmt 1
  67 0028 024B     		ldr	r3, .L4
  68 002a FF22     		movs	r2, #255
  69 002c 1A70     		strb	r2, [r3]
  51:.\Generated_Source\PSoC5/AMux.c **** }
  70              		.loc 1 51 0
  71 002e 0837     		adds	r7, r7, #8
  72 0030 BD46     		mov	sp, r7
  73              		@ sp needed
  74 0032 80BD     		pop	{r7, pc}
  75              	.L5:
  76              		.align	2
  77              	.L4:
  78 0034 00000000 		.word	AMux_lastChannel
  79              		.cfi_endproc
  80              	.LFE0:
  81              		.size	AMux_Start, .-AMux_Start
  82              		.section	.text.AMux_FastSelect,"ax",%progbits
  83              		.align	2
  84              		.global	AMux_FastSelect
  85              		.thumb
  86              		.thumb_func
  87              		.type	AMux_FastSelect, %function
  88              	AMux_FastSelect:
  89              	.LFB1:
  52:.\Generated_Source\PSoC5/AMux.c **** 
  53:.\Generated_Source\PSoC5/AMux.c **** 
  54:.\Generated_Source\PSoC5/AMux.c **** #if (!AMux_ATMOSTONE)
  55:.\Generated_Source\PSoC5/AMux.c **** /*******************************************************************************
  56:.\Generated_Source\PSoC5/AMux.c **** * Function Name: AMux_Select
  57:.\Generated_Source\PSoC5/AMux.c **** ********************************************************************************
  58:.\Generated_Source\PSoC5/AMux.c **** * Summary:
  59:.\Generated_Source\PSoC5/AMux.c **** *  This functions first disconnects all channels then connects the given
  60:.\Generated_Source\PSoC5/AMux.c **** *  channel.
  61:.\Generated_Source\PSoC5/AMux.c **** *
  62:.\Generated_Source\PSoC5/AMux.c **** * Parameters:
  63:.\Generated_Source\PSoC5/AMux.c **** *  channel:  The channel to connect to the common terminal.
  64:.\Generated_Source\PSoC5/AMux.c **** *
  65:.\Generated_Source\PSoC5/AMux.c **** * Return:
  66:.\Generated_Source\PSoC5/AMux.c **** *  void
  67:.\Generated_Source\PSoC5/AMux.c **** *
  68:.\Generated_Source\PSoC5/AMux.c **** *******************************************************************************/
  69:.\Generated_Source\PSoC5/AMux.c **** void AMux_Select(uint8 channel) 
  70:.\Generated_Source\PSoC5/AMux.c **** {
  71:.\Generated_Source\PSoC5/AMux.c ****     AMux_DisconnectAll();        /* Disconnect all previous connections */
  72:.\Generated_Source\PSoC5/AMux.c ****     AMux_Connect(channel);       /* Make the given selection */
  73:.\Generated_Source\PSoC5/AMux.c ****     AMux_lastChannel = channel;  /* Update last channel */
  74:.\Generated_Source\PSoC5/AMux.c **** }
  75:.\Generated_Source\PSoC5/AMux.c **** #endif
  76:.\Generated_Source\PSoC5/AMux.c **** 
  77:.\Generated_Source\PSoC5/AMux.c **** 
  78:.\Generated_Source\PSoC5/AMux.c **** /*******************************************************************************
  79:.\Generated_Source\PSoC5/AMux.c **** * Function Name: AMux_FastSelect
  80:.\Generated_Source\PSoC5/AMux.c **** ********************************************************************************
ARM GAS  C:\Users\plod1602\AppData\Local\Temp\cclIsB5e.s 			page 4


  81:.\Generated_Source\PSoC5/AMux.c **** * Summary:
  82:.\Generated_Source\PSoC5/AMux.c **** *  This function first disconnects the last connection made with FastSelect or
  83:.\Generated_Source\PSoC5/AMux.c **** *  Select, then connects the given channel. The FastSelect function is similar
  84:.\Generated_Source\PSoC5/AMux.c **** *  to the Select function, except it is faster since it only disconnects the
  85:.\Generated_Source\PSoC5/AMux.c **** *  last channel selected rather than all channels.
  86:.\Generated_Source\PSoC5/AMux.c **** *
  87:.\Generated_Source\PSoC5/AMux.c **** * Parameters:
  88:.\Generated_Source\PSoC5/AMux.c **** *  channel:  The channel to connect to the common terminal.
  89:.\Generated_Source\PSoC5/AMux.c **** *
  90:.\Generated_Source\PSoC5/AMux.c **** * Return:
  91:.\Generated_Source\PSoC5/AMux.c **** *  void
  92:.\Generated_Source\PSoC5/AMux.c **** *
  93:.\Generated_Source\PSoC5/AMux.c **** *******************************************************************************/
  94:.\Generated_Source\PSoC5/AMux.c **** void AMux_FastSelect(uint8 channel) 
  95:.\Generated_Source\PSoC5/AMux.c **** {
  90              		.loc 1 95 0
  91              		.cfi_startproc
  92              		@ args = 0, pretend = 0, frame = 8
  93              		@ frame_needed = 1, uses_anonymous_args = 0
  94 0000 80B5     		push	{r7, lr}
  95              		.cfi_def_cfa_offset 8
  96              		.cfi_offset 7, -8
  97              		.cfi_offset 14, -4
  98 0002 82B0     		sub	sp, sp, #8
  99              		.cfi_def_cfa_offset 16
 100 0004 00AF     		add	r7, sp, #0
 101              		.cfi_def_cfa_register 7
 102 0006 0346     		mov	r3, r0
 103 0008 FB71     		strb	r3, [r7, #7]
  96:.\Generated_Source\PSoC5/AMux.c ****     /* Disconnect the last valid channel */
  97:.\Generated_Source\PSoC5/AMux.c ****     if( AMux_lastChannel != AMux_NULL_CHANNEL)
 104              		.loc 1 97 0
 105 000a 0B4B     		ldr	r3, .L8
 106 000c 1B78     		ldrb	r3, [r3]	@ zero_extendqisi2
 107 000e FF2B     		cmp	r3, #255
 108 0010 04D0     		beq	.L7
  98:.\Generated_Source\PSoC5/AMux.c ****     {
  99:.\Generated_Source\PSoC5/AMux.c ****         AMux_Disconnect(AMux_lastChannel);
 109              		.loc 1 99 0
 110 0012 094B     		ldr	r3, .L8
 111 0014 1B78     		ldrb	r3, [r3]	@ zero_extendqisi2
 112 0016 1846     		mov	r0, r3
 113 0018 FFF7FEFF 		bl	AMux_Disconnect
 114              	.L7:
 100:.\Generated_Source\PSoC5/AMux.c ****     }
 101:.\Generated_Source\PSoC5/AMux.c **** 
 102:.\Generated_Source\PSoC5/AMux.c ****     /* Make the new channel connection */
 103:.\Generated_Source\PSoC5/AMux.c **** #if (AMux_MUXTYPE == AMux_MUX_SINGLE)
 104:.\Generated_Source\PSoC5/AMux.c ****     AMux_Set(channel);
 105:.\Generated_Source\PSoC5/AMux.c **** #else
 106:.\Generated_Source\PSoC5/AMux.c ****     AMux_CYAMUXSIDE_A_Set(channel);
 115              		.loc 1 106 0
 116 001c FB79     		ldrb	r3, [r7, #7]	@ zero_extendqisi2
 117 001e 1846     		mov	r0, r3
 118 0020 FFF7FEFF 		bl	AMux_CYAMUXSIDE_A_Set
 107:.\Generated_Source\PSoC5/AMux.c ****     AMux_CYAMUXSIDE_B_Set(channel);
 119              		.loc 1 107 0
ARM GAS  C:\Users\plod1602\AppData\Local\Temp\cclIsB5e.s 			page 5


 120 0024 FB79     		ldrb	r3, [r7, #7]	@ zero_extendqisi2
 121 0026 1846     		mov	r0, r3
 122 0028 FFF7FEFF 		bl	AMux_CYAMUXSIDE_B_Set
 108:.\Generated_Source\PSoC5/AMux.c **** #endif
 109:.\Generated_Source\PSoC5/AMux.c **** 
 110:.\Generated_Source\PSoC5/AMux.c **** 
 111:.\Generated_Source\PSoC5/AMux.c ****     AMux_lastChannel = channel;   /* Update last channel */
 123              		.loc 1 111 0
 124 002c 024B     		ldr	r3, .L8
 125 002e FA79     		ldrb	r2, [r7, #7]
 126 0030 1A70     		strb	r2, [r3]
 112:.\Generated_Source\PSoC5/AMux.c **** }
 127              		.loc 1 112 0
 128 0032 0837     		adds	r7, r7, #8
 129 0034 BD46     		mov	sp, r7
 130              		@ sp needed
 131 0036 80BD     		pop	{r7, pc}
 132              	.L9:
 133              		.align	2
 134              	.L8:
 135 0038 00000000 		.word	AMux_lastChannel
 136              		.cfi_endproc
 137              	.LFE1:
 138              		.size	AMux_FastSelect, .-AMux_FastSelect
 139              		.section	.text.AMux_Disconnect,"ax",%progbits
 140              		.align	2
 141              		.global	AMux_Disconnect
 142              		.thumb
 143              		.thumb_func
 144              		.type	AMux_Disconnect, %function
 145              	AMux_Disconnect:
 146              	.LFB2:
 113:.\Generated_Source\PSoC5/AMux.c **** 
 114:.\Generated_Source\PSoC5/AMux.c **** 
 115:.\Generated_Source\PSoC5/AMux.c **** #if (AMux_MUXTYPE == AMux_MUX_DIFF)
 116:.\Generated_Source\PSoC5/AMux.c **** #if (!AMux_ATMOSTONE)
 117:.\Generated_Source\PSoC5/AMux.c **** /*******************************************************************************
 118:.\Generated_Source\PSoC5/AMux.c **** * Function Name: AMux_Connect
 119:.\Generated_Source\PSoC5/AMux.c **** ********************************************************************************
 120:.\Generated_Source\PSoC5/AMux.c **** * Summary:
 121:.\Generated_Source\PSoC5/AMux.c **** *  This function connects the given channel without affecting other connections.
 122:.\Generated_Source\PSoC5/AMux.c **** *
 123:.\Generated_Source\PSoC5/AMux.c **** * Parameters:
 124:.\Generated_Source\PSoC5/AMux.c **** *  channel:  The channel to connect to the common terminal.
 125:.\Generated_Source\PSoC5/AMux.c **** *
 126:.\Generated_Source\PSoC5/AMux.c **** * Return:
 127:.\Generated_Source\PSoC5/AMux.c **** *  void
 128:.\Generated_Source\PSoC5/AMux.c **** *
 129:.\Generated_Source\PSoC5/AMux.c **** *******************************************************************************/
 130:.\Generated_Source\PSoC5/AMux.c **** void AMux_Connect(uint8 channel) 
 131:.\Generated_Source\PSoC5/AMux.c **** {
 132:.\Generated_Source\PSoC5/AMux.c ****     AMux_CYAMUXSIDE_A_Set(channel);
 133:.\Generated_Source\PSoC5/AMux.c ****     AMux_CYAMUXSIDE_B_Set(channel);
 134:.\Generated_Source\PSoC5/AMux.c **** }
 135:.\Generated_Source\PSoC5/AMux.c **** #endif
 136:.\Generated_Source\PSoC5/AMux.c **** 
 137:.\Generated_Source\PSoC5/AMux.c **** /*******************************************************************************
ARM GAS  C:\Users\plod1602\AppData\Local\Temp\cclIsB5e.s 			page 6


 138:.\Generated_Source\PSoC5/AMux.c **** * Function Name: AMux_Disconnect
 139:.\Generated_Source\PSoC5/AMux.c **** ********************************************************************************
 140:.\Generated_Source\PSoC5/AMux.c **** * Summary:
 141:.\Generated_Source\PSoC5/AMux.c **** *  This function disconnects the given channel from the common or output
 142:.\Generated_Source\PSoC5/AMux.c **** *  terminal without affecting other connections.
 143:.\Generated_Source\PSoC5/AMux.c **** *
 144:.\Generated_Source\PSoC5/AMux.c **** * Parameters:
 145:.\Generated_Source\PSoC5/AMux.c **** *  channel:  The channel to disconnect from the common terminal.
 146:.\Generated_Source\PSoC5/AMux.c **** *
 147:.\Generated_Source\PSoC5/AMux.c **** * Return:
 148:.\Generated_Source\PSoC5/AMux.c **** *  void
 149:.\Generated_Source\PSoC5/AMux.c **** *
 150:.\Generated_Source\PSoC5/AMux.c **** *******************************************************************************/
 151:.\Generated_Source\PSoC5/AMux.c **** void AMux_Disconnect(uint8 channel) 
 152:.\Generated_Source\PSoC5/AMux.c **** {
 147              		.loc 1 152 0
 148              		.cfi_startproc
 149              		@ args = 0, pretend = 0, frame = 8
 150              		@ frame_needed = 1, uses_anonymous_args = 0
 151 0000 80B5     		push	{r7, lr}
 152              		.cfi_def_cfa_offset 8
 153              		.cfi_offset 7, -8
 154              		.cfi_offset 14, -4
 155 0002 82B0     		sub	sp, sp, #8
 156              		.cfi_def_cfa_offset 16
 157 0004 00AF     		add	r7, sp, #0
 158              		.cfi_def_cfa_register 7
 159 0006 0346     		mov	r3, r0
 160 0008 FB71     		strb	r3, [r7, #7]
 153:.\Generated_Source\PSoC5/AMux.c ****     AMux_CYAMUXSIDE_A_Unset(channel);
 161              		.loc 1 153 0
 162 000a FB79     		ldrb	r3, [r7, #7]	@ zero_extendqisi2
 163 000c 1846     		mov	r0, r3
 164 000e FFF7FEFF 		bl	AMux_CYAMUXSIDE_A_Unset
 154:.\Generated_Source\PSoC5/AMux.c ****     AMux_CYAMUXSIDE_B_Unset(channel);
 165              		.loc 1 154 0
 166 0012 FB79     		ldrb	r3, [r7, #7]	@ zero_extendqisi2
 167 0014 1846     		mov	r0, r3
 168 0016 FFF7FEFF 		bl	AMux_CYAMUXSIDE_B_Unset
 155:.\Generated_Source\PSoC5/AMux.c **** }
 169              		.loc 1 155 0
 170 001a 0837     		adds	r7, r7, #8
 171 001c BD46     		mov	sp, r7
 172              		@ sp needed
 173 001e 80BD     		pop	{r7, pc}
 174              		.cfi_endproc
 175              	.LFE2:
 176              		.size	AMux_Disconnect, .-AMux_Disconnect
 177              		.section	.text.AMux_DisconnectAll,"ax",%progbits
 178              		.align	2
 179              		.global	AMux_DisconnectAll
 180              		.thumb
 181              		.thumb_func
 182              		.type	AMux_DisconnectAll, %function
 183              	AMux_DisconnectAll:
 184              	.LFB3:
 156:.\Generated_Source\PSoC5/AMux.c **** #endif
ARM GAS  C:\Users\plod1602\AppData\Local\Temp\cclIsB5e.s 			page 7


 157:.\Generated_Source\PSoC5/AMux.c **** 
 158:.\Generated_Source\PSoC5/AMux.c **** #if (AMux_ATMOSTONE)
 159:.\Generated_Source\PSoC5/AMux.c **** /*******************************************************************************
 160:.\Generated_Source\PSoC5/AMux.c **** * Function Name: AMux_DisconnectAll
 161:.\Generated_Source\PSoC5/AMux.c **** ********************************************************************************
 162:.\Generated_Source\PSoC5/AMux.c **** * Summary:
 163:.\Generated_Source\PSoC5/AMux.c **** *  This function disconnects all channels.
 164:.\Generated_Source\PSoC5/AMux.c **** *
 165:.\Generated_Source\PSoC5/AMux.c **** * Parameters:
 166:.\Generated_Source\PSoC5/AMux.c **** *  void
 167:.\Generated_Source\PSoC5/AMux.c **** *
 168:.\Generated_Source\PSoC5/AMux.c **** * Return:
 169:.\Generated_Source\PSoC5/AMux.c **** *  void
 170:.\Generated_Source\PSoC5/AMux.c **** *
 171:.\Generated_Source\PSoC5/AMux.c **** *******************************************************************************/
 172:.\Generated_Source\PSoC5/AMux.c **** void AMux_DisconnectAll(void) 
 173:.\Generated_Source\PSoC5/AMux.c **** {
 185              		.loc 1 173 0
 186              		.cfi_startproc
 187              		@ args = 0, pretend = 0, frame = 0
 188              		@ frame_needed = 1, uses_anonymous_args = 0
 189 0000 80B5     		push	{r7, lr}
 190              		.cfi_def_cfa_offset 8
 191              		.cfi_offset 7, -8
 192              		.cfi_offset 14, -4
 193 0002 00AF     		add	r7, sp, #0
 194              		.cfi_def_cfa_register 7
 174:.\Generated_Source\PSoC5/AMux.c ****     if(AMux_lastChannel != AMux_NULL_CHANNEL) 
 195              		.loc 1 174 0
 196 0004 064B     		ldr	r3, .L13
 197 0006 1B78     		ldrb	r3, [r3]	@ zero_extendqisi2
 198 0008 FF2B     		cmp	r3, #255
 199 000a 07D0     		beq	.L11
 175:.\Generated_Source\PSoC5/AMux.c ****     {
 176:.\Generated_Source\PSoC5/AMux.c ****         AMux_Disconnect(AMux_lastChannel);
 200              		.loc 1 176 0
 201 000c 044B     		ldr	r3, .L13
 202 000e 1B78     		ldrb	r3, [r3]	@ zero_extendqisi2
 203 0010 1846     		mov	r0, r3
 204 0012 FFF7FEFF 		bl	AMux_Disconnect
 177:.\Generated_Source\PSoC5/AMux.c ****         AMux_lastChannel = AMux_NULL_CHANNEL;
 205              		.loc 1 177 0
 206 0016 024B     		ldr	r3, .L13
 207 0018 FF22     		movs	r2, #255
 208 001a 1A70     		strb	r2, [r3]
 209              	.L11:
 178:.\Generated_Source\PSoC5/AMux.c ****     }
 179:.\Generated_Source\PSoC5/AMux.c **** }
 210              		.loc 1 179 0
 211 001c 80BD     		pop	{r7, pc}
 212              	.L14:
 213 001e 00BF     		.align	2
 214              	.L13:
 215 0020 00000000 		.word	AMux_lastChannel
 216              		.cfi_endproc
 217              	.LFE3:
 218              		.size	AMux_DisconnectAll, .-AMux_DisconnectAll
ARM GAS  C:\Users\plod1602\AppData\Local\Temp\cclIsB5e.s 			page 8


 219              		.text
 220              	.Letext0:
 221              		.file 2 ".\\Generated_Source\\PSoC5\\cytypes.h"
 222              		.section	.debug_info,"",%progbits
 223              	.Ldebug_info0:
 224 0000 16010000 		.4byte	0x116
 225 0004 0400     		.2byte	0x4
 226 0006 00000000 		.4byte	.Ldebug_abbrev0
 227 000a 04       		.byte	0x4
 228 000b 01       		.uleb128 0x1
 229 000c AB000000 		.4byte	.LASF18
 230 0010 01       		.byte	0x1
 231 0011 58010000 		.4byte	.LASF19
 232 0015 84010000 		.4byte	.LASF20
 233 0019 00000000 		.4byte	.Ldebug_ranges0+0
 234 001d 00000000 		.4byte	0
 235 0021 00000000 		.4byte	.Ldebug_line0
 236 0025 02       		.uleb128 0x2
 237 0026 01       		.byte	0x1
 238 0027 06       		.byte	0x6
 239 0028 78010000 		.4byte	.LASF0
 240 002c 02       		.uleb128 0x2
 241 002d 01       		.byte	0x1
 242 002e 08       		.byte	0x8
 243 002f 32000000 		.4byte	.LASF1
 244 0033 02       		.uleb128 0x2
 245 0034 02       		.byte	0x2
 246 0035 05       		.byte	0x5
 247 0036 3F010000 		.4byte	.LASF2
 248 003a 02       		.uleb128 0x2
 249 003b 02       		.byte	0x2
 250 003c 07       		.byte	0x7
 251 003d 5D000000 		.4byte	.LASF3
 252 0041 02       		.uleb128 0x2
 253 0042 04       		.byte	0x4
 254 0043 05       		.byte	0x5
 255 0044 4F010000 		.4byte	.LASF4
 256 0048 02       		.uleb128 0x2
 257 0049 04       		.byte	0x4
 258 004a 07       		.byte	0x7
 259 004b 4B000000 		.4byte	.LASF5
 260 004f 02       		.uleb128 0x2
 261 0050 08       		.byte	0x8
 262 0051 05       		.byte	0x5
 263 0052 2C010000 		.4byte	.LASF6
 264 0056 02       		.uleb128 0x2
 265 0057 08       		.byte	0x8
 266 0058 07       		.byte	0x7
 267 0059 84000000 		.4byte	.LASF7
 268 005d 03       		.uleb128 0x3
 269 005e 04       		.byte	0x4
 270 005f 05       		.byte	0x5
 271 0060 696E7400 		.ascii	"int\000"
 272 0064 02       		.uleb128 0x2
 273 0065 04       		.byte	0x4
 274 0066 07       		.byte	0x7
 275 0067 77000000 		.4byte	.LASF8
ARM GAS  C:\Users\plod1602\AppData\Local\Temp\cclIsB5e.s 			page 9


 276 006b 04       		.uleb128 0x4
 277 006c 49010000 		.4byte	.LASF21
 278 0070 02       		.byte	0x2
 279 0071 A1       		.byte	0xa1
 280 0072 2C000000 		.4byte	0x2c
 281 0076 02       		.uleb128 0x2
 282 0077 04       		.byte	0x4
 283 0078 04       		.byte	0x4
 284 0079 2C000000 		.4byte	.LASF9
 285 007d 02       		.uleb128 0x2
 286 007e 08       		.byte	0x8
 287 007f 04       		.byte	0x4
 288 0080 70000000 		.4byte	.LASF10
 289 0084 02       		.uleb128 0x2
 290 0085 01       		.byte	0x1
 291 0086 08       		.byte	0x8
 292 0087 3A010000 		.4byte	.LASF11
 293 008b 05       		.uleb128 0x5
 294 008c 40000000 		.4byte	.LASF12
 295 0090 01       		.byte	0x1
 296 0091 24       		.byte	0x24
 297 0092 00000000 		.4byte	.LFB0
 298 0096 38000000 		.4byte	.LFE0-.LFB0
 299 009a 01       		.uleb128 0x1
 300 009b 9C       		.byte	0x9c
 301 009c AF000000 		.4byte	0xaf
 302 00a0 06       		.uleb128 0x6
 303 00a1 27010000 		.4byte	.LASF16
 304 00a5 01       		.byte	0x1
 305 00a6 26       		.byte	0x26
 306 00a7 6B000000 		.4byte	0x6b
 307 00ab 02       		.uleb128 0x2
 308 00ac 91       		.byte	0x91
 309 00ad 77       		.sleb128 -9
 310 00ae 00       		.byte	0
 311 00af 05       		.uleb128 0x5
 312 00b0 9B000000 		.4byte	.LASF13
 313 00b4 01       		.byte	0x1
 314 00b5 5E       		.byte	0x5e
 315 00b6 00000000 		.4byte	.LFB1
 316 00ba 3C000000 		.4byte	.LFE1-.LFB1
 317 00be 01       		.uleb128 0x1
 318 00bf 9C       		.byte	0x9c
 319 00c0 D3000000 		.4byte	0xd3
 320 00c4 07       		.uleb128 0x7
 321 00c5 00000000 		.4byte	.LASF15
 322 00c9 01       		.byte	0x1
 323 00ca 5E       		.byte	0x5e
 324 00cb 6B000000 		.4byte	0x6b
 325 00cf 02       		.uleb128 0x2
 326 00d0 91       		.byte	0x91
 327 00d1 77       		.sleb128 -9
 328 00d2 00       		.byte	0
 329 00d3 05       		.uleb128 0x5
 330 00d4 BD010000 		.4byte	.LASF14
 331 00d8 01       		.byte	0x1
 332 00d9 97       		.byte	0x97
ARM GAS  C:\Users\plod1602\AppData\Local\Temp\cclIsB5e.s 			page 10


 333 00da 00000000 		.4byte	.LFB2
 334 00de 20000000 		.4byte	.LFE2-.LFB2
 335 00e2 01       		.uleb128 0x1
 336 00e3 9C       		.byte	0x9c
 337 00e4 F7000000 		.4byte	0xf7
 338 00e8 07       		.uleb128 0x7
 339 00e9 00000000 		.4byte	.LASF15
 340 00ed 01       		.byte	0x1
 341 00ee 97       		.byte	0x97
 342 00ef 6B000000 		.4byte	0x6b
 343 00f3 02       		.uleb128 0x2
 344 00f4 91       		.byte	0x91
 345 00f5 77       		.sleb128 -9
 346 00f6 00       		.byte	0
 347 00f7 08       		.uleb128 0x8
 348 00f8 19000000 		.4byte	.LASF22
 349 00fc 01       		.byte	0x1
 350 00fd AC       		.byte	0xac
 351 00fe 00000000 		.4byte	.LFB3
 352 0102 24000000 		.4byte	.LFE3-.LFB3
 353 0106 01       		.uleb128 0x1
 354 0107 9C       		.byte	0x9c
 355 0108 06       		.uleb128 0x6
 356 0109 08000000 		.4byte	.LASF17
 357 010d 01       		.byte	0x1
 358 010e 14       		.byte	0x14
 359 010f 6B000000 		.4byte	0x6b
 360 0113 05       		.uleb128 0x5
 361 0114 03       		.byte	0x3
 362 0115 00000000 		.4byte	AMux_lastChannel
 363 0119 00       		.byte	0
 364              		.section	.debug_abbrev,"",%progbits
 365              	.Ldebug_abbrev0:
 366 0000 01       		.uleb128 0x1
 367 0001 11       		.uleb128 0x11
 368 0002 01       		.byte	0x1
 369 0003 25       		.uleb128 0x25
 370 0004 0E       		.uleb128 0xe
 371 0005 13       		.uleb128 0x13
 372 0006 0B       		.uleb128 0xb
 373 0007 03       		.uleb128 0x3
 374 0008 0E       		.uleb128 0xe
 375 0009 1B       		.uleb128 0x1b
 376 000a 0E       		.uleb128 0xe
 377 000b 55       		.uleb128 0x55
 378 000c 17       		.uleb128 0x17
 379 000d 11       		.uleb128 0x11
 380 000e 01       		.uleb128 0x1
 381 000f 10       		.uleb128 0x10
 382 0010 17       		.uleb128 0x17
 383 0011 00       		.byte	0
 384 0012 00       		.byte	0
 385 0013 02       		.uleb128 0x2
 386 0014 24       		.uleb128 0x24
 387 0015 00       		.byte	0
 388 0016 0B       		.uleb128 0xb
 389 0017 0B       		.uleb128 0xb
ARM GAS  C:\Users\plod1602\AppData\Local\Temp\cclIsB5e.s 			page 11


 390 0018 3E       		.uleb128 0x3e
 391 0019 0B       		.uleb128 0xb
 392 001a 03       		.uleb128 0x3
 393 001b 0E       		.uleb128 0xe
 394 001c 00       		.byte	0
 395 001d 00       		.byte	0
 396 001e 03       		.uleb128 0x3
 397 001f 24       		.uleb128 0x24
 398 0020 00       		.byte	0
 399 0021 0B       		.uleb128 0xb
 400 0022 0B       		.uleb128 0xb
 401 0023 3E       		.uleb128 0x3e
 402 0024 0B       		.uleb128 0xb
 403 0025 03       		.uleb128 0x3
 404 0026 08       		.uleb128 0x8
 405 0027 00       		.byte	0
 406 0028 00       		.byte	0
 407 0029 04       		.uleb128 0x4
 408 002a 16       		.uleb128 0x16
 409 002b 00       		.byte	0
 410 002c 03       		.uleb128 0x3
 411 002d 0E       		.uleb128 0xe
 412 002e 3A       		.uleb128 0x3a
 413 002f 0B       		.uleb128 0xb
 414 0030 3B       		.uleb128 0x3b
 415 0031 0B       		.uleb128 0xb
 416 0032 49       		.uleb128 0x49
 417 0033 13       		.uleb128 0x13
 418 0034 00       		.byte	0
 419 0035 00       		.byte	0
 420 0036 05       		.uleb128 0x5
 421 0037 2E       		.uleb128 0x2e
 422 0038 01       		.byte	0x1
 423 0039 3F       		.uleb128 0x3f
 424 003a 19       		.uleb128 0x19
 425 003b 03       		.uleb128 0x3
 426 003c 0E       		.uleb128 0xe
 427 003d 3A       		.uleb128 0x3a
 428 003e 0B       		.uleb128 0xb
 429 003f 3B       		.uleb128 0x3b
 430 0040 0B       		.uleb128 0xb
 431 0041 27       		.uleb128 0x27
 432 0042 19       		.uleb128 0x19
 433 0043 11       		.uleb128 0x11
 434 0044 01       		.uleb128 0x1
 435 0045 12       		.uleb128 0x12
 436 0046 06       		.uleb128 0x6
 437 0047 40       		.uleb128 0x40
 438 0048 18       		.uleb128 0x18
 439 0049 9642     		.uleb128 0x2116
 440 004b 19       		.uleb128 0x19
 441 004c 01       		.uleb128 0x1
 442 004d 13       		.uleb128 0x13
 443 004e 00       		.byte	0
 444 004f 00       		.byte	0
 445 0050 06       		.uleb128 0x6
 446 0051 34       		.uleb128 0x34
ARM GAS  C:\Users\plod1602\AppData\Local\Temp\cclIsB5e.s 			page 12


 447 0052 00       		.byte	0
 448 0053 03       		.uleb128 0x3
 449 0054 0E       		.uleb128 0xe
 450 0055 3A       		.uleb128 0x3a
 451 0056 0B       		.uleb128 0xb
 452 0057 3B       		.uleb128 0x3b
 453 0058 0B       		.uleb128 0xb
 454 0059 49       		.uleb128 0x49
 455 005a 13       		.uleb128 0x13
 456 005b 02       		.uleb128 0x2
 457 005c 18       		.uleb128 0x18
 458 005d 00       		.byte	0
 459 005e 00       		.byte	0
 460 005f 07       		.uleb128 0x7
 461 0060 05       		.uleb128 0x5
 462 0061 00       		.byte	0
 463 0062 03       		.uleb128 0x3
 464 0063 0E       		.uleb128 0xe
 465 0064 3A       		.uleb128 0x3a
 466 0065 0B       		.uleb128 0xb
 467 0066 3B       		.uleb128 0x3b
 468 0067 0B       		.uleb128 0xb
 469 0068 49       		.uleb128 0x49
 470 0069 13       		.uleb128 0x13
 471 006a 02       		.uleb128 0x2
 472 006b 18       		.uleb128 0x18
 473 006c 00       		.byte	0
 474 006d 00       		.byte	0
 475 006e 08       		.uleb128 0x8
 476 006f 2E       		.uleb128 0x2e
 477 0070 00       		.byte	0
 478 0071 3F       		.uleb128 0x3f
 479 0072 19       		.uleb128 0x19
 480 0073 03       		.uleb128 0x3
 481 0074 0E       		.uleb128 0xe
 482 0075 3A       		.uleb128 0x3a
 483 0076 0B       		.uleb128 0xb
 484 0077 3B       		.uleb128 0x3b
 485 0078 0B       		.uleb128 0xb
 486 0079 27       		.uleb128 0x27
 487 007a 19       		.uleb128 0x19
 488 007b 11       		.uleb128 0x11
 489 007c 01       		.uleb128 0x1
 490 007d 12       		.uleb128 0x12
 491 007e 06       		.uleb128 0x6
 492 007f 40       		.uleb128 0x40
 493 0080 18       		.uleb128 0x18
 494 0081 9642     		.uleb128 0x2116
 495 0083 19       		.uleb128 0x19
 496 0084 00       		.byte	0
 497 0085 00       		.byte	0
 498 0086 00       		.byte	0
 499              		.section	.debug_aranges,"",%progbits
 500 0000 34000000 		.4byte	0x34
 501 0004 0200     		.2byte	0x2
 502 0006 00000000 		.4byte	.Ldebug_info0
 503 000a 04       		.byte	0x4
ARM GAS  C:\Users\plod1602\AppData\Local\Temp\cclIsB5e.s 			page 13


 504 000b 00       		.byte	0
 505 000c 0000     		.2byte	0
 506 000e 0000     		.2byte	0
 507 0010 00000000 		.4byte	.LFB0
 508 0014 38000000 		.4byte	.LFE0-.LFB0
 509 0018 00000000 		.4byte	.LFB1
 510 001c 3C000000 		.4byte	.LFE1-.LFB1
 511 0020 00000000 		.4byte	.LFB2
 512 0024 20000000 		.4byte	.LFE2-.LFB2
 513 0028 00000000 		.4byte	.LFB3
 514 002c 24000000 		.4byte	.LFE3-.LFB3
 515 0030 00000000 		.4byte	0
 516 0034 00000000 		.4byte	0
 517              		.section	.debug_ranges,"",%progbits
 518              	.Ldebug_ranges0:
 519 0000 00000000 		.4byte	.LFB0
 520 0004 38000000 		.4byte	.LFE0
 521 0008 00000000 		.4byte	.LFB1
 522 000c 3C000000 		.4byte	.LFE1
 523 0010 00000000 		.4byte	.LFB2
 524 0014 20000000 		.4byte	.LFE2
 525 0018 00000000 		.4byte	.LFB3
 526 001c 24000000 		.4byte	.LFE3
 527 0020 00000000 		.4byte	0
 528 0024 00000000 		.4byte	0
 529              		.section	.debug_line,"",%progbits
 530              	.Ldebug_line0:
 531 0000 B2000000 		.section	.debug_str,"MS",%progbits,1
 531      02004300 
 531      00000201 
 531      FB0E0D00 
 531      01010101 
 532              	.LASF15:
 533 0000 6368616E 		.ascii	"channel\000"
 533      6E656C00 
 534              	.LASF17:
 535 0008 414D7578 		.ascii	"AMux_lastChannel\000"
 535      5F6C6173 
 535      74436861 
 535      6E6E656C 
 535      00
 536              	.LASF22:
 537 0019 414D7578 		.ascii	"AMux_DisconnectAll\000"
 537      5F446973 
 537      636F6E6E 
 537      65637441 
 537      6C6C00
 538              	.LASF9:
 539 002c 666C6F61 		.ascii	"float\000"
 539      7400
 540              	.LASF1:
 541 0032 756E7369 		.ascii	"unsigned char\000"
 541      676E6564 
 541      20636861 
 541      7200
 542              	.LASF12:
 543 0040 414D7578 		.ascii	"AMux_Start\000"
ARM GAS  C:\Users\plod1602\AppData\Local\Temp\cclIsB5e.s 			page 14


 543      5F537461 
 543      727400
 544              	.LASF5:
 545 004b 6C6F6E67 		.ascii	"long unsigned int\000"
 545      20756E73 
 545      69676E65 
 545      6420696E 
 545      7400
 546              	.LASF3:
 547 005d 73686F72 		.ascii	"short unsigned int\000"
 547      7420756E 
 547      7369676E 
 547      65642069 
 547      6E7400
 548              	.LASF10:
 549 0070 646F7562 		.ascii	"double\000"
 549      6C6500
 550              	.LASF8:
 551 0077 756E7369 		.ascii	"unsigned int\000"
 551      676E6564 
 551      20696E74 
 551      00
 552              	.LASF7:
 553 0084 6C6F6E67 		.ascii	"long long unsigned int\000"
 553      206C6F6E 
 553      6720756E 
 553      7369676E 
 553      65642069 
 554              	.LASF13:
 555 009b 414D7578 		.ascii	"AMux_FastSelect\000"
 555      5F466173 
 555      7453656C 
 555      65637400 
 556              	.LASF18:
 557 00ab 474E5520 		.ascii	"GNU C 4.8.4 20140526 (release) [ARM/embedded-4_8-br"
 557      4320342E 
 557      382E3420 
 557      32303134 
 557      30353236 
 558 00de 616E6368 		.ascii	"anch revision 211358] -mcpu=cortex-m3 -mthumb -g -O"
 558      20726576 
 558      6973696F 
 558      6E203231 
 558      31333538 
 559 0111 30202D66 		.ascii	"0 -ffunction-sections\000"
 559      66756E63 
 559      74696F6E 
 559      2D736563 
 559      74696F6E 
 560              	.LASF16:
 561 0127 6368616E 		.ascii	"chan\000"
 561      00
 562              	.LASF6:
 563 012c 6C6F6E67 		.ascii	"long long int\000"
 563      206C6F6E 
 563      6720696E 
 563      7400
ARM GAS  C:\Users\plod1602\AppData\Local\Temp\cclIsB5e.s 			page 15


 564              	.LASF11:
 565 013a 63686172 		.ascii	"char\000"
 565      00
 566              	.LASF2:
 567 013f 73686F72 		.ascii	"short int\000"
 567      7420696E 
 567      7400
 568              	.LASF21:
 569 0149 75696E74 		.ascii	"uint8\000"
 569      3800
 570              	.LASF4:
 571 014f 6C6F6E67 		.ascii	"long int\000"
 571      20696E74 
 571      00
 572              	.LASF19:
 573 0158 2E5C4765 		.ascii	".\\Generated_Source\\PSoC5\\AMux.c\000"
 573      6E657261 
 573      7465645F 
 573      536F7572 
 573      63655C50 
 574              	.LASF0:
 575 0178 7369676E 		.ascii	"signed char\000"
 575      65642063 
 575      68617200 
 576              	.LASF20:
 577 0184 433A5C55 		.ascii	"C:\\Users\\plod1602\\Desktop\\TAC_2015-09-18\\TAC_P"
 577      73657273 
 577      5C706C6F 
 577      64313630 
 577      325C4465 
 578 01b2 534F4335 		.ascii	"SOC5.cydsn\000"
 578      2E637964 
 578      736E00
 579              	.LASF14:
 580 01bd 414D7578 		.ascii	"AMux_Disconnect\000"
 580      5F446973 
 580      636F6E6E 
 580      65637400 
 581              		.ident	"GCC: (GNU Tools for ARM Embedded Processors) 4.8.4 20140526 (release) [ARM/embedded-4_8-br
