ARM GAS  C:\Users\plod1602\AppData\Local\Temp\ccpF4gie.s 			page 1


   1              		.syntax unified
   2              		.cpu cortex-m3
   3              		.fpu softvfp
   4              		.eabi_attribute 20, 1
   5              		.eabi_attribute 21, 1
   6              		.eabi_attribute 23, 3
   7              		.eabi_attribute 24, 1
   8              		.eabi_attribute 25, 1
   9              		.eabi_attribute 26, 1
  10              		.eabi_attribute 30, 6
  11              		.eabi_attribute 34, 1
  12              		.eabi_attribute 18, 4
  13              		.thumb
  14              		.file	"CAN_Communication.c"
  15              		.text
  16              	.Ltext0:
  17              		.cfi_sections	.debug_frame
  18              		.section	.text.getReceivedMessage,"ax",%progbits
  19              		.align	2
  20              		.global	getReceivedMessage
  21              		.thumb
  22              		.thumb_func
  23              		.type	getReceivedMessage, %function
  24              	getReceivedMessage:
  25              	.LFB56:
  26              		.file 1 ".\\CAN_Communication.c"
   1:.\CAN_Communication.c **** /* ========================================
   2:.\CAN_Communication.c ****  *
   3:.\CAN_Communication.c ****  * Copyright BioBot Instrumentation, 2015
   4:.\CAN_Communication.c ****  * All Rights Reserved
   5:.\CAN_Communication.c ****  * UNPUBLISHED, LICENSED SOFTWARE.
   6:.\CAN_Communication.c ****  *
   7:.\CAN_Communication.c ****  * CONFIDENTIAL AND PROPRIETARY INFORMATION
   8:.\CAN_Communication.c ****  * WHICH IS THE PROPERTY OF BioBot Instrumentation.
   9:.\CAN_Communication.c ****  *
  10:.\CAN_Communication.c ****  * WRITTEN BY : Philippe-Antoine Major &
  11:.\CAN_Communication.c ****  *              Louis-Vincent Major
  12:.\CAN_Communication.c ****  * ========================================
  13:.\CAN_Communication.c **** */
  14:.\CAN_Communication.c **** 
  15:.\CAN_Communication.c **** #include "CAN_Communication.h"
  16:.\CAN_Communication.c **** 
  17:.\CAN_Communication.c **** // Retrieve the messages in the order they were received by the master. (FIFO)
  18:.\CAN_Communication.c **** CAN_MSG getReceivedMessage()
  19:.\CAN_Communication.c **** {
  27              		.loc 1 19 0
  28              		.cfi_startproc
  29              		@ args = 0, pretend = 0, frame = 24
  30              		@ frame_needed = 1, uses_anonymous_args = 0
  31              		@ link register save eliminated.
  32 0000 90B4     		push	{r4, r7}
  33              		.cfi_def_cfa_offset 8
  34              		.cfi_offset 4, -8
  35              		.cfi_offset 7, -4
  36 0002 86B0     		sub	sp, sp, #24
  37              		.cfi_def_cfa_offset 32
  38 0004 00AF     		add	r7, sp, #0
ARM GAS  C:\Users\plod1602\AppData\Local\Temp\ccpF4gie.s 			page 2


  39              		.cfi_def_cfa_register 7
  40 0006 7860     		str	r0, [r7, #4]
  20:.\CAN_Communication.c ****     //struct RX_Msg msgToTreat = receivedMessages[msgToBeTreatedIndex];
  21:.\CAN_Communication.c ****     CAN_MSG msgToTreat = receivedMsgs[msgToBeTreatedIndex];
  41              		.loc 1 21 0
  42 0008 134B     		ldr	r3, .L5
  43 000a 1B68     		ldr	r3, [r3]
  44 000c 134A     		ldr	r2, .L5+4
  45 000e 1B01     		lsls	r3, r3, #4
  46 0010 1344     		add	r3, r3, r2
  47 0012 07F10804 		add	r4, r7, #8
  48 0016 0FCB     		ldmia	r3, {r0, r1, r2, r3}
  49 0018 84E80F00 		stmia	r4, {r0, r1, r2, r3}
  22:.\CAN_Communication.c ****    
  23:.\CAN_Communication.c ****     // If we reached the limit of the message buffer table, we reset the index of messages to be tr
  24:.\CAN_Communication.c ****     if (msgToBeTreatedIndex == MAX_MSG_BUFFER_SIZE)
  50              		.loc 1 24 0
  51 001c 0E4B     		ldr	r3, .L5
  52 001e 1B68     		ldr	r3, [r3]
  53 0020 322B     		cmp	r3, #50
  54 0022 03D1     		bne	.L2
  25:.\CAN_Communication.c ****     {
  26:.\CAN_Communication.c ****         msgToBeTreatedIndex = 0;
  55              		.loc 1 26 0
  56 0024 0C4B     		ldr	r3, .L5
  57 0026 0022     		movs	r2, #0
  58 0028 1A60     		str	r2, [r3]
  59 002a 04E0     		b	.L3
  60              	.L2:
  27:.\CAN_Communication.c ****     }
  28:.\CAN_Communication.c ****     else
  29:.\CAN_Communication.c ****     {
  30:.\CAN_Communication.c ****         msgToBeTreatedIndex++; // Increment the counter indicating at which index starts the last m
  61              		.loc 1 30 0
  62 002c 0A4B     		ldr	r3, .L5
  63 002e 1B68     		ldr	r3, [r3]
  64 0030 5A1C     		adds	r2, r3, #1
  65 0032 094B     		ldr	r3, .L5
  66 0034 1A60     		str	r2, [r3]
  67              	.L3:
  31:.\CAN_Communication.c ****     }
  32:.\CAN_Communication.c ****     // A message was treated, we decrement the counter of messages to be treated.
  33:.\CAN_Communication.c ****     messageToBeTreatedCount += -1;
  68              		.loc 1 33 0
  69 0036 0A4B     		ldr	r3, .L5+8
  70 0038 1B68     		ldr	r3, [r3]
  71 003a 5A1E     		subs	r2, r3, #1
  72 003c 084B     		ldr	r3, .L5+8
  73 003e 1A60     		str	r2, [r3]
  34:.\CAN_Communication.c ****     
  35:.\CAN_Communication.c ****     return msgToTreat;
  74              		.loc 1 35 0
  75 0040 7B68     		ldr	r3, [r7, #4]
  76 0042 1C46     		mov	r4, r3
  77 0044 07F10803 		add	r3, r7, #8
  78 0048 0FCB     		ldmia	r3, {r0, r1, r2, r3}
  79 004a 84E80F00 		stmia	r4, {r0, r1, r2, r3}
ARM GAS  C:\Users\plod1602\AppData\Local\Temp\ccpF4gie.s 			page 3


  36:.\CAN_Communication.c **** }
  80              		.loc 1 36 0
  81 004e 7868     		ldr	r0, [r7, #4]
  82 0050 1837     		adds	r7, r7, #24
  83 0052 BD46     		mov	sp, r7
  84              		@ sp needed
  85 0054 90BC     		pop	{r4, r7}
  86 0056 7047     		bx	lr
  87              	.L6:
  88              		.align	2
  89              	.L5:
  90 0058 00000000 		.word	msgToBeTreatedIndex
  91 005c 00000000 		.word	receivedMsgs
  92 0060 00000000 		.word	messageToBeTreatedCount
  93              		.cfi_endproc
  94              	.LFE56:
  95              		.size	getReceivedMessage, .-getReceivedMessage
  96              		.section	.text.sendMessage,"ax",%progbits
  97              		.align	2
  98              		.global	sendMessage
  99              		.thumb
 100              		.thumb_func
 101              		.type	sendMessage, %function
 102              	sendMessage:
 103              	.LFB57:
  37:.\CAN_Communication.c **** 
  38:.\CAN_Communication.c **** // Send a message on the CAN Bus.
  39:.\CAN_Communication.c **** int8 sendMessage(CAN_MSG* msgPtr, uint32 CAN_ID)
  40:.\CAN_Communication.c **** {
 104              		.loc 1 40 0
 105              		.cfi_startproc
 106              		@ args = 0, pretend = 0, frame = 24
 107              		@ frame_needed = 1, uses_anonymous_args = 0
 108 0000 80B5     		push	{r7, lr}
 109              		.cfi_def_cfa_offset 8
 110              		.cfi_offset 7, -8
 111              		.cfi_offset 14, -4
 112 0002 86B0     		sub	sp, sp, #24
 113              		.cfi_def_cfa_offset 32
 114 0004 00AF     		add	r7, sp, #0
 115              		.cfi_def_cfa_register 7
 116 0006 7860     		str	r0, [r7, #4]
 117 0008 3960     		str	r1, [r7]
  41:.\CAN_Communication.c ****     CAN_1_TX_MSG msgToSend;
  42:.\CAN_Communication.c ****     
  43:.\CAN_Communication.c ****     msgToSend.id = CAN_ID;   
 118              		.loc 1 43 0
 119 000a 3B68     		ldr	r3, [r7]
 120 000c FB60     		str	r3, [r7, #12]
  44:.\CAN_Communication.c ****     msgToSend.rtr = MSG_RTR;
 121              		.loc 1 44 0
 122 000e 0023     		movs	r3, #0
 123 0010 3B74     		strb	r3, [r7, #16]
  45:.\CAN_Communication.c ****     msgToSend.ide = MSG_IDE;
 124              		.loc 1 45 0
 125 0012 0023     		movs	r3, #0
 126 0014 7B74     		strb	r3, [r7, #17]
ARM GAS  C:\Users\plod1602\AppData\Local\Temp\ccpF4gie.s 			page 4


  46:.\CAN_Communication.c ****     msgToSend.irq = MSG_IRQ;
 127              		.loc 1 46 0
 128 0016 0023     		movs	r3, #0
 129 0018 FB74     		strb	r3, [r7, #19]
  47:.\CAN_Communication.c ****     msgToSend.msg = &msgPtr->msgBytes;
 130              		.loc 1 47 0
 131 001a 7B68     		ldr	r3, [r7, #4]
 132 001c 7B61     		str	r3, [r7, #20]
  48:.\CAN_Communication.c ****     msgToSend.dlc = msgPtr->DLC;
 133              		.loc 1 48 0
 134 001e 7B68     		ldr	r3, [r7, #4]
 135 0020 1B7A     		ldrb	r3, [r3, #8]	@ zero_extendqisi2
 136 0022 BB74     		strb	r3, [r7, #18]
  49:.\CAN_Communication.c ****     
  50:.\CAN_Communication.c ****     CAN_1_SendMsg(&msgToSend);
 137              		.loc 1 50 0
 138 0024 07F10C03 		add	r3, r7, #12
 139 0028 1846     		mov	r0, r3
 140 002a FFF7FEFF 		bl	CAN_1_SendMsg
  51:.\CAN_Communication.c ****     return 1;
 141              		.loc 1 51 0
 142 002e 0123     		movs	r3, #1
 143 0030 5BB2     		sxtb	r3, r3
  52:.\CAN_Communication.c **** }
 144              		.loc 1 52 0
 145 0032 1846     		mov	r0, r3
 146 0034 1837     		adds	r7, r7, #24
 147 0036 BD46     		mov	sp, r7
 148              		@ sp needed
 149 0038 80BD     		pop	{r7, pc}
 150              		.cfi_endproc
 151              	.LFE57:
 152              		.size	sendMessage, .-sendMessage
 153 003a 00BF     		.section	.text.echoBackToMaster,"ax",%progbits
 154              		.align	2
 155              		.global	echoBackToMaster
 156              		.thumb
 157              		.thumb_func
 158              		.type	echoBackToMaster, %function
 159              	echoBackToMaster:
 160              	.LFB58:
  53:.\CAN_Communication.c **** 
  54:.\CAN_Communication.c **** int8 echoBackToMaster(CAN_MSG* msgPtr)
  55:.\CAN_Communication.c **** {
 161              		.loc 1 55 0
 162              		.cfi_startproc
 163              		@ args = 0, pretend = 0, frame = 24
 164              		@ frame_needed = 1, uses_anonymous_args = 0
 165 0000 80B5     		push	{r7, lr}
 166              		.cfi_def_cfa_offset 8
 167              		.cfi_offset 7, -8
 168              		.cfi_offset 14, -4
 169 0002 86B0     		sub	sp, sp, #24
 170              		.cfi_def_cfa_offset 32
 171 0004 00AF     		add	r7, sp, #0
 172              		.cfi_def_cfa_register 7
 173 0006 7860     		str	r0, [r7, #4]
ARM GAS  C:\Users\plod1602\AppData\Local\Temp\ccpF4gie.s 			page 5


  56:.\CAN_Communication.c ****     CAN_1_TX_MSG msgToSendBack;
  57:.\CAN_Communication.c ****     // Setting all the parameters for the message to send back.    
  58:.\CAN_Communication.c ****     msgToSendBack.id = MASTER_ID;
 174              		.loc 1 58 0
 175 0008 FF23     		movs	r3, #255
 176 000a FB60     		str	r3, [r7, #12]
  59:.\CAN_Communication.c ****     msgToSendBack.rtr = MSG_RTR;
 177              		.loc 1 59 0
 178 000c 0023     		movs	r3, #0
 179 000e 3B74     		strb	r3, [r7, #16]
  60:.\CAN_Communication.c ****     msgToSendBack.ide = MSG_IDE;
 180              		.loc 1 60 0
 181 0010 0023     		movs	r3, #0
 182 0012 7B74     		strb	r3, [r7, #17]
  61:.\CAN_Communication.c ****     msgToSendBack.irq = MSG_IRQ;
 183              		.loc 1 61 0
 184 0014 0023     		movs	r3, #0
 185 0016 FB74     		strb	r3, [r7, #19]
  62:.\CAN_Communication.c ****     msgToSendBack.dlc = msgPtr->DLC;
 186              		.loc 1 62 0
 187 0018 7B68     		ldr	r3, [r7, #4]
 188 001a 1B7A     		ldrb	r3, [r3, #8]	@ zero_extendqisi2
 189 001c BB74     		strb	r3, [r7, #18]
  63:.\CAN_Communication.c ****     msgToSendBack.msg = &msgPtr->msgBytes; 
 190              		.loc 1 63 0
 191 001e 7B68     		ldr	r3, [r7, #4]
 192 0020 7B61     		str	r3, [r7, #20]
  64:.\CAN_Communication.c ****     
  65:.\CAN_Communication.c ****     CAN_1_SendMsg(&msgToSendBack);
 193              		.loc 1 65 0
 194 0022 07F10C03 		add	r3, r7, #12
 195 0026 1846     		mov	r0, r3
 196 0028 FFF7FEFF 		bl	CAN_1_SendMsg
  66:.\CAN_Communication.c ****     
  67:.\CAN_Communication.c ****     return 1;
 197              		.loc 1 67 0
 198 002c 0123     		movs	r3, #1
 199 002e 5BB2     		sxtb	r3, r3
  68:.\CAN_Communication.c **** }
 200              		.loc 1 68 0
 201 0030 1846     		mov	r0, r3
 202 0032 1837     		adds	r7, r7, #24
 203 0034 BD46     		mov	sp, r7
 204              		@ sp needed
 205 0036 80BD     		pop	{r7, pc}
 206              		.cfi_endproc
 207              	.LFE58:
 208              		.size	echoBackToMaster, .-echoBackToMaster
 209              		.section	.text.answerToMaster,"ax",%progbits
 210              		.align	2
 211              		.global	answerToMaster
 212              		.thumb
 213              		.thumb_func
 214              		.type	answerToMaster, %function
 215              	answerToMaster:
 216              	.LFB59:
  69:.\CAN_Communication.c **** 
ARM GAS  C:\Users\plod1602\AppData\Local\Temp\ccpF4gie.s 			page 6


  70:.\CAN_Communication.c **** int8 answerToMaster(uint8 definedAnswer, uint8 submoduleNumber)
  71:.\CAN_Communication.c **** {
 217              		.loc 1 71 0
 218              		.cfi_startproc
 219              		@ args = 0, pretend = 0, frame = 24
 220              		@ frame_needed = 1, uses_anonymous_args = 0
 221 0000 80B5     		push	{r7, lr}
 222              		.cfi_def_cfa_offset 8
 223              		.cfi_offset 7, -8
 224              		.cfi_offset 14, -4
 225 0002 86B0     		sub	sp, sp, #24
 226              		.cfi_def_cfa_offset 32
 227 0004 00AF     		add	r7, sp, #0
 228              		.cfi_def_cfa_register 7
 229 0006 0246     		mov	r2, r0
 230 0008 0B46     		mov	r3, r1
 231 000a FA71     		strb	r2, [r7, #7]
 232 000c BB71     		strb	r3, [r7, #6]
  72:.\CAN_Communication.c ****     CAN_1_TX_MSG msgToSendBack;
  73:.\CAN_Communication.c ****     // Setting all the parameters for the message to send back.    
  74:.\CAN_Communication.c ****     msgToSendBack.id = MASTER_ID;
 233              		.loc 1 74 0
 234 000e FF23     		movs	r3, #255
 235 0010 FB60     		str	r3, [r7, #12]
  75:.\CAN_Communication.c ****     msgToSendBack.rtr = MSG_RTR;
 236              		.loc 1 75 0
 237 0012 0023     		movs	r3, #0
 238 0014 3B74     		strb	r3, [r7, #16]
  76:.\CAN_Communication.c ****     msgToSendBack.ide = MSG_IDE;
 239              		.loc 1 76 0
 240 0016 0023     		movs	r3, #0
 241 0018 7B74     		strb	r3, [r7, #17]
  77:.\CAN_Communication.c ****     msgToSendBack.irq = MSG_IRQ;
 242              		.loc 1 77 0
 243 001a 0023     		movs	r3, #0
 244 001c FB74     		strb	r3, [r7, #19]
  78:.\CAN_Communication.c ****     msgToSendBack.msg->byte[INDEX_DEVICE_ID_BYTE] = DEVICE_ID;
 245              		.loc 1 78 0
 246 001e 7B69     		ldr	r3, [r7, #20]
 247 0020 0022     		movs	r2, #0
 248 0022 1A70     		strb	r2, [r3]
  79:.\CAN_Communication.c ****     msgToSendBack.msg->byte[INDEX_SUBMODULE_NUMBER_BYTE] = submoduleNumber;
 249              		.loc 1 79 0
 250 0024 7B69     		ldr	r3, [r7, #20]
 251 0026 BA79     		ldrb	r2, [r7, #6]
 252 0028 5A70     		strb	r2, [r3, #1]
  80:.\CAN_Communication.c ****     msgToSendBack.msg->byte[INDEX_INSTRUCTION_BYTE] = definedAnswer;
 253              		.loc 1 80 0
 254 002a 7B69     		ldr	r3, [r7, #20]
 255 002c FA79     		ldrb	r2, [r7, #7]
 256 002e 9A70     		strb	r2, [r3, #2]
  81:.\CAN_Communication.c ****     msgToSendBack.dlc = 3;     
 257              		.loc 1 81 0
 258 0030 0323     		movs	r3, #3
 259 0032 BB74     		strb	r3, [r7, #18]
  82:.\CAN_Communication.c ****     
  83:.\CAN_Communication.c ****     CAN_1_SendMsg(&msgToSendBack);
ARM GAS  C:\Users\plod1602\AppData\Local\Temp\ccpF4gie.s 			page 7


 260              		.loc 1 83 0
 261 0034 07F10C03 		add	r3, r7, #12
 262 0038 1846     		mov	r0, r3
 263 003a FFF7FEFF 		bl	CAN_1_SendMsg
  84:.\CAN_Communication.c ****     
  85:.\CAN_Communication.c ****     return 1;    
 264              		.loc 1 85 0
 265 003e 0123     		movs	r3, #1
 266 0040 5BB2     		sxtb	r3, r3
  86:.\CAN_Communication.c **** }
 267              		.loc 1 86 0
 268 0042 1846     		mov	r0, r3
 269 0044 1837     		adds	r7, r7, #24
 270 0046 BD46     		mov	sp, r7
 271              		@ sp needed
 272 0048 80BD     		pop	{r7, pc}
 273              		.cfi_endproc
 274              	.LFE59:
 275              		.size	answerToMaster, .-answerToMaster
 276 004a 00BF     		.text
 277              	.Letext0:
 278              		.file 2 "c:\\program files (x86)\\cypress\\psoc creator\\3.2\\psoc creator\\import\\gnu\\arm\\4.8.
 279              		.file 3 "c:\\program files (x86)\\cypress\\psoc creator\\3.2\\psoc creator\\import\\gnu\\arm\\4.8.
 280              		.file 4 "Generated_Source\\PSoC5/cytypes.h"
 281              		.file 5 "Generated_Source\\PSoC5/CAN_1.h"
 282              		.file 6 ".\\CAN_Communication.h"
 283              		.file 7 "Generated_Source\\PSoC5/core_cm3.h"
 284              		.section	.debug_info,"",%progbits
 285              	.Ldebug_info0:
 286 0000 B9020000 		.4byte	0x2b9
 287 0004 0400     		.2byte	0x4
 288 0006 00000000 		.4byte	.Ldebug_abbrev0
 289 000a 04       		.byte	0x4
 290 000b 01       		.uleb128 0x1
 291 000c 8D000000 		.4byte	.LASF39
 292 0010 01       		.byte	0x1
 293 0011 58010000 		.4byte	.LASF40
 294 0015 33020000 		.4byte	.LASF41
 295 0019 00000000 		.4byte	.Ldebug_ranges0+0
 296 001d 00000000 		.4byte	0
 297 0021 00000000 		.4byte	.Ldebug_line0
 298 0025 02       		.uleb128 0x2
 299 0026 01       		.byte	0x1
 300 0027 06       		.byte	0x6
 301 0028 00000000 		.4byte	.LASF0
 302 002c 02       		.uleb128 0x2
 303 002d 01       		.byte	0x1
 304 002e 08       		.byte	0x8
 305 002f 72000000 		.4byte	.LASF1
 306 0033 02       		.uleb128 0x2
 307 0034 02       		.byte	0x2
 308 0035 05       		.byte	0x5
 309 0036 56000000 		.4byte	.LASF2
 310 003a 02       		.uleb128 0x2
 311 003b 02       		.byte	0x2
 312 003c 07       		.byte	0x7
 313 003d 10010000 		.4byte	.LASF3
ARM GAS  C:\Users\plod1602\AppData\Local\Temp\ccpF4gie.s 			page 8


 314 0041 03       		.uleb128 0x3
 315 0042 22000000 		.4byte	.LASF9
 316 0046 02       		.byte	0x2
 317 0047 37       		.byte	0x37
 318 0048 4C000000 		.4byte	0x4c
 319 004c 02       		.uleb128 0x2
 320 004d 04       		.byte	0x4
 321 004e 05       		.byte	0x5
 322 004f 2C000000 		.4byte	.LASF4
 323 0053 02       		.uleb128 0x2
 324 0054 04       		.byte	0x4
 325 0055 07       		.byte	0x7
 326 0056 8D010000 		.4byte	.LASF5
 327 005a 02       		.uleb128 0x2
 328 005b 08       		.byte	0x8
 329 005c 05       		.byte	0x5
 330 005d D4010000 		.4byte	.LASF6
 331 0061 02       		.uleb128 0x2
 332 0062 08       		.byte	0x8
 333 0063 07       		.byte	0x7
 334 0064 AC010000 		.4byte	.LASF7
 335 0068 04       		.uleb128 0x4
 336 0069 04       		.byte	0x4
 337 006a 05       		.byte	0x5
 338 006b 696E7400 		.ascii	"int\000"
 339 006f 02       		.uleb128 0x2
 340 0070 04       		.byte	0x4
 341 0071 07       		.byte	0x7
 342 0072 9F010000 		.4byte	.LASF8
 343 0076 03       		.uleb128 0x3
 344 0077 C3010000 		.4byte	.LASF10
 345 007b 03       		.byte	0x3
 346 007c 41       		.byte	0x41
 347 007d 41000000 		.4byte	0x41
 348 0081 03       		.uleb128 0x3
 349 0082 15020000 		.4byte	.LASF11
 350 0086 04       		.byte	0x4
 351 0087 A1       		.byte	0xa1
 352 0088 2C000000 		.4byte	0x2c
 353 008c 03       		.uleb128 0x3
 354 008d 86010000 		.4byte	.LASF12
 355 0091 04       		.byte	0x4
 356 0092 A3       		.byte	0xa3
 357 0093 53000000 		.4byte	0x53
 358 0097 03       		.uleb128 0x3
 359 0098 81010000 		.4byte	.LASF13
 360 009c 04       		.byte	0x4
 361 009d A4       		.byte	0xa4
 362 009e 25000000 		.4byte	0x25
 363 00a2 02       		.uleb128 0x2
 364 00a3 04       		.byte	0x4
 365 00a4 04       		.byte	0x4
 366 00a5 6C000000 		.4byte	.LASF14
 367 00a9 02       		.uleb128 0x2
 368 00aa 08       		.byte	0x8
 369 00ab 04       		.byte	0x4
 370 00ac 60000000 		.4byte	.LASF15
ARM GAS  C:\Users\plod1602\AppData\Local\Temp\ccpF4gie.s 			page 9


 371 00b0 02       		.uleb128 0x2
 372 00b1 01       		.byte	0x1
 373 00b2 08       		.byte	0x8
 374 00b3 F2010000 		.4byte	.LASF16
 375 00b7 02       		.uleb128 0x2
 376 00b8 04       		.byte	0x4
 377 00b9 07       		.byte	0x7
 378 00ba CB010000 		.4byte	.LASF17
 379 00be 02       		.uleb128 0x2
 380 00bf 08       		.byte	0x8
 381 00c0 04       		.byte	0x4
 382 00c1 6C020000 		.4byte	.LASF18
 383 00c5 05       		.uleb128 0x5
 384 00c6 08       		.byte	0x8
 385 00c7 05       		.byte	0x5
 386 00c8 6E       		.byte	0x6e
 387 00c9 DA000000 		.4byte	0xda
 388 00cd 06       		.uleb128 0x6
 389 00ce 67000000 		.4byte	.LASF20
 390 00d2 05       		.byte	0x5
 391 00d3 70       		.byte	0x70
 392 00d4 DA000000 		.4byte	0xda
 393 00d8 00       		.byte	0
 394 00d9 00       		.byte	0
 395 00da 07       		.uleb128 0x7
 396 00db 81000000 		.4byte	0x81
 397 00df EA000000 		.4byte	0xea
 398 00e3 08       		.uleb128 0x8
 399 00e4 B7000000 		.4byte	0xb7
 400 00e8 07       		.byte	0x7
 401 00e9 00       		.byte	0
 402 00ea 03       		.uleb128 0x3
 403 00eb F7010000 		.4byte	.LASF19
 404 00ef 05       		.byte	0x5
 405 00f0 71       		.byte	0x71
 406 00f1 C5000000 		.4byte	0xc5
 407 00f5 05       		.uleb128 0x5
 408 00f6 0C       		.byte	0xc
 409 00f7 05       		.byte	0x5
 410 00f8 80       		.byte	0x80
 411 00f9 45010000 		.4byte	0x145
 412 00fd 09       		.uleb128 0x9
 413 00fe 696400   		.ascii	"id\000"
 414 0101 05       		.byte	0x5
 415 0102 82       		.byte	0x82
 416 0103 8C000000 		.4byte	0x8c
 417 0107 00       		.byte	0
 418 0108 09       		.uleb128 0x9
 419 0109 72747200 		.ascii	"rtr\000"
 420 010d 05       		.byte	0x5
 421 010e 83       		.byte	0x83
 422 010f 81000000 		.4byte	0x81
 423 0113 04       		.byte	0x4
 424 0114 09       		.uleb128 0x9
 425 0115 69646500 		.ascii	"ide\000"
 426 0119 05       		.byte	0x5
 427 011a 84       		.byte	0x84
ARM GAS  C:\Users\plod1602\AppData\Local\Temp\ccpF4gie.s 			page 10


 428 011b 81000000 		.4byte	0x81
 429 011f 05       		.byte	0x5
 430 0120 09       		.uleb128 0x9
 431 0121 646C6300 		.ascii	"dlc\000"
 432 0125 05       		.byte	0x5
 433 0126 85       		.byte	0x85
 434 0127 81000000 		.4byte	0x81
 435 012b 06       		.byte	0x6
 436 012c 09       		.uleb128 0x9
 437 012d 69727100 		.ascii	"irq\000"
 438 0131 05       		.byte	0x5
 439 0132 86       		.byte	0x86
 440 0133 81000000 		.4byte	0x81
 441 0137 07       		.byte	0x7
 442 0138 09       		.uleb128 0x9
 443 0139 6D736700 		.ascii	"msg\000"
 444 013d 05       		.byte	0x5
 445 013e 8A       		.byte	0x8a
 446 013f 45010000 		.4byte	0x145
 447 0143 08       		.byte	0x8
 448 0144 00       		.byte	0
 449 0145 0A       		.uleb128 0xa
 450 0146 04       		.byte	0x4
 451 0147 EA000000 		.4byte	0xea
 452 014b 03       		.uleb128 0x3
 453 014c 35000000 		.4byte	.LASF21
 454 0150 05       		.byte	0x5
 455 0151 8B       		.byte	0x8b
 456 0152 F5000000 		.4byte	0xf5
 457 0156 05       		.uleb128 0x5
 458 0157 10       		.byte	0x10
 459 0158 06       		.byte	0x6
 460 0159 2F       		.byte	0x2f
 461 015a 83010000 		.4byte	0x183
 462 015e 06       		.uleb128 0x6
 463 015f 0C020000 		.4byte	.LASF22
 464 0163 06       		.byte	0x6
 465 0164 34       		.byte	0x34
 466 0165 EA000000 		.4byte	0xea
 467 0169 00       		.byte	0
 468 016a 09       		.uleb128 0x9
 469 016b 444C4300 		.ascii	"DLC\000"
 470 016f 06       		.byte	0x6
 471 0170 35       		.byte	0x35
 472 0171 81000000 		.4byte	0x81
 473 0175 08       		.byte	0x8
 474 0176 06       		.uleb128 0x6
 475 0177 23010000 		.4byte	.LASF23
 476 017b 06       		.byte	0x6
 477 017c 36       		.byte	0x36
 478 017d 8C000000 		.4byte	0x8c
 479 0181 0C       		.byte	0xc
 480 0182 00       		.byte	0
 481 0183 03       		.uleb128 0x3
 482 0184 0C000000 		.4byte	.LASF24
 483 0188 06       		.byte	0x6
 484 0189 37       		.byte	0x37
ARM GAS  C:\Users\plod1602\AppData\Local\Temp\ccpF4gie.s 			page 11


 485 018a 56010000 		.4byte	0x156
 486 018e 0B       		.uleb128 0xb
 487 018f 6E010000 		.4byte	.LASF25
 488 0193 01       		.byte	0x1
 489 0194 12       		.byte	0x12
 490 0195 83010000 		.4byte	0x183
 491 0199 00000000 		.4byte	.LFB56
 492 019d 64000000 		.4byte	.LFE56-.LFB56
 493 01a1 01       		.uleb128 0x1
 494 01a2 9C       		.byte	0x9c
 495 01a3 B6010000 		.4byte	0x1b6
 496 01a7 0C       		.uleb128 0xc
 497 01a8 4D010000 		.4byte	.LASF28
 498 01ac 01       		.byte	0x1
 499 01ad 15       		.byte	0x15
 500 01ae 83010000 		.4byte	0x183
 501 01b2 02       		.uleb128 0x2
 502 01b3 91       		.byte	0x91
 503 01b4 68       		.sleb128 -24
 504 01b5 00       		.byte	0
 505 01b6 0D       		.uleb128 0xd
 506 01b7 41010000 		.4byte	.LASF26
 507 01bb 01       		.byte	0x1
 508 01bc 27       		.byte	0x27
 509 01bd 97000000 		.4byte	0x97
 510 01c1 00000000 		.4byte	.LFB57
 511 01c5 3A000000 		.4byte	.LFE57-.LFB57
 512 01c9 01       		.uleb128 0x1
 513 01ca 9C       		.byte	0x9c
 514 01cb FA010000 		.4byte	0x1fa
 515 01cf 0E       		.uleb128 0xe
 516 01d0 09010000 		.4byte	.LASF27
 517 01d4 01       		.byte	0x1
 518 01d5 27       		.byte	0x27
 519 01d6 FA010000 		.4byte	0x1fa
 520 01da 02       		.uleb128 0x2
 521 01db 91       		.byte	0x91
 522 01dc 64       		.sleb128 -28
 523 01dd 0E       		.uleb128 0xe
 524 01de 23010000 		.4byte	.LASF23
 525 01e2 01       		.byte	0x1
 526 01e3 27       		.byte	0x27
 527 01e4 8C000000 		.4byte	0x8c
 528 01e8 02       		.uleb128 0x2
 529 01e9 91       		.byte	0x91
 530 01ea 60       		.sleb128 -32
 531 01eb 0C       		.uleb128 0xc
 532 01ec 37010000 		.4byte	.LASF29
 533 01f0 01       		.byte	0x1
 534 01f1 29       		.byte	0x29
 535 01f2 4B010000 		.4byte	0x14b
 536 01f6 02       		.uleb128 0x2
 537 01f7 91       		.byte	0x91
 538 01f8 6C       		.sleb128 -20
 539 01f9 00       		.byte	0
 540 01fa 0A       		.uleb128 0xa
 541 01fb 04       		.byte	0x4
ARM GAS  C:\Users\plod1602\AppData\Local\Temp\ccpF4gie.s 			page 12


 542 01fc 83010000 		.4byte	0x183
 543 0200 0D       		.uleb128 0xd
 544 0201 86020000 		.4byte	.LASF30
 545 0205 01       		.byte	0x1
 546 0206 36       		.byte	0x36
 547 0207 97000000 		.4byte	0x97
 548 020b 00000000 		.4byte	.LFB58
 549 020f 38000000 		.4byte	.LFE58-.LFB58
 550 0213 01       		.uleb128 0x1
 551 0214 9C       		.byte	0x9c
 552 0215 36020000 		.4byte	0x236
 553 0219 0E       		.uleb128 0xe
 554 021a 09010000 		.4byte	.LASF27
 555 021e 01       		.byte	0x1
 556 021f 36       		.byte	0x36
 557 0220 FA010000 		.4byte	0x1fa
 558 0224 02       		.uleb128 0x2
 559 0225 91       		.byte	0x91
 560 0226 64       		.sleb128 -28
 561 0227 0C       		.uleb128 0xc
 562 0228 14000000 		.4byte	.LASF31
 563 022c 01       		.byte	0x1
 564 022d 38       		.byte	0x38
 565 022e 4B010000 		.4byte	0x14b
 566 0232 02       		.uleb128 0x2
 567 0233 91       		.byte	0x91
 568 0234 6C       		.sleb128 -20
 569 0235 00       		.byte	0
 570 0236 0D       		.uleb128 0xd
 571 0237 97020000 		.4byte	.LASF32
 572 023b 01       		.byte	0x1
 573 023c 46       		.byte	0x46
 574 023d 97000000 		.4byte	0x97
 575 0241 00000000 		.4byte	.LFB59
 576 0245 4A000000 		.4byte	.LFE59-.LFB59
 577 0249 01       		.uleb128 0x1
 578 024a 9C       		.byte	0x9c
 579 024b 7A020000 		.4byte	0x27a
 580 024f 0E       		.uleb128 0xe
 581 0250 78020000 		.4byte	.LASF33
 582 0254 01       		.byte	0x1
 583 0255 46       		.byte	0x46
 584 0256 81000000 		.4byte	0x81
 585 025a 02       		.uleb128 0x2
 586 025b 91       		.byte	0x91
 587 025c 67       		.sleb128 -25
 588 025d 0E       		.uleb128 0xe
 589 025e E2010000 		.4byte	.LASF34
 590 0262 01       		.byte	0x1
 591 0263 46       		.byte	0x46
 592 0264 81000000 		.4byte	0x81
 593 0268 02       		.uleb128 0x2
 594 0269 91       		.byte	0x91
 595 026a 66       		.sleb128 -26
 596 026b 0C       		.uleb128 0xc
 597 026c 14000000 		.4byte	.LASF31
 598 0270 01       		.byte	0x1
ARM GAS  C:\Users\plod1602\AppData\Local\Temp\ccpF4gie.s 			page 13


 599 0271 48       		.byte	0x48
 600 0272 4B010000 		.4byte	0x14b
 601 0276 02       		.uleb128 0x2
 602 0277 91       		.byte	0x91
 603 0278 6C       		.sleb128 -20
 604 0279 00       		.byte	0
 605 027a 0F       		.uleb128 0xf
 606 027b 2A010000 		.4byte	.LASF35
 607 027f 07       		.byte	0x7
 608 0280 1606     		.2byte	0x616
 609 0282 86020000 		.4byte	0x286
 610 0286 10       		.uleb128 0x10
 611 0287 76000000 		.4byte	0x76
 612 028b 11       		.uleb128 0x11
 613 028c 42000000 		.4byte	.LASF36
 614 0290 06       		.byte	0x6
 615 0291 3B       		.byte	0x3b
 616 0292 68000000 		.4byte	0x68
 617 0296 11       		.uleb128 0x11
 618 0297 1B020000 		.4byte	.LASF37
 619 029b 06       		.byte	0x6
 620 029c 3D       		.byte	0x3d
 621 029d 68000000 		.4byte	0x68
 622 02a1 07       		.uleb128 0x7
 623 02a2 83010000 		.4byte	0x183
 624 02a6 B1020000 		.4byte	0x2b1
 625 02aa 08       		.uleb128 0x8
 626 02ab B7000000 		.4byte	0xb7
 627 02af 31       		.byte	0x31
 628 02b0 00       		.byte	0
 629 02b1 11       		.uleb128 0x11
 630 02b2 80000000 		.4byte	.LASF38
 631 02b6 06       		.byte	0x6
 632 02b7 3E       		.byte	0x3e
 633 02b8 A1020000 		.4byte	0x2a1
 634 02bc 00       		.byte	0
 635              		.section	.debug_abbrev,"",%progbits
 636              	.Ldebug_abbrev0:
 637 0000 01       		.uleb128 0x1
 638 0001 11       		.uleb128 0x11
 639 0002 01       		.byte	0x1
 640 0003 25       		.uleb128 0x25
 641 0004 0E       		.uleb128 0xe
 642 0005 13       		.uleb128 0x13
 643 0006 0B       		.uleb128 0xb
 644 0007 03       		.uleb128 0x3
 645 0008 0E       		.uleb128 0xe
 646 0009 1B       		.uleb128 0x1b
 647 000a 0E       		.uleb128 0xe
 648 000b 55       		.uleb128 0x55
 649 000c 17       		.uleb128 0x17
 650 000d 11       		.uleb128 0x11
 651 000e 01       		.uleb128 0x1
 652 000f 10       		.uleb128 0x10
 653 0010 17       		.uleb128 0x17
 654 0011 00       		.byte	0
 655 0012 00       		.byte	0
ARM GAS  C:\Users\plod1602\AppData\Local\Temp\ccpF4gie.s 			page 14


 656 0013 02       		.uleb128 0x2
 657 0014 24       		.uleb128 0x24
 658 0015 00       		.byte	0
 659 0016 0B       		.uleb128 0xb
 660 0017 0B       		.uleb128 0xb
 661 0018 3E       		.uleb128 0x3e
 662 0019 0B       		.uleb128 0xb
 663 001a 03       		.uleb128 0x3
 664 001b 0E       		.uleb128 0xe
 665 001c 00       		.byte	0
 666 001d 00       		.byte	0
 667 001e 03       		.uleb128 0x3
 668 001f 16       		.uleb128 0x16
 669 0020 00       		.byte	0
 670 0021 03       		.uleb128 0x3
 671 0022 0E       		.uleb128 0xe
 672 0023 3A       		.uleb128 0x3a
 673 0024 0B       		.uleb128 0xb
 674 0025 3B       		.uleb128 0x3b
 675 0026 0B       		.uleb128 0xb
 676 0027 49       		.uleb128 0x49
 677 0028 13       		.uleb128 0x13
 678 0029 00       		.byte	0
 679 002a 00       		.byte	0
 680 002b 04       		.uleb128 0x4
 681 002c 24       		.uleb128 0x24
 682 002d 00       		.byte	0
 683 002e 0B       		.uleb128 0xb
 684 002f 0B       		.uleb128 0xb
 685 0030 3E       		.uleb128 0x3e
 686 0031 0B       		.uleb128 0xb
 687 0032 03       		.uleb128 0x3
 688 0033 08       		.uleb128 0x8
 689 0034 00       		.byte	0
 690 0035 00       		.byte	0
 691 0036 05       		.uleb128 0x5
 692 0037 13       		.uleb128 0x13
 693 0038 01       		.byte	0x1
 694 0039 0B       		.uleb128 0xb
 695 003a 0B       		.uleb128 0xb
 696 003b 3A       		.uleb128 0x3a
 697 003c 0B       		.uleb128 0xb
 698 003d 3B       		.uleb128 0x3b
 699 003e 0B       		.uleb128 0xb
 700 003f 01       		.uleb128 0x1
 701 0040 13       		.uleb128 0x13
 702 0041 00       		.byte	0
 703 0042 00       		.byte	0
 704 0043 06       		.uleb128 0x6
 705 0044 0D       		.uleb128 0xd
 706 0045 00       		.byte	0
 707 0046 03       		.uleb128 0x3
 708 0047 0E       		.uleb128 0xe
 709 0048 3A       		.uleb128 0x3a
 710 0049 0B       		.uleb128 0xb
 711 004a 3B       		.uleb128 0x3b
 712 004b 0B       		.uleb128 0xb
ARM GAS  C:\Users\plod1602\AppData\Local\Temp\ccpF4gie.s 			page 15


 713 004c 49       		.uleb128 0x49
 714 004d 13       		.uleb128 0x13
 715 004e 38       		.uleb128 0x38
 716 004f 0B       		.uleb128 0xb
 717 0050 00       		.byte	0
 718 0051 00       		.byte	0
 719 0052 07       		.uleb128 0x7
 720 0053 01       		.uleb128 0x1
 721 0054 01       		.byte	0x1
 722 0055 49       		.uleb128 0x49
 723 0056 13       		.uleb128 0x13
 724 0057 01       		.uleb128 0x1
 725 0058 13       		.uleb128 0x13
 726 0059 00       		.byte	0
 727 005a 00       		.byte	0
 728 005b 08       		.uleb128 0x8
 729 005c 21       		.uleb128 0x21
 730 005d 00       		.byte	0
 731 005e 49       		.uleb128 0x49
 732 005f 13       		.uleb128 0x13
 733 0060 2F       		.uleb128 0x2f
 734 0061 0B       		.uleb128 0xb
 735 0062 00       		.byte	0
 736 0063 00       		.byte	0
 737 0064 09       		.uleb128 0x9
 738 0065 0D       		.uleb128 0xd
 739 0066 00       		.byte	0
 740 0067 03       		.uleb128 0x3
 741 0068 08       		.uleb128 0x8
 742 0069 3A       		.uleb128 0x3a
 743 006a 0B       		.uleb128 0xb
 744 006b 3B       		.uleb128 0x3b
 745 006c 0B       		.uleb128 0xb
 746 006d 49       		.uleb128 0x49
 747 006e 13       		.uleb128 0x13
 748 006f 38       		.uleb128 0x38
 749 0070 0B       		.uleb128 0xb
 750 0071 00       		.byte	0
 751 0072 00       		.byte	0
 752 0073 0A       		.uleb128 0xa
 753 0074 0F       		.uleb128 0xf
 754 0075 00       		.byte	0
 755 0076 0B       		.uleb128 0xb
 756 0077 0B       		.uleb128 0xb
 757 0078 49       		.uleb128 0x49
 758 0079 13       		.uleb128 0x13
 759 007a 00       		.byte	0
 760 007b 00       		.byte	0
 761 007c 0B       		.uleb128 0xb
 762 007d 2E       		.uleb128 0x2e
 763 007e 01       		.byte	0x1
 764 007f 3F       		.uleb128 0x3f
 765 0080 19       		.uleb128 0x19
 766 0081 03       		.uleb128 0x3
 767 0082 0E       		.uleb128 0xe
 768 0083 3A       		.uleb128 0x3a
 769 0084 0B       		.uleb128 0xb
ARM GAS  C:\Users\plod1602\AppData\Local\Temp\ccpF4gie.s 			page 16


 770 0085 3B       		.uleb128 0x3b
 771 0086 0B       		.uleb128 0xb
 772 0087 27       		.uleb128 0x27
 773 0088 19       		.uleb128 0x19
 774 0089 49       		.uleb128 0x49
 775 008a 13       		.uleb128 0x13
 776 008b 11       		.uleb128 0x11
 777 008c 01       		.uleb128 0x1
 778 008d 12       		.uleb128 0x12
 779 008e 06       		.uleb128 0x6
 780 008f 40       		.uleb128 0x40
 781 0090 18       		.uleb128 0x18
 782 0091 9742     		.uleb128 0x2117
 783 0093 19       		.uleb128 0x19
 784 0094 01       		.uleb128 0x1
 785 0095 13       		.uleb128 0x13
 786 0096 00       		.byte	0
 787 0097 00       		.byte	0
 788 0098 0C       		.uleb128 0xc
 789 0099 34       		.uleb128 0x34
 790 009a 00       		.byte	0
 791 009b 03       		.uleb128 0x3
 792 009c 0E       		.uleb128 0xe
 793 009d 3A       		.uleb128 0x3a
 794 009e 0B       		.uleb128 0xb
 795 009f 3B       		.uleb128 0x3b
 796 00a0 0B       		.uleb128 0xb
 797 00a1 49       		.uleb128 0x49
 798 00a2 13       		.uleb128 0x13
 799 00a3 02       		.uleb128 0x2
 800 00a4 18       		.uleb128 0x18
 801 00a5 00       		.byte	0
 802 00a6 00       		.byte	0
 803 00a7 0D       		.uleb128 0xd
 804 00a8 2E       		.uleb128 0x2e
 805 00a9 01       		.byte	0x1
 806 00aa 3F       		.uleb128 0x3f
 807 00ab 19       		.uleb128 0x19
 808 00ac 03       		.uleb128 0x3
 809 00ad 0E       		.uleb128 0xe
 810 00ae 3A       		.uleb128 0x3a
 811 00af 0B       		.uleb128 0xb
 812 00b0 3B       		.uleb128 0x3b
 813 00b1 0B       		.uleb128 0xb
 814 00b2 27       		.uleb128 0x27
 815 00b3 19       		.uleb128 0x19
 816 00b4 49       		.uleb128 0x49
 817 00b5 13       		.uleb128 0x13
 818 00b6 11       		.uleb128 0x11
 819 00b7 01       		.uleb128 0x1
 820 00b8 12       		.uleb128 0x12
 821 00b9 06       		.uleb128 0x6
 822 00ba 40       		.uleb128 0x40
 823 00bb 18       		.uleb128 0x18
 824 00bc 9642     		.uleb128 0x2116
 825 00be 19       		.uleb128 0x19
 826 00bf 01       		.uleb128 0x1
ARM GAS  C:\Users\plod1602\AppData\Local\Temp\ccpF4gie.s 			page 17


 827 00c0 13       		.uleb128 0x13
 828 00c1 00       		.byte	0
 829 00c2 00       		.byte	0
 830 00c3 0E       		.uleb128 0xe
 831 00c4 05       		.uleb128 0x5
 832 00c5 00       		.byte	0
 833 00c6 03       		.uleb128 0x3
 834 00c7 0E       		.uleb128 0xe
 835 00c8 3A       		.uleb128 0x3a
 836 00c9 0B       		.uleb128 0xb
 837 00ca 3B       		.uleb128 0x3b
 838 00cb 0B       		.uleb128 0xb
 839 00cc 49       		.uleb128 0x49
 840 00cd 13       		.uleb128 0x13
 841 00ce 02       		.uleb128 0x2
 842 00cf 18       		.uleb128 0x18
 843 00d0 00       		.byte	0
 844 00d1 00       		.byte	0
 845 00d2 0F       		.uleb128 0xf
 846 00d3 34       		.uleb128 0x34
 847 00d4 00       		.byte	0
 848 00d5 03       		.uleb128 0x3
 849 00d6 0E       		.uleb128 0xe
 850 00d7 3A       		.uleb128 0x3a
 851 00d8 0B       		.uleb128 0xb
 852 00d9 3B       		.uleb128 0x3b
 853 00da 05       		.uleb128 0x5
 854 00db 49       		.uleb128 0x49
 855 00dc 13       		.uleb128 0x13
 856 00dd 3F       		.uleb128 0x3f
 857 00de 19       		.uleb128 0x19
 858 00df 3C       		.uleb128 0x3c
 859 00e0 19       		.uleb128 0x19
 860 00e1 00       		.byte	0
 861 00e2 00       		.byte	0
 862 00e3 10       		.uleb128 0x10
 863 00e4 35       		.uleb128 0x35
 864 00e5 00       		.byte	0
 865 00e6 49       		.uleb128 0x49
 866 00e7 13       		.uleb128 0x13
 867 00e8 00       		.byte	0
 868 00e9 00       		.byte	0
 869 00ea 11       		.uleb128 0x11
 870 00eb 34       		.uleb128 0x34
 871 00ec 00       		.byte	0
 872 00ed 03       		.uleb128 0x3
 873 00ee 0E       		.uleb128 0xe
 874 00ef 3A       		.uleb128 0x3a
 875 00f0 0B       		.uleb128 0xb
 876 00f1 3B       		.uleb128 0x3b
 877 00f2 0B       		.uleb128 0xb
 878 00f3 49       		.uleb128 0x49
 879 00f4 13       		.uleb128 0x13
 880 00f5 3F       		.uleb128 0x3f
 881 00f6 19       		.uleb128 0x19
 882 00f7 3C       		.uleb128 0x3c
 883 00f8 19       		.uleb128 0x19
ARM GAS  C:\Users\plod1602\AppData\Local\Temp\ccpF4gie.s 			page 18


 884 00f9 00       		.byte	0
 885 00fa 00       		.byte	0
 886 00fb 00       		.byte	0
 887              		.section	.debug_aranges,"",%progbits
 888 0000 34000000 		.4byte	0x34
 889 0004 0200     		.2byte	0x2
 890 0006 00000000 		.4byte	.Ldebug_info0
 891 000a 04       		.byte	0x4
 892 000b 00       		.byte	0
 893 000c 0000     		.2byte	0
 894 000e 0000     		.2byte	0
 895 0010 00000000 		.4byte	.LFB56
 896 0014 64000000 		.4byte	.LFE56-.LFB56
 897 0018 00000000 		.4byte	.LFB57
 898 001c 3A000000 		.4byte	.LFE57-.LFB57
 899 0020 00000000 		.4byte	.LFB58
 900 0024 38000000 		.4byte	.LFE58-.LFB58
 901 0028 00000000 		.4byte	.LFB59
 902 002c 4A000000 		.4byte	.LFE59-.LFB59
 903 0030 00000000 		.4byte	0
 904 0034 00000000 		.4byte	0
 905              		.section	.debug_ranges,"",%progbits
 906              	.Ldebug_ranges0:
 907 0000 00000000 		.4byte	.LFB56
 908 0004 64000000 		.4byte	.LFE56
 909 0008 00000000 		.4byte	.LFB57
 910 000c 3A000000 		.4byte	.LFE57
 911 0010 00000000 		.4byte	.LFB58
 912 0014 38000000 		.4byte	.LFE58
 913 0018 00000000 		.4byte	.LFB59
 914 001c 4A000000 		.4byte	.LFE59
 915 0020 00000000 		.4byte	0
 916 0024 00000000 		.4byte	0
 917              		.section	.debug_line,"",%progbits
 918              	.Ldebug_line0:
 919 0000 E1010000 		.section	.debug_str,"MS",%progbits,1
 919      02007A01 
 919      00000201 
 919      FB0E0D00 
 919      01010101 
 920              	.LASF0:
 921 0000 7369676E 		.ascii	"signed char\000"
 921      65642063 
 921      68617200 
 922              	.LASF24:
 923 000c 43414E5F 		.ascii	"CAN_MSG\000"
 923      4D534700 
 924              	.LASF31:
 925 0014 6D736754 		.ascii	"msgToSendBack\000"
 925      6F53656E 
 925      64426163 
 925      6B00
 926              	.LASF9:
 927 0022 5F5F696E 		.ascii	"__int32_t\000"
 927      7433325F 
 927      7400
 928              	.LASF4:
ARM GAS  C:\Users\plod1602\AppData\Local\Temp\ccpF4gie.s 			page 19


 929 002c 6C6F6E67 		.ascii	"long int\000"
 929      20696E74 
 929      00
 930              	.LASF21:
 931 0035 43414E5F 		.ascii	"CAN_1_TX_MSG\000"
 931      315F5458 
 931      5F4D5347 
 931      00
 932              	.LASF36:
 933 0042 6D736754 		.ascii	"msgToBeTreatedIndex\000"
 933      6F426554 
 933      72656174 
 933      6564496E 
 933      64657800 
 934              	.LASF2:
 935 0056 73686F72 		.ascii	"short int\000"
 935      7420696E 
 935      7400
 936              	.LASF15:
 937 0060 646F7562 		.ascii	"double\000"
 937      6C6500
 938              	.LASF20:
 939 0067 62797465 		.ascii	"byte\000"
 939      00
 940              	.LASF14:
 941 006c 666C6F61 		.ascii	"float\000"
 941      7400
 942              	.LASF1:
 943 0072 756E7369 		.ascii	"unsigned char\000"
 943      676E6564 
 943      20636861 
 943      7200
 944              	.LASF38:
 945 0080 72656365 		.ascii	"receivedMsgs\000"
 945      69766564 
 945      4D736773 
 945      00
 946              	.LASF39:
 947 008d 474E5520 		.ascii	"GNU C 4.8.4 20140526 (release) [ARM/embedded-4_8-br"
 947      4320342E 
 947      382E3420 
 947      32303134 
 947      30353236 
 948 00c0 616E6368 		.ascii	"anch revision 211358] -mcpu=cortex-m3 -mthumb -g -O"
 948      20726576 
 948      6973696F 
 948      6E203231 
 948      31333538 
 949 00f3 30202D66 		.ascii	"0 -ffunction-sections\000"
 949      66756E63 
 949      74696F6E 
 949      2D736563 
 949      74696F6E 
 950              	.LASF27:
 951 0109 6D736750 		.ascii	"msgPtr\000"
 951      747200
 952              	.LASF3:
ARM GAS  C:\Users\plod1602\AppData\Local\Temp\ccpF4gie.s 			page 20


 953 0110 73686F72 		.ascii	"short unsigned int\000"
 953      7420756E 
 953      7369676E 
 953      65642069 
 953      6E7400
 954              	.LASF23:
 955 0123 43414E5F 		.ascii	"CAN_ID\000"
 955      494400
 956              	.LASF35:
 957 012a 49544D5F 		.ascii	"ITM_RxBuffer\000"
 957      52784275 
 957      66666572 
 957      00
 958              	.LASF29:
 959 0137 6D736754 		.ascii	"msgToSend\000"
 959      6F53656E 
 959      6400
 960              	.LASF26:
 961 0141 73656E64 		.ascii	"sendMessage\000"
 961      4D657373 
 961      61676500 
 962              	.LASF28:
 963 014d 6D736754 		.ascii	"msgToTreat\000"
 963      6F547265 
 963      617400
 964              	.LASF40:
 965 0158 2E5C4341 		.ascii	".\\CAN_Communication.c\000"
 965      4E5F436F 
 965      6D6D756E 
 965      69636174 
 965      696F6E2E 
 966              	.LASF25:
 967 016e 67657452 		.ascii	"getReceivedMessage\000"
 967      65636569 
 967      7665644D 
 967      65737361 
 967      676500
 968              	.LASF13:
 969 0181 696E7438 		.ascii	"int8\000"
 969      00
 970              	.LASF12:
 971 0186 75696E74 		.ascii	"uint32\000"
 971      333200
 972              	.LASF5:
 973 018d 6C6F6E67 		.ascii	"long unsigned int\000"
 973      20756E73 
 973      69676E65 
 973      6420696E 
 973      7400
 974              	.LASF8:
 975 019f 756E7369 		.ascii	"unsigned int\000"
 975      676E6564 
 975      20696E74 
 975      00
 976              	.LASF7:
 977 01ac 6C6F6E67 		.ascii	"long long unsigned int\000"
 977      206C6F6E 
ARM GAS  C:\Users\plod1602\AppData\Local\Temp\ccpF4gie.s 			page 21


 977      6720756E 
 977      7369676E 
 977      65642069 
 978              	.LASF10:
 979 01c3 696E7433 		.ascii	"int32_t\000"
 979      325F7400 
 980              	.LASF17:
 981 01cb 73697A65 		.ascii	"sizetype\000"
 981      74797065 
 981      00
 982              	.LASF6:
 983 01d4 6C6F6E67 		.ascii	"long long int\000"
 983      206C6F6E 
 983      6720696E 
 983      7400
 984              	.LASF34:
 985 01e2 7375626D 		.ascii	"submoduleNumber\000"
 985      6F64756C 
 985      654E756D 
 985      62657200 
 986              	.LASF16:
 987 01f2 63686172 		.ascii	"char\000"
 987      00
 988              	.LASF19:
 989 01f7 43414E5F 		.ascii	"CAN_1_DATA_BYTES_MSG\000"
 989      315F4441 
 989      54415F42 
 989      59544553 
 989      5F4D5347 
 990              	.LASF22:
 991 020c 6D736742 		.ascii	"msgBytes\000"
 991      79746573 
 991      00
 992              	.LASF11:
 993 0215 75696E74 		.ascii	"uint8\000"
 993      3800
 994              	.LASF37:
 995 021b 6D657373 		.ascii	"messageToBeTreatedCount\000"
 995      61676554 
 995      6F426554 
 995      72656174 
 995      6564436F 
 996              	.LASF41:
 997 0233 433A5C55 		.ascii	"C:\\Users\\plod1602\\Desktop\\TAC_2015-09-18\\TAC_P"
 997      73657273 
 997      5C706C6F 
 997      64313630 
 997      325C4465 
 998 0261 534F4335 		.ascii	"SOC5.cydsn\000"
 998      2E637964 
 998      736E00
 999              	.LASF18:
 1000 026c 6C6F6E67 		.ascii	"long double\000"
 1000      20646F75 
 1000      626C6500 
 1001              	.LASF33:
 1002 0278 64656669 		.ascii	"definedAnswer\000"
ARM GAS  C:\Users\plod1602\AppData\Local\Temp\ccpF4gie.s 			page 22


 1002      6E656441 
 1002      6E737765 
 1002      7200
 1003              	.LASF30:
 1004 0286 6563686F 		.ascii	"echoBackToMaster\000"
 1004      4261636B 
 1004      546F4D61 
 1004      73746572 
 1004      00
 1005              	.LASF32:
 1006 0297 616E7377 		.ascii	"answerToMaster\000"
 1006      6572546F 
 1006      4D617374 
 1006      657200
 1007              		.ident	"GCC: (GNU Tools for ARM Embedded Processors) 4.8.4 20140526 (release) [ARM/embedded-4_8-br
