ARM GAS  C:\Users\plod1602\AppData\Local\Temp\ccYrWVFz.s 			page 1


   1              		.syntax unified
   2              		.cpu cortex-m3
   3              		.fpu softvfp
   4              		.eabi_attribute 20, 1
   5              		.eabi_attribute 21, 1
   6              		.eabi_attribute 23, 3
   7              		.eabi_attribute 24, 1
   8              		.eabi_attribute 25, 1
   9              		.eabi_attribute 26, 1
  10              		.eabi_attribute 30, 6
  11              		.eabi_attribute 34, 1
  12              		.eabi_attribute 18, 4
  13              		.thumb
  14              		.file	"ComputerCommunication.c"
  15              		.text
  16              	.Ltext0:
  17              		.cfi_sections	.debug_frame
  18              		.section	.text.initCommunication,"ax",%progbits
  19              		.align	2
  20              		.global	initCommunication
  21              		.thumb
  22              		.thumb_func
  23              		.type	initCommunication, %function
  24              	initCommunication:
  25              	.LFB56:
  26              		.file 1 ".\\ComputerCommunication.c"
   1:.\ComputerCommunication.c **** /* ========================================
   2:.\ComputerCommunication.c ****  *
   3:.\ComputerCommunication.c ****  * Copyright YOUR COMPANY, THE YEAR
   4:.\ComputerCommunication.c ****  * All Rights Reserved
   5:.\ComputerCommunication.c ****  * UNPUBLISHED, LICENSED SOFTWARE.
   6:.\ComputerCommunication.c ****  *
   7:.\ComputerCommunication.c ****  * CONFIDENTIAL AND PROPRIETARY INFORMATION
   8:.\ComputerCommunication.c ****  * WHICH IS THE PROPERTY OF your company.
   9:.\ComputerCommunication.c ****  *
  10:.\ComputerCommunication.c ****  * ========================================
  11:.\ComputerCommunication.c **** */
  12:.\ComputerCommunication.c **** 
  13:.\ComputerCommunication.c **** #include "ComputerCommunication.h"
  14:.\ComputerCommunication.c **** #include <device.h>
  15:.\ComputerCommunication.c **** // ascii code of '0'
  16:.\ComputerCommunication.c **** #define CONVERT_TO_ASCII    (0x30u)
  17:.\ComputerCommunication.c **** 
  18:.\ComputerCommunication.c **** // DEPRECATED
  19:.\ComputerCommunication.c **** void initUartModule(void);
  20:.\ComputerCommunication.c **** 
  21:.\ComputerCommunication.c **** /**
  22:.\ComputerCommunication.c ****  * Envois la temperature via le uart (used for psoc4)
  23:.\ComputerCommunication.c ****  *   @param data the temperature send to the computer
  24:.\ComputerCommunication.c ****  */
  25:.\ComputerCommunication.c **** void uartSendTemp(int32 data);
  26:.\ComputerCommunication.c **** 
  27:.\ComputerCommunication.c **** /* [] END OF FILE */
  28:.\ComputerCommunication.c **** 
  29:.\ComputerCommunication.c **** void initCommunication(void)
  30:.\ComputerCommunication.c **** {
  27              		.loc 1 30 0
ARM GAS  C:\Users\plod1602\AppData\Local\Temp\ccYrWVFz.s 			page 2


  28              		.cfi_startproc
  29              		@ args = 0, pretend = 0, frame = 0
  30              		@ frame_needed = 1, uses_anonymous_args = 0
  31 0000 80B5     		push	{r7, lr}
  32              		.cfi_def_cfa_offset 8
  33              		.cfi_offset 7, -8
  34              		.cfi_offset 14, -4
  35 0002 00AF     		add	r7, sp, #0
  36              		.cfi_def_cfa_register 7
  31:.\ComputerCommunication.c ****     // for psoc5
  32:.\ComputerCommunication.c ****     UART_Start(0u, UART_3V_OPERATION);
  37              		.loc 1 32 0
  38 0004 0020     		movs	r0, #0
  39 0006 0021     		movs	r1, #0
  40 0008 FFF7FEFF 		bl	UART_Start
  33:.\ComputerCommunication.c ****     
  34:.\ComputerCommunication.c ****     // while the usb uart is not configured
  35:.\ComputerCommunication.c ****     while(UART_GetConfiguration() == 0u)
  41              		.loc 1 35 0
  42 000c 0BE0     		b	.L2
  43              	.L3:
  36:.\ComputerCommunication.c ****     {
  37:.\ComputerCommunication.c ****         if(UART_IsConfigurationChanged() != 0u) /* Host could send double SET_INTERFACE request */
  44              		.loc 1 37 0
  45 000e FFF7FEFF 		bl	UART_IsConfigurationChanged
  46 0012 0346     		mov	r3, r0
  47 0014 002B     		cmp	r3, #0
  48 0016 06D0     		beq	.L2
  38:.\ComputerCommunication.c ****         {
  39:.\ComputerCommunication.c ****             if(UART_GetConfiguration() != 0u)   /* Init IN endpoints when device configured */
  49              		.loc 1 39 0
  50 0018 FFF7FEFF 		bl	UART_GetConfiguration
  51 001c 0346     		mov	r3, r0
  52 001e 002B     		cmp	r3, #0
  53 0020 01D0     		beq	.L2
  40:.\ComputerCommunication.c ****             {
  41:.\ComputerCommunication.c ****                 /* Enumeration is done, enable OUT endpoint for receive data from Host */
  42:.\ComputerCommunication.c ****                 UART_CDC_Init();
  54              		.loc 1 42 0
  55 0022 FFF7FEFF 		bl	UART_CDC_Init
  56              	.L2:
  35:.\ComputerCommunication.c ****     while(UART_GetConfiguration() == 0u)
  57              		.loc 1 35 0 discriminator 1
  58 0026 FFF7FEFF 		bl	UART_GetConfiguration
  59 002a 0346     		mov	r3, r0
  60 002c 002B     		cmp	r3, #0
  61 002e EED0     		beq	.L3
  43:.\ComputerCommunication.c ****             }
  44:.\ComputerCommunication.c ****         }
  45:.\ComputerCommunication.c ****     }
  46:.\ComputerCommunication.c ****     //for psoc4
  47:.\ComputerCommunication.c ****     //initUartModule();
  48:.\ComputerCommunication.c **** }
  62              		.loc 1 48 0
  63 0030 80BD     		pop	{r7, pc}
  64              		.cfi_endproc
  65              	.LFE56:
ARM GAS  C:\Users\plod1602\AppData\Local\Temp\ccYrWVFz.s 			page 3


  66              		.size	initCommunication, .-initCommunication
  67 0032 00BF     		.section	.text.sendDebugTemperature,"ax",%progbits
  68              		.align	2
  69              		.global	sendDebugTemperature
  70              		.thumb
  71              		.thumb_func
  72              		.type	sendDebugTemperature, %function
  73              	sendDebugTemperature:
  74              	.LFB57:
  49:.\ComputerCommunication.c **** void sendDebugTemperature(int32 data)
  50:.\ComputerCommunication.c **** {
  75              		.loc 1 50 0
  76              		.cfi_startproc
  77              		@ args = 0, pretend = 0, frame = 16
  78              		@ frame_needed = 1, uses_anonymous_args = 0
  79              		@ link register save eliminated.
  80 0000 80B4     		push	{r7}
  81              		.cfi_def_cfa_offset 4
  82              		.cfi_offset 7, -4
  83 0002 85B0     		sub	sp, sp, #20
  84              		.cfi_def_cfa_offset 24
  85 0004 00AF     		add	r7, sp, #0
  86              		.cfi_def_cfa_register 7
  87 0006 7860     		str	r0, [r7, #4]
  51:.\ComputerCommunication.c ****     if(DEBUGMODE == 1)
  52:.\ComputerCommunication.c ****     {
  53:.\ComputerCommunication.c ****         // PSOC 5
  54:.\ComputerCommunication.c ****         uint8 buffer[7];
  55:.\ComputerCommunication.c ****         
  56:.\ComputerCommunication.c ****         buffer[6] = 10; // LF
  57:.\ComputerCommunication.c ****         buffer[5] = 13; // CR
  58:.\ComputerCommunication.c ****         buffer[0] = ((data/1000u) + CONVERT_TO_ASCII);
  59:.\ComputerCommunication.c ****         data %= 1000u;
  60:.\ComputerCommunication.c ****         buffer[1] = ((data/100u) + CONVERT_TO_ASCII);
  61:.\ComputerCommunication.c ****         data %= 100u;
  62:.\ComputerCommunication.c ****         buffer[2] = '.';
  63:.\ComputerCommunication.c ****         buffer[3] = ((data/10u) + CONVERT_TO_ASCII);
  64:.\ComputerCommunication.c ****         data %= 10u;
  65:.\ComputerCommunication.c ****         buffer[4] = (data + CONVERT_TO_ASCII);
  66:.\ComputerCommunication.c ****         
  67:.\ComputerCommunication.c ****         // send the data buffer to the computer
  68:.\ComputerCommunication.c ****         while(UART_CDCIsReady() == 0u);    /* Wait till component is ready to send more data to the
  69:.\ComputerCommunication.c ****         UART_PutData(buffer, 6);       /* Send data back to PC */
  70:.\ComputerCommunication.c ****         
  71:.\ComputerCommunication.c ****        // send a 0 length packet to the computer
  72:.\ComputerCommunication.c ****         while(UART_CDCIsReady() == 0u); /* Wait till component is ready to send more data to the PC
  73:.\ComputerCommunication.c ****         UART_PutData(NULL, 0u);         /* Send zero-length packet to PC */        
  74:.\ComputerCommunication.c ****         //PSOC 4
  75:.\ComputerCommunication.c ****         //uartSendTemp(data);    
  76:.\ComputerCommunication.c ****     }
  77:.\ComputerCommunication.c **** }
  88              		.loc 1 77 0
  89 0008 1437     		adds	r7, r7, #20
  90 000a BD46     		mov	sp, r7
  91              		@ sp needed
  92 000c 5DF8047B 		ldr	r7, [sp], #4
  93 0010 7047     		bx	lr
ARM GAS  C:\Users\plod1602\AppData\Local\Temp\ccYrWVFz.s 			page 4


  94              		.cfi_endproc
  95              	.LFE57:
  96              		.size	sendDebugTemperature, .-sendDebugTemperature
  97 0012 00BF     		.text
  98              	.Letext0:
  99              		.file 2 "c:\\program files (x86)\\cypress\\psoc creator\\3.2\\psoc creator\\import\\gnu\\arm\\4.8.
 100              		.file 3 "c:\\program files (x86)\\cypress\\psoc creator\\3.2\\psoc creator\\import\\gnu\\arm\\4.8.
 101              		.file 4 "Generated_Source\\PSoC5/cytypes.h"
 102              		.file 5 "Generated_Source\\PSoC5/core_cm3.h"
 103              		.section	.debug_info,"",%progbits
 104              	.Ldebug_info0:
 105 0000 F2000000 		.4byte	0xf2
 106 0004 0400     		.2byte	0x4
 107 0006 00000000 		.4byte	.Ldebug_abbrev0
 108 000a 04       		.byte	0x4
 109 000b 01       		.uleb128 0x1
 110 000c 26010000 		.4byte	.LASF17
 111 0010 01       		.byte	0x1
 112 0011 0E000000 		.4byte	.LASF18
 113 0015 DD000000 		.4byte	.LASF19
 114 0019 00000000 		.4byte	.Ldebug_ranges0+0
 115 001d 00000000 		.4byte	0
 116 0021 00000000 		.4byte	.Ldebug_line0
 117 0025 02       		.uleb128 0x2
 118 0026 01       		.byte	0x1
 119 0027 06       		.byte	0x6
 120 0028 BB000000 		.4byte	.LASF0
 121 002c 02       		.uleb128 0x2
 122 002d 01       		.byte	0x1
 123 002e 08       		.byte	0x8
 124 002f 8B000000 		.4byte	.LASF1
 125 0033 02       		.uleb128 0x2
 126 0034 02       		.byte	0x2
 127 0035 05       		.byte	0x5
 128 0036 1C010000 		.4byte	.LASF2
 129 003a 02       		.uleb128 0x2
 130 003b 02       		.byte	0x2
 131 003c 07       		.byte	0x7
 132 003d 78000000 		.4byte	.LASF3
 133 0041 03       		.uleb128 0x3
 134 0042 D3000000 		.4byte	.LASF9
 135 0046 02       		.byte	0x2
 136 0047 37       		.byte	0x37
 137 0048 4C000000 		.4byte	0x4c
 138 004c 02       		.uleb128 0x2
 139 004d 04       		.byte	0x4
 140 004e 05       		.byte	0x5
 141 004f 9E000000 		.4byte	.LASF4
 142 0053 02       		.uleb128 0x2
 143 0054 04       		.byte	0x4
 144 0055 07       		.byte	0x7
 145 0056 35000000 		.4byte	.LASF5
 146 005a 02       		.uleb128 0x2
 147 005b 08       		.byte	0x8
 148 005c 05       		.byte	0x5
 149 005d 00000000 		.4byte	.LASF6
 150 0061 02       		.uleb128 0x2
ARM GAS  C:\Users\plod1602\AppData\Local\Temp\ccYrWVFz.s 			page 5


 151 0062 08       		.byte	0x8
 152 0063 07       		.byte	0x7
 153 0064 5C000000 		.4byte	.LASF7
 154 0068 04       		.uleb128 0x4
 155 0069 04       		.byte	0x4
 156 006a 05       		.byte	0x5
 157 006b 696E7400 		.ascii	"int\000"
 158 006f 02       		.uleb128 0x2
 159 0070 04       		.byte	0x4
 160 0071 07       		.byte	0x7
 161 0072 28000000 		.4byte	.LASF8
 162 0076 03       		.uleb128 0x3
 163 0077 A2010000 		.4byte	.LASF10
 164 007b 03       		.byte	0x3
 165 007c 41       		.byte	0x41
 166 007d 41000000 		.4byte	0x41
 167 0081 03       		.uleb128 0x3
 168 0082 C5010000 		.4byte	.LASF11
 169 0086 04       		.byte	0x4
 170 0087 A6       		.byte	0xa6
 171 0088 4C000000 		.4byte	0x4c
 172 008c 02       		.uleb128 0x2
 173 008d 04       		.byte	0x4
 174 008e 04       		.byte	0x4
 175 008f 16010000 		.4byte	.LASF12
 176 0093 02       		.uleb128 0x2
 177 0094 08       		.byte	0x8
 178 0095 04       		.byte	0x4
 179 0096 A7000000 		.4byte	.LASF13
 180 009a 02       		.uleb128 0x2
 181 009b 01       		.byte	0x1
 182 009c 08       		.byte	0x8
 183 009d 99000000 		.4byte	.LASF14
 184 00a1 02       		.uleb128 0x2
 185 00a2 04       		.byte	0x4
 186 00a3 07       		.byte	0x7
 187 00a4 AA010000 		.4byte	.LASF15
 188 00a8 02       		.uleb128 0x2
 189 00a9 08       		.byte	0x8
 190 00aa 04       		.byte	0x4
 191 00ab C7000000 		.4byte	.LASF16
 192 00af 05       		.uleb128 0x5
 193 00b0 B3010000 		.4byte	.LASF20
 194 00b4 01       		.byte	0x1
 195 00b5 1D       		.byte	0x1d
 196 00b6 00000000 		.4byte	.LFB56
 197 00ba 32000000 		.4byte	.LFE56-.LFB56
 198 00be 01       		.uleb128 0x1
 199 00bf 9C       		.byte	0x9c
 200 00c0 06       		.uleb128 0x6
 201 00c1 47000000 		.4byte	.LASF21
 202 00c5 01       		.byte	0x1
 203 00c6 31       		.byte	0x31
 204 00c7 00000000 		.4byte	.LFB57
 205 00cb 12000000 		.4byte	.LFE57-.LFB57
 206 00cf 01       		.uleb128 0x1
 207 00d0 9C       		.byte	0x9c
ARM GAS  C:\Users\plod1602\AppData\Local\Temp\ccYrWVFz.s 			page 6


 208 00d1 E4000000 		.4byte	0xe4
 209 00d5 07       		.uleb128 0x7
 210 00d6 73000000 		.4byte	.LASF22
 211 00da 01       		.byte	0x1
 212 00db 31       		.byte	0x31
 213 00dc 81000000 		.4byte	0x81
 214 00e0 02       		.uleb128 0x2
 215 00e1 91       		.byte	0x91
 216 00e2 6C       		.sleb128 -20
 217 00e3 00       		.byte	0
 218 00e4 08       		.uleb128 0x8
 219 00e5 AE000000 		.4byte	.LASF23
 220 00e9 05       		.byte	0x5
 221 00ea 1606     		.2byte	0x616
 222 00ec F0000000 		.4byte	0xf0
 223 00f0 09       		.uleb128 0x9
 224 00f1 76000000 		.4byte	0x76
 225 00f5 00       		.byte	0
 226              		.section	.debug_abbrev,"",%progbits
 227              	.Ldebug_abbrev0:
 228 0000 01       		.uleb128 0x1
 229 0001 11       		.uleb128 0x11
 230 0002 01       		.byte	0x1
 231 0003 25       		.uleb128 0x25
 232 0004 0E       		.uleb128 0xe
 233 0005 13       		.uleb128 0x13
 234 0006 0B       		.uleb128 0xb
 235 0007 03       		.uleb128 0x3
 236 0008 0E       		.uleb128 0xe
 237 0009 1B       		.uleb128 0x1b
 238 000a 0E       		.uleb128 0xe
 239 000b 55       		.uleb128 0x55
 240 000c 17       		.uleb128 0x17
 241 000d 11       		.uleb128 0x11
 242 000e 01       		.uleb128 0x1
 243 000f 10       		.uleb128 0x10
 244 0010 17       		.uleb128 0x17
 245 0011 00       		.byte	0
 246 0012 00       		.byte	0
 247 0013 02       		.uleb128 0x2
 248 0014 24       		.uleb128 0x24
 249 0015 00       		.byte	0
 250 0016 0B       		.uleb128 0xb
 251 0017 0B       		.uleb128 0xb
 252 0018 3E       		.uleb128 0x3e
 253 0019 0B       		.uleb128 0xb
 254 001a 03       		.uleb128 0x3
 255 001b 0E       		.uleb128 0xe
 256 001c 00       		.byte	0
 257 001d 00       		.byte	0
 258 001e 03       		.uleb128 0x3
 259 001f 16       		.uleb128 0x16
 260 0020 00       		.byte	0
 261 0021 03       		.uleb128 0x3
 262 0022 0E       		.uleb128 0xe
 263 0023 3A       		.uleb128 0x3a
 264 0024 0B       		.uleb128 0xb
ARM GAS  C:\Users\plod1602\AppData\Local\Temp\ccYrWVFz.s 			page 7


 265 0025 3B       		.uleb128 0x3b
 266 0026 0B       		.uleb128 0xb
 267 0027 49       		.uleb128 0x49
 268 0028 13       		.uleb128 0x13
 269 0029 00       		.byte	0
 270 002a 00       		.byte	0
 271 002b 04       		.uleb128 0x4
 272 002c 24       		.uleb128 0x24
 273 002d 00       		.byte	0
 274 002e 0B       		.uleb128 0xb
 275 002f 0B       		.uleb128 0xb
 276 0030 3E       		.uleb128 0x3e
 277 0031 0B       		.uleb128 0xb
 278 0032 03       		.uleb128 0x3
 279 0033 08       		.uleb128 0x8
 280 0034 00       		.byte	0
 281 0035 00       		.byte	0
 282 0036 05       		.uleb128 0x5
 283 0037 2E       		.uleb128 0x2e
 284 0038 00       		.byte	0
 285 0039 3F       		.uleb128 0x3f
 286 003a 19       		.uleb128 0x19
 287 003b 03       		.uleb128 0x3
 288 003c 0E       		.uleb128 0xe
 289 003d 3A       		.uleb128 0x3a
 290 003e 0B       		.uleb128 0xb
 291 003f 3B       		.uleb128 0x3b
 292 0040 0B       		.uleb128 0xb
 293 0041 27       		.uleb128 0x27
 294 0042 19       		.uleb128 0x19
 295 0043 11       		.uleb128 0x11
 296 0044 01       		.uleb128 0x1
 297 0045 12       		.uleb128 0x12
 298 0046 06       		.uleb128 0x6
 299 0047 40       		.uleb128 0x40
 300 0048 18       		.uleb128 0x18
 301 0049 9642     		.uleb128 0x2116
 302 004b 19       		.uleb128 0x19
 303 004c 00       		.byte	0
 304 004d 00       		.byte	0
 305 004e 06       		.uleb128 0x6
 306 004f 2E       		.uleb128 0x2e
 307 0050 01       		.byte	0x1
 308 0051 3F       		.uleb128 0x3f
 309 0052 19       		.uleb128 0x19
 310 0053 03       		.uleb128 0x3
 311 0054 0E       		.uleb128 0xe
 312 0055 3A       		.uleb128 0x3a
 313 0056 0B       		.uleb128 0xb
 314 0057 3B       		.uleb128 0x3b
 315 0058 0B       		.uleb128 0xb
 316 0059 27       		.uleb128 0x27
 317 005a 19       		.uleb128 0x19
 318 005b 11       		.uleb128 0x11
 319 005c 01       		.uleb128 0x1
 320 005d 12       		.uleb128 0x12
 321 005e 06       		.uleb128 0x6
ARM GAS  C:\Users\plod1602\AppData\Local\Temp\ccYrWVFz.s 			page 8


 322 005f 40       		.uleb128 0x40
 323 0060 18       		.uleb128 0x18
 324 0061 9742     		.uleb128 0x2117
 325 0063 19       		.uleb128 0x19
 326 0064 01       		.uleb128 0x1
 327 0065 13       		.uleb128 0x13
 328 0066 00       		.byte	0
 329 0067 00       		.byte	0
 330 0068 07       		.uleb128 0x7
 331 0069 05       		.uleb128 0x5
 332 006a 00       		.byte	0
 333 006b 03       		.uleb128 0x3
 334 006c 0E       		.uleb128 0xe
 335 006d 3A       		.uleb128 0x3a
 336 006e 0B       		.uleb128 0xb
 337 006f 3B       		.uleb128 0x3b
 338 0070 0B       		.uleb128 0xb
 339 0071 49       		.uleb128 0x49
 340 0072 13       		.uleb128 0x13
 341 0073 02       		.uleb128 0x2
 342 0074 18       		.uleb128 0x18
 343 0075 00       		.byte	0
 344 0076 00       		.byte	0
 345 0077 08       		.uleb128 0x8
 346 0078 34       		.uleb128 0x34
 347 0079 00       		.byte	0
 348 007a 03       		.uleb128 0x3
 349 007b 0E       		.uleb128 0xe
 350 007c 3A       		.uleb128 0x3a
 351 007d 0B       		.uleb128 0xb
 352 007e 3B       		.uleb128 0x3b
 353 007f 05       		.uleb128 0x5
 354 0080 49       		.uleb128 0x49
 355 0081 13       		.uleb128 0x13
 356 0082 3F       		.uleb128 0x3f
 357 0083 19       		.uleb128 0x19
 358 0084 3C       		.uleb128 0x3c
 359 0085 19       		.uleb128 0x19
 360 0086 00       		.byte	0
 361 0087 00       		.byte	0
 362 0088 09       		.uleb128 0x9
 363 0089 35       		.uleb128 0x35
 364 008a 00       		.byte	0
 365 008b 49       		.uleb128 0x49
 366 008c 13       		.uleb128 0x13
 367 008d 00       		.byte	0
 368 008e 00       		.byte	0
 369 008f 00       		.byte	0
 370              		.section	.debug_aranges,"",%progbits
 371 0000 24000000 		.4byte	0x24
 372 0004 0200     		.2byte	0x2
 373 0006 00000000 		.4byte	.Ldebug_info0
 374 000a 04       		.byte	0x4
 375 000b 00       		.byte	0
 376 000c 0000     		.2byte	0
 377 000e 0000     		.2byte	0
 378 0010 00000000 		.4byte	.LFB56
ARM GAS  C:\Users\plod1602\AppData\Local\Temp\ccYrWVFz.s 			page 9


 379 0014 32000000 		.4byte	.LFE56-.LFB56
 380 0018 00000000 		.4byte	.LFB57
 381 001c 12000000 		.4byte	.LFE57-.LFB57
 382 0020 00000000 		.4byte	0
 383 0024 00000000 		.4byte	0
 384              		.section	.debug_ranges,"",%progbits
 385              	.Ldebug_ranges0:
 386 0000 00000000 		.4byte	.LFB56
 387 0004 32000000 		.4byte	.LFE56
 388 0008 00000000 		.4byte	.LFB57
 389 000c 12000000 		.4byte	.LFE57
 390 0010 00000000 		.4byte	0
 391 0014 00000000 		.4byte	0
 392              		.section	.debug_line,"",%progbits
 393              	.Ldebug_line0:
 394 0000 90010000 		.section	.debug_str,"MS",%progbits,1
 394      02005A01 
 394      00000201 
 394      FB0E0D00 
 394      01010101 
 395              	.LASF6:
 396 0000 6C6F6E67 		.ascii	"long long int\000"
 396      206C6F6E 
 396      6720696E 
 396      7400
 397              	.LASF18:
 398 000e 2E5C436F 		.ascii	".\\ComputerCommunication.c\000"
 398      6D707574 
 398      6572436F 
 398      6D6D756E 
 398      69636174 
 399              	.LASF8:
 400 0028 756E7369 		.ascii	"unsigned int\000"
 400      676E6564 
 400      20696E74 
 400      00
 401              	.LASF5:
 402 0035 6C6F6E67 		.ascii	"long unsigned int\000"
 402      20756E73 
 402      69676E65 
 402      6420696E 
 402      7400
 403              	.LASF21:
 404 0047 73656E64 		.ascii	"sendDebugTemperature\000"
 404      44656275 
 404      6754656D 
 404      70657261 
 404      74757265 
 405              	.LASF7:
 406 005c 6C6F6E67 		.ascii	"long long unsigned int\000"
 406      206C6F6E 
 406      6720756E 
 406      7369676E 
 406      65642069 
 407              	.LASF22:
 408 0073 64617461 		.ascii	"data\000"
 408      00
ARM GAS  C:\Users\plod1602\AppData\Local\Temp\ccYrWVFz.s 			page 10


 409              	.LASF3:
 410 0078 73686F72 		.ascii	"short unsigned int\000"
 410      7420756E 
 410      7369676E 
 410      65642069 
 410      6E7400
 411              	.LASF1:
 412 008b 756E7369 		.ascii	"unsigned char\000"
 412      676E6564 
 412      20636861 
 412      7200
 413              	.LASF14:
 414 0099 63686172 		.ascii	"char\000"
 414      00
 415              	.LASF4:
 416 009e 6C6F6E67 		.ascii	"long int\000"
 416      20696E74 
 416      00
 417              	.LASF13:
 418 00a7 646F7562 		.ascii	"double\000"
 418      6C6500
 419              	.LASF23:
 420 00ae 49544D5F 		.ascii	"ITM_RxBuffer\000"
 420      52784275 
 420      66666572 
 420      00
 421              	.LASF0:
 422 00bb 7369676E 		.ascii	"signed char\000"
 422      65642063 
 422      68617200 
 423              	.LASF16:
 424 00c7 6C6F6E67 		.ascii	"long double\000"
 424      20646F75 
 424      626C6500 
 425              	.LASF9:
 426 00d3 5F5F696E 		.ascii	"__int32_t\000"
 426      7433325F 
 426      7400
 427              	.LASF19:
 428 00dd 433A5C55 		.ascii	"C:\\Users\\plod1602\\Desktop\\TAC_2015-09-18\\TAC_P"
 428      73657273 
 428      5C706C6F 
 428      64313630 
 428      325C4465 
 429 010b 534F4335 		.ascii	"SOC5.cydsn\000"
 429      2E637964 
 429      736E00
 430              	.LASF12:
 431 0116 666C6F61 		.ascii	"float\000"
 431      7400
 432              	.LASF2:
 433 011c 73686F72 		.ascii	"short int\000"
 433      7420696E 
 433      7400
 434              	.LASF17:
 435 0126 474E5520 		.ascii	"GNU C 4.8.4 20140526 (release) [ARM/embedded-4_8-br"
 435      4320342E 
ARM GAS  C:\Users\plod1602\AppData\Local\Temp\ccYrWVFz.s 			page 11


 435      382E3420 
 435      32303134 
 435      30353236 
 436 0159 616E6368 		.ascii	"anch revision 211358] -mcpu=cortex-m3 -mthumb -g -O"
 436      20726576 
 436      6973696F 
 436      6E203231 
 436      31333538 
 437 018c 30202D66 		.ascii	"0 -ffunction-sections\000"
 437      66756E63 
 437      74696F6E 
 437      2D736563 
 437      74696F6E 
 438              	.LASF10:
 439 01a2 696E7433 		.ascii	"int32_t\000"
 439      325F7400 
 440              	.LASF15:
 441 01aa 73697A65 		.ascii	"sizetype\000"
 441      74797065 
 441      00
 442              	.LASF20:
 443 01b3 696E6974 		.ascii	"initCommunication\000"
 443      436F6D6D 
 443      756E6963 
 443      6174696F 
 443      6E00
 444              	.LASF11:
 445 01c5 696E7433 		.ascii	"int32\000"
 445      3200
 446              		.ident	"GCC: (GNU Tools for ARM Embedded Processors) 4.8.4 20140526 (release) [ARM/embedded-4_8-br
