ARM GAS  C:\Users\plod1602\AppData\Local\Temp\cc3fjmUQ.s 			page 1


   1              		.syntax unified
   2              		.cpu cortex-m3
   3              		.fpu softvfp
   4              		.eabi_attribute 20, 1
   5              		.eabi_attribute 21, 1
   6              		.eabi_attribute 23, 3
   7              		.eabi_attribute 24, 1
   8              		.eabi_attribute 25, 1
   9              		.eabi_attribute 26, 1
  10              		.eabi_attribute 30, 6
  11              		.eabi_attribute 34, 1
  12              		.eabi_attribute 18, 4
  13              		.thumb
  14              		.file	"cymetadata.c"
  15              		.text
  16              	.Ltext0:
  17              		.cfi_sections	.debug_frame
  18              		.global	cy_meta_configecc
  19              		.section	.cyconfigecc,"a",%progbits
  20              		.align	2
  21              		.type	cy_meta_configecc, %object
  22              		.size	cy_meta_configecc, 1584
  23              	cy_meta_configecc:
  24 0000 01       		.byte	1
  25 0001 45       		.byte	69
  26 0002 00       		.byte	0
  27 0003 40       		.byte	64
  28 0004 02       		.byte	2
  29 0005 4F       		.byte	79
  30 0006 00       		.byte	0
  31 0007 40       		.byte	64
  32 0008 0B       		.byte	11
  33 0009 52       		.byte	82
  34 000a 00       		.byte	0
  35 000b 40       		.byte	64
  36 000c 01       		.byte	1
  37 000d 5B       		.byte	91
  38 000e 00       		.byte	0
  39 000f 40       		.byte	64
  40 0010 06       		.byte	6
  41 0011 64       		.byte	100
  42 0012 00       		.byte	0
  43 0013 40       		.byte	64
  44 0014 52       		.byte	82
  45 0015 00       		.byte	0
  46 0016 01       		.byte	1
  47 0017 40       		.byte	64
  48 0018 2A       		.byte	42
  49 0019 01       		.byte	1
  50 001a 01       		.byte	1
  51 001b 40       		.byte	64
  52 001c 38       		.byte	56
  53 001d 02       		.byte	2
  54 001e 01       		.byte	1
  55 001f 40       		.byte	64
  56 0020 25       		.byte	37
  57 0021 03       		.byte	3
ARM GAS  C:\Users\plod1602\AppData\Local\Temp\cc3fjmUQ.s 			page 2


  58 0022 01       		.byte	1
  59 0023 40       		.byte	64
  60 0024 51       		.byte	81
  61 0025 04       		.byte	4
  62 0026 01       		.byte	1
  63 0027 40       		.byte	64
  64 0028 33       		.byte	51
  65 0029 05       		.byte	5
  66 002a 01       		.byte	1
  67 002b 40       		.byte	64
  68 002c 01       		.byte	1
  69 002d 07       		.byte	7
  70 002e 01       		.byte	1
  71 002f 40       		.byte	64
  72 0030 31       		.byte	49
  73 0031 08       		.byte	8
  74 0032 01       		.byte	1
  75 0033 40       		.byte	64
  76 0034 1C       		.byte	28
  77 0035 09       		.byte	9
  78 0036 01       		.byte	1
  79 0037 40       		.byte	64
  80 0038 30       		.byte	48
  81 0039 0A       		.byte	10
  82 003a 01       		.byte	1
  83 003b 40       		.byte	64
  84 003c 28       		.byte	40
  85 003d 0B       		.byte	11
  86 003e 01       		.byte	1
  87 003f 40       		.byte	64
  88 0040 04       		.byte	4
  89 0041 0D       		.byte	13
  90 0042 01       		.byte	1
  91 0043 40       		.byte	64
  92 0044 03       		.byte	3
  93 0045 15       		.byte	21
  94 0046 01       		.byte	1
  95 0047 40       		.byte	64
  96 0048 04       		.byte	4
  97 0049 16       		.byte	22
  98 004a 01       		.byte	1
  99 004b 40       		.byte	64
 100 004c 03       		.byte	3
 101 004d 17       		.byte	23
 102 004e 01       		.byte	1
 103 004f 40       		.byte	64
 104 0050 01       		.byte	1
 105 0051 19       		.byte	25
 106 0052 01       		.byte	1
 107 0053 40       		.byte	64
 108 0054 03       		.byte	3
 109 0055 1B       		.byte	27
 110 0056 01       		.byte	1
 111 0057 40       		.byte	64
 112 0058 0C       		.byte	12
 113 0059 40       		.byte	64
 114 005a 01       		.byte	1
ARM GAS  C:\Users\plod1602\AppData\Local\Temp\cc3fjmUQ.s 			page 3


 115 005b 40       		.byte	64
 116 005c 12       		.byte	18
 117 005d 41       		.byte	65
 118 005e 01       		.byte	1
 119 005f 40       		.byte	64
 120 0060 06       		.byte	6
 121 0061 42       		.byte	66
 122 0062 01       		.byte	1
 123 0063 40       		.byte	64
 124 0064 03       		.byte	3
 125 0065 43       		.byte	67
 126 0066 01       		.byte	1
 127 0067 40       		.byte	64
 128 0068 07       		.byte	7
 129 0069 44       		.byte	68
 130 006a 01       		.byte	1
 131 006b 40       		.byte	64
 132 006c 0A       		.byte	10
 133 006d 45       		.byte	69
 134 006e 01       		.byte	1
 135 006f 40       		.byte	64
 136 0070 0E       		.byte	14
 137 0071 46       		.byte	70
 138 0072 01       		.byte	1
 139 0073 40       		.byte	64
 140 0074 0C       		.byte	12
 141 0075 47       		.byte	71
 142 0076 01       		.byte	1
 143 0077 40       		.byte	64
 144 0078 0A       		.byte	10
 145 0079 48       		.byte	72
 146 007a 01       		.byte	1
 147 007b 40       		.byte	64
 148 007c 04       		.byte	4
 149 007d 49       		.byte	73
 150 007e 01       		.byte	1
 151 007f 40       		.byte	64
 152 0080 0A       		.byte	10
 153 0081 4C       		.byte	76
 154 0082 01       		.byte	1
 155 0083 40       		.byte	64
 156 0084 10       		.byte	16
 157 0085 4D       		.byte	77
 158 0086 01       		.byte	1
 159 0087 40       		.byte	64
 160 0088 04       		.byte	4
 161 0089 50       		.byte	80
 162 008a 01       		.byte	1
 163 008b 40       		.byte	64
 164 008c 02       		.byte	2
 165 008d 51       		.byte	81
 166 008e 01       		.byte	1
 167 008f 40       		.byte	64
 168 0090 7E       		.byte	126
 169 0091 02       		.byte	2
 170 0092 01       		.byte	1
 171 0093 80       		.byte	-128
ARM GAS  C:\Users\plod1602\AppData\Local\Temp\cc3fjmUQ.s 			page 4


 172 0094 0A       		.byte	10
 173 0095 36       		.byte	54
 174 0096 00       		.byte	0
 175 0097 20       		.byte	32
 176 0098 01       		.byte	1
 177 0099 20       		.byte	32
 178 009a 08       		.byte	8
 179 009b 04       		.byte	4
 180 009c 20       		.byte	32
 181 009d 68       		.byte	104
 182 009e 21       		.byte	33
 183 009f A8       		.byte	-88
 184 00a0 30       		.byte	48
 185 00a1 05       		.byte	5
 186 00a2 31       		.byte	49
 187 00a3 0C       		.byte	12
 188 00a4 60       		.byte	96
 189 00a5 20       		.byte	32
 190 00a6 61       		.byte	97
 191 00a7 60       		.byte	96
 192 00a8 78       		.byte	120
 193 00a9 20       		.byte	32
 194 00aa 7C       		.byte	124
 195 00ab 40       		.byte	64
 196 00ac 2F       		.byte	47
 197 00ad 84       		.byte	-124
 198 00ae 80       		.byte	-128
 199 00af 0D       		.byte	13
 200 00b0 81       		.byte	-127
 201 00b1 0D       		.byte	13
 202 00b2 82       		.byte	-126
 203 00b3 0D       		.byte	13
 204 00b4 84       		.byte	-124
 205 00b5 0D       		.byte	13
 206 00b6 85       		.byte	-123
 207 00b7 0D       		.byte	13
 208 00b8 8A       		.byte	-118
 209 00b9 0D       		.byte	13
 210 00ba 07       		.byte	7
 211 00bb 01       		.byte	1
 212 00bc 0E       		.byte	14
 213 00bd 04       		.byte	4
 214 00be 12       		.byte	18
 215 00bf 08       		.byte	8
 216 00c0 18       		.byte	24
 217 00c1 01       		.byte	1
 218 00c2 23       		.byte	35
 219 00c3 01       		.byte	1
 220 00c4 26       		.byte	38
 221 00c5 07       		.byte	7
 222 00c6 30       		.byte	48
 223 00c7 08       		.byte	8
 224 00c8 32       		.byte	50
 225 00c9 04       		.byte	4
 226 00ca 33       		.byte	51
 227 00cb 01       		.byte	1
 228 00cc 34       		.byte	52
ARM GAS  C:\Users\plod1602\AppData\Local\Temp\cc3fjmUQ.s 			page 5


 229 00cd 02       		.byte	2
 230 00ce 36       		.byte	54
 231 00cf 01       		.byte	1
 232 00d0 3F       		.byte	63
 233 00d1 04       		.byte	4
 234 00d2 40       		.byte	64
 235 00d3 40       		.byte	64
 236 00d4 41       		.byte	65
 237 00d5 06       		.byte	6
 238 00d6 45       		.byte	69
 239 00d7 D1       		.byte	-47
 240 00d8 47       		.byte	71
 241 00d9 02       		.byte	2
 242 00da 48       		.byte	72
 243 00db 13       		.byte	19
 244 00dc 49       		.byte	73
 245 00dd FF       		.byte	-1
 246 00de 4A       		.byte	74
 247 00df FF       		.byte	-1
 248 00e0 4B       		.byte	75
 249 00e1 FF       		.byte	-1
 250 00e2 4D       		.byte	77
 251 00e3 A0       		.byte	-96
 252 00e4 4F       		.byte	79
 253 00e5 04       		.byte	4
 254 00e6 50       		.byte	80
 255 00e7 18       		.byte	24
 256 00e8 52       		.byte	82
 257 00e9 80       		.byte	-128
 258 00ea 54       		.byte	84
 259 00eb 05       		.byte	5
 260 00ec 58       		.byte	88
 261 00ed 04       		.byte	4
 262 00ee 59       		.byte	89
 263 00ef 04       		.byte	4
 264 00f0 5A       		.byte	90
 265 00f1 04       		.byte	4
 266 00f2 5B       		.byte	91
 267 00f3 04       		.byte	4
 268 00f4 5C       		.byte	92
 269 00f5 02       		.byte	2
 270 00f6 5D       		.byte	93
 271 00f7 22       		.byte	34
 272 00f8 5F       		.byte	95
 273 00f9 01       		.byte	1
 274 00fa 60       		.byte	96
 275 00fb 40       		.byte	64
 276 00fc 62       		.byte	98
 277 00fd C0       		.byte	-64
 278 00fe 64       		.byte	100
 279 00ff 40       		.byte	64
 280 0100 65       		.byte	101
 281 0101 40       		.byte	64
 282 0102 66       		.byte	102
 283 0103 C0       		.byte	-64
 284 0104 68       		.byte	104
 285 0105 C0       		.byte	-64
ARM GAS  C:\Users\plod1602\AppData\Local\Temp\cc3fjmUQ.s 			page 6


 286 0106 6A       		.byte	106
 287 0107 C0       		.byte	-64
 288 0108 6C       		.byte	108
 289 0109 C0       		.byte	-64
 290 010a 6E       		.byte	110
 291 010b C0       		.byte	-64
 292 010c 8A       		.byte	-118
 293 010d 04       		.byte	4
 294 010e 8F       		.byte	-113
 295 010f 01       		.byte	1
 296 0110 94       		.byte	-108
 297 0111 01       		.byte	1
 298 0112 9A       		.byte	-102
 299 0113 07       		.byte	7
 300 0114 A7       		.byte	-89
 301 0115 01       		.byte	1
 302 0116 AE       		.byte	-82
 303 0117 08       		.byte	8
 304 0118 B0       		.byte	-80
 305 0119 01       		.byte	1
 306 011a B2       		.byte	-78
 307 011b 02       		.byte	2
 308 011c B4       		.byte	-76
 309 011d 08       		.byte	8
 310 011e B5       		.byte	-75
 311 011f 01       		.byte	1
 312 0120 B6       		.byte	-74
 313 0121 04       		.byte	4
 314 0122 BF       		.byte	-65
 315 0123 10       		.byte	16
 316 0124 C0       		.byte	-64
 317 0125 20       		.byte	32
 318 0126 C1       		.byte	-63
 319 0127 05       		.byte	5
 320 0128 C5       		.byte	-59
 321 0129 D1       		.byte	-47
 322 012a C6       		.byte	-58
 323 012b 02       		.byte	2
 324 012c C8       		.byte	-56
 325 012d 07       		.byte	7
 326 012e C9       		.byte	-55
 327 012f FF       		.byte	-1
 328 0130 CA       		.byte	-54
 329 0131 FF       		.byte	-1
 330 0132 CB       		.byte	-53
 331 0133 FF       		.byte	-1
 332 0134 CD       		.byte	-51
 333 0135 A0       		.byte	-96
 334 0136 CF       		.byte	-49
 335 0137 04       		.byte	4
 336 0138 D0       		.byte	-48
 337 0139 18       		.byte	24
 338 013a D2       		.byte	-46
 339 013b 80       		.byte	-128
 340 013c D4       		.byte	-44
 341 013d 05       		.byte	5
 342 013e D8       		.byte	-40
ARM GAS  C:\Users\plod1602\AppData\Local\Temp\cc3fjmUQ.s 			page 7


 343 013f 04       		.byte	4
 344 0140 D9       		.byte	-39
 345 0141 04       		.byte	4
 346 0142 DA       		.byte	-38
 347 0143 04       		.byte	4
 348 0144 DB       		.byte	-37
 349 0145 04       		.byte	4
 350 0146 DC       		.byte	-36
 351 0147 02       		.byte	2
 352 0148 DD       		.byte	-35
 353 0149 22       		.byte	34
 354 014a DF       		.byte	-33
 355 014b 01       		.byte	1
 356 014c E0       		.byte	-32
 357 014d 40       		.byte	64
 358 014e E2       		.byte	-30
 359 014f C0       		.byte	-64
 360 0150 E4       		.byte	-28
 361 0151 40       		.byte	64
 362 0152 E5       		.byte	-27
 363 0153 40       		.byte	64
 364 0154 E6       		.byte	-26
 365 0155 C0       		.byte	-64
 366 0156 E8       		.byte	-24
 367 0157 C0       		.byte	-64
 368 0158 EA       		.byte	-22
 369 0159 C0       		.byte	-64
 370 015a EC       		.byte	-20
 371 015b C0       		.byte	-64
 372 015c EE       		.byte	-18
 373 015d C0       		.byte	-64
 374 015e 00       		.byte	0
 375 015f 40       		.byte	64
 376 0160 05       		.byte	5
 377 0161 10       		.byte	16
 378 0162 09       		.byte	9
 379 0163 02       		.byte	2
 380 0164 0A       		.byte	10
 381 0165 04       		.byte	4
 382 0166 0E       		.byte	14
 383 0167 20       		.byte	32
 384 0168 0F       		.byte	15
 385 0169 04       		.byte	4
 386 016a 10       		.byte	16
 387 016b 20       		.byte	32
 388 016c 17       		.byte	23
 389 016d 80       		.byte	-128
 390 016e 18       		.byte	24
 391 016f 40       		.byte	64
 392 0170 19       		.byte	25
 393 0171 42       		.byte	66
 394 0172 1A       		.byte	26
 395 0173 04       		.byte	4
 396 0174 1B       		.byte	27
 397 0175 08       		.byte	8
 398 0176 1D       		.byte	29
 399 0177 B0       		.byte	-80
ARM GAS  C:\Users\plod1602\AppData\Local\Temp\cc3fjmUQ.s 			page 8


 400 0178 1E       		.byte	30
 401 0179 60       		.byte	96
 402 017a 1F       		.byte	31
 403 017b 10       		.byte	16
 404 017c 22       		.byte	34
 405 017d 04       		.byte	4
 406 017e 27       		.byte	39
 407 017f 08       		.byte	8
 408 0180 29       		.byte	41
 409 0181 02       		.byte	2
 410 0182 2F       		.byte	47
 411 0183 10       		.byte	16
 412 0184 38       		.byte	56
 413 0185 08       		.byte	8
 414 0186 3F       		.byte	63
 415 0187 80       		.byte	-128
 416 0188 40       		.byte	64
 417 0189 40       		.byte	64
 418 018a 45       		.byte	69
 419 018b 20       		.byte	32
 420 018c 48       		.byte	72
 421 018d 28       		.byte	40
 422 018e 49       		.byte	73
 423 018f 01       		.byte	1
 424 0190 4F       		.byte	79
 425 0191 85       		.byte	-123
 426 0192 50       		.byte	80
 427 0193 0C       		.byte	12
 428 0194 57       		.byte	87
 429 0195 40       		.byte	64
 430 0196 59       		.byte	89
 431 0197 41       		.byte	65
 432 0198 5A       		.byte	90
 433 0199 08       		.byte	8
 434 019a 5E       		.byte	94
 435 019b 40       		.byte	64
 436 019c 5F       		.byte	95
 437 019d 09       		.byte	9
 438 019e 71       		.byte	113
 439 019f 02       		.byte	2
 440 01a0 77       		.byte	119
 441 01a1 80       		.byte	-128
 442 01a2 C0       		.byte	-64
 443 01a3 41       		.byte	65
 444 01a4 C2       		.byte	-62
 445 01a5 6A       		.byte	106
 446 01a6 C4       		.byte	-60
 447 01a7 84       		.byte	-124
 448 01a8 CA       		.byte	-54
 449 01a9 41       		.byte	65
 450 01aa CE       		.byte	-50
 451 01ab 12       		.byte	18
 452 01ac D0       		.byte	-48
 453 01ad 21       		.byte	33
 454 01ae D2       		.byte	-46
 455 01af 14       		.byte	20
 456 01b0 D6       		.byte	-42
ARM GAS  C:\Users\plod1602\AppData\Local\Temp\cc3fjmUQ.s 			page 9


 457 01b1 DB       		.byte	-37
 458 01b2 02       		.byte	2
 459 01b3 02       		.byte	2
 460 01b4 03       		.byte	3
 461 01b5 06       		.byte	6
 462 01b6 07       		.byte	7
 463 01b7 01       		.byte	1
 464 01b8 0B       		.byte	11
 465 01b9 02       		.byte	2
 466 01ba 12       		.byte	18
 467 01bb 05       		.byte	5
 468 01bc 13       		.byte	19
 469 01bd 04       		.byte	4
 470 01be 26       		.byte	38
 471 01bf 04       		.byte	4
 472 01c0 29       		.byte	41
 473 01c1 01       		.byte	1
 474 01c2 2A       		.byte	42
 475 01c3 09       		.byte	9
 476 01c4 30       		.byte	48
 477 01c5 02       		.byte	2
 478 01c6 32       		.byte	50
 479 01c7 08       		.byte	8
 480 01c8 33       		.byte	51
 481 01c9 02       		.byte	2
 482 01ca 34       		.byte	52
 483 01cb 04       		.byte	4
 484 01cc 35       		.byte	53
 485 01cd 04       		.byte	4
 486 01ce 36       		.byte	54
 487 01cf 01       		.byte	1
 488 01d0 37       		.byte	55
 489 01d1 01       		.byte	1
 490 01d2 3E       		.byte	62
 491 01d3 10       		.byte	16
 492 01d4 3F       		.byte	63
 493 01d5 14       		.byte	20
 494 01d6 40       		.byte	64
 495 01d7 40       		.byte	64
 496 01d8 41       		.byte	65
 497 01d9 03       		.byte	3
 498 01da 45       		.byte	69
 499 01db D0       		.byte	-48
 500 01dc 46       		.byte	70
 501 01dd 20       		.byte	32
 502 01de 47       		.byte	71
 503 01df 01       		.byte	1
 504 01e0 48       		.byte	72
 505 01e1 1A       		.byte	26
 506 01e2 49       		.byte	73
 507 01e3 FF       		.byte	-1
 508 01e4 4A       		.byte	74
 509 01e5 FF       		.byte	-1
 510 01e6 4B       		.byte	75
 511 01e7 FF       		.byte	-1
 512 01e8 4D       		.byte	77
 513 01e9 A0       		.byte	-96
ARM GAS  C:\Users\plod1602\AppData\Local\Temp\cc3fjmUQ.s 			page 10


 514 01ea 4F       		.byte	79
 515 01eb 04       		.byte	4
 516 01ec 50       		.byte	80
 517 01ed 18       		.byte	24
 518 01ee 54       		.byte	84
 519 01ef 05       		.byte	5
 520 01f0 58       		.byte	88
 521 01f1 04       		.byte	4
 522 01f2 59       		.byte	89
 523 01f3 04       		.byte	4
 524 01f4 5A       		.byte	90
 525 01f5 04       		.byte	4
 526 01f6 5B       		.byte	91
 527 01f7 04       		.byte	4
 528 01f8 5C       		.byte	92
 529 01f9 33       		.byte	51
 530 01fa 5D       		.byte	93
 531 01fb 33       		.byte	51
 532 01fc 5F       		.byte	95
 533 01fd 01       		.byte	1
 534 01fe 60       		.byte	96
 535 01ff 40       		.byte	64
 536 0200 62       		.byte	98
 537 0201 C0       		.byte	-64
 538 0202 64       		.byte	100
 539 0203 40       		.byte	64
 540 0204 65       		.byte	101
 541 0205 40       		.byte	64
 542 0206 66       		.byte	102
 543 0207 C0       		.byte	-64
 544 0208 68       		.byte	104
 545 0209 C0       		.byte	-64
 546 020a 6A       		.byte	106
 547 020b C0       		.byte	-64
 548 020c 6C       		.byte	108
 549 020d C0       		.byte	-64
 550 020e 6E       		.byte	110
 551 020f C0       		.byte	-64
 552 0210 86       		.byte	-122
 553 0211 01       		.byte	1
 554 0212 8A       		.byte	-118
 555 0213 01       		.byte	1
 556 0214 B6       		.byte	-74
 557 0215 01       		.byte	1
 558 0216 D2       		.byte	-46
 559 0217 80       		.byte	-128
 560 0218 D8       		.byte	-40
 561 0219 04       		.byte	4
 562 021a DB       		.byte	-37
 563 021b 04       		.byte	4
 564 021c DC       		.byte	-36
 565 021d 02       		.byte	2
 566 021e DD       		.byte	-35
 567 021f 30       		.byte	48
 568 0220 DF       		.byte	-33
 569 0221 01       		.byte	1
 570 0222 00       		.byte	0
ARM GAS  C:\Users\plod1602\AppData\Local\Temp\cc3fjmUQ.s 			page 11


 571 0223 10       		.byte	16
 572 0224 01       		.byte	1
 573 0225 08       		.byte	8
 574 0226 06       		.byte	6
 575 0227 80       		.byte	-128
 576 0228 0E       		.byte	14
 577 0229 40       		.byte	64
 578 022a 16       		.byte	22
 579 022b 28       		.byte	40
 580 022c 1A       		.byte	26
 581 022d 02       		.byte	2
 582 022e 1D       		.byte	29
 583 022f 02       		.byte	2
 584 0230 1E       		.byte	30
 585 0231 49       		.byte	73
 586 0232 1F       		.byte	31
 587 0233 04       		.byte	4
 588 0234 26       		.byte	38
 589 0235 60       		.byte	96
 590 0236 27       		.byte	39
 591 0237 10       		.byte	16
 592 0238 2F       		.byte	47
 593 0239 04       		.byte	4
 594 023a 37       		.byte	55
 595 023b 01       		.byte	1
 596 023c 3E       		.byte	62
 597 023d 19       		.byte	25
 598 023e 45       		.byte	69
 599 023f 02       		.byte	2
 600 0240 46       		.byte	70
 601 0241 20       		.byte	32
 602 0242 4F       		.byte	79
 603 0243 01       		.byte	1
 604 0244 56       		.byte	86
 605 0245 28       		.byte	40
 606 0246 5E       		.byte	94
 607 0247 88       		.byte	-120
 608 0248 5F       		.byte	95
 609 0249 01       		.byte	1
 610 024a 6E       		.byte	110
 611 024b 10       		.byte	16
 612 024c 6F       		.byte	111
 613 024d 01       		.byte	1
 614 024e 72       		.byte	114
 615 024f 80       		.byte	-128
 616 0250 8F       		.byte	-113
 617 0251 10       		.byte	16
 618 0252 B3       		.byte	-77
 619 0253 08       		.byte	8
 620 0254 B5       		.byte	-75
 621 0255 80       		.byte	-128
 622 0256 C0       		.byte	-64
 623 0257 16       		.byte	22
 624 0258 C2       		.byte	-62
 625 0259 10       		.byte	16
 626 025a C4       		.byte	-60
 627 025b 60       		.byte	96
ARM GAS  C:\Users\plod1602\AppData\Local\Temp\cc3fjmUQ.s 			page 12


 628 025c CA       		.byte	-54
 629 025d 20       		.byte	32
 630 025e CC       		.byte	-52
 631 025f 80       		.byte	-128
 632 0260 CE       		.byte	-50
 633 0261 E0       		.byte	-32
 634 0262 D0       		.byte	-48
 635 0263 C0       		.byte	-64
 636 0264 D6       		.byte	-42
 637 0265 D0       		.byte	-48
 638 0266 E2       		.byte	-30
 639 0267 02       		.byte	2
 640 0268 E6       		.byte	-26
 641 0269 41       		.byte	65
 642 026a EA       		.byte	-22
 643 026b 30       		.byte	48
 644 026c 06       		.byte	6
 645 026d 01       		.byte	1
 646 026e 07       		.byte	7
 647 026f 01       		.byte	1
 648 0270 12       		.byte	18
 649 0271 02       		.byte	2
 650 0272 1B       		.byte	27
 651 0273 02       		.byte	2
 652 0274 1C       		.byte	28
 653 0275 01       		.byte	1
 654 0276 27       		.byte	39
 655 0277 01       		.byte	1
 656 0278 30       		.byte	48
 657 0279 01       		.byte	1
 658 027a 31       		.byte	49
 659 027b 02       		.byte	2
 660 027c 32       		.byte	50
 661 027d 02       		.byte	2
 662 027e 33       		.byte	51
 663 027f 01       		.byte	1
 664 0280 3F       		.byte	63
 665 0281 04       		.byte	4
 666 0282 40       		.byte	64
 667 0283 30       		.byte	48
 668 0284 41       		.byte	65
 669 0285 06       		.byte	6
 670 0286 45       		.byte	69
 671 0287 D1       		.byte	-47
 672 0288 47       		.byte	71
 673 0289 02       		.byte	2
 674 028a 48       		.byte	72
 675 028b 13       		.byte	19
 676 028c 49       		.byte	73
 677 028d FF       		.byte	-1
 678 028e 4A       		.byte	74
 679 028f FF       		.byte	-1
 680 0290 4B       		.byte	75
 681 0291 FF       		.byte	-1
 682 0292 4D       		.byte	77
 683 0293 A0       		.byte	-96
 684 0294 4F       		.byte	79
ARM GAS  C:\Users\plod1602\AppData\Local\Temp\cc3fjmUQ.s 			page 13


 685 0295 04       		.byte	4
 686 0296 50       		.byte	80
 687 0297 18       		.byte	24
 688 0298 52       		.byte	82
 689 0299 80       		.byte	-128
 690 029a 54       		.byte	84
 691 029b 05       		.byte	5
 692 029c 58       		.byte	88
 693 029d 04       		.byte	4
 694 029e 59       		.byte	89
 695 029f 04       		.byte	4
 696 02a0 5A       		.byte	90
 697 02a1 04       		.byte	4
 698 02a2 5B       		.byte	91
 699 02a3 04       		.byte	4
 700 02a4 5C       		.byte	92
 701 02a5 22       		.byte	34
 702 02a6 5D       		.byte	93
 703 02a7 22       		.byte	34
 704 02a8 5F       		.byte	95
 705 02a9 01       		.byte	1
 706 02aa 60       		.byte	96
 707 02ab 40       		.byte	64
 708 02ac 62       		.byte	98
 709 02ad C0       		.byte	-64
 710 02ae 64       		.byte	100
 711 02af 40       		.byte	64
 712 02b0 65       		.byte	101
 713 02b1 40       		.byte	64
 714 02b2 66       		.byte	102
 715 02b3 C0       		.byte	-64
 716 02b4 68       		.byte	104
 717 02b5 C0       		.byte	-64
 718 02b6 6A       		.byte	106
 719 02b7 C0       		.byte	-64
 720 02b8 6C       		.byte	108
 721 02b9 C0       		.byte	-64
 722 02ba 6E       		.byte	110
 723 02bb C0       		.byte	-64
 724 02bc 8A       		.byte	-118
 725 02bd 04       		.byte	4
 726 02be 8F       		.byte	-113
 727 02bf 01       		.byte	1
 728 02c0 94       		.byte	-108
 729 02c1 01       		.byte	1
 730 02c2 9A       		.byte	-102
 731 02c3 07       		.byte	7
 732 02c4 A7       		.byte	-89
 733 02c5 01       		.byte	1
 734 02c6 AE       		.byte	-82
 735 02c7 08       		.byte	8
 736 02c8 B0       		.byte	-80
 737 02c9 01       		.byte	1
 738 02ca B2       		.byte	-78
 739 02cb 02       		.byte	2
 740 02cc B4       		.byte	-76
 741 02cd 08       		.byte	8
ARM GAS  C:\Users\plod1602\AppData\Local\Temp\cc3fjmUQ.s 			page 14


 742 02ce B5       		.byte	-75
 743 02cf 01       		.byte	1
 744 02d0 B6       		.byte	-74
 745 02d1 04       		.byte	4
 746 02d2 BF       		.byte	-65
 747 02d3 10       		.byte	16
 748 02d4 C0       		.byte	-64
 749 02d5 20       		.byte	32
 750 02d6 C1       		.byte	-63
 751 02d7 05       		.byte	5
 752 02d8 C5       		.byte	-59
 753 02d9 D1       		.byte	-47
 754 02da C6       		.byte	-58
 755 02db 02       		.byte	2
 756 02dc C8       		.byte	-56
 757 02dd 07       		.byte	7
 758 02de C9       		.byte	-55
 759 02df FF       		.byte	-1
 760 02e0 CA       		.byte	-54
 761 02e1 FF       		.byte	-1
 762 02e2 CB       		.byte	-53
 763 02e3 FF       		.byte	-1
 764 02e4 CD       		.byte	-51
 765 02e5 A0       		.byte	-96
 766 02e6 CF       		.byte	-49
 767 02e7 04       		.byte	4
 768 02e8 D0       		.byte	-48
 769 02e9 18       		.byte	24
 770 02ea D2       		.byte	-46
 771 02eb 80       		.byte	-128
 772 02ec D4       		.byte	-44
 773 02ed 05       		.byte	5
 774 02ee D8       		.byte	-40
 775 02ef 04       		.byte	4
 776 02f0 D9       		.byte	-39
 777 02f1 04       		.byte	4
 778 02f2 DA       		.byte	-38
 779 02f3 04       		.byte	4
 780 02f4 DB       		.byte	-37
 781 02f5 04       		.byte	4
 782 02f6 DC       		.byte	-36
 783 02f7 02       		.byte	2
 784 02f8 DD       		.byte	-35
 785 02f9 22       		.byte	34
 786 02fa DF       		.byte	-33
 787 02fb 01       		.byte	1
 788 02fc E0       		.byte	-32
 789 02fd 40       		.byte	64
 790 02fe E2       		.byte	-30
 791 02ff C0       		.byte	-64
 792 0300 E4       		.byte	-28
 793 0301 40       		.byte	64
 794 0302 E5       		.byte	-27
 795 0303 40       		.byte	64
 796 0304 E6       		.byte	-26
 797 0305 C0       		.byte	-64
 798 0306 E8       		.byte	-24
ARM GAS  C:\Users\plod1602\AppData\Local\Temp\cc3fjmUQ.s 			page 15


 799 0307 C0       		.byte	-64
 800 0308 EA       		.byte	-22
 801 0309 C0       		.byte	-64
 802 030a EC       		.byte	-20
 803 030b C0       		.byte	-64
 804 030c EE       		.byte	-18
 805 030d C0       		.byte	-64
 806 030e 01       		.byte	1
 807 030f 08       		.byte	8
 808 0310 05       		.byte	5
 809 0311 10       		.byte	16
 810 0312 09       		.byte	9
 811 0313 02       		.byte	2
 812 0314 0A       		.byte	10
 813 0315 02       		.byte	2
 814 0316 0E       		.byte	14
 815 0317 20       		.byte	32
 816 0318 0F       		.byte	15
 817 0319 08       		.byte	8
 818 031a 17       		.byte	23
 819 031b 80       		.byte	-128
 820 031c 18       		.byte	24
 821 031d 10       		.byte	16
 822 031e 19       		.byte	25
 823 031f 04       		.byte	4
 824 0320 1A       		.byte	26
 825 0321 40       		.byte	64
 826 0322 1C       		.byte	28
 827 0323 40       		.byte	64
 828 0324 1D       		.byte	29
 829 0325 70       		.byte	112
 830 0326 1E       		.byte	30
 831 0327 20       		.byte	32
 832 0328 1F       		.byte	31
 833 0329 10       		.byte	16
 834 032a 22       		.byte	34
 835 032b 05       		.byte	5
 836 032c 27       		.byte	39
 837 032d 08       		.byte	8
 838 032e 29       		.byte	41
 839 032f 04       		.byte	4
 840 0330 2F       		.byte	47
 841 0331 10       		.byte	16
 842 0332 30       		.byte	48
 843 0333 20       		.byte	32
 844 0334 38       		.byte	56
 845 0335 08       		.byte	8
 846 0336 3F       		.byte	63
 847 0337 80       		.byte	-128
 848 0338 40       		.byte	64
 849 0339 10       		.byte	16
 850 033a 45       		.byte	69
 851 033b 20       		.byte	32
 852 033c 48       		.byte	72
 853 033d 28       		.byte	40
 854 033e 49       		.byte	73
 855 033f 09       		.byte	9
ARM GAS  C:\Users\plod1602\AppData\Local\Temp\cc3fjmUQ.s 			page 16


 856 0340 4F       		.byte	79
 857 0341 89       		.byte	-119
 858 0342 50       		.byte	80
 859 0343 0C       		.byte	12
 860 0344 57       		.byte	87
 861 0345 40       		.byte	64
 862 0346 59       		.byte	89
 863 0347 01       		.byte	1
 864 0348 5A       		.byte	90
 865 0349 48       		.byte	72
 866 034a 5C       		.byte	92
 867 034b 40       		.byte	64
 868 034c 5F       		.byte	95
 869 034d 09       		.byte	9
 870 034e 71       		.byte	113
 871 034f 02       		.byte	2
 872 0350 77       		.byte	119
 873 0351 80       		.byte	-128
 874 0352 94       		.byte	-108
 875 0353 10       		.byte	16
 876 0354 9D       		.byte	-99
 877 0355 48       		.byte	72
 878 0356 AA       		.byte	-86
 879 0357 20       		.byte	32
 880 0358 AE       		.byte	-82
 881 0359 01       		.byte	1
 882 035a B1       		.byte	-79
 883 035b 40       		.byte	64
 884 035c C0       		.byte	-64
 885 035d 44       		.byte	68
 886 035e C2       		.byte	-62
 887 035f 69       		.byte	105
 888 0360 C4       		.byte	-60
 889 0361 80       		.byte	-128
 890 0362 CA       		.byte	-54
 891 0363 42       		.byte	66
 892 0364 CC       		.byte	-52
 893 0365 04       		.byte	4
 894 0366 CE       		.byte	-50
 895 0367 12       		.byte	18
 896 0368 D0       		.byte	-48
 897 0369 22       		.byte	34
 898 036a D2       		.byte	-46
 899 036b 14       		.byte	20
 900 036c D6       		.byte	-42
 901 036d DB       		.byte	-37
 902 036e EA       		.byte	-22
 903 036f 80       		.byte	-128
 904 0370 EC       		.byte	-20
 905 0371 01       		.byte	1
 906 0372 EE       		.byte	-18
 907 0373 08       		.byte	8
 908 0374 EA       		.byte	-22
 909 0375 10       		.byte	16
 910 0376 38       		.byte	56
 911 0377 80       		.byte	-128
 912 0378 58       		.byte	88
ARM GAS  C:\Users\plod1602\AppData\Local\Temp\cc3fjmUQ.s 			page 17


 913 0379 04       		.byte	4
 914 037a 5C       		.byte	92
 915 037b 01       		.byte	1
 916 037c 5F       		.byte	95
 917 037d 01       		.byte	1
 918 037e 80       		.byte	-128
 919 037f 05       		.byte	5
 920 0380 81       		.byte	-127
 921 0381 02       		.byte	2
 922 0382 82       		.byte	-126
 923 0383 02       		.byte	2
 924 0384 84       		.byte	-124
 925 0385 0C       		.byte	12
 926 0386 86       		.byte	-122
 927 0387 32       		.byte	50
 928 0388 89       		.byte	-119
 929 0389 04       		.byte	4
 930 038a 8B       		.byte	-117
 931 038b 10       		.byte	16
 932 038c 8D       		.byte	-115
 933 038d 02       		.byte	2
 934 038e 8E       		.byte	-114
 935 038f 2E       		.byte	46
 936 0390 8F       		.byte	-113
 937 0391 10       		.byte	16
 938 0392 95       		.byte	-107
 939 0393 08       		.byte	8
 940 0394 96       		.byte	-106
 941 0395 7E       		.byte	126
 942 0396 97       		.byte	-105
 943 0397 30       		.byte	48
 944 0398 98       		.byte	-104
 945 0399 02       		.byte	2
 946 039a 99       		.byte	-103
 947 039b 02       		.byte	2
 948 039c 9A       		.byte	-102
 949 039d 0C       		.byte	12
 950 039e 9C       		.byte	-100
 951 039f 01       		.byte	1
 952 03a0 9E       		.byte	-98
 953 03a1 7A       		.byte	122
 954 03a2 A0       		.byte	-96
 955 03a3 0E       		.byte	14
 956 03a4 A2       		.byte	-94
 957 03a5 70       		.byte	112
 958 03a6 A3       		.byte	-93
 959 03a7 02       		.byte	2
 960 03a8 A4       		.byte	-92
 961 03a9 02       		.byte	2
 962 03aa A6       		.byte	-90
 963 03ab 7C       		.byte	124
 964 03ac AB       		.byte	-85
 965 03ad 02       		.byte	2
 966 03ae AC       		.byte	-84
 967 03af 0E       		.byte	14
 968 03b0 AD       		.byte	-83
 969 03b1 01       		.byte	1
ARM GAS  C:\Users\plod1602\AppData\Local\Temp\cc3fjmUQ.s 			page 18


 970 03b2 AE       		.byte	-82
 971 03b3 70       		.byte	112
 972 03b4 AF       		.byte	-81
 973 03b5 70       		.byte	112
 974 03b6 B0       		.byte	-80
 975 03b7 18       		.byte	24
 976 03b8 B1       		.byte	-79
 977 03b9 10       		.byte	16
 978 03ba B2       		.byte	-78
 979 03bb 40       		.byte	64
 980 03bc B3       		.byte	-77
 981 03bd 40       		.byte	64
 982 03be B4       		.byte	-76
 983 03bf 28       		.byte	40
 984 03c0 B5       		.byte	-75
 985 03c1 20       		.byte	32
 986 03c2 B6       		.byte	-74
 987 03c3 07       		.byte	7
 988 03c4 B7       		.byte	-73
 989 03c5 0F       		.byte	15
 990 03c6 BA       		.byte	-70
 991 03c7 AA       		.byte	-86
 992 03c8 BB       		.byte	-69
 993 03c9 EA       		.byte	-22
 994 03ca D2       		.byte	-46
 995 03cb 80       		.byte	-128
 996 03cc D8       		.byte	-40
 997 03cd 04       		.byte	4
 998 03ce D9       		.byte	-39
 999 03cf 04       		.byte	4
 1000 03d0 DB       		.byte	-37
 1001 03d1 04       		.byte	4
 1002 03d2 DC       		.byte	-36
 1003 03d3 11       		.byte	17
 1004 03d4 DD       		.byte	-35
 1005 03d5 30       		.byte	48
 1006 03d6 DF       		.byte	-33
 1007 03d7 01       		.byte	1
 1008 03d8 00       		.byte	0
 1009 03d9 41       		.byte	65
 1010 03da 01       		.byte	1
 1011 03db 08       		.byte	8
 1012 03dc 09       		.byte	9
 1013 03dd 08       		.byte	8
 1014 03de 0A       		.byte	10
 1015 03df 05       		.byte	5
 1016 03e0 12       		.byte	18
 1017 03e1 A2       		.byte	-94
 1018 03e2 18       		.byte	24
 1019 03e3 41       		.byte	65
 1020 03e4 19       		.byte	25
 1021 03e5 19       		.byte	25
 1022 03e6 1A       		.byte	26
 1023 03e7 24       		.byte	36
 1024 03e8 1D       		.byte	29
 1025 03e9 40       		.byte	64
 1026 03ea 1E       		.byte	30
ARM GAS  C:\Users\plod1602\AppData\Local\Temp\cc3fjmUQ.s 			page 19


 1027 03eb 01       		.byte	1
 1028 03ec 21       		.byte	33
 1029 03ed 59       		.byte	89
 1030 03ee 22       		.byte	34
 1031 03ef A2       		.byte	-94
 1032 03f0 29       		.byte	41
 1033 03f1 51       		.byte	81
 1034 03f2 31       		.byte	49
 1035 03f3 08       		.byte	8
 1036 03f4 32       		.byte	50
 1037 03f5 10       		.byte	16
 1038 03f6 39       		.byte	57
 1039 03f7 A2       		.byte	-94
 1040 03f8 72       		.byte	114
 1041 03f9 40       		.byte	64
 1042 03fa 80       		.byte	-128
 1043 03fb 01       		.byte	1
 1044 03fc 96       		.byte	-106
 1045 03fd 40       		.byte	64
 1046 03fe B4       		.byte	-76
 1047 03ff 04       		.byte	4
 1048 0400 C0       		.byte	-64
 1049 0401 0D       		.byte	13
 1050 0402 C2       		.byte	-62
 1051 0403 07       		.byte	7
 1052 0404 C4       		.byte	-60
 1053 0405 0D       		.byte	13
 1054 0406 CA       		.byte	-54
 1055 0407 0D       		.byte	13
 1056 0408 CC       		.byte	-52
 1057 0409 06       		.byte	6
 1058 040a CE       		.byte	-50
 1059 040b 0D       		.byte	13
 1060 040c E0       		.byte	-32
 1061 040d 01       		.byte	1
 1062 040e EA       		.byte	-22
 1063 040f 10       		.byte	16
 1064 0410 0B       		.byte	11
 1065 0411 02       		.byte	2
 1066 0412 0E       		.byte	14
 1067 0413 05       		.byte	5
 1068 0414 12       		.byte	18
 1069 0415 02       		.byte	2
 1070 0416 13       		.byte	19
 1071 0417 04       		.byte	4
 1072 0418 17       		.byte	23
 1073 0419 01       		.byte	1
 1074 041a 26       		.byte	38
 1075 041b 04       		.byte	4
 1076 041c 2A       		.byte	42
 1077 041d 09       		.byte	9
 1078 041e 2B       		.byte	43
 1079 041f 06       		.byte	6
 1080 0420 2D       		.byte	45
 1081 0421 01       		.byte	1
 1082 0422 30       		.byte	48
 1083 0423 02       		.byte	2
ARM GAS  C:\Users\plod1602\AppData\Local\Temp\cc3fjmUQ.s 			page 20


 1084 0424 31       		.byte	49
 1085 0425 01       		.byte	1
 1086 0426 32       		.byte	50
 1087 0427 01       		.byte	1
 1088 0428 33       		.byte	51
 1089 0429 04       		.byte	4
 1090 042a 34       		.byte	52
 1091 042b 04       		.byte	4
 1092 042c 35       		.byte	53
 1093 042d 02       		.byte	2
 1094 042e 36       		.byte	54
 1095 042f 08       		.byte	8
 1096 0430 3E       		.byte	62
 1097 0431 10       		.byte	16
 1098 0432 3F       		.byte	63
 1099 0433 14       		.byte	20
 1100 0434 40       		.byte	64
 1101 0435 40       		.byte	64
 1102 0436 41       		.byte	65
 1103 0437 02       		.byte	2
 1104 0438 45       		.byte	69
 1105 0439 D2       		.byte	-46
 1106 043a 47       		.byte	71
 1107 043b 01       		.byte	1
 1108 043c 48       		.byte	72
 1109 043d 13       		.byte	19
 1110 043e 49       		.byte	73
 1111 043f FF       		.byte	-1
 1112 0440 4A       		.byte	74
 1113 0441 FF       		.byte	-1
 1114 0442 4B       		.byte	75
 1115 0443 FF       		.byte	-1
 1116 0444 4D       		.byte	77
 1117 0445 A0       		.byte	-96
 1118 0446 4F       		.byte	79
 1119 0447 04       		.byte	4
 1120 0448 50       		.byte	80
 1121 0449 18       		.byte	24
 1122 044a 54       		.byte	84
 1123 044b 05       		.byte	5
 1124 044c 58       		.byte	88
 1125 044d 04       		.byte	4
 1126 044e 59       		.byte	89
 1127 044f 04       		.byte	4
 1128 0450 5A       		.byte	90
 1129 0451 04       		.byte	4
 1130 0452 5B       		.byte	91
 1131 0453 04       		.byte	4
 1132 0454 5C       		.byte	92
 1133 0455 33       		.byte	51
 1134 0456 5D       		.byte	93
 1135 0457 33       		.byte	51
 1136 0458 5F       		.byte	95
 1137 0459 01       		.byte	1
 1138 045a 60       		.byte	96
 1139 045b 40       		.byte	64
 1140 045c 62       		.byte	98
ARM GAS  C:\Users\plod1602\AppData\Local\Temp\cc3fjmUQ.s 			page 21


 1141 045d C0       		.byte	-64
 1142 045e 64       		.byte	100
 1143 045f 40       		.byte	64
 1144 0460 65       		.byte	101
 1145 0461 40       		.byte	64
 1146 0462 66       		.byte	102
 1147 0463 C0       		.byte	-64
 1148 0464 68       		.byte	104
 1149 0465 C0       		.byte	-64
 1150 0466 6A       		.byte	106
 1151 0467 C0       		.byte	-64
 1152 0468 6C       		.byte	108
 1153 0469 C0       		.byte	-64
 1154 046a 6E       		.byte	110
 1155 046b C0       		.byte	-64
 1156 046c DB       		.byte	-37
 1157 046d 04       		.byte	4
 1158 046e DF       		.byte	-33
 1159 046f 01       		.byte	1
 1160 0470 00       		.byte	0
 1161 0471 40       		.byte	64
 1162 0472 0A       		.byte	10
 1163 0473 40       		.byte	64
 1164 0474 10       		.byte	16
 1165 0475 28       		.byte	40
 1166 0476 18       		.byte	24
 1167 0477 40       		.byte	64
 1168 0478 19       		.byte	25
 1169 0479 40       		.byte	64
 1170 047a 1A       		.byte	26
 1171 047b 04       		.byte	4
 1172 047c 1B       		.byte	27
 1173 047d 08       		.byte	8
 1174 047e 22       		.byte	34
 1175 047f 14       		.byte	20
 1176 0480 23       		.byte	35
 1177 0481 80       		.byte	-128
 1178 0482 29       		.byte	41
 1179 0483 40       		.byte	64
 1180 0484 2B       		.byte	43
 1181 0485 08       		.byte	8
 1182 0486 30       		.byte	48
 1183 0487 28       		.byte	40
 1184 0488 31       		.byte	49
 1185 0489 20       		.byte	32
 1186 048a 33       		.byte	51
 1187 048b 01       		.byte	1
 1188 048c 39       		.byte	57
 1189 048d 20       		.byte	32
 1190 048e 40       		.byte	64
 1191 048f 40       		.byte	64
 1192 0490 41       		.byte	65
 1193 0491 20       		.byte	32
 1194 0492 48       		.byte	72
 1195 0493 20       		.byte	32
 1196 0494 49       		.byte	73
 1197 0495 01       		.byte	1
ARM GAS  C:\Users\plod1602\AppData\Local\Temp\cc3fjmUQ.s 			page 22


 1198 0496 50       		.byte	80
 1199 0497 08       		.byte	8
 1200 0498 59       		.byte	89
 1201 0499 01       		.byte	1
 1202 049a 5A       		.byte	90
 1203 049b 04       		.byte	4
 1204 049c 5B       		.byte	91
 1205 049d 80       		.byte	-128
 1206 049e 69       		.byte	105
 1207 049f 20       		.byte	32
 1208 04a0 6B       		.byte	107
 1209 04a1 01       		.byte	1
 1210 04a2 6C       		.byte	108
 1211 04a3 04       		.byte	4
 1212 04a4 6E       		.byte	110
 1213 04a5 80       		.byte	-128
 1214 04a6 8A       		.byte	-118
 1215 04a7 04       		.byte	4
 1216 04a8 96       		.byte	-106
 1217 04a9 20       		.byte	32
 1218 04aa A6       		.byte	-90
 1219 04ab 40       		.byte	64
 1220 04ac C0       		.byte	-64
 1221 04ad 01       		.byte	1
 1222 04ae C2       		.byte	-62
 1223 04af 08       		.byte	8
 1224 04b0 C4       		.byte	-60
 1225 04b1 06       		.byte	6
 1226 04b2 CA       		.byte	-54
 1227 04b3 0C       		.byte	12
 1228 04b4 CC       		.byte	-52
 1229 04b5 03       		.byte	3
 1230 04b6 CE       		.byte	-50
 1231 04b7 04       		.byte	4
 1232 04b8 D0       		.byte	-48
 1233 04b9 05       		.byte	5
 1234 04ba D6       		.byte	-42
 1235 04bb 0B       		.byte	11
 1236 04bc EC       		.byte	-20
 1237 04bd 01       		.byte	1
 1238 04be EE       		.byte	-18
 1239 04bf 08       		.byte	8
 1240 04c0 8A       		.byte	-118
 1241 04c1 40       		.byte	64
 1242 04c2 8E       		.byte	-114
 1243 04c3 10       		.byte	16
 1244 04c4 E2       		.byte	-30
 1245 04c5 02       		.byte	2
 1246 04c6 E6       		.byte	-26
 1247 04c7 01       		.byte	1
 1248 04c8 E8       		.byte	-24
 1249 04c9 10       		.byte	16
 1250 04ca EC       		.byte	-20
 1251 04cb 20       		.byte	32
 1252 04cc EE       		.byte	-18
 1253 04cd 08       		.byte	8
 1254 04ce B8       		.byte	-72
ARM GAS  C:\Users\plod1602\AppData\Local\Temp\cc3fjmUQ.s 			page 23


 1255 04cf 80       		.byte	-128
 1256 04d0 BE       		.byte	-66
 1257 04d1 40       		.byte	64
 1258 04d2 D8       		.byte	-40
 1259 04d3 04       		.byte	4
 1260 04d4 DF       		.byte	-33
 1261 04d5 01       		.byte	1
 1262 04d6 1A       		.byte	26
 1263 04d7 02       		.byte	2
 1264 04d8 86       		.byte	-122
 1265 04d9 01       		.byte	1
 1266 04da EE       		.byte	-18
 1267 04db 04       		.byte	4
 1268 04dc EE       		.byte	-18
 1269 04dd 04       		.byte	4
 1270 04de E8       		.byte	-24
 1271 04df 10       		.byte	16
 1272 04e0 EC       		.byte	-20
 1273 04e1 20       		.byte	32
 1274 04e2 EE       		.byte	-18
 1275 04e3 08       		.byte	8
 1276 04e4 33       		.byte	51
 1277 04e5 48       		.byte	72
 1278 04e6 35       		.byte	53
 1279 04e7 08       		.byte	8
 1280 04e8 36       		.byte	54
 1281 04e9 80       		.byte	-128
 1282 04ea 3A       		.byte	58
 1283 04eb 10       		.byte	16
 1284 04ec 5E       		.byte	94
 1285 04ed 80       		.byte	-128
 1286 04ee 63       		.byte	99
 1287 04ef 20       		.byte	32
 1288 04f0 65       		.byte	101
 1289 04f1 80       		.byte	-128
 1290 04f2 66       		.byte	102
 1291 04f3 08       		.byte	8
 1292 04f4 CC       		.byte	-52
 1293 04f5 F0       		.byte	-16
 1294 04f6 CE       		.byte	-50
 1295 04f7 10       		.byte	16
 1296 04f8 D6       		.byte	-42
 1297 04f9 A0       		.byte	-96
 1298 04fa D8       		.byte	-40
 1299 04fb C0       		.byte	-64
 1300 04fc 33       		.byte	51
 1301 04fd 80       		.byte	-128
 1302 04fe 63       		.byte	99
 1303 04ff 02       		.byte	2
 1304 0500 66       		.byte	102
 1305 0501 08       		.byte	8
 1306 0502 83       		.byte	-125
 1307 0503 48       		.byte	72
 1308 0504 86       		.byte	-122
 1309 0505 10       		.byte	16
 1310 0506 8D       		.byte	-115
 1311 0507 80       		.byte	-128
ARM GAS  C:\Users\plod1602\AppData\Local\Temp\cc3fjmUQ.s 			page 24


 1312 0508 9D       		.byte	-99
 1313 0509 88       		.byte	-120
 1314 050a 9E       		.byte	-98
 1315 050b 10       		.byte	16
 1316 050c 9F       		.byte	-97
 1317 050d 40       		.byte	64
 1318 050e A6       		.byte	-90
 1319 050f 80       		.byte	-128
 1320 0510 A7       		.byte	-89
 1321 0511 18       		.byte	24
 1322 0512 B2       		.byte	-78
 1323 0513 40       		.byte	64
 1324 0514 B6       		.byte	-74
 1325 0515 08       		.byte	8
 1326 0516 CC       		.byte	-52
 1327 0517 10       		.byte	16
 1328 0518 D6       		.byte	-42
 1329 0519 40       		.byte	64
 1330 051a D8       		.byte	-40
 1331 051b 80       		.byte	-128
 1332 051c E2       		.byte	-30
 1333 051d 40       		.byte	64
 1334 051e E6       		.byte	-26
 1335 051f 80       		.byte	-128
 1336 0520 A6       		.byte	-90
 1337 0521 80       		.byte	-128
 1338 0522 A7       		.byte	-89
 1339 0523 90       		.byte	-112
 1340 0524 AD       		.byte	-83
 1341 0525 08       		.byte	8
 1342 0526 AE       		.byte	-82
 1343 0527 08       		.byte	8
 1344 0528 B3       		.byte	-77
 1345 0529 01       		.byte	1
 1346 052a EE       		.byte	-18
 1347 052b 50       		.byte	80
 1348 052c A6       		.byte	-90
 1349 052d 80       		.byte	-128
 1350 052e A7       		.byte	-89
 1351 052f 80       		.byte	-128
 1352 0530 B7       		.byte	-73
 1353 0531 10       		.byte	16
 1354 0532 10       		.byte	16
 1355 0533 10       		.byte	16
 1356 0534 53       		.byte	83
 1357 0535 09       		.byte	9
 1358 0536 55       		.byte	85
 1359 0537 80       		.byte	-128
 1360 0538 5F       		.byte	95
 1361 0539 40       		.byte	64
 1362 053a C4       		.byte	-60
 1363 053b 08       		.byte	8
 1364 053c D4       		.byte	-44
 1365 053d 07       		.byte	7
 1366 053e D6       		.byte	-42
 1367 053f 04       		.byte	4
 1368 0540 82       		.byte	-126
ARM GAS  C:\Users\plod1602\AppData\Local\Temp\cc3fjmUQ.s 			page 25


 1369 0541 40       		.byte	64
 1370 0542 85       		.byte	-123
 1371 0543 02       		.byte	2
 1372 0544 8A       		.byte	-118
 1373 0545 20       		.byte	32
 1374 0546 8B       		.byte	-117
 1375 0547 40       		.byte	64
 1376 0548 8F       		.byte	-113
 1377 0549 01       		.byte	1
 1378 054a 97       		.byte	-105
 1379 054b 42       		.byte	66
 1380 054c 98       		.byte	-104
 1381 054d 10       		.byte	16
 1382 054e A5       		.byte	-91
 1383 054f 80       		.byte	-128
 1384 0550 A7       		.byte	-89
 1385 0551 08       		.byte	8
 1386 0552 E0       		.byte	-32
 1387 0553 06       		.byte	6
 1388 0554 1A       		.byte	26
 1389 0555 80       		.byte	-128
 1390 0556 52       		.byte	82
 1391 0557 20       		.byte	32
 1392 0558 57       		.byte	87
 1393 0559 80       		.byte	-128
 1394 055a 8B       		.byte	-117
 1395 055b 80       		.byte	-128
 1396 055c 96       		.byte	-106
 1397 055d 80       		.byte	-128
 1398 055e 98       		.byte	-104
 1399 055f 10       		.byte	16
 1400 0560 9C       		.byte	-100
 1401 0561 08       		.byte	8
 1402 0562 A2       		.byte	-94
 1403 0563 20       		.byte	32
 1404 0564 A5       		.byte	-91
 1405 0565 82       		.byte	-126
 1406 0566 AB       		.byte	-85
 1407 0567 08       		.byte	8
 1408 0568 AC       		.byte	-84
 1409 0569 08       		.byte	8
 1410 056a C6       		.byte	-58
 1411 056b 08       		.byte	8
 1412 056c D4       		.byte	-44
 1413 056d 06       		.byte	6
 1414 056e E0       		.byte	-32
 1415 056f 01       		.byte	1
 1416 0570 08       		.byte	8
 1417 0571 08       		.byte	8
 1418 0572 0B       		.byte	11
 1419 0573 02       		.byte	2
 1420 0574 0D       		.byte	13
 1421 0575 02       		.byte	2
 1422 0576 41       		.byte	65
 1423 0577 08       		.byte	8
 1424 0578 83       		.byte	-125
 1425 0579 20       		.byte	32
ARM GAS  C:\Users\plod1602\AppData\Local\Temp\cc3fjmUQ.s 			page 26


 1426 057a 98       		.byte	-104
 1427 057b 10       		.byte	16
 1428 057c 9C       		.byte	-100
 1429 057d 08       		.byte	8
 1430 057e A5       		.byte	-91
 1431 057f 02       		.byte	2
 1432 0580 B5       		.byte	-75
 1433 0581 80       		.byte	-128
 1434 0582 C2       		.byte	-62
 1435 0583 0E       		.byte	14
 1436 0584 D0       		.byte	-48
 1437 0585 02       		.byte	2
 1438 0586 E8       		.byte	-24
 1439 0587 08       		.byte	8
 1440 0588 20       		.byte	32
 1441 0589 80       		.byte	-128
 1442 058a 24       		.byte	36
 1443 058b 08       		.byte	8
 1444 058c 67       		.byte	103
 1445 058d 20       		.byte	32
 1446 058e 87       		.byte	-121
 1447 058f 10       		.byte	16
 1448 0590 A6       		.byte	-90
 1449 0591 80       		.byte	-128
 1450 0592 AB       		.byte	-85
 1451 0593 80       		.byte	-128
 1452 0594 C8       		.byte	-56
 1453 0595 60       		.byte	96
 1454 0596 D8       		.byte	-40
 1455 0597 80       		.byte	-128
 1456 0598 E6       		.byte	-26
 1457 0599 40       		.byte	64
 1458 059a EE       		.byte	-18
 1459 059b 20       		.byte	32
 1460 059c AE       		.byte	-82
 1461 059d 80       		.byte	-128
 1462 059e B0       		.byte	-80
 1463 059f 40       		.byte	64
 1464 05a0 B4       		.byte	-76
 1465 05a1 04       		.byte	4
 1466 05a2 EE       		.byte	-18
 1467 05a3 10       		.byte	16
 1468 05a4 1F       		.byte	31
 1469 05a5 80       		.byte	-128
 1470 05a6 34       		.byte	52
 1471 05a7 02       		.byte	2
 1472 05a8 54       		.byte	84
 1473 05a9 10       		.byte	16
 1474 05aa 98       		.byte	-104
 1475 05ab 10       		.byte	16
 1476 05ac 9B       		.byte	-101
 1477 05ad 20       		.byte	32
 1478 05ae A5       		.byte	-91
 1479 05af 08       		.byte	8
 1480 05b0 AB       		.byte	-85
 1481 05b1 01       		.byte	1
 1482 05b2 C6       		.byte	-58
ARM GAS  C:\Users\plod1602\AppData\Local\Temp\cc3fjmUQ.s 			page 27


 1483 05b3 01       		.byte	1
 1484 05b4 CC       		.byte	-52
 1485 05b5 01       		.byte	1
 1486 05b6 D4       		.byte	-44
 1487 05b7 02       		.byte	2
 1488 05b8 1B       		.byte	27
 1489 05b9 02       		.byte	2
 1490 05ba 1C       		.byte	28
 1491 05bb 20       		.byte	32
 1492 05bc 73       		.byte	115
 1493 05bd 20       		.byte	32
 1494 05be 78       		.byte	120
 1495 05bf 10       		.byte	16
 1496 05c0 7F       		.byte	127
 1497 05c1 02       		.byte	2
 1498 05c2 98       		.byte	-104
 1499 05c3 10       		.byte	16
 1500 05c4 9B       		.byte	-101
 1501 05c5 20       		.byte	32
 1502 05c6 A4       		.byte	-92
 1503 05c7 10       		.byte	16
 1504 05c8 AF       		.byte	-81
 1505 05c9 80       		.byte	-128
 1506 05ca B1       		.byte	-79
 1507 05cb 08       		.byte	8
 1508 05cc B4       		.byte	-76
 1509 05cd 02       		.byte	2
 1510 05ce C6       		.byte	-58
 1511 05cf 0C       		.byte	12
 1512 05d0 DC       		.byte	-36
 1513 05d1 01       		.byte	1
 1514 05d2 DE       		.byte	-34
 1515 05d3 06       		.byte	6
 1516 05d4 E8       		.byte	-24
 1517 05d5 08       		.byte	8
 1518 05d6 EC       		.byte	-20
 1519 05d7 04       		.byte	4
 1520 05d8 00       		.byte	0
 1521 05d9 0E       		.byte	14
 1522 05da 08       		.byte	8
 1523 05db 0C       		.byte	12
 1524 05dc 0A       		.byte	10
 1525 05dd 04       		.byte	4
 1526 05de 0C       		.byte	12
 1527 05df 0A       		.byte	10
 1528 05e0 00       		.byte	0
 1529 05e1 BF       		.byte	-65
 1530 05e2 01       		.byte	1
 1531 05e3 0A       		.byte	10
 1532 05e4 00       		.byte	0
 1533 05e5 F1       		.byte	-15
 1534 05e6 F1       		.byte	-15
 1535 05e7 00       		.byte	0
 1536 05e8 A0       		.byte	-96
 1537 05e9 00       		.byte	0
 1538 05ea 00       		.byte	0
 1539 05eb 00       		.byte	0
ARM GAS  C:\Users\plod1602\AppData\Local\Temp\cc3fjmUQ.s 			page 28


 1540 05ec 10       		.byte	16
 1541 05ed 60       		.byte	96
 1542 05ee 60       		.byte	96
 1543 05ef 00       		.byte	0
 1544 05f0 60       		.byte	96
 1545 05f1 00       		.byte	0
 1546 05f2 00       		.byte	0
 1547 05f3 00       		.byte	0
 1548 05f4 00       		.byte	0
 1549 05f5 00       		.byte	0
 1550 05f6 00       		.byte	0
 1551 05f7 30       		.byte	48
 1552 05f8 30       		.byte	48
 1553 05f9 00       		.byte	0
 1554 05fa 30       		.byte	48
 1555 05fb 00       		.byte	0
 1556 05fc C0       		.byte	-64
 1557 05fd 00       		.byte	0
 1558 05fe 00       		.byte	0
 1559 05ff 00       		.byte	0
 1560 0600 04       		.byte	4
 1561 0601 00       		.byte	0
 1562 0602 00       		.byte	0
 1563 0603 04       		.byte	4
 1564 0604 04       		.byte	4
 1565 0605 00       		.byte	0
 1566 0606 04       		.byte	4
 1567 0607 00       		.byte	0
 1568 0608 40       		.byte	64
 1569 0609 00       		.byte	0
 1570 060a 00       		.byte	0
 1571 060b 00       		.byte	0
 1572 060c 00       		.byte	0
 1573 060d 02       		.byte	2
 1574 060e 02       		.byte	2
 1575 060f 00       		.byte	0
 1576 0610 00       		.byte	0
 1577 0611 00       		.byte	0
 1578 0612 00       		.byte	0
 1579 0613 00       		.byte	0
 1580 0614 00       		.byte	0
 1581 0615 00       		.byte	0
 1582 0616 00       		.byte	0
 1583 0617 00       		.byte	0
 1584 0618 00       		.byte	0
 1585 0619 00       		.byte	0
 1586 061a 96       		.byte	-106
 1587 061b 00       		.byte	0
 1588 061c 00       		.byte	0
 1589 061d FC       		.byte	-4
 1590 061e FC       		.byte	-4
 1591 061f 00       		.byte	0
 1592 0620 E8       		.byte	-24
 1593 0621 00       		.byte	0
 1594 0622 00       		.byte	0
 1595 0623 00       		.byte	0
 1596 0624 00       		.byte	0
ARM GAS  C:\Users\plod1602\AppData\Local\Temp\cc3fjmUQ.s 			page 29


 1597 0625 1F       		.byte	31
 1598 0626 1F       		.byte	31
 1599 0627 00       		.byte	0
 1600 0628 0F       		.byte	15
 1601 0629 00       		.byte	0
 1602 062a 00       		.byte	0
 1603 062b 00       		.byte	0
 1604 062c 0C       		.byte	12
 1605 062d 00       		.byte	0
 1606 062e 18       		.byte	24
 1607 062f 01       		.byte	1
 1608              		.global	cy_meta_custnvl
 1609              		.section	.cycustnvl,"a",%progbits
 1610              		.align	2
 1611              		.type	cy_meta_custnvl, %object
 1612              		.size	cy_meta_custnvl, 4
 1613              	cy_meta_custnvl:
 1614 0000 00       		.byte	0
 1615 0001 00       		.byte	0
 1616 0002 40       		.byte	64
 1617 0003 05       		.byte	5
 1618              		.global	cy_meta_wonvl
 1619              		.section	.cywolatch,"a",%progbits
 1620              		.align	2
 1621              		.type	cy_meta_wonvl, %object
 1622              		.size	cy_meta_wonvl, 4
 1623              	cy_meta_wonvl:
 1624 0000 BC       		.byte	-68
 1625 0001 90       		.byte	-112
 1626 0002 AC       		.byte	-84
 1627 0003 AF       		.byte	-81
 1628              		.global	cy_meta_flashprotect
 1629              		.section	.cyflashprotect,"a",%progbits
 1630              		.align	2
 1631              		.type	cy_meta_flashprotect, %object
 1632              		.size	cy_meta_flashprotect, 256
 1633              	cy_meta_flashprotect:
 1634 0000 00000000 		.space	256
 1634      00000000 
 1634      00000000 
 1634      00000000 
 1634      00000000 
 1635              		.global	cy_metadata
 1636              		.section	.cymeta,"a",%progbits
 1637              		.align	2
 1638              		.type	cy_metadata, %object
 1639              		.size	cy_metadata, 12
 1640              	cy_metadata:
 1641 0000 00       		.byte	0
 1642 0001 01       		.byte	1
 1643 0002 2E       		.byte	46
 1644 0003 12       		.byte	18
 1645 0004 30       		.byte	48
 1646 0005 69       		.byte	105
 1647 0006 00       		.byte	0
 1648 0007 01       		.byte	1
 1649 0008 00       		.byte	0
ARM GAS  C:\Users\plod1602\AppData\Local\Temp\cc3fjmUQ.s 			page 30


 1650 0009 00       		.byte	0
 1651 000a 00       		.byte	0
 1652 000b 00       		.byte	0
 1653              		.text
 1654              	.Letext0:
 1655              		.file 1 ".\\Generated_Source\\PSoC5\\cymetadata.c"
 1656              		.file 2 ".\\Generated_Source\\PSoC5\\cytypes.h"
 1657              		.section	.debug_info,"",%progbits
 1658              	.Ldebug_info0:
 1659 0000 38010000 		.4byte	0x138
 1660 0004 0400     		.2byte	0x4
 1661 0006 00000000 		.4byte	.Ldebug_abbrev0
 1662 000a 04       		.byte	0x4
 1663 000b 01       		.uleb128 0x1
 1664 000c B8000000 		.4byte	.LASF18
 1665 0010 01       		.byte	0x1
 1666 0011 00000000 		.4byte	.LASF19
 1667 0015 8C010000 		.4byte	.LASF20
 1668 0019 00000000 		.4byte	.Ldebug_line0
 1669 001d 02       		.uleb128 0x2
 1670 001e 01       		.byte	0x1
 1671 001f 06       		.byte	0x6
 1672 0020 C5010000 		.4byte	.LASF0
 1673 0024 02       		.uleb128 0x2
 1674 0025 01       		.byte	0x1
 1675 0026 08       		.byte	0x8
 1676 0027 38000000 		.4byte	.LASF1
 1677 002b 02       		.uleb128 0x2
 1678 002c 02       		.byte	0x2
 1679 002d 05       		.byte	0x5
 1680 002e 73010000 		.4byte	.LASF2
 1681 0032 02       		.uleb128 0x2
 1682 0033 02       		.byte	0x2
 1683 0034 07       		.byte	0x7
 1684 0035 58000000 		.4byte	.LASF3
 1685 0039 02       		.uleb128 0x2
 1686 003a 04       		.byte	0x4
 1687 003b 05       		.byte	0x5
 1688 003c 83010000 		.4byte	.LASF4
 1689 0040 02       		.uleb128 0x2
 1690 0041 04       		.byte	0x4
 1691 0042 07       		.byte	0x7
 1692 0043 46000000 		.4byte	.LASF5
 1693 0047 02       		.uleb128 0x2
 1694 0048 08       		.byte	0x8
 1695 0049 05       		.byte	0x5
 1696 004a 60010000 		.4byte	.LASF6
 1697 004e 02       		.uleb128 0x2
 1698 004f 08       		.byte	0x8
 1699 0050 07       		.byte	0x7
 1700 0051 A1000000 		.4byte	.LASF7
 1701 0055 03       		.uleb128 0x3
 1702 0056 04       		.byte	0x4
 1703 0057 05       		.byte	0x5
 1704 0058 696E7400 		.ascii	"int\000"
 1705 005c 02       		.uleb128 0x2
 1706 005d 04       		.byte	0x4
ARM GAS  C:\Users\plod1602\AppData\Local\Temp\cc3fjmUQ.s 			page 31


 1707 005e 07       		.byte	0x7
 1708 005f 94000000 		.4byte	.LASF8
 1709 0063 04       		.uleb128 0x4
 1710 0064 7D010000 		.4byte	.LASF21
 1711 0068 02       		.byte	0x2
 1712 0069 A1       		.byte	0xa1
 1713 006a 24000000 		.4byte	0x24
 1714 006e 02       		.uleb128 0x2
 1715 006f 04       		.byte	0x4
 1716 0070 04       		.byte	0x4
 1717 0071 32000000 		.4byte	.LASF9
 1718 0075 02       		.uleb128 0x2
 1719 0076 08       		.byte	0x8
 1720 0077 04       		.byte	0x4
 1721 0078 6B000000 		.4byte	.LASF10
 1722 007c 02       		.uleb128 0x2
 1723 007d 01       		.byte	0x1
 1724 007e 08       		.byte	0x8
 1725 007f 6E010000 		.4byte	.LASF11
 1726 0083 05       		.uleb128 0x5
 1727 0084 63000000 		.4byte	0x63
 1728 0088 94000000 		.4byte	0x94
 1729 008c 06       		.uleb128 0x6
 1730 008d 94000000 		.4byte	0x94
 1731 0091 2F06     		.2byte	0x62f
 1732 0093 00       		.byte	0
 1733 0094 02       		.uleb128 0x2
 1734 0095 04       		.byte	0x4
 1735 0096 07       		.byte	0x7
 1736 0097 57010000 		.4byte	.LASF12
 1737 009b 07       		.uleb128 0x7
 1738 009c 82000000 		.4byte	.LASF13
 1739 00a0 01       		.byte	0x1
 1740 00a1 1C       		.byte	0x1c
 1741 00a2 AC000000 		.4byte	0xac
 1742 00a6 05       		.uleb128 0x5
 1743 00a7 03       		.byte	0x3
 1744 00a8 00000000 		.4byte	cy_meta_configecc
 1745 00ac 08       		.uleb128 0x8
 1746 00ad 83000000 		.4byte	0x83
 1747 00b1 05       		.uleb128 0x5
 1748 00b2 63000000 		.4byte	0x63
 1749 00b6 C1000000 		.4byte	0xc1
 1750 00ba 09       		.uleb128 0x9
 1751 00bb 94000000 		.4byte	0x94
 1752 00bf 03       		.byte	0x3
 1753 00c0 00       		.byte	0
 1754 00c1 07       		.uleb128 0x7
 1755 00c2 72000000 		.4byte	.LASF14
 1756 00c6 01       		.byte	0x1
 1757 00c7 EC       		.byte	0xec
 1758 00c8 D2000000 		.4byte	0xd2
 1759 00cc 05       		.uleb128 0x5
 1760 00cd 03       		.byte	0x3
 1761 00ce 00000000 		.4byte	cy_meta_custnvl
 1762 00d2 08       		.uleb128 0x8
 1763 00d3 B1000000 		.4byte	0xb1
ARM GAS  C:\Users\plod1602\AppData\Local\Temp\cc3fjmUQ.s 			page 32


 1764 00d7 07       		.uleb128 0x7
 1765 00d8 49010000 		.4byte	.LASF15
 1766 00dc 01       		.byte	0x1
 1767 00dd F7       		.byte	0xf7
 1768 00de E8000000 		.4byte	0xe8
 1769 00e2 05       		.uleb128 0x5
 1770 00e3 03       		.byte	0x3
 1771 00e4 00000000 		.4byte	cy_meta_wonvl
 1772 00e8 08       		.uleb128 0x8
 1773 00e9 B1000000 		.4byte	0xb1
 1774 00ed 05       		.uleb128 0x5
 1775 00ee 63000000 		.4byte	0x63
 1776 00f2 FD000000 		.4byte	0xfd
 1777 00f6 09       		.uleb128 0x9
 1778 00f7 94000000 		.4byte	0x94
 1779 00fb FF       		.byte	0xff
 1780 00fc 00       		.byte	0
 1781 00fd 0A       		.uleb128 0xa
 1782 00fe 34010000 		.4byte	.LASF16
 1783 0102 01       		.byte	0x1
 1784 0103 0201     		.2byte	0x102
 1785 0105 0F010000 		.4byte	0x10f
 1786 0109 05       		.uleb128 0x5
 1787 010a 03       		.byte	0x3
 1788 010b 00000000 		.4byte	cy_meta_flashprotect
 1789 010f 08       		.uleb128 0x8
 1790 0110 ED000000 		.4byte	0xed
 1791 0114 05       		.uleb128 0x5
 1792 0115 63000000 		.4byte	0x63
 1793 0119 24010000 		.4byte	0x124
 1794 011d 09       		.uleb128 0x9
 1795 011e 94000000 		.4byte	0x94
 1796 0122 0B       		.byte	0xb
 1797 0123 00       		.byte	0
 1798 0124 0A       		.uleb128 0xa
 1799 0125 26000000 		.4byte	.LASF17
 1800 0129 01       		.byte	0x1
 1801 012a 2C01     		.2byte	0x12c
 1802 012c 36010000 		.4byte	0x136
 1803 0130 05       		.uleb128 0x5
 1804 0131 03       		.byte	0x3
 1805 0132 00000000 		.4byte	cy_metadata
 1806 0136 08       		.uleb128 0x8
 1807 0137 14010000 		.4byte	0x114
 1808 013b 00       		.byte	0
 1809              		.section	.debug_abbrev,"",%progbits
 1810              	.Ldebug_abbrev0:
 1811 0000 01       		.uleb128 0x1
 1812 0001 11       		.uleb128 0x11
 1813 0002 01       		.byte	0x1
 1814 0003 25       		.uleb128 0x25
 1815 0004 0E       		.uleb128 0xe
 1816 0005 13       		.uleb128 0x13
 1817 0006 0B       		.uleb128 0xb
 1818 0007 03       		.uleb128 0x3
 1819 0008 0E       		.uleb128 0xe
 1820 0009 1B       		.uleb128 0x1b
ARM GAS  C:\Users\plod1602\AppData\Local\Temp\cc3fjmUQ.s 			page 33


 1821 000a 0E       		.uleb128 0xe
 1822 000b 10       		.uleb128 0x10
 1823 000c 17       		.uleb128 0x17
 1824 000d 00       		.byte	0
 1825 000e 00       		.byte	0
 1826 000f 02       		.uleb128 0x2
 1827 0010 24       		.uleb128 0x24
 1828 0011 00       		.byte	0
 1829 0012 0B       		.uleb128 0xb
 1830 0013 0B       		.uleb128 0xb
 1831 0014 3E       		.uleb128 0x3e
 1832 0015 0B       		.uleb128 0xb
 1833 0016 03       		.uleb128 0x3
 1834 0017 0E       		.uleb128 0xe
 1835 0018 00       		.byte	0
 1836 0019 00       		.byte	0
 1837 001a 03       		.uleb128 0x3
 1838 001b 24       		.uleb128 0x24
 1839 001c 00       		.byte	0
 1840 001d 0B       		.uleb128 0xb
 1841 001e 0B       		.uleb128 0xb
 1842 001f 3E       		.uleb128 0x3e
 1843 0020 0B       		.uleb128 0xb
 1844 0021 03       		.uleb128 0x3
 1845 0022 08       		.uleb128 0x8
 1846 0023 00       		.byte	0
 1847 0024 00       		.byte	0
 1848 0025 04       		.uleb128 0x4
 1849 0026 16       		.uleb128 0x16
 1850 0027 00       		.byte	0
 1851 0028 03       		.uleb128 0x3
 1852 0029 0E       		.uleb128 0xe
 1853 002a 3A       		.uleb128 0x3a
 1854 002b 0B       		.uleb128 0xb
 1855 002c 3B       		.uleb128 0x3b
 1856 002d 0B       		.uleb128 0xb
 1857 002e 49       		.uleb128 0x49
 1858 002f 13       		.uleb128 0x13
 1859 0030 00       		.byte	0
 1860 0031 00       		.byte	0
 1861 0032 05       		.uleb128 0x5
 1862 0033 01       		.uleb128 0x1
 1863 0034 01       		.byte	0x1
 1864 0035 49       		.uleb128 0x49
 1865 0036 13       		.uleb128 0x13
 1866 0037 01       		.uleb128 0x1
 1867 0038 13       		.uleb128 0x13
 1868 0039 00       		.byte	0
 1869 003a 00       		.byte	0
 1870 003b 06       		.uleb128 0x6
 1871 003c 21       		.uleb128 0x21
 1872 003d 00       		.byte	0
 1873 003e 49       		.uleb128 0x49
 1874 003f 13       		.uleb128 0x13
 1875 0040 2F       		.uleb128 0x2f
 1876 0041 05       		.uleb128 0x5
 1877 0042 00       		.byte	0
ARM GAS  C:\Users\plod1602\AppData\Local\Temp\cc3fjmUQ.s 			page 34


 1878 0043 00       		.byte	0
 1879 0044 07       		.uleb128 0x7
 1880 0045 34       		.uleb128 0x34
 1881 0046 00       		.byte	0
 1882 0047 03       		.uleb128 0x3
 1883 0048 0E       		.uleb128 0xe
 1884 0049 3A       		.uleb128 0x3a
 1885 004a 0B       		.uleb128 0xb
 1886 004b 3B       		.uleb128 0x3b
 1887 004c 0B       		.uleb128 0xb
 1888 004d 49       		.uleb128 0x49
 1889 004e 13       		.uleb128 0x13
 1890 004f 3F       		.uleb128 0x3f
 1891 0050 19       		.uleb128 0x19
 1892 0051 02       		.uleb128 0x2
 1893 0052 18       		.uleb128 0x18
 1894 0053 00       		.byte	0
 1895 0054 00       		.byte	0
 1896 0055 08       		.uleb128 0x8
 1897 0056 26       		.uleb128 0x26
 1898 0057 00       		.byte	0
 1899 0058 49       		.uleb128 0x49
 1900 0059 13       		.uleb128 0x13
 1901 005a 00       		.byte	0
 1902 005b 00       		.byte	0
 1903 005c 09       		.uleb128 0x9
 1904 005d 21       		.uleb128 0x21
 1905 005e 00       		.byte	0
 1906 005f 49       		.uleb128 0x49
 1907 0060 13       		.uleb128 0x13
 1908 0061 2F       		.uleb128 0x2f
 1909 0062 0B       		.uleb128 0xb
 1910 0063 00       		.byte	0
 1911 0064 00       		.byte	0
 1912 0065 0A       		.uleb128 0xa
 1913 0066 34       		.uleb128 0x34
 1914 0067 00       		.byte	0
 1915 0068 03       		.uleb128 0x3
 1916 0069 0E       		.uleb128 0xe
 1917 006a 3A       		.uleb128 0x3a
 1918 006b 0B       		.uleb128 0xb
 1919 006c 3B       		.uleb128 0x3b
 1920 006d 05       		.uleb128 0x5
 1921 006e 49       		.uleb128 0x49
 1922 006f 13       		.uleb128 0x13
 1923 0070 3F       		.uleb128 0x3f
 1924 0071 19       		.uleb128 0x19
 1925 0072 02       		.uleb128 0x2
 1926 0073 18       		.uleb128 0x18
 1927 0074 00       		.byte	0
 1928 0075 00       		.byte	0
 1929 0076 00       		.byte	0
 1930              		.section	.debug_aranges,"",%progbits
 1931 0000 14000000 		.4byte	0x14
 1932 0004 0200     		.2byte	0x2
 1933 0006 00000000 		.4byte	.Ldebug_info0
 1934 000a 04       		.byte	0x4
ARM GAS  C:\Users\plod1602\AppData\Local\Temp\cc3fjmUQ.s 			page 35


 1935 000b 00       		.byte	0
 1936 000c 0000     		.2byte	0
 1937 000e 0000     		.2byte	0
 1938 0010 00000000 		.4byte	0
 1939 0014 00000000 		.4byte	0
 1940              		.section	.debug_line,"",%progbits
 1941              	.Ldebug_line0:
 1942 0000 4F000000 		.section	.debug_str,"MS",%progbits,1
 1942      02004900 
 1942      00000201 
 1942      FB0E0D00 
 1942      01010101 
 1943              	.LASF19:
 1944 0000 2E5C4765 		.ascii	".\\Generated_Source\\PSoC5\\cymetadata.c\000"
 1944      6E657261 
 1944      7465645F 
 1944      536F7572 
 1944      63655C50 
 1945              	.LASF17:
 1946 0026 63795F6D 		.ascii	"cy_metadata\000"
 1946      65746164 
 1946      61746100 
 1947              	.LASF9:
 1948 0032 666C6F61 		.ascii	"float\000"
 1948      7400
 1949              	.LASF1:
 1950 0038 756E7369 		.ascii	"unsigned char\000"
 1950      676E6564 
 1950      20636861 
 1950      7200
 1951              	.LASF5:
 1952 0046 6C6F6E67 		.ascii	"long unsigned int\000"
 1952      20756E73 
 1952      69676E65 
 1952      6420696E 
 1952      7400
 1953              	.LASF3:
 1954 0058 73686F72 		.ascii	"short unsigned int\000"
 1954      7420756E 
 1954      7369676E 
 1954      65642069 
 1954      6E7400
 1955              	.LASF10:
 1956 006b 646F7562 		.ascii	"double\000"
 1956      6C6500
 1957              	.LASF14:
 1958 0072 63795F6D 		.ascii	"cy_meta_custnvl\000"
 1958      6574615F 
 1958      63757374 
 1958      6E766C00 
 1959              	.LASF13:
 1960 0082 63795F6D 		.ascii	"cy_meta_configecc\000"
 1960      6574615F 
 1960      636F6E66 
 1960      69676563 
 1960      6300
 1961              	.LASF8:
ARM GAS  C:\Users\plod1602\AppData\Local\Temp\cc3fjmUQ.s 			page 36


 1962 0094 756E7369 		.ascii	"unsigned int\000"
 1962      676E6564 
 1962      20696E74 
 1962      00
 1963              	.LASF7:
 1964 00a1 6C6F6E67 		.ascii	"long long unsigned int\000"
 1964      206C6F6E 
 1964      6720756E 
 1964      7369676E 
 1964      65642069 
 1965              	.LASF18:
 1966 00b8 474E5520 		.ascii	"GNU C 4.8.4 20140526 (release) [ARM/embedded-4_8-br"
 1966      4320342E 
 1966      382E3420 
 1966      32303134 
 1966      30353236 
 1967 00eb 616E6368 		.ascii	"anch revision 211358] -mcpu=cortex-m3 -mthumb -g -O"
 1967      20726576 
 1967      6973696F 
 1967      6E203231 
 1967      31333538 
 1968 011e 30202D66 		.ascii	"0 -ffunction-sections\000"
 1968      66756E63 
 1968      74696F6E 
 1968      2D736563 
 1968      74696F6E 
 1969              	.LASF16:
 1970 0134 63795F6D 		.ascii	"cy_meta_flashprotect\000"
 1970      6574615F 
 1970      666C6173 
 1970      6870726F 
 1970      74656374 
 1971              	.LASF15:
 1972 0149 63795F6D 		.ascii	"cy_meta_wonvl\000"
 1972      6574615F 
 1972      776F6E76 
 1972      6C00
 1973              	.LASF12:
 1974 0157 73697A65 		.ascii	"sizetype\000"
 1974      74797065 
 1974      00
 1975              	.LASF6:
 1976 0160 6C6F6E67 		.ascii	"long long int\000"
 1976      206C6F6E 
 1976      6720696E 
 1976      7400
 1977              	.LASF11:
 1978 016e 63686172 		.ascii	"char\000"
 1978      00
 1979              	.LASF2:
 1980 0173 73686F72 		.ascii	"short int\000"
 1980      7420696E 
 1980      7400
 1981              	.LASF21:
 1982 017d 75696E74 		.ascii	"uint8\000"
 1982      3800
 1983              	.LASF4:
ARM GAS  C:\Users\plod1602\AppData\Local\Temp\cc3fjmUQ.s 			page 37


 1984 0183 6C6F6E67 		.ascii	"long int\000"
 1984      20696E74 
 1984      00
 1985              	.LASF20:
 1986 018c 433A5C55 		.ascii	"C:\\Users\\plod1602\\Desktop\\TAC_2015-09-18\\TAC_P"
 1986      73657273 
 1986      5C706C6F 
 1986      64313630 
 1986      325C4465 
 1987 01ba 534F4335 		.ascii	"SOC5.cydsn\000"
 1987      2E637964 
 1987      736E00
 1988              	.LASF0:
 1989 01c5 7369676E 		.ascii	"signed char\000"
 1989      65642063 
 1989      68617200 
 1990              		.ident	"GCC: (GNU Tools for ARM Embedded Processors) 4.8.4 20140526 (release) [ARM/embedded-4_8-br
