ARM GAS  C:\Users\plod1602\AppData\Local\Temp\cci4nTUp.s 			page 1


   1              		.syntax unified
   2              		.cpu cortex-m3
   3              		.fpu softvfp
   4              		.eabi_attribute 20, 1
   5              		.eabi_attribute 21, 1
   6              		.eabi_attribute 23, 3
   7              		.eabi_attribute 24, 1
   8              		.eabi_attribute 25, 1
   9              		.eabi_attribute 26, 1
  10              		.eabi_attribute 30, 6
  11              		.eabi_attribute 34, 1
  12              		.eabi_attribute 18, 4
  13              		.thumb
  14              		.file	"measurement.c"
  15              		.text
  16              	.Ltext0:
  17              		.cfi_sections	.debug_frame
  18              		.section	.text.MeasureResistorVoltage,"ax",%progbits
  19              		.align	2
  20              		.global	MeasureResistorVoltage
  21              		.thumb
  22              		.thumb_func
  23              		.type	MeasureResistorVoltage, %function
  24              	MeasureResistorVoltage:
  25              	.LFB56:
  26              		.file 1 ".\\measurement.c"
   1:.\measurement.c **** /******************************************************************************
   2:.\measurement.c **** * File Name: measurement.c
   3:.\measurement.c **** *  Version 2.0
   4:.\measurement.c **** *
   5:.\measurement.c **** * Description:
   6:.\measurement.c **** *  This file contains the function that is used to find the thermistor resistance.
   7:.\measurement.c **** * 
   8:.\measurement.c **** * Note:
   9:.\measurement.c **** *
  10:.\measurement.c **** ********************************************************************************
  11:.\measurement.c **** * Copyright (2013), Cypress Semiconductor Corporation. All Rights Reserved.
  12:.\measurement.c **** ********************************************************************************
  13:.\measurement.c **** * This software is owned by Cypress Semiconductor Corporation (Cypress)
  14:.\measurement.c **** * and is protected by and subject to worldwide patent protection (United
  15:.\measurement.c **** * States and foreign), United States copyright laws and international treaty
  16:.\measurement.c **** * provisions. Cypress hereby grants to licensee a personal, non-exclusive,
  17:.\measurement.c **** * non-transferable license to copy, use, modify, create derivative works of,
  18:.\measurement.c **** * and compile the Cypress Source Code and derivative works for the sole
  19:.\measurement.c **** * purpose of creating custom software in support of licensee product to be
  20:.\measurement.c **** * used only in conjunction with a Cypress integrated circuit as specified in
  21:.\measurement.c **** * the applicable agreement. Any reproduction, modification, translation,
  22:.\measurement.c **** * compilation, or representation of this software except as specified above 
  23:.\measurement.c **** * is prohibited without the express written permission of Cypress.
  24:.\measurement.c **** *
  25:.\measurement.c **** * Disclaimer: CYPRESS MAKES NO WARRANTY OF ANY KIND, EXPRESS OR IMPLIED, WITH 
  26:.\measurement.c **** * REGARD TO THIS MATERIAL, INCLUDING, BUT NOT LIMITED TO, THE IMPLIED 
  27:.\measurement.c **** * WARRANTIES OF MERCHANTABILITY AND FITNESS FOR A PARTICULAR PURPOSE.
  28:.\measurement.c **** * Cypress reserves the right to make changes without further notice to the 
  29:.\measurement.c **** * materials described herein. Cypress does not assume any liability arising out 
  30:.\measurement.c **** * of the application or use of any product or circuit described herein. Cypress 
  31:.\measurement.c **** * does not authorize its products for use as critical components in life-support 
ARM GAS  C:\Users\plod1602\AppData\Local\Temp\cci4nTUp.s 			page 2


  32:.\measurement.c **** * systems where a malfunction or failure may reasonably be expected to result in 
  33:.\measurement.c **** * significant injury to the user. The inclusion of Cypress' product in a life-
  34:.\measurement.c **** * support systems application implies that the manufacturer assumes all risk of 
  35:.\measurement.c **** * such use and in doing so indemnifies Cypress against all charges. 
  36:.\measurement.c **** *
  37:.\measurement.c **** * Use of this Software may be limited by and subject to the applicable Cypress
  38:.\measurement.c **** * software license agreement. 
  39:.\measurement.c **** *******************************************************************************/
  40:.\measurement.c **** #include "measurement.h"
  41:.\measurement.c **** #include "removeOffsetNoise.h"
  42:.\measurement.c **** 
  43:.\measurement.c **** /*******************************************************************************
  44:.\measurement.c **** *  Function Name: MeasureThermistorVoltage
  45:.\measurement.c **** ********************************************************************************
  46:.\measurement.c **** * Summary:
  47:.\measurement.c **** * This functions returns the voltage across the resistor. Either Thermistor or Reference 
  48:.\measurement.c **** *
  49:.\measurement.c **** * Parameters:
  50:.\measurement.c **** * none
  51:.\measurement.c **** *
  52:.\measurement.c **** * Return: 
  53:.\measurement.c **** * resistor voltage in ADC counts
  54:.\measurement.c **** 
  55:.\measurement.c **** * Theory:
  56:.\measurement.c **** * Measure voltage across the resistor. Subtract offset from value, and filter value
  57:.\measurement.c **** *
  58:.\measurement.c **** * Side Effects:
  59:.\measurement.c **** * None
  60:.\measurement.c **** *******************************************************************************/
  61:.\measurement.c **** int32 MeasureResistorVoltage(uint8 channel)
  62:.\measurement.c **** {
  27              		.loc 1 62 0
  28              		.cfi_startproc
  29              		@ args = 0, pretend = 0, frame = 16
  30              		@ frame_needed = 1, uses_anonymous_args = 0
  31 0000 80B5     		push	{r7, lr}
  32              		.cfi_def_cfa_offset 8
  33              		.cfi_offset 7, -8
  34              		.cfi_offset 14, -4
  35 0002 84B0     		sub	sp, sp, #16
  36              		.cfi_def_cfa_offset 24
  37 0004 00AF     		add	r7, sp, #0
  38              		.cfi_def_cfa_register 7
  39 0006 0346     		mov	r3, r0
  40 0008 FB71     		strb	r3, [r7, #7]
  63:.\measurement.c **** 	/* Voltage across resistor*/
  64:.\measurement.c **** 	int32 result;
  65:.\measurement.c **** 	
  66:.\measurement.c **** 	/* Offset Voltage*/
  67:.\measurement.c **** 	int32 offset;
  68:.\measurement.c **** 
  69:.\measurement.c **** 	/* Select correct AMUX channel*/	
  70:.\measurement.c **** 	AMux_FastSelect(channel);
  41              		.loc 1 70 0
  42 000a FB79     		ldrb	r3, [r7, #7]	@ zero_extendqisi2
  43 000c 1846     		mov	r0, r3
  44 000e FFF7FEFF 		bl	AMux_FastSelect
ARM GAS  C:\Users\plod1602\AppData\Local\Temp\cci4nTUp.s 			page 3


  71:.\measurement.c **** 	
  72:.\measurement.c **** 	/* Read voltage across  resistor*/
  73:.\measurement.c ****     ADC_StartConvert();
  45              		.loc 1 73 0
  46 0012 FFF7FEFF 		bl	ADC_StartConvert
  74:.\measurement.c **** 	
  75:.\measurement.c **** 	ADC_IsEndConversion(ADC_WAIT_FOR_RESULT);
  47              		.loc 1 75 0
  48 0016 0020     		movs	r0, #0
  49 0018 FFF7FEFF 		bl	ADC_IsEndConversion
  76:.\measurement.c **** 	result = ADC_GetResult16();
  50              		.loc 1 76 0
  51 001c FFF7FEFF 		bl	ADC_GetResult16
  52 0020 0346     		mov	r3, r0
  53 0022 FB60     		str	r3, [r7, #12]
  77:.\measurement.c **** 	
  78:.\measurement.c **** 	ADC_StopConvert();
  54              		.loc 1 78 0
  55 0024 FFF7FEFF 		bl	ADC_StopConvert
  79:.\measurement.c **** 	
  80:.\measurement.c **** 	/* Get the offset voltage*/
  81:.\measurement.c **** 	//offset = GetOffset(); 
  82:.\measurement.c **** 	
  83:.\measurement.c **** 	/* Get CDS difference*/
  84:.\measurement.c **** 	//result = result - offset;
  85:.\measurement.c **** 	
  86:.\measurement.c **** 	/* Filter signal*/
  87:.\measurement.c **** 	//result = FilterSignal(result, channel);
  88:.\measurement.c **** 	
  89:.\measurement.c **** 	return result;
  56              		.loc 1 89 0
  57 0028 FB68     		ldr	r3, [r7, #12]
  90:.\measurement.c **** 	
  91:.\measurement.c **** }
  58              		.loc 1 91 0
  59 002a 1846     		mov	r0, r3
  60 002c 1037     		adds	r7, r7, #16
  61 002e BD46     		mov	sp, r7
  62              		@ sp needed
  63 0030 80BD     		pop	{r7, pc}
  64              		.cfi_endproc
  65              	.LFE56:
  66              		.size	MeasureResistorVoltage, .-MeasureResistorVoltage
  67 0032 00BF     		.text
  68              	.Letext0:
  69              		.file 2 "c:\\program files (x86)\\cypress\\psoc creator\\3.2\\psoc creator\\import\\gnu\\arm\\4.8.
  70              		.file 3 "c:\\program files (x86)\\cypress\\psoc creator\\3.2\\psoc creator\\import\\gnu\\arm\\4.8.
  71              		.file 4 "Generated_Source\\PSoC5/cytypes.h"
  72              		.file 5 "Generated_Source\\PSoC5/core_cm3.h"
  73              		.section	.debug_info,"",%progbits
  74              	.Ldebug_info0:
  75 0000 09010000 		.4byte	0x109
  76 0004 0400     		.2byte	0x4
  77 0006 00000000 		.4byte	.Ldebug_abbrev0
  78 000a 04       		.byte	0x4
  79 000b 01       		.uleb128 0x1
  80 000c 35010000 		.4byte	.LASF18
ARM GAS  C:\Users\plod1602\AppData\Local\Temp\cci4nTUp.s 			page 4


  81 0010 01       		.byte	0x1
  82 0011 5D000000 		.4byte	.LASF19
  83 0015 EC000000 		.4byte	.LASF20
  84 0019 00000000 		.4byte	.Ldebug_ranges0+0
  85 001d 00000000 		.4byte	0
  86 0021 00000000 		.4byte	.Ldebug_line0
  87 0025 02       		.uleb128 0x2
  88 0026 01       		.byte	0x1
  89 0027 06       		.byte	0x6
  90 0028 CA000000 		.4byte	.LASF0
  91 002c 02       		.uleb128 0x2
  92 002d 01       		.byte	0x1
  93 002e 08       		.byte	0x8
  94 002f 8B000000 		.4byte	.LASF1
  95 0033 02       		.uleb128 0x2
  96 0034 02       		.byte	0x2
  97 0035 05       		.byte	0x5
  98 0036 2B010000 		.4byte	.LASF2
  99 003a 02       		.uleb128 0x2
 100 003b 02       		.byte	0x2
 101 003c 07       		.byte	0x7
 102 003d 0E000000 		.4byte	.LASF3
 103 0041 03       		.uleb128 0x3
 104 0042 E2000000 		.4byte	.LASF9
 105 0046 02       		.byte	0x2
 106 0047 37       		.byte	0x37
 107 0048 4C000000 		.4byte	0x4c
 108 004c 02       		.uleb128 0x2
 109 004d 04       		.byte	0x4
 110 004e 05       		.byte	0x5
 111 004f A5000000 		.4byte	.LASF4
 112 0053 02       		.uleb128 0x2
 113 0054 04       		.byte	0x4
 114 0055 07       		.byte	0x7
 115 0056 34000000 		.4byte	.LASF5
 116 005a 02       		.uleb128 0x2
 117 005b 08       		.byte	0x8
 118 005c 05       		.byte	0x5
 119 005d 00000000 		.4byte	.LASF6
 120 0061 02       		.uleb128 0x2
 121 0062 08       		.byte	0x8
 122 0063 07       		.byte	0x7
 123 0064 46000000 		.4byte	.LASF7
 124 0068 04       		.uleb128 0x4
 125 0069 04       		.byte	0x4
 126 006a 05       		.byte	0x5
 127 006b 696E7400 		.ascii	"int\000"
 128 006f 02       		.uleb128 0x2
 129 0070 04       		.byte	0x4
 130 0071 07       		.byte	0x7
 131 0072 21000000 		.4byte	.LASF8
 132 0076 03       		.uleb128 0x3
 133 0077 B1010000 		.4byte	.LASF10
 134 007b 03       		.byte	0x3
 135 007c 41       		.byte	0x41
 136 007d 41000000 		.4byte	0x41
 137 0081 03       		.uleb128 0x3
ARM GAS  C:\Users\plod1602\AppData\Local\Temp\cci4nTUp.s 			page 5


 138 0082 2E000000 		.4byte	.LASF11
 139 0086 04       		.byte	0x4
 140 0087 A1       		.byte	0xa1
 141 0088 2C000000 		.4byte	0x2c
 142 008c 03       		.uleb128 0x3
 143 008d C2010000 		.4byte	.LASF12
 144 0091 04       		.byte	0x4
 145 0092 A6       		.byte	0xa6
 146 0093 4C000000 		.4byte	0x4c
 147 0097 02       		.uleb128 0x2
 148 0098 04       		.byte	0x4
 149 0099 04       		.byte	0x4
 150 009a 25010000 		.4byte	.LASF13
 151 009e 02       		.uleb128 0x2
 152 009f 08       		.byte	0x8
 153 00a0 04       		.byte	0x4
 154 00a1 AE000000 		.4byte	.LASF14
 155 00a5 02       		.uleb128 0x2
 156 00a6 01       		.byte	0x1
 157 00a7 08       		.byte	0x8
 158 00a8 99000000 		.4byte	.LASF15
 159 00ac 02       		.uleb128 0x2
 160 00ad 04       		.byte	0x4
 161 00ae 07       		.byte	0x7
 162 00af B9010000 		.4byte	.LASF16
 163 00b3 02       		.uleb128 0x2
 164 00b4 08       		.byte	0x8
 165 00b5 04       		.byte	0x4
 166 00b6 D6000000 		.4byte	.LASF17
 167 00ba 05       		.uleb128 0x5
 168 00bb 6D000000 		.4byte	.LASF21
 169 00bf 01       		.byte	0x1
 170 00c0 3D       		.byte	0x3d
 171 00c1 8C000000 		.4byte	0x8c
 172 00c5 00000000 		.4byte	.LFB56
 173 00c9 32000000 		.4byte	.LFE56-.LFB56
 174 00cd 01       		.uleb128 0x1
 175 00ce 9C       		.byte	0x9c
 176 00cf FB000000 		.4byte	0xfb
 177 00d3 06       		.uleb128 0x6
 178 00d4 B5000000 		.4byte	.LASF22
 179 00d8 01       		.byte	0x1
 180 00d9 3D       		.byte	0x3d
 181 00da 81000000 		.4byte	0x81
 182 00de 02       		.uleb128 0x2
 183 00df 91       		.byte	0x91
 184 00e0 6F       		.sleb128 -17
 185 00e1 07       		.uleb128 0x7
 186 00e2 9E000000 		.4byte	.LASF23
 187 00e6 01       		.byte	0x1
 188 00e7 40       		.byte	0x40
 189 00e8 8C000000 		.4byte	0x8c
 190 00ec 02       		.uleb128 0x2
 191 00ed 91       		.byte	0x91
 192 00ee 74       		.sleb128 -12
 193 00ef 08       		.uleb128 0x8
 194 00f0 84000000 		.4byte	.LASF24
ARM GAS  C:\Users\plod1602\AppData\Local\Temp\cci4nTUp.s 			page 6


 195 00f4 01       		.byte	0x1
 196 00f5 43       		.byte	0x43
 197 00f6 8C000000 		.4byte	0x8c
 198 00fa 00       		.byte	0
 199 00fb 09       		.uleb128 0x9
 200 00fc BD000000 		.4byte	.LASF25
 201 0100 05       		.byte	0x5
 202 0101 1606     		.2byte	0x616
 203 0103 07010000 		.4byte	0x107
 204 0107 0A       		.uleb128 0xa
 205 0108 76000000 		.4byte	0x76
 206 010c 00       		.byte	0
 207              		.section	.debug_abbrev,"",%progbits
 208              	.Ldebug_abbrev0:
 209 0000 01       		.uleb128 0x1
 210 0001 11       		.uleb128 0x11
 211 0002 01       		.byte	0x1
 212 0003 25       		.uleb128 0x25
 213 0004 0E       		.uleb128 0xe
 214 0005 13       		.uleb128 0x13
 215 0006 0B       		.uleb128 0xb
 216 0007 03       		.uleb128 0x3
 217 0008 0E       		.uleb128 0xe
 218 0009 1B       		.uleb128 0x1b
 219 000a 0E       		.uleb128 0xe
 220 000b 55       		.uleb128 0x55
 221 000c 17       		.uleb128 0x17
 222 000d 11       		.uleb128 0x11
 223 000e 01       		.uleb128 0x1
 224 000f 10       		.uleb128 0x10
 225 0010 17       		.uleb128 0x17
 226 0011 00       		.byte	0
 227 0012 00       		.byte	0
 228 0013 02       		.uleb128 0x2
 229 0014 24       		.uleb128 0x24
 230 0015 00       		.byte	0
 231 0016 0B       		.uleb128 0xb
 232 0017 0B       		.uleb128 0xb
 233 0018 3E       		.uleb128 0x3e
 234 0019 0B       		.uleb128 0xb
 235 001a 03       		.uleb128 0x3
 236 001b 0E       		.uleb128 0xe
 237 001c 00       		.byte	0
 238 001d 00       		.byte	0
 239 001e 03       		.uleb128 0x3
 240 001f 16       		.uleb128 0x16
 241 0020 00       		.byte	0
 242 0021 03       		.uleb128 0x3
 243 0022 0E       		.uleb128 0xe
 244 0023 3A       		.uleb128 0x3a
 245 0024 0B       		.uleb128 0xb
 246 0025 3B       		.uleb128 0x3b
 247 0026 0B       		.uleb128 0xb
 248 0027 49       		.uleb128 0x49
 249 0028 13       		.uleb128 0x13
 250 0029 00       		.byte	0
 251 002a 00       		.byte	0
ARM GAS  C:\Users\plod1602\AppData\Local\Temp\cci4nTUp.s 			page 7


 252 002b 04       		.uleb128 0x4
 253 002c 24       		.uleb128 0x24
 254 002d 00       		.byte	0
 255 002e 0B       		.uleb128 0xb
 256 002f 0B       		.uleb128 0xb
 257 0030 3E       		.uleb128 0x3e
 258 0031 0B       		.uleb128 0xb
 259 0032 03       		.uleb128 0x3
 260 0033 08       		.uleb128 0x8
 261 0034 00       		.byte	0
 262 0035 00       		.byte	0
 263 0036 05       		.uleb128 0x5
 264 0037 2E       		.uleb128 0x2e
 265 0038 01       		.byte	0x1
 266 0039 3F       		.uleb128 0x3f
 267 003a 19       		.uleb128 0x19
 268 003b 03       		.uleb128 0x3
 269 003c 0E       		.uleb128 0xe
 270 003d 3A       		.uleb128 0x3a
 271 003e 0B       		.uleb128 0xb
 272 003f 3B       		.uleb128 0x3b
 273 0040 0B       		.uleb128 0xb
 274 0041 27       		.uleb128 0x27
 275 0042 19       		.uleb128 0x19
 276 0043 49       		.uleb128 0x49
 277 0044 13       		.uleb128 0x13
 278 0045 11       		.uleb128 0x11
 279 0046 01       		.uleb128 0x1
 280 0047 12       		.uleb128 0x12
 281 0048 06       		.uleb128 0x6
 282 0049 40       		.uleb128 0x40
 283 004a 18       		.uleb128 0x18
 284 004b 9642     		.uleb128 0x2116
 285 004d 19       		.uleb128 0x19
 286 004e 01       		.uleb128 0x1
 287 004f 13       		.uleb128 0x13
 288 0050 00       		.byte	0
 289 0051 00       		.byte	0
 290 0052 06       		.uleb128 0x6
 291 0053 05       		.uleb128 0x5
 292 0054 00       		.byte	0
 293 0055 03       		.uleb128 0x3
 294 0056 0E       		.uleb128 0xe
 295 0057 3A       		.uleb128 0x3a
 296 0058 0B       		.uleb128 0xb
 297 0059 3B       		.uleb128 0x3b
 298 005a 0B       		.uleb128 0xb
 299 005b 49       		.uleb128 0x49
 300 005c 13       		.uleb128 0x13
 301 005d 02       		.uleb128 0x2
 302 005e 18       		.uleb128 0x18
 303 005f 00       		.byte	0
 304 0060 00       		.byte	0
 305 0061 07       		.uleb128 0x7
 306 0062 34       		.uleb128 0x34
 307 0063 00       		.byte	0
 308 0064 03       		.uleb128 0x3
ARM GAS  C:\Users\plod1602\AppData\Local\Temp\cci4nTUp.s 			page 8


 309 0065 0E       		.uleb128 0xe
 310 0066 3A       		.uleb128 0x3a
 311 0067 0B       		.uleb128 0xb
 312 0068 3B       		.uleb128 0x3b
 313 0069 0B       		.uleb128 0xb
 314 006a 49       		.uleb128 0x49
 315 006b 13       		.uleb128 0x13
 316 006c 02       		.uleb128 0x2
 317 006d 18       		.uleb128 0x18
 318 006e 00       		.byte	0
 319 006f 00       		.byte	0
 320 0070 08       		.uleb128 0x8
 321 0071 34       		.uleb128 0x34
 322 0072 00       		.byte	0
 323 0073 03       		.uleb128 0x3
 324 0074 0E       		.uleb128 0xe
 325 0075 3A       		.uleb128 0x3a
 326 0076 0B       		.uleb128 0xb
 327 0077 3B       		.uleb128 0x3b
 328 0078 0B       		.uleb128 0xb
 329 0079 49       		.uleb128 0x49
 330 007a 13       		.uleb128 0x13
 331 007b 00       		.byte	0
 332 007c 00       		.byte	0
 333 007d 09       		.uleb128 0x9
 334 007e 34       		.uleb128 0x34
 335 007f 00       		.byte	0
 336 0080 03       		.uleb128 0x3
 337 0081 0E       		.uleb128 0xe
 338 0082 3A       		.uleb128 0x3a
 339 0083 0B       		.uleb128 0xb
 340 0084 3B       		.uleb128 0x3b
 341 0085 05       		.uleb128 0x5
 342 0086 49       		.uleb128 0x49
 343 0087 13       		.uleb128 0x13
 344 0088 3F       		.uleb128 0x3f
 345 0089 19       		.uleb128 0x19
 346 008a 3C       		.uleb128 0x3c
 347 008b 19       		.uleb128 0x19
 348 008c 00       		.byte	0
 349 008d 00       		.byte	0
 350 008e 0A       		.uleb128 0xa
 351 008f 35       		.uleb128 0x35
 352 0090 00       		.byte	0
 353 0091 49       		.uleb128 0x49
 354 0092 13       		.uleb128 0x13
 355 0093 00       		.byte	0
 356 0094 00       		.byte	0
 357 0095 00       		.byte	0
 358              		.section	.debug_aranges,"",%progbits
 359 0000 1C000000 		.4byte	0x1c
 360 0004 0200     		.2byte	0x2
 361 0006 00000000 		.4byte	.Ldebug_info0
 362 000a 04       		.byte	0x4
 363 000b 00       		.byte	0
 364 000c 0000     		.2byte	0
 365 000e 0000     		.2byte	0
ARM GAS  C:\Users\plod1602\AppData\Local\Temp\cci4nTUp.s 			page 9


 366 0010 00000000 		.4byte	.LFB56
 367 0014 32000000 		.4byte	.LFE56-.LFB56
 368 0018 00000000 		.4byte	0
 369 001c 00000000 		.4byte	0
 370              		.section	.debug_ranges,"",%progbits
 371              	.Ldebug_ranges0:
 372 0000 00000000 		.4byte	.LFB56
 373 0004 32000000 		.4byte	.LFE56
 374 0008 00000000 		.4byte	0
 375 000c 00000000 		.4byte	0
 376              		.section	.debug_line,"",%progbits
 377              	.Ldebug_line0:
 378 0000 6E010000 		.section	.debug_str,"MS",%progbits,1
 378      02005001 
 378      00000201 
 378      FB0E0D00 
 378      01010101 
 379              	.LASF6:
 380 0000 6C6F6E67 		.ascii	"long long int\000"
 380      206C6F6E 
 380      6720696E 
 380      7400
 381              	.LASF3:
 382 000e 73686F72 		.ascii	"short unsigned int\000"
 382      7420756E 
 382      7369676E 
 382      65642069 
 382      6E7400
 383              	.LASF8:
 384 0021 756E7369 		.ascii	"unsigned int\000"
 384      676E6564 
 384      20696E74 
 384      00
 385              	.LASF11:
 386 002e 75696E74 		.ascii	"uint8\000"
 386      3800
 387              	.LASF5:
 388 0034 6C6F6E67 		.ascii	"long unsigned int\000"
 388      20756E73 
 388      69676E65 
 388      6420696E 
 388      7400
 389              	.LASF7:
 390 0046 6C6F6E67 		.ascii	"long long unsigned int\000"
 390      206C6F6E 
 390      6720756E 
 390      7369676E 
 390      65642069 
 391              	.LASF19:
 392 005d 2E5C6D65 		.ascii	".\\measurement.c\000"
 392      61737572 
 392      656D656E 
 392      742E6300 
 393              	.LASF21:
 394 006d 4D656173 		.ascii	"MeasureResistorVoltage\000"
 394      75726552 
 394      65736973 
ARM GAS  C:\Users\plod1602\AppData\Local\Temp\cci4nTUp.s 			page 10


 394      746F7256 
 394      6F6C7461 
 395              	.LASF24:
 396 0084 6F666673 		.ascii	"offset\000"
 396      657400
 397              	.LASF1:
 398 008b 756E7369 		.ascii	"unsigned char\000"
 398      676E6564 
 398      20636861 
 398      7200
 399              	.LASF15:
 400 0099 63686172 		.ascii	"char\000"
 400      00
 401              	.LASF23:
 402 009e 72657375 		.ascii	"result\000"
 402      6C7400
 403              	.LASF4:
 404 00a5 6C6F6E67 		.ascii	"long int\000"
 404      20696E74 
 404      00
 405              	.LASF14:
 406 00ae 646F7562 		.ascii	"double\000"
 406      6C6500
 407              	.LASF22:
 408 00b5 6368616E 		.ascii	"channel\000"
 408      6E656C00 
 409              	.LASF25:
 410 00bd 49544D5F 		.ascii	"ITM_RxBuffer\000"
 410      52784275 
 410      66666572 
 410      00
 411              	.LASF0:
 412 00ca 7369676E 		.ascii	"signed char\000"
 412      65642063 
 412      68617200 
 413              	.LASF17:
 414 00d6 6C6F6E67 		.ascii	"long double\000"
 414      20646F75 
 414      626C6500 
 415              	.LASF9:
 416 00e2 5F5F696E 		.ascii	"__int32_t\000"
 416      7433325F 
 416      7400
 417              	.LASF20:
 418 00ec 433A5C55 		.ascii	"C:\\Users\\plod1602\\Desktop\\TAC_2015-09-18\\TAC_P"
 418      73657273 
 418      5C706C6F 
 418      64313630 
 418      325C4465 
 419 011a 534F4335 		.ascii	"SOC5.cydsn\000"
 419      2E637964 
 419      736E00
 420              	.LASF13:
 421 0125 666C6F61 		.ascii	"float\000"
 421      7400
 422              	.LASF2:
 423 012b 73686F72 		.ascii	"short int\000"
ARM GAS  C:\Users\plod1602\AppData\Local\Temp\cci4nTUp.s 			page 11


 423      7420696E 
 423      7400
 424              	.LASF18:
 425 0135 474E5520 		.ascii	"GNU C 4.8.4 20140526 (release) [ARM/embedded-4_8-br"
 425      4320342E 
 425      382E3420 
 425      32303134 
 425      30353236 
 426 0168 616E6368 		.ascii	"anch revision 211358] -mcpu=cortex-m3 -mthumb -g -O"
 426      20726576 
 426      6973696F 
 426      6E203231 
 426      31333538 
 427 019b 30202D66 		.ascii	"0 -ffunction-sections\000"
 427      66756E63 
 427      74696F6E 
 427      2D736563 
 427      74696F6E 
 428              	.LASF10:
 429 01b1 696E7433 		.ascii	"int32_t\000"
 429      325F7400 
 430              	.LASF16:
 431 01b9 73697A65 		.ascii	"sizetype\000"
 431      74797065 
 431      00
 432              	.LASF12:
 433 01c2 696E7433 		.ascii	"int32\000"
 433      3200
 434              		.ident	"GCC: (GNU Tools for ARM Embedded Processors) 4.8.4 20140526 (release) [ARM/embedded-4_8-br
