ARM GAS  C:\Users\plod1602\AppData\Local\Temp\cccVMUnH.s 			page 1


   1              		.syntax unified
   2              		.cpu cortex-m3
   3              		.fpu softvfp
   4              		.eabi_attribute 20, 1
   5              		.eabi_attribute 21, 1
   6              		.eabi_attribute 23, 3
   7              		.eabi_attribute 24, 1
   8              		.eabi_attribute 25, 1
   9              		.eabi_attribute 26, 1
  10              		.eabi_attribute 30, 6
  11              		.eabi_attribute 34, 1
  12              		.eabi_attribute 18, 4
  13              		.thumb
  14              		.file	"memory.c"
  15              		.text
  16              	.Ltext0:
  17              		.cfi_sections	.debug_frame
  18              		.section	.rodata
  19              		.align	2
  20              		.type	eepromCalibration, %object
  21              		.size	eepromCalibration, 80
  22              	eepromCalibration:
  23 0000 00000000 		.space	80
  23      00000000 
  23      00000000 
  23      00000000 
  23      00000000 
  24              		.align	2
  25              		.type	eepromRunData, %object
  26              		.size	eepromRunData, 2
  27              	eepromRunData:
  28 0050 0000     		.space	2
  29 0052 0000     		.section	.text.storeNbRun,"ax",%progbits
  30              		.align	2
  31              		.global	storeNbRun
  32              		.thumb
  33              		.thumb_func
  34              		.type	storeNbRun, %function
  35              	storeNbRun:
  36              	.LFB56:
  37              		.file 1 ".\\memory.c"
   1:.\memory.c    **** /* ========================================
   2:.\memory.c    ****  *
   3:.\memory.c    ****  * Copyright YOUR COMPANY, THE YEAR
   4:.\memory.c    ****  * All Rights Reserved
   5:.\memory.c    ****  * UNPUBLISHED, LICENSED SOFTWARE.
   6:.\memory.c    ****  *
   7:.\memory.c    ****  * CONFIDENTIAL AND PROPRIETARY INFORMATION
   8:.\memory.c    ****  * WHICH IS THE PROPERTY OF your company.
   9:.\memory.c    ****  *
  10:.\memory.c    ****  * ========================================
  11:.\memory.c    **** */
  12:.\memory.c    **** #include <project.h>
  13:.\memory.c    **** #include "memory.h"
  14:.\memory.c    **** 
  15:.\memory.c    **** #define CALIBRATION_DATA_SIZE 40
  16:.\memory.c    **** 
ARM GAS  C:\Users\plod1602\AppData\Local\Temp\cccVMUnH.s 			page 2


  17:.\memory.c    **** static const uint8 CYCODE eepromCalibration[80]= {0};
  18:.\memory.c    **** static const uint8 CYCODE eepromRunData[2]= {0};
  19:.\memory.c    **** 
  20:.\memory.c    **** cystatus storeNbRun(int16* nbRun)
  21:.\memory.c    **** {
  38              		.loc 1 21 0
  39              		.cfi_startproc
  40              		@ args = 0, pretend = 0, frame = 16
  41              		@ frame_needed = 1, uses_anonymous_args = 0
  42 0000 80B5     		push	{r7, lr}
  43              		.cfi_def_cfa_offset 8
  44              		.cfi_offset 7, -8
  45              		.cfi_offset 14, -4
  46 0002 84B0     		sub	sp, sp, #16
  47              		.cfi_def_cfa_offset 24
  48 0004 00AF     		add	r7, sp, #0
  49              		.cfi_def_cfa_register 7
  50 0006 7860     		str	r0, [r7, #4]
  22:.\memory.c    ****     int8* data = (int8*) nbRun;
  51              		.loc 1 22 0
  52 0008 7B68     		ldr	r3, [r7, #4]
  53 000a FB60     		str	r3, [r7, #12]
  23:.\memory.c    ****     cystatus status = Em_EEPROM_Write(data, eepromCalibration, 2);
  54              		.loc 1 23 0
  55 000c F868     		ldr	r0, [r7, #12]
  56 000e 0549     		ldr	r1, .L3
  57 0010 0222     		movs	r2, #2
  58 0012 FFF7FEFF 		bl	Em_EEPROM_Write
  59 0016 B860     		str	r0, [r7, #8]
  24:.\memory.c    ****     return status;
  60              		.loc 1 24 0
  61 0018 BB68     		ldr	r3, [r7, #8]
  25:.\memory.c    **** }
  62              		.loc 1 25 0
  63 001a 1846     		mov	r0, r3
  64 001c 1037     		adds	r7, r7, #16
  65 001e BD46     		mov	sp, r7
  66              		@ sp needed
  67 0020 80BD     		pop	{r7, pc}
  68              	.L4:
  69 0022 00BF     		.align	2
  70              	.L3:
  71 0024 00000000 		.word	eepromCalibration
  72              		.cfi_endproc
  73              	.LFE56:
  74              		.size	storeNbRun, .-storeNbRun
  75              		.section	.text.storeCalibrationInfo,"ax",%progbits
  76              		.align	2
  77              		.global	storeCalibrationInfo
  78              		.thumb
  79              		.thumb_func
  80              		.type	storeCalibrationInfo, %function
  81              	storeCalibrationInfo:
  82              	.LFB57:
  26:.\memory.c    **** 
  27:.\memory.c    **** cystatus storeCalibrationInfo(int16* dataCalibration)
  28:.\memory.c    **** {
ARM GAS  C:\Users\plod1602\AppData\Local\Temp\cccVMUnH.s 			page 3


  83              		.loc 1 28 0
  84              		.cfi_startproc
  85              		@ args = 0, pretend = 0, frame = 16
  86              		@ frame_needed = 1, uses_anonymous_args = 0
  87 0000 80B5     		push	{r7, lr}
  88              		.cfi_def_cfa_offset 8
  89              		.cfi_offset 7, -8
  90              		.cfi_offset 14, -4
  91 0002 84B0     		sub	sp, sp, #16
  92              		.cfi_def_cfa_offset 24
  93 0004 00AF     		add	r7, sp, #0
  94              		.cfi_def_cfa_register 7
  95 0006 7860     		str	r0, [r7, #4]
  29:.\memory.c    ****     int8* data = (int8*) dataCalibration;
  96              		.loc 1 29 0
  97 0008 7B68     		ldr	r3, [r7, #4]
  98 000a FB60     		str	r3, [r7, #12]
  30:.\memory.c    ****     cystatus status = Em_EEPROM_Write(data, eepromCalibration, CALIBRATION_DATA_SIZE*2);
  99              		.loc 1 30 0
 100 000c F868     		ldr	r0, [r7, #12]
 101 000e 0549     		ldr	r1, .L7
 102 0010 5022     		movs	r2, #80
 103 0012 FFF7FEFF 		bl	Em_EEPROM_Write
 104 0016 B860     		str	r0, [r7, #8]
  31:.\memory.c    ****     return status;
 105              		.loc 1 31 0
 106 0018 BB68     		ldr	r3, [r7, #8]
  32:.\memory.c    **** }
 107              		.loc 1 32 0
 108 001a 1846     		mov	r0, r3
 109 001c 1037     		adds	r7, r7, #16
 110 001e BD46     		mov	sp, r7
 111              		@ sp needed
 112 0020 80BD     		pop	{r7, pc}
 113              	.L8:
 114 0022 00BF     		.align	2
 115              	.L7:
 116 0024 00000000 		.word	eepromCalibration
 117              		.cfi_endproc
 118              	.LFE57:
 119              		.size	storeCalibrationInfo, .-storeCalibrationInfo
 120              		.section	.text.getCalibrationInfo,"ax",%progbits
 121              		.align	2
 122              		.global	getCalibrationInfo
 123              		.thumb
 124              		.thumb_func
 125              		.type	getCalibrationInfo, %function
 126              	getCalibrationInfo:
 127              	.LFB58:
  33:.\memory.c    **** 
  34:.\memory.c    **** int16* getCalibrationInfo()
  35:.\memory.c    **** {
 128              		.loc 1 35 0
 129              		.cfi_startproc
 130              		@ args = 0, pretend = 0, frame = 0
 131              		@ frame_needed = 1, uses_anonymous_args = 0
 132              		@ link register save eliminated.
ARM GAS  C:\Users\plod1602\AppData\Local\Temp\cccVMUnH.s 			page 4


 133 0000 80B4     		push	{r7}
 134              		.cfi_def_cfa_offset 4
 135              		.cfi_offset 7, -4
 136 0002 00AF     		add	r7, sp, #0
 137              		.cfi_def_cfa_register 7
  36:.\memory.c    ****     return (int16*) eepromCalibration;
 138              		.loc 1 36 0
 139 0004 024B     		ldr	r3, .L11
  37:.\memory.c    **** }
 140              		.loc 1 37 0
 141 0006 1846     		mov	r0, r3
 142 0008 BD46     		mov	sp, r7
 143              		@ sp needed
 144 000a 5DF8047B 		ldr	r7, [sp], #4
 145 000e 7047     		bx	lr
 146              	.L12:
 147              		.align	2
 148              	.L11:
 149 0010 00000000 		.word	eepromCalibration
 150              		.cfi_endproc
 151              	.LFE58:
 152              		.size	getCalibrationInfo, .-getCalibrationInfo
 153              		.text
 154              	.Letext0:
 155              		.file 2 "c:\\program files (x86)\\cypress\\psoc creator\\3.2\\psoc creator\\import\\gnu\\arm\\4.8.
 156              		.file 3 "c:\\program files (x86)\\cypress\\psoc creator\\3.2\\psoc creator\\import\\gnu\\arm\\4.8.
 157              		.file 4 "Generated_Source\\PSoC5/cytypes.h"
 158              		.file 5 "Generated_Source\\PSoC5/core_cm3.h"
 159              		.section	.debug_info,"",%progbits
 160              	.Ldebug_info0:
 161 0000 D4010000 		.4byte	0x1d4
 162 0004 0400     		.2byte	0x4
 163 0006 00000000 		.4byte	.Ldebug_abbrev0
 164 000a 04       		.byte	0x4
 165 000b 01       		.uleb128 0x1
 166 000c DC000000 		.4byte	.LASF28
 167 0010 01       		.byte	0x1
 168 0011 7B010000 		.4byte	.LASF29
 169 0015 B1010000 		.4byte	.LASF30
 170 0019 00000000 		.4byte	.Ldebug_ranges0+0
 171 001d 00000000 		.4byte	0
 172 0021 00000000 		.4byte	.Ldebug_line0
 173 0025 02       		.uleb128 0x2
 174 0026 01       		.byte	0x1
 175 0027 06       		.byte	0x6
 176 0028 FF010000 		.4byte	.LASF0
 177 002c 02       		.uleb128 0x2
 178 002d 01       		.byte	0x1
 179 002e 08       		.byte	0x8
 180 002f 45000000 		.4byte	.LASF1
 181 0033 02       		.uleb128 0x2
 182 0034 02       		.byte	0x2
 183 0035 05       		.byte	0x5
 184 0036 8B010000 		.4byte	.LASF2
 185 003a 02       		.uleb128 0x2
 186 003b 02       		.byte	0x2
 187 003c 07       		.byte	0x7
ARM GAS  C:\Users\plod1602\AppData\Local\Temp\cccVMUnH.s 			page 5


 188 003d 6B000000 		.4byte	.LASF3
 189 0041 03       		.uleb128 0x3
 190 0042 00000000 		.4byte	.LASF9
 191 0046 02       		.byte	0x2
 192 0047 37       		.byte	0x37
 193 0048 4C000000 		.4byte	0x4c
 194 004c 02       		.uleb128 0x2
 195 004d 04       		.byte	0x4
 196 004e 05       		.byte	0x5
 197 004f A8010000 		.4byte	.LASF4
 198 0053 02       		.uleb128 0x2
 199 0054 04       		.byte	0x4
 200 0055 07       		.byte	0x7
 201 0056 59000000 		.4byte	.LASF5
 202 005a 02       		.uleb128 0x2
 203 005b 08       		.byte	0x8
 204 005c 05       		.byte	0x5
 205 005d 6D010000 		.4byte	.LASF6
 206 0061 02       		.uleb128 0x2
 207 0062 08       		.byte	0x8
 208 0063 07       		.byte	0x7
 209 0064 C5000000 		.4byte	.LASF7
 210 0068 04       		.uleb128 0x4
 211 0069 04       		.byte	0x4
 212 006a 05       		.byte	0x5
 213 006b 696E7400 		.ascii	"int\000"
 214 006f 02       		.uleb128 0x2
 215 0070 04       		.byte	0x4
 216 0071 07       		.byte	0x7
 217 0072 B8000000 		.4byte	.LASF8
 218 0076 03       		.uleb128 0x3
 219 0077 21000000 		.4byte	.LASF10
 220 007b 03       		.byte	0x3
 221 007c 41       		.byte	0x41
 222 007d 41000000 		.4byte	0x41
 223 0081 03       		.uleb128 0x3
 224 0082 34000000 		.4byte	.LASF11
 225 0086 04       		.byte	0x4
 226 0087 A1       		.byte	0xa1
 227 0088 2C000000 		.4byte	0x2c
 228 008c 03       		.uleb128 0x3
 229 008d AD000000 		.4byte	.LASF12
 230 0091 04       		.byte	0x4
 231 0092 A4       		.byte	0xa4
 232 0093 25000000 		.4byte	0x25
 233 0097 03       		.uleb128 0x3
 234 0098 53000000 		.4byte	.LASF13
 235 009c 04       		.byte	0x4
 236 009d A5       		.byte	0xa5
 237 009e 33000000 		.4byte	0x33
 238 00a2 02       		.uleb128 0x2
 239 00a3 04       		.byte	0x4
 240 00a4 04       		.byte	0x4
 241 00a5 29000000 		.4byte	.LASF14
 242 00a9 02       		.uleb128 0x2
 243 00aa 08       		.byte	0x8
 244 00ab 04       		.byte	0x4
ARM GAS  C:\Users\plod1602\AppData\Local\Temp\cccVMUnH.s 			page 6


 245 00ac 8B000000 		.4byte	.LASF15
 246 00b0 02       		.uleb128 0x2
 247 00b1 01       		.byte	0x1
 248 00b2 08       		.byte	0x8
 249 00b3 86010000 		.4byte	.LASF16
 250 00b7 05       		.uleb128 0x5
 251 00b8 A4000000 		.4byte	.LASF17
 252 00bc 04       		.byte	0x4
 253 00bd 4301     		.2byte	0x143
 254 00bf 53000000 		.4byte	0x53
 255 00c3 02       		.uleb128 0x2
 256 00c4 04       		.byte	0x4
 257 00c5 07       		.byte	0x7
 258 00c6 64010000 		.4byte	.LASF18
 259 00ca 02       		.uleb128 0x2
 260 00cb 08       		.byte	0x8
 261 00cc 04       		.byte	0x4
 262 00cd 58010000 		.4byte	.LASF19
 263 00d1 06       		.uleb128 0x6
 264 00d2 3A000000 		.4byte	.LASF22
 265 00d6 01       		.byte	0x1
 266 00d7 14       		.byte	0x14
 267 00d8 B7000000 		.4byte	0xb7
 268 00dc 00000000 		.4byte	.LFB56
 269 00e0 28000000 		.4byte	.LFE56-.LFB56
 270 00e4 01       		.uleb128 0x1
 271 00e5 9C       		.byte	0x9c
 272 00e6 15010000 		.4byte	0x115
 273 00ea 07       		.uleb128 0x7
 274 00eb B2000000 		.4byte	.LASF24
 275 00ef 01       		.byte	0x1
 276 00f0 14       		.byte	0x14
 277 00f1 15010000 		.4byte	0x115
 278 00f5 02       		.uleb128 0x2
 279 00f6 91       		.byte	0x91
 280 00f7 6C       		.sleb128 -20
 281 00f8 08       		.uleb128 0x8
 282 00f9 2F000000 		.4byte	.LASF20
 283 00fd 01       		.byte	0x1
 284 00fe 16       		.byte	0x16
 285 00ff 1B010000 		.4byte	0x11b
 286 0103 02       		.uleb128 0x2
 287 0104 91       		.byte	0x91
 288 0105 74       		.sleb128 -12
 289 0106 08       		.uleb128 0x8
 290 0107 0A000000 		.4byte	.LASF21
 291 010b 01       		.byte	0x1
 292 010c 17       		.byte	0x17
 293 010d B7000000 		.4byte	0xb7
 294 0111 02       		.uleb128 0x2
 295 0112 91       		.byte	0x91
 296 0113 70       		.sleb128 -16
 297 0114 00       		.byte	0
 298 0115 09       		.uleb128 0x9
 299 0116 04       		.byte	0x4
 300 0117 97000000 		.4byte	0x97
 301 011b 09       		.uleb128 0x9
ARM GAS  C:\Users\plod1602\AppData\Local\Temp\cccVMUnH.s 			page 7


 302 011c 04       		.byte	0x4
 303 011d 8C000000 		.4byte	0x8c
 304 0121 06       		.uleb128 0x6
 305 0122 EA010000 		.4byte	.LASF23
 306 0126 01       		.byte	0x1
 307 0127 1B       		.byte	0x1b
 308 0128 B7000000 		.4byte	0xb7
 309 012c 00000000 		.4byte	.LFB57
 310 0130 28000000 		.4byte	.LFE57-.LFB57
 311 0134 01       		.uleb128 0x1
 312 0135 9C       		.byte	0x9c
 313 0136 65010000 		.4byte	0x165
 314 013a 07       		.uleb128 0x7
 315 013b 11000000 		.4byte	.LASF25
 316 013f 01       		.byte	0x1
 317 0140 1B       		.byte	0x1b
 318 0141 15010000 		.4byte	0x115
 319 0145 02       		.uleb128 0x2
 320 0146 91       		.byte	0x91
 321 0147 6C       		.sleb128 -20
 322 0148 08       		.uleb128 0x8
 323 0149 2F000000 		.4byte	.LASF20
 324 014d 01       		.byte	0x1
 325 014e 1D       		.byte	0x1d
 326 014f 1B010000 		.4byte	0x11b
 327 0153 02       		.uleb128 0x2
 328 0154 91       		.byte	0x91
 329 0155 74       		.sleb128 -12
 330 0156 08       		.uleb128 0x8
 331 0157 0A000000 		.4byte	.LASF21
 332 015b 01       		.byte	0x1
 333 015c 1E       		.byte	0x1e
 334 015d B7000000 		.4byte	0xb7
 335 0161 02       		.uleb128 0x2
 336 0162 91       		.byte	0x91
 337 0163 70       		.sleb128 -16
 338 0164 00       		.byte	0
 339 0165 0A       		.uleb128 0xa
 340 0166 95010000 		.4byte	.LASF31
 341 016a 01       		.byte	0x1
 342 016b 22       		.byte	0x22
 343 016c 15010000 		.4byte	0x115
 344 0170 00000000 		.4byte	.LFB58
 345 0174 14000000 		.4byte	.LFE58-.LFB58
 346 0178 01       		.uleb128 0x1
 347 0179 9C       		.byte	0x9c
 348 017a 0B       		.uleb128 0xb
 349 017b 81000000 		.4byte	0x81
 350 017f 8A010000 		.4byte	0x18a
 351 0183 0C       		.uleb128 0xc
 352 0184 C3000000 		.4byte	0xc3
 353 0188 4F       		.byte	0x4f
 354 0189 00       		.byte	0
 355 018a 08       		.uleb128 0x8
 356 018b 92000000 		.4byte	.LASF26
 357 018f 01       		.byte	0x1
 358 0190 11       		.byte	0x11
ARM GAS  C:\Users\plod1602\AppData\Local\Temp\cccVMUnH.s 			page 8


 359 0191 9B010000 		.4byte	0x19b
 360 0195 05       		.uleb128 0x5
 361 0196 03       		.byte	0x3
 362 0197 00000000 		.4byte	eepromCalibration
 363 019b 0D       		.uleb128 0xd
 364 019c 7A010000 		.4byte	0x17a
 365 01a0 0B       		.uleb128 0xb
 366 01a1 81000000 		.4byte	0x81
 367 01a5 B0010000 		.4byte	0x1b0
 368 01a9 0C       		.uleb128 0xc
 369 01aa C3000000 		.4byte	0xc3
 370 01ae 01       		.byte	0x1
 371 01af 00       		.byte	0
 372 01b0 08       		.uleb128 0x8
 373 01b1 0B020000 		.4byte	.LASF27
 374 01b5 01       		.byte	0x1
 375 01b6 12       		.byte	0x12
 376 01b7 C1010000 		.4byte	0x1c1
 377 01bb 05       		.uleb128 0x5
 378 01bc 03       		.byte	0x3
 379 01bd 50000000 		.4byte	eepromRunData
 380 01c1 0D       		.uleb128 0xd
 381 01c2 A0010000 		.4byte	0x1a0
 382 01c6 0E       		.uleb128 0xe
 383 01c7 7E000000 		.4byte	.LASF32
 384 01cb 05       		.byte	0x5
 385 01cc 1606     		.2byte	0x616
 386 01ce D2010000 		.4byte	0x1d2
 387 01d2 0F       		.uleb128 0xf
 388 01d3 76000000 		.4byte	0x76
 389 01d7 00       		.byte	0
 390              		.section	.debug_abbrev,"",%progbits
 391              	.Ldebug_abbrev0:
 392 0000 01       		.uleb128 0x1
 393 0001 11       		.uleb128 0x11
 394 0002 01       		.byte	0x1
 395 0003 25       		.uleb128 0x25
 396 0004 0E       		.uleb128 0xe
 397 0005 13       		.uleb128 0x13
 398 0006 0B       		.uleb128 0xb
 399 0007 03       		.uleb128 0x3
 400 0008 0E       		.uleb128 0xe
 401 0009 1B       		.uleb128 0x1b
 402 000a 0E       		.uleb128 0xe
 403 000b 55       		.uleb128 0x55
 404 000c 17       		.uleb128 0x17
 405 000d 11       		.uleb128 0x11
 406 000e 01       		.uleb128 0x1
 407 000f 10       		.uleb128 0x10
 408 0010 17       		.uleb128 0x17
 409 0011 00       		.byte	0
 410 0012 00       		.byte	0
 411 0013 02       		.uleb128 0x2
 412 0014 24       		.uleb128 0x24
 413 0015 00       		.byte	0
 414 0016 0B       		.uleb128 0xb
 415 0017 0B       		.uleb128 0xb
ARM GAS  C:\Users\plod1602\AppData\Local\Temp\cccVMUnH.s 			page 9


 416 0018 3E       		.uleb128 0x3e
 417 0019 0B       		.uleb128 0xb
 418 001a 03       		.uleb128 0x3
 419 001b 0E       		.uleb128 0xe
 420 001c 00       		.byte	0
 421 001d 00       		.byte	0
 422 001e 03       		.uleb128 0x3
 423 001f 16       		.uleb128 0x16
 424 0020 00       		.byte	0
 425 0021 03       		.uleb128 0x3
 426 0022 0E       		.uleb128 0xe
 427 0023 3A       		.uleb128 0x3a
 428 0024 0B       		.uleb128 0xb
 429 0025 3B       		.uleb128 0x3b
 430 0026 0B       		.uleb128 0xb
 431 0027 49       		.uleb128 0x49
 432 0028 13       		.uleb128 0x13
 433 0029 00       		.byte	0
 434 002a 00       		.byte	0
 435 002b 04       		.uleb128 0x4
 436 002c 24       		.uleb128 0x24
 437 002d 00       		.byte	0
 438 002e 0B       		.uleb128 0xb
 439 002f 0B       		.uleb128 0xb
 440 0030 3E       		.uleb128 0x3e
 441 0031 0B       		.uleb128 0xb
 442 0032 03       		.uleb128 0x3
 443 0033 08       		.uleb128 0x8
 444 0034 00       		.byte	0
 445 0035 00       		.byte	0
 446 0036 05       		.uleb128 0x5
 447 0037 16       		.uleb128 0x16
 448 0038 00       		.byte	0
 449 0039 03       		.uleb128 0x3
 450 003a 0E       		.uleb128 0xe
 451 003b 3A       		.uleb128 0x3a
 452 003c 0B       		.uleb128 0xb
 453 003d 3B       		.uleb128 0x3b
 454 003e 05       		.uleb128 0x5
 455 003f 49       		.uleb128 0x49
 456 0040 13       		.uleb128 0x13
 457 0041 00       		.byte	0
 458 0042 00       		.byte	0
 459 0043 06       		.uleb128 0x6
 460 0044 2E       		.uleb128 0x2e
 461 0045 01       		.byte	0x1
 462 0046 3F       		.uleb128 0x3f
 463 0047 19       		.uleb128 0x19
 464 0048 03       		.uleb128 0x3
 465 0049 0E       		.uleb128 0xe
 466 004a 3A       		.uleb128 0x3a
 467 004b 0B       		.uleb128 0xb
 468 004c 3B       		.uleb128 0x3b
 469 004d 0B       		.uleb128 0xb
 470 004e 27       		.uleb128 0x27
 471 004f 19       		.uleb128 0x19
 472 0050 49       		.uleb128 0x49
ARM GAS  C:\Users\plod1602\AppData\Local\Temp\cccVMUnH.s 			page 10


 473 0051 13       		.uleb128 0x13
 474 0052 11       		.uleb128 0x11
 475 0053 01       		.uleb128 0x1
 476 0054 12       		.uleb128 0x12
 477 0055 06       		.uleb128 0x6
 478 0056 40       		.uleb128 0x40
 479 0057 18       		.uleb128 0x18
 480 0058 9642     		.uleb128 0x2116
 481 005a 19       		.uleb128 0x19
 482 005b 01       		.uleb128 0x1
 483 005c 13       		.uleb128 0x13
 484 005d 00       		.byte	0
 485 005e 00       		.byte	0
 486 005f 07       		.uleb128 0x7
 487 0060 05       		.uleb128 0x5
 488 0061 00       		.byte	0
 489 0062 03       		.uleb128 0x3
 490 0063 0E       		.uleb128 0xe
 491 0064 3A       		.uleb128 0x3a
 492 0065 0B       		.uleb128 0xb
 493 0066 3B       		.uleb128 0x3b
 494 0067 0B       		.uleb128 0xb
 495 0068 49       		.uleb128 0x49
 496 0069 13       		.uleb128 0x13
 497 006a 02       		.uleb128 0x2
 498 006b 18       		.uleb128 0x18
 499 006c 00       		.byte	0
 500 006d 00       		.byte	0
 501 006e 08       		.uleb128 0x8
 502 006f 34       		.uleb128 0x34
 503 0070 00       		.byte	0
 504 0071 03       		.uleb128 0x3
 505 0072 0E       		.uleb128 0xe
 506 0073 3A       		.uleb128 0x3a
 507 0074 0B       		.uleb128 0xb
 508 0075 3B       		.uleb128 0x3b
 509 0076 0B       		.uleb128 0xb
 510 0077 49       		.uleb128 0x49
 511 0078 13       		.uleb128 0x13
 512 0079 02       		.uleb128 0x2
 513 007a 18       		.uleb128 0x18
 514 007b 00       		.byte	0
 515 007c 00       		.byte	0
 516 007d 09       		.uleb128 0x9
 517 007e 0F       		.uleb128 0xf
 518 007f 00       		.byte	0
 519 0080 0B       		.uleb128 0xb
 520 0081 0B       		.uleb128 0xb
 521 0082 49       		.uleb128 0x49
 522 0083 13       		.uleb128 0x13
 523 0084 00       		.byte	0
 524 0085 00       		.byte	0
 525 0086 0A       		.uleb128 0xa
 526 0087 2E       		.uleb128 0x2e
 527 0088 00       		.byte	0
 528 0089 3F       		.uleb128 0x3f
 529 008a 19       		.uleb128 0x19
ARM GAS  C:\Users\plod1602\AppData\Local\Temp\cccVMUnH.s 			page 11


 530 008b 03       		.uleb128 0x3
 531 008c 0E       		.uleb128 0xe
 532 008d 3A       		.uleb128 0x3a
 533 008e 0B       		.uleb128 0xb
 534 008f 3B       		.uleb128 0x3b
 535 0090 0B       		.uleb128 0xb
 536 0091 49       		.uleb128 0x49
 537 0092 13       		.uleb128 0x13
 538 0093 11       		.uleb128 0x11
 539 0094 01       		.uleb128 0x1
 540 0095 12       		.uleb128 0x12
 541 0096 06       		.uleb128 0x6
 542 0097 40       		.uleb128 0x40
 543 0098 18       		.uleb128 0x18
 544 0099 9742     		.uleb128 0x2117
 545 009b 19       		.uleb128 0x19
 546 009c 00       		.byte	0
 547 009d 00       		.byte	0
 548 009e 0B       		.uleb128 0xb
 549 009f 01       		.uleb128 0x1
 550 00a0 01       		.byte	0x1
 551 00a1 49       		.uleb128 0x49
 552 00a2 13       		.uleb128 0x13
 553 00a3 01       		.uleb128 0x1
 554 00a4 13       		.uleb128 0x13
 555 00a5 00       		.byte	0
 556 00a6 00       		.byte	0
 557 00a7 0C       		.uleb128 0xc
 558 00a8 21       		.uleb128 0x21
 559 00a9 00       		.byte	0
 560 00aa 49       		.uleb128 0x49
 561 00ab 13       		.uleb128 0x13
 562 00ac 2F       		.uleb128 0x2f
 563 00ad 0B       		.uleb128 0xb
 564 00ae 00       		.byte	0
 565 00af 00       		.byte	0
 566 00b0 0D       		.uleb128 0xd
 567 00b1 26       		.uleb128 0x26
 568 00b2 00       		.byte	0
 569 00b3 49       		.uleb128 0x49
 570 00b4 13       		.uleb128 0x13
 571 00b5 00       		.byte	0
 572 00b6 00       		.byte	0
 573 00b7 0E       		.uleb128 0xe
 574 00b8 34       		.uleb128 0x34
 575 00b9 00       		.byte	0
 576 00ba 03       		.uleb128 0x3
 577 00bb 0E       		.uleb128 0xe
 578 00bc 3A       		.uleb128 0x3a
 579 00bd 0B       		.uleb128 0xb
 580 00be 3B       		.uleb128 0x3b
 581 00bf 05       		.uleb128 0x5
 582 00c0 49       		.uleb128 0x49
 583 00c1 13       		.uleb128 0x13
 584 00c2 3F       		.uleb128 0x3f
 585 00c3 19       		.uleb128 0x19
 586 00c4 3C       		.uleb128 0x3c
ARM GAS  C:\Users\plod1602\AppData\Local\Temp\cccVMUnH.s 			page 12


 587 00c5 19       		.uleb128 0x19
 588 00c6 00       		.byte	0
 589 00c7 00       		.byte	0
 590 00c8 0F       		.uleb128 0xf
 591 00c9 35       		.uleb128 0x35
 592 00ca 00       		.byte	0
 593 00cb 49       		.uleb128 0x49
 594 00cc 13       		.uleb128 0x13
 595 00cd 00       		.byte	0
 596 00ce 00       		.byte	0
 597 00cf 00       		.byte	0
 598              		.section	.debug_aranges,"",%progbits
 599 0000 2C000000 		.4byte	0x2c
 600 0004 0200     		.2byte	0x2
 601 0006 00000000 		.4byte	.Ldebug_info0
 602 000a 04       		.byte	0x4
 603 000b 00       		.byte	0
 604 000c 0000     		.2byte	0
 605 000e 0000     		.2byte	0
 606 0010 00000000 		.4byte	.LFB56
 607 0014 28000000 		.4byte	.LFE56-.LFB56
 608 0018 00000000 		.4byte	.LFB57
 609 001c 28000000 		.4byte	.LFE57-.LFB57
 610 0020 00000000 		.4byte	.LFB58
 611 0024 14000000 		.4byte	.LFE58-.LFB58
 612 0028 00000000 		.4byte	0
 613 002c 00000000 		.4byte	0
 614              		.section	.debug_ranges,"",%progbits
 615              	.Ldebug_ranges0:
 616 0000 00000000 		.4byte	.LFB56
 617 0004 28000000 		.4byte	.LFE56
 618 0008 00000000 		.4byte	.LFB57
 619 000c 28000000 		.4byte	.LFE57
 620 0010 00000000 		.4byte	.LFB58
 621 0014 14000000 		.4byte	.LFE58
 622 0018 00000000 		.4byte	0
 623 001c 00000000 		.4byte	0
 624              		.section	.debug_line,"",%progbits
 625              	.Ldebug_line0:
 626 0000 88010000 		.section	.debug_str,"MS",%progbits,1
 626      02004B01 
 626      00000201 
 626      FB0E0D00 
 626      01010101 
 627              	.LASF9:
 628 0000 5F5F696E 		.ascii	"__int32_t\000"
 628      7433325F 
 628      7400
 629              	.LASF21:
 630 000a 73746174 		.ascii	"status\000"
 630      757300
 631              	.LASF25:
 632 0011 64617461 		.ascii	"dataCalibration\000"
 632      43616C69 
 632      62726174 
 632      696F6E00 
 633              	.LASF10:
ARM GAS  C:\Users\plod1602\AppData\Local\Temp\cccVMUnH.s 			page 13


 634 0021 696E7433 		.ascii	"int32_t\000"
 634      325F7400 
 635              	.LASF14:
 636 0029 666C6F61 		.ascii	"float\000"
 636      7400
 637              	.LASF20:
 638 002f 64617461 		.ascii	"data\000"
 638      00
 639              	.LASF11:
 640 0034 75696E74 		.ascii	"uint8\000"
 640      3800
 641              	.LASF22:
 642 003a 73746F72 		.ascii	"storeNbRun\000"
 642      654E6252 
 642      756E00
 643              	.LASF1:
 644 0045 756E7369 		.ascii	"unsigned char\000"
 644      676E6564 
 644      20636861 
 644      7200
 645              	.LASF13:
 646 0053 696E7431 		.ascii	"int16\000"
 646      3600
 647              	.LASF5:
 648 0059 6C6F6E67 		.ascii	"long unsigned int\000"
 648      20756E73 
 648      69676E65 
 648      6420696E 
 648      7400
 649              	.LASF3:
 650 006b 73686F72 		.ascii	"short unsigned int\000"
 650      7420756E 
 650      7369676E 
 650      65642069 
 650      6E7400
 651              	.LASF32:
 652 007e 49544D5F 		.ascii	"ITM_RxBuffer\000"
 652      52784275 
 652      66666572 
 652      00
 653              	.LASF15:
 654 008b 646F7562 		.ascii	"double\000"
 654      6C6500
 655              	.LASF26:
 656 0092 65657072 		.ascii	"eepromCalibration\000"
 656      6F6D4361 
 656      6C696272 
 656      6174696F 
 656      6E00
 657              	.LASF17:
 658 00a4 63797374 		.ascii	"cystatus\000"
 658      61747573 
 658      00
 659              	.LASF12:
 660 00ad 696E7438 		.ascii	"int8\000"
 660      00
 661              	.LASF24:
ARM GAS  C:\Users\plod1602\AppData\Local\Temp\cccVMUnH.s 			page 14


 662 00b2 6E625275 		.ascii	"nbRun\000"
 662      6E00
 663              	.LASF8:
 664 00b8 756E7369 		.ascii	"unsigned int\000"
 664      676E6564 
 664      20696E74 
 664      00
 665              	.LASF7:
 666 00c5 6C6F6E67 		.ascii	"long long unsigned int\000"
 666      206C6F6E 
 666      6720756E 
 666      7369676E 
 666      65642069 
 667              	.LASF28:
 668 00dc 474E5520 		.ascii	"GNU C 4.8.4 20140526 (release) [ARM/embedded-4_8-br"
 668      4320342E 
 668      382E3420 
 668      32303134 
 668      30353236 
 669 010f 616E6368 		.ascii	"anch revision 211358] -mcpu=cortex-m3 -mthumb -g -O"
 669      20726576 
 669      6973696F 
 669      6E203231 
 669      31333538 
 670 0142 30202D66 		.ascii	"0 -ffunction-sections\000"
 670      66756E63 
 670      74696F6E 
 670      2D736563 
 670      74696F6E 
 671              	.LASF19:
 672 0158 6C6F6E67 		.ascii	"long double\000"
 672      20646F75 
 672      626C6500 
 673              	.LASF18:
 674 0164 73697A65 		.ascii	"sizetype\000"
 674      74797065 
 674      00
 675              	.LASF6:
 676 016d 6C6F6E67 		.ascii	"long long int\000"
 676      206C6F6E 
 676      6720696E 
 676      7400
 677              	.LASF29:
 678 017b 2E5C6D65 		.ascii	".\\memory.c\000"
 678      6D6F7279 
 678      2E6300
 679              	.LASF16:
 680 0186 63686172 		.ascii	"char\000"
 680      00
 681              	.LASF2:
 682 018b 73686F72 		.ascii	"short int\000"
 682      7420696E 
 682      7400
 683              	.LASF31:
 684 0195 67657443 		.ascii	"getCalibrationInfo\000"
 684      616C6962 
 684      72617469 
ARM GAS  C:\Users\plod1602\AppData\Local\Temp\cccVMUnH.s 			page 15


 684      6F6E496E 
 684      666F00
 685              	.LASF4:
 686 01a8 6C6F6E67 		.ascii	"long int\000"
 686      20696E74 
 686      00
 687              	.LASF30:
 688 01b1 433A5C55 		.ascii	"C:\\Users\\plod1602\\Desktop\\TAC_2015-09-18\\TAC_P"
 688      73657273 
 688      5C706C6F 
 688      64313630 
 688      325C4465 
 689 01df 534F4335 		.ascii	"SOC5.cydsn\000"
 689      2E637964 
 689      736E00
 690              	.LASF23:
 691 01ea 73746F72 		.ascii	"storeCalibrationInfo\000"
 691      6543616C 
 691      69627261 
 691      74696F6E 
 691      496E666F 
 692              	.LASF0:
 693 01ff 7369676E 		.ascii	"signed char\000"
 693      65642063 
 693      68617200 
 694              	.LASF27:
 695 020b 65657072 		.ascii	"eepromRunData\000"
 695      6F6D5275 
 695      6E446174 
 695      6100
 696              		.ident	"GCC: (GNU Tools for ARM Embedded Processors) 4.8.4 20140526 (release) [ARM/embedded-4_8-br
