ARM GAS  C:\Users\plod1602\AppData\Local\Temp\cc59U27R.s 			page 1


   1              		.syntax unified
   2              		.cpu cortex-m3
   3              		.fpu softvfp
   4              		.eabi_attribute 20, 1
   5              		.eabi_attribute 21, 1
   6              		.eabi_attribute 23, 3
   7              		.eabi_attribute 24, 1
   8              		.eabi_attribute 25, 1
   9              		.eabi_attribute 26, 1
  10              		.eabi_attribute 30, 6
  11              		.eabi_attribute 34, 1
  12              		.eabi_attribute 18, 4
  13              		.thumb
  14              		.file	"Timer_1.c"
  15              		.text
  16              	.Ltext0:
  17              		.cfi_sections	.debug_frame
  18              		.global	Timer_1_initVar
  19              		.bss
  20              		.type	Timer_1_initVar, %object
  21              		.size	Timer_1_initVar, 1
  22              	Timer_1_initVar:
  23 0000 00       		.space	1
  24              		.section	.text.Timer_1_Init,"ax",%progbits
  25              		.align	2
  26              		.global	Timer_1_Init
  27              		.thumb
  28              		.thumb_func
  29              		.type	Timer_1_Init, %function
  30              	Timer_1_Init:
  31              	.LFB0:
  32              		.file 1 ".\\Generated_Source\\PSoC5\\Timer_1.c"
   1:.\Generated_Source\PSoC5/Timer_1.c **** /*******************************************************************************
   2:.\Generated_Source\PSoC5/Timer_1.c **** * File Name: Timer_1.c
   3:.\Generated_Source\PSoC5/Timer_1.c **** * Version 2.70
   4:.\Generated_Source\PSoC5/Timer_1.c **** *
   5:.\Generated_Source\PSoC5/Timer_1.c **** * Description:
   6:.\Generated_Source\PSoC5/Timer_1.c **** *  The Timer component consists of a 8, 16, 24 or 32-bit timer with
   7:.\Generated_Source\PSoC5/Timer_1.c **** *  a selectable period between 2 and 2^Width - 1.  The timer may free run
   8:.\Generated_Source\PSoC5/Timer_1.c **** *  or be used as a capture timer as well.  The capture can be initiated
   9:.\Generated_Source\PSoC5/Timer_1.c **** *  by a positive or negative edge signal as well as via software.
  10:.\Generated_Source\PSoC5/Timer_1.c **** *  A trigger input can be programmed to enable the timer on rising edge
  11:.\Generated_Source\PSoC5/Timer_1.c **** *  falling edge, either edge or continous run.
  12:.\Generated_Source\PSoC5/Timer_1.c **** *  Interrupts may be generated due to a terminal count condition
  13:.\Generated_Source\PSoC5/Timer_1.c **** *  or a capture event.
  14:.\Generated_Source\PSoC5/Timer_1.c **** *
  15:.\Generated_Source\PSoC5/Timer_1.c **** * Note:
  16:.\Generated_Source\PSoC5/Timer_1.c **** *
  17:.\Generated_Source\PSoC5/Timer_1.c **** ********************************************************************************
  18:.\Generated_Source\PSoC5/Timer_1.c **** * Copyright 2008-2014, Cypress Semiconductor Corporation.  All rights reserved.
  19:.\Generated_Source\PSoC5/Timer_1.c **** * You may use this file only in accordance with the license, terms, conditions,
  20:.\Generated_Source\PSoC5/Timer_1.c **** * disclaimers, and limitations in the end user license agreement accompanying
  21:.\Generated_Source\PSoC5/Timer_1.c **** * the software package with which this file was provided.
  22:.\Generated_Source\PSoC5/Timer_1.c **** ********************************************************************************/
  23:.\Generated_Source\PSoC5/Timer_1.c **** 
  24:.\Generated_Source\PSoC5/Timer_1.c **** #include "Timer_1.h"
  25:.\Generated_Source\PSoC5/Timer_1.c **** 
ARM GAS  C:\Users\plod1602\AppData\Local\Temp\cc59U27R.s 			page 2


  26:.\Generated_Source\PSoC5/Timer_1.c **** uint8 Timer_1_initVar = 0u;
  27:.\Generated_Source\PSoC5/Timer_1.c **** 
  28:.\Generated_Source\PSoC5/Timer_1.c **** 
  29:.\Generated_Source\PSoC5/Timer_1.c **** /*******************************************************************************
  30:.\Generated_Source\PSoC5/Timer_1.c **** * Function Name: Timer_1_Init
  31:.\Generated_Source\PSoC5/Timer_1.c **** ********************************************************************************
  32:.\Generated_Source\PSoC5/Timer_1.c **** *
  33:.\Generated_Source\PSoC5/Timer_1.c **** * Summary:
  34:.\Generated_Source\PSoC5/Timer_1.c **** *  Initialize to the schematic state
  35:.\Generated_Source\PSoC5/Timer_1.c **** *
  36:.\Generated_Source\PSoC5/Timer_1.c **** * Parameters:
  37:.\Generated_Source\PSoC5/Timer_1.c **** *  void
  38:.\Generated_Source\PSoC5/Timer_1.c **** *
  39:.\Generated_Source\PSoC5/Timer_1.c **** * Return:
  40:.\Generated_Source\PSoC5/Timer_1.c **** *  void
  41:.\Generated_Source\PSoC5/Timer_1.c **** *
  42:.\Generated_Source\PSoC5/Timer_1.c **** *******************************************************************************/
  43:.\Generated_Source\PSoC5/Timer_1.c **** void Timer_1_Init(void) 
  44:.\Generated_Source\PSoC5/Timer_1.c **** {
  33              		.loc 1 44 0
  34              		.cfi_startproc
  35              		@ args = 0, pretend = 0, frame = 0
  36              		@ frame_needed = 1, uses_anonymous_args = 0
  37 0000 80B5     		push	{r7, lr}
  38              		.cfi_def_cfa_offset 8
  39              		.cfi_offset 7, -8
  40              		.cfi_offset 14, -4
  41 0002 00AF     		add	r7, sp, #0
  42              		.cfi_def_cfa_register 7
  45:.\Generated_Source\PSoC5/Timer_1.c ****     #if(!Timer_1_UsingFixedFunction)
  46:.\Generated_Source\PSoC5/Timer_1.c ****             /* Interrupt State Backup for Critical Region*/
  47:.\Generated_Source\PSoC5/Timer_1.c ****             uint8 Timer_1_interruptState;
  48:.\Generated_Source\PSoC5/Timer_1.c ****     #endif /* Interrupt state back up for Fixed Function only */
  49:.\Generated_Source\PSoC5/Timer_1.c **** 
  50:.\Generated_Source\PSoC5/Timer_1.c ****     #if (Timer_1_UsingFixedFunction)
  51:.\Generated_Source\PSoC5/Timer_1.c ****         /* Clear all bits but the enable bit (if it's already set) for Timer operation */
  52:.\Generated_Source\PSoC5/Timer_1.c ****         Timer_1_CONTROL &= Timer_1_CTRL_ENABLE;
  43              		.loc 1 52 0
  44 0004 204B     		ldr	r3, .L2
  45 0006 204A     		ldr	r2, .L2
  46 0008 1278     		ldrb	r2, [r2]
  47 000a D2B2     		uxtb	r2, r2
  48 000c 02F00102 		and	r2, r2, #1
  49 0010 D2B2     		uxtb	r2, r2
  50 0012 1A70     		strb	r2, [r3]
  53:.\Generated_Source\PSoC5/Timer_1.c **** 
  54:.\Generated_Source\PSoC5/Timer_1.c ****         /* Clear the mode bits for continuous run mode */
  55:.\Generated_Source\PSoC5/Timer_1.c ****         #if (CY_PSOC5A)
  56:.\Generated_Source\PSoC5/Timer_1.c ****             Timer_1_CONTROL2 &= ((uint8)(~Timer_1_CTRL_MODE_MASK));
  57:.\Generated_Source\PSoC5/Timer_1.c ****         #endif /* Clear bits in CONTROL2 only in PSOC5A */
  58:.\Generated_Source\PSoC5/Timer_1.c **** 
  59:.\Generated_Source\PSoC5/Timer_1.c ****         #if (CY_PSOC3 || CY_PSOC5LP)
  60:.\Generated_Source\PSoC5/Timer_1.c ****             Timer_1_CONTROL3 &= ((uint8)(~Timer_1_CTRL_MODE_MASK));
  51              		.loc 1 60 0
  52 0014 1D4B     		ldr	r3, .L2+4
  53 0016 1D4A     		ldr	r2, .L2+4
  54 0018 1278     		ldrb	r2, [r2]
ARM GAS  C:\Users\plod1602\AppData\Local\Temp\cc59U27R.s 			page 3


  55 001a D2B2     		uxtb	r2, r2
  56 001c 22F00302 		bic	r2, r2, #3
  57 0020 D2B2     		uxtb	r2, r2
  58 0022 1A70     		strb	r2, [r3]
  61:.\Generated_Source\PSoC5/Timer_1.c ****         #endif /* CONTROL3 register exists only in PSoC3 OR PSoC5LP */
  62:.\Generated_Source\PSoC5/Timer_1.c **** 
  63:.\Generated_Source\PSoC5/Timer_1.c ****         /* Check if One Shot mode is enabled i.e. RunMode !=0*/
  64:.\Generated_Source\PSoC5/Timer_1.c ****         #if (Timer_1_RunModeUsed != 0x0u)
  65:.\Generated_Source\PSoC5/Timer_1.c ****             /* Set 3rd bit of Control register to enable one shot mode */
  66:.\Generated_Source\PSoC5/Timer_1.c ****             Timer_1_CONTROL |= 0x04u;
  67:.\Generated_Source\PSoC5/Timer_1.c ****         #endif /* One Shot enabled only when RunModeUsed is not Continuous*/
  68:.\Generated_Source\PSoC5/Timer_1.c **** 
  69:.\Generated_Source\PSoC5/Timer_1.c ****         #if (Timer_1_RunModeUsed == 2)
  70:.\Generated_Source\PSoC5/Timer_1.c ****             #if (CY_PSOC5A)
  71:.\Generated_Source\PSoC5/Timer_1.c ****                 /* Set last 2 bits of control2 register if one shot(halt on
  72:.\Generated_Source\PSoC5/Timer_1.c ****                 interrupt) is enabled*/
  73:.\Generated_Source\PSoC5/Timer_1.c ****                 Timer_1_CONTROL2 |= 0x03u;
  74:.\Generated_Source\PSoC5/Timer_1.c ****             #endif /* Set One-Shot Halt on Interrupt bit in CONTROL2 for PSoC5A */
  75:.\Generated_Source\PSoC5/Timer_1.c **** 
  76:.\Generated_Source\PSoC5/Timer_1.c ****             #if (CY_PSOC3 || CY_PSOC5LP)
  77:.\Generated_Source\PSoC5/Timer_1.c ****                 /* Set last 2 bits of control3 register if one shot(halt on
  78:.\Generated_Source\PSoC5/Timer_1.c ****                 interrupt) is enabled*/
  79:.\Generated_Source\PSoC5/Timer_1.c ****                 Timer_1_CONTROL3 |= 0x03u;
  80:.\Generated_Source\PSoC5/Timer_1.c ****             #endif /* Set One-Shot Halt on Interrupt bit in CONTROL3 for PSoC3 or PSoC5LP */
  81:.\Generated_Source\PSoC5/Timer_1.c **** 
  82:.\Generated_Source\PSoC5/Timer_1.c ****         #endif /* Remove section if One Shot Halt on Interrupt is not enabled */
  83:.\Generated_Source\PSoC5/Timer_1.c **** 
  84:.\Generated_Source\PSoC5/Timer_1.c ****         #if (Timer_1_UsingHWEnable != 0)
  85:.\Generated_Source\PSoC5/Timer_1.c ****             #if (CY_PSOC5A)
  86:.\Generated_Source\PSoC5/Timer_1.c ****                 /* Set the default Run Mode of the Timer to Continuous */
  87:.\Generated_Source\PSoC5/Timer_1.c ****                 Timer_1_CONTROL2 |= Timer_1_CTRL_MODE_PULSEWIDTH;
  88:.\Generated_Source\PSoC5/Timer_1.c ****             #endif /* Set Continuous Run Mode in CONTROL2 for PSoC5A */
  89:.\Generated_Source\PSoC5/Timer_1.c **** 
  90:.\Generated_Source\PSoC5/Timer_1.c ****             #if (CY_PSOC3 || CY_PSOC5LP)
  91:.\Generated_Source\PSoC5/Timer_1.c ****                 /* Clear and Set ROD and COD bits of CFG2 register */
  92:.\Generated_Source\PSoC5/Timer_1.c ****                 Timer_1_CONTROL3 &= ((uint8)(~Timer_1_CTRL_RCOD_MASK));
  93:.\Generated_Source\PSoC5/Timer_1.c ****                 Timer_1_CONTROL3 |= Timer_1_CTRL_RCOD;
  94:.\Generated_Source\PSoC5/Timer_1.c **** 
  95:.\Generated_Source\PSoC5/Timer_1.c ****                 /* Clear and Enable the HW enable bit in CFG2 register */
  96:.\Generated_Source\PSoC5/Timer_1.c ****                 Timer_1_CONTROL3 &= ((uint8)(~Timer_1_CTRL_ENBL_MASK));
  97:.\Generated_Source\PSoC5/Timer_1.c ****                 Timer_1_CONTROL3 |= Timer_1_CTRL_ENBL;
  98:.\Generated_Source\PSoC5/Timer_1.c **** 
  99:.\Generated_Source\PSoC5/Timer_1.c ****                 /* Set the default Run Mode of the Timer to Continuous */
 100:.\Generated_Source\PSoC5/Timer_1.c ****                 Timer_1_CONTROL3 |= Timer_1_CTRL_MODE_CONTINUOUS;
 101:.\Generated_Source\PSoC5/Timer_1.c ****             #endif /* Set Continuous Run Mode in CONTROL3 for PSoC3ES3 or PSoC5A */
 102:.\Generated_Source\PSoC5/Timer_1.c **** 
 103:.\Generated_Source\PSoC5/Timer_1.c ****         #endif /* Configure Run Mode with hardware enable */
 104:.\Generated_Source\PSoC5/Timer_1.c **** 
 105:.\Generated_Source\PSoC5/Timer_1.c ****         /* Clear and Set SYNCTC and SYNCCMP bits of RT1 register */
 106:.\Generated_Source\PSoC5/Timer_1.c ****         Timer_1_RT1 &= ((uint8)(~Timer_1_RT1_MASK));
  59              		.loc 1 106 0
  60 0024 1A4B     		ldr	r3, .L2+8
  61 0026 1A4A     		ldr	r2, .L2+8
  62 0028 1278     		ldrb	r2, [r2]
  63 002a D2B2     		uxtb	r2, r2
  64 002c 22F03002 		bic	r2, r2, #48
  65 0030 D2B2     		uxtb	r2, r2
ARM GAS  C:\Users\plod1602\AppData\Local\Temp\cc59U27R.s 			page 4


  66 0032 1A70     		strb	r2, [r3]
 107:.\Generated_Source\PSoC5/Timer_1.c ****         Timer_1_RT1 |= Timer_1_SYNC;
  67              		.loc 1 107 0
  68 0034 164B     		ldr	r3, .L2+8
  69 0036 164A     		ldr	r2, .L2+8
  70 0038 1278     		ldrb	r2, [r2]
  71 003a D2B2     		uxtb	r2, r2
  72 003c 42F03002 		orr	r2, r2, #48
  73 0040 D2B2     		uxtb	r2, r2
  74 0042 1A70     		strb	r2, [r3]
 108:.\Generated_Source\PSoC5/Timer_1.c **** 
 109:.\Generated_Source\PSoC5/Timer_1.c ****         /*Enable DSI Sync all all inputs of the Timer*/
 110:.\Generated_Source\PSoC5/Timer_1.c ****         Timer_1_RT1 &= ((uint8)(~Timer_1_SYNCDSI_MASK));
  75              		.loc 1 110 0
  76 0044 124B     		ldr	r3, .L2+8
  77 0046 124A     		ldr	r2, .L2+8
  78 0048 1278     		ldrb	r2, [r2]
  79 004a D2B2     		uxtb	r2, r2
  80 004c 22F00F02 		bic	r2, r2, #15
  81 0050 D2B2     		uxtb	r2, r2
  82 0052 1A70     		strb	r2, [r3]
 111:.\Generated_Source\PSoC5/Timer_1.c ****         Timer_1_RT1 |= Timer_1_SYNCDSI_EN;
  83              		.loc 1 111 0
  84 0054 0E4B     		ldr	r3, .L2+8
  85 0056 0E4A     		ldr	r2, .L2+8
  86 0058 1278     		ldrb	r2, [r2]
  87 005a D2B2     		uxtb	r2, r2
  88 005c 42F00F02 		orr	r2, r2, #15
  89 0060 D2B2     		uxtb	r2, r2
  90 0062 1A70     		strb	r2, [r3]
 112:.\Generated_Source\PSoC5/Timer_1.c **** 
 113:.\Generated_Source\PSoC5/Timer_1.c ****         /* Set the IRQ to use the status register interrupts */
 114:.\Generated_Source\PSoC5/Timer_1.c ****         Timer_1_CONTROL2 |= Timer_1_CTRL2_IRQ_SEL;
  91              		.loc 1 114 0
  92 0064 0B4B     		ldr	r3, .L2+12
  93 0066 0B4A     		ldr	r2, .L2+12
  94 0068 1278     		ldrb	r2, [r2]
  95 006a D2B2     		uxtb	r2, r2
  96 006c 42F00102 		orr	r2, r2, #1
  97 0070 D2B2     		uxtb	r2, r2
  98 0072 1A70     		strb	r2, [r3]
 115:.\Generated_Source\PSoC5/Timer_1.c ****     #endif /* Configuring registers of fixed function implementation */
 116:.\Generated_Source\PSoC5/Timer_1.c **** 
 117:.\Generated_Source\PSoC5/Timer_1.c ****     /* Set Initial values from Configuration */
 118:.\Generated_Source\PSoC5/Timer_1.c ****     Timer_1_WritePeriod(Timer_1_INIT_PERIOD);
  99              		.loc 1 118 0
 100 0074 FF20     		movs	r0, #255
 101 0076 FFF7FEFF 		bl	Timer_1_WritePeriod
 119:.\Generated_Source\PSoC5/Timer_1.c ****     Timer_1_WriteCounter(Timer_1_INIT_PERIOD);
 102              		.loc 1 119 0
 103 007a FF20     		movs	r0, #255
 104 007c FFF7FEFF 		bl	Timer_1_WriteCounter
 120:.\Generated_Source\PSoC5/Timer_1.c **** 
 121:.\Generated_Source\PSoC5/Timer_1.c ****     #if (Timer_1_UsingHWCaptureCounter)/* Capture counter is enabled */
 122:.\Generated_Source\PSoC5/Timer_1.c ****         Timer_1_CAPTURE_COUNT_CTRL |= Timer_1_CNTR_ENABLE;
 123:.\Generated_Source\PSoC5/Timer_1.c ****         Timer_1_SetCaptureCount(Timer_1_INIT_CAPTURE_COUNT);
 124:.\Generated_Source\PSoC5/Timer_1.c ****     #endif /* Configure capture counter value */
ARM GAS  C:\Users\plod1602\AppData\Local\Temp\cc59U27R.s 			page 5


 125:.\Generated_Source\PSoC5/Timer_1.c **** 
 126:.\Generated_Source\PSoC5/Timer_1.c ****     #if (!Timer_1_UsingFixedFunction)
 127:.\Generated_Source\PSoC5/Timer_1.c ****         #if (Timer_1_SoftwareCaptureMode)
 128:.\Generated_Source\PSoC5/Timer_1.c ****             Timer_1_SetCaptureMode(Timer_1_INIT_CAPTURE_MODE);
 129:.\Generated_Source\PSoC5/Timer_1.c ****         #endif /* Set Capture Mode for UDB implementation if capture mode is software controlled */
 130:.\Generated_Source\PSoC5/Timer_1.c **** 
 131:.\Generated_Source\PSoC5/Timer_1.c ****         #if (Timer_1_SoftwareTriggerMode)
 132:.\Generated_Source\PSoC5/Timer_1.c ****             #if (!Timer_1_UDB_CONTROL_REG_REMOVED)
 133:.\Generated_Source\PSoC5/Timer_1.c ****                 if (0u == (Timer_1_CONTROL & Timer_1__B_TIMER__TM_SOFTWARE))
 134:.\Generated_Source\PSoC5/Timer_1.c ****                 {
 135:.\Generated_Source\PSoC5/Timer_1.c ****                     Timer_1_SetTriggerMode(Timer_1_INIT_TRIGGER_MODE);
 136:.\Generated_Source\PSoC5/Timer_1.c ****                 }
 137:.\Generated_Source\PSoC5/Timer_1.c ****             #endif /* (!Timer_1_UDB_CONTROL_REG_REMOVED) */
 138:.\Generated_Source\PSoC5/Timer_1.c ****         #endif /* Set trigger mode for UDB Implementation if trigger mode is software controlled */
 139:.\Generated_Source\PSoC5/Timer_1.c **** 
 140:.\Generated_Source\PSoC5/Timer_1.c ****         /* CyEnterCriticalRegion and CyExitCriticalRegion are used to mark following region critica
 141:.\Generated_Source\PSoC5/Timer_1.c ****         /* Enter Critical Region*/
 142:.\Generated_Source\PSoC5/Timer_1.c ****         Timer_1_interruptState = CyEnterCriticalSection();
 143:.\Generated_Source\PSoC5/Timer_1.c **** 
 144:.\Generated_Source\PSoC5/Timer_1.c ****         /* Use the interrupt output of the status register for IRQ output */
 145:.\Generated_Source\PSoC5/Timer_1.c ****         Timer_1_STATUS_AUX_CTRL |= Timer_1_STATUS_ACTL_INT_EN_MASK;
 146:.\Generated_Source\PSoC5/Timer_1.c **** 
 147:.\Generated_Source\PSoC5/Timer_1.c ****         /* Exit Critical Region*/
 148:.\Generated_Source\PSoC5/Timer_1.c ****         CyExitCriticalSection(Timer_1_interruptState);
 149:.\Generated_Source\PSoC5/Timer_1.c **** 
 150:.\Generated_Source\PSoC5/Timer_1.c ****         #if (Timer_1_EnableTriggerMode)
 151:.\Generated_Source\PSoC5/Timer_1.c ****             Timer_1_EnableTrigger();
 152:.\Generated_Source\PSoC5/Timer_1.c ****         #endif /* Set Trigger enable bit for UDB implementation in the control register*/
 153:.\Generated_Source\PSoC5/Timer_1.c **** 		
 154:.\Generated_Source\PSoC5/Timer_1.c **** 		
 155:.\Generated_Source\PSoC5/Timer_1.c ****         #if (Timer_1_InterruptOnCaptureCount && !Timer_1_UDB_CONTROL_REG_REMOVED)
 156:.\Generated_Source\PSoC5/Timer_1.c ****             Timer_1_SetInterruptCount(Timer_1_INIT_INT_CAPTURE_COUNT);
 157:.\Generated_Source\PSoC5/Timer_1.c ****         #endif /* Set interrupt count in UDB implementation if interrupt count feature is checked.*
 158:.\Generated_Source\PSoC5/Timer_1.c **** 
 159:.\Generated_Source\PSoC5/Timer_1.c ****         Timer_1_ClearFIFO();
 160:.\Generated_Source\PSoC5/Timer_1.c ****     #endif /* Configure additional features of UDB implementation */
 161:.\Generated_Source\PSoC5/Timer_1.c **** 
 162:.\Generated_Source\PSoC5/Timer_1.c ****     Timer_1_SetInterruptMode(Timer_1_INIT_INTERRUPT_MODE);
 105              		.loc 1 162 0
 106 0080 0020     		movs	r0, #0
 107 0082 FFF7FEFF 		bl	Timer_1_SetInterruptMode
 163:.\Generated_Source\PSoC5/Timer_1.c **** }
 108              		.loc 1 163 0
 109 0086 80BD     		pop	{r7, pc}
 110              	.L3:
 111              		.align	2
 112              	.L2:
 113 0088 004F0040 		.word	1073762048
 114 008c 024F0040 		.word	1073762050
 115 0090 0B4F0040 		.word	1073762059
 116 0094 014F0040 		.word	1073762049
 117              		.cfi_endproc
 118              	.LFE0:
 119              		.size	Timer_1_Init, .-Timer_1_Init
 120              		.section	.text.Timer_1_Enable,"ax",%progbits
 121              		.align	2
 122              		.global	Timer_1_Enable
ARM GAS  C:\Users\plod1602\AppData\Local\Temp\cc59U27R.s 			page 6


 123              		.thumb
 124              		.thumb_func
 125              		.type	Timer_1_Enable, %function
 126              	Timer_1_Enable:
 127              	.LFB1:
 164:.\Generated_Source\PSoC5/Timer_1.c **** 
 165:.\Generated_Source\PSoC5/Timer_1.c **** 
 166:.\Generated_Source\PSoC5/Timer_1.c **** /*******************************************************************************
 167:.\Generated_Source\PSoC5/Timer_1.c **** * Function Name: Timer_1_Enable
 168:.\Generated_Source\PSoC5/Timer_1.c **** ********************************************************************************
 169:.\Generated_Source\PSoC5/Timer_1.c **** *
 170:.\Generated_Source\PSoC5/Timer_1.c **** * Summary:
 171:.\Generated_Source\PSoC5/Timer_1.c **** *  Enable the Timer
 172:.\Generated_Source\PSoC5/Timer_1.c **** *
 173:.\Generated_Source\PSoC5/Timer_1.c **** * Parameters:
 174:.\Generated_Source\PSoC5/Timer_1.c **** *  void
 175:.\Generated_Source\PSoC5/Timer_1.c **** *
 176:.\Generated_Source\PSoC5/Timer_1.c **** * Return:
 177:.\Generated_Source\PSoC5/Timer_1.c **** *  void
 178:.\Generated_Source\PSoC5/Timer_1.c **** *
 179:.\Generated_Source\PSoC5/Timer_1.c **** *******************************************************************************/
 180:.\Generated_Source\PSoC5/Timer_1.c **** void Timer_1_Enable(void) 
 181:.\Generated_Source\PSoC5/Timer_1.c **** {
 128              		.loc 1 181 0
 129              		.cfi_startproc
 130              		@ args = 0, pretend = 0, frame = 0
 131              		@ frame_needed = 1, uses_anonymous_args = 0
 132              		@ link register save eliminated.
 133 0000 80B4     		push	{r7}
 134              		.cfi_def_cfa_offset 4
 135              		.cfi_offset 7, -4
 136 0002 00AF     		add	r7, sp, #0
 137              		.cfi_def_cfa_register 7
 182:.\Generated_Source\PSoC5/Timer_1.c ****     /* Globally Enable the Fixed Function Block chosen */
 183:.\Generated_Source\PSoC5/Timer_1.c ****     #if (Timer_1_UsingFixedFunction)
 184:.\Generated_Source\PSoC5/Timer_1.c ****         Timer_1_GLOBAL_ENABLE |= Timer_1_BLOCK_EN_MASK;
 138              		.loc 1 184 0
 139 0004 0D4B     		ldr	r3, .L5
 140 0006 0D4A     		ldr	r2, .L5
 141 0008 1278     		ldrb	r2, [r2]
 142 000a D2B2     		uxtb	r2, r2
 143 000c 42F00102 		orr	r2, r2, #1
 144 0010 D2B2     		uxtb	r2, r2
 145 0012 1A70     		strb	r2, [r3]
 185:.\Generated_Source\PSoC5/Timer_1.c ****         Timer_1_GLOBAL_STBY_ENABLE |= Timer_1_BLOCK_STBY_EN_MASK;
 146              		.loc 1 185 0
 147 0014 0A4B     		ldr	r3, .L5+4
 148 0016 0A4A     		ldr	r2, .L5+4
 149 0018 1278     		ldrb	r2, [r2]
 150 001a D2B2     		uxtb	r2, r2
 151 001c 42F00102 		orr	r2, r2, #1
 152 0020 D2B2     		uxtb	r2, r2
 153 0022 1A70     		strb	r2, [r3]
 186:.\Generated_Source\PSoC5/Timer_1.c ****     #endif /* Set Enable bit for enabling Fixed function timer*/
 187:.\Generated_Source\PSoC5/Timer_1.c **** 
 188:.\Generated_Source\PSoC5/Timer_1.c ****     /* Remove assignment if control register is removed */
 189:.\Generated_Source\PSoC5/Timer_1.c ****     #if (!Timer_1_UDB_CONTROL_REG_REMOVED || Timer_1_UsingFixedFunction)
ARM GAS  C:\Users\plod1602\AppData\Local\Temp\cc59U27R.s 			page 7


 190:.\Generated_Source\PSoC5/Timer_1.c ****         Timer_1_CONTROL |= Timer_1_CTRL_ENABLE;
 154              		.loc 1 190 0
 155 0024 074B     		ldr	r3, .L5+8
 156 0026 074A     		ldr	r2, .L5+8
 157 0028 1278     		ldrb	r2, [r2]
 158 002a D2B2     		uxtb	r2, r2
 159 002c 42F00102 		orr	r2, r2, #1
 160 0030 D2B2     		uxtb	r2, r2
 161 0032 1A70     		strb	r2, [r3]
 191:.\Generated_Source\PSoC5/Timer_1.c ****     #endif /* Remove assignment if control register is removed */
 192:.\Generated_Source\PSoC5/Timer_1.c **** }
 162              		.loc 1 192 0
 163 0034 BD46     		mov	sp, r7
 164              		@ sp needed
 165 0036 5DF8047B 		ldr	r7, [sp], #4
 166 003a 7047     		bx	lr
 167              	.L6:
 168              		.align	2
 169              	.L5:
 170 003c A3430040 		.word	1073759139
 171 0040 B3430040 		.word	1073759155
 172 0044 004F0040 		.word	1073762048
 173              		.cfi_endproc
 174              	.LFE1:
 175              		.size	Timer_1_Enable, .-Timer_1_Enable
 176              		.section	.text.Timer_1_Start,"ax",%progbits
 177              		.align	2
 178              		.global	Timer_1_Start
 179              		.thumb
 180              		.thumb_func
 181              		.type	Timer_1_Start, %function
 182              	Timer_1_Start:
 183              	.LFB2:
 193:.\Generated_Source\PSoC5/Timer_1.c **** 
 194:.\Generated_Source\PSoC5/Timer_1.c **** 
 195:.\Generated_Source\PSoC5/Timer_1.c **** /*******************************************************************************
 196:.\Generated_Source\PSoC5/Timer_1.c **** * Function Name: Timer_1_Start
 197:.\Generated_Source\PSoC5/Timer_1.c **** ********************************************************************************
 198:.\Generated_Source\PSoC5/Timer_1.c **** *
 199:.\Generated_Source\PSoC5/Timer_1.c **** * Summary:
 200:.\Generated_Source\PSoC5/Timer_1.c **** *  The start function initializes the timer with the default values, the
 201:.\Generated_Source\PSoC5/Timer_1.c **** *  enables the timerto begin counting.  It does not enable interrupts,
 202:.\Generated_Source\PSoC5/Timer_1.c **** *  the EnableInt command should be called if interrupt generation is required.
 203:.\Generated_Source\PSoC5/Timer_1.c **** *
 204:.\Generated_Source\PSoC5/Timer_1.c **** * Parameters:
 205:.\Generated_Source\PSoC5/Timer_1.c **** *  void
 206:.\Generated_Source\PSoC5/Timer_1.c **** *
 207:.\Generated_Source\PSoC5/Timer_1.c **** * Return:
 208:.\Generated_Source\PSoC5/Timer_1.c **** *  void
 209:.\Generated_Source\PSoC5/Timer_1.c **** *
 210:.\Generated_Source\PSoC5/Timer_1.c **** * Global variables:
 211:.\Generated_Source\PSoC5/Timer_1.c **** *  Timer_1_initVar: Is modified when this function is called for the
 212:.\Generated_Source\PSoC5/Timer_1.c **** *   first time. Is used to ensure that initialization happens only once.
 213:.\Generated_Source\PSoC5/Timer_1.c **** *
 214:.\Generated_Source\PSoC5/Timer_1.c **** *******************************************************************************/
 215:.\Generated_Source\PSoC5/Timer_1.c **** void Timer_1_Start(void) 
 216:.\Generated_Source\PSoC5/Timer_1.c **** {
ARM GAS  C:\Users\plod1602\AppData\Local\Temp\cc59U27R.s 			page 8


 184              		.loc 1 216 0
 185              		.cfi_startproc
 186              		@ args = 0, pretend = 0, frame = 0
 187              		@ frame_needed = 1, uses_anonymous_args = 0
 188 0000 80B5     		push	{r7, lr}
 189              		.cfi_def_cfa_offset 8
 190              		.cfi_offset 7, -8
 191              		.cfi_offset 14, -4
 192 0002 00AF     		add	r7, sp, #0
 193              		.cfi_def_cfa_register 7
 217:.\Generated_Source\PSoC5/Timer_1.c ****     if(Timer_1_initVar == 0u)
 194              		.loc 1 217 0
 195 0004 054B     		ldr	r3, .L9
 196 0006 1B78     		ldrb	r3, [r3]	@ zero_extendqisi2
 197 0008 002B     		cmp	r3, #0
 198 000a 04D1     		bne	.L8
 218:.\Generated_Source\PSoC5/Timer_1.c ****     {
 219:.\Generated_Source\PSoC5/Timer_1.c ****         Timer_1_Init();
 199              		.loc 1 219 0
 200 000c FFF7FEFF 		bl	Timer_1_Init
 220:.\Generated_Source\PSoC5/Timer_1.c **** 
 221:.\Generated_Source\PSoC5/Timer_1.c ****         Timer_1_initVar = 1u;   /* Clear this bit for Initialization */
 201              		.loc 1 221 0
 202 0010 024B     		ldr	r3, .L9
 203 0012 0122     		movs	r2, #1
 204 0014 1A70     		strb	r2, [r3]
 205              	.L8:
 222:.\Generated_Source\PSoC5/Timer_1.c ****     }
 223:.\Generated_Source\PSoC5/Timer_1.c **** 
 224:.\Generated_Source\PSoC5/Timer_1.c ****     /* Enable the Timer */
 225:.\Generated_Source\PSoC5/Timer_1.c ****     Timer_1_Enable();
 206              		.loc 1 225 0
 207 0016 FFF7FEFF 		bl	Timer_1_Enable
 226:.\Generated_Source\PSoC5/Timer_1.c **** }
 208              		.loc 1 226 0
 209 001a 80BD     		pop	{r7, pc}
 210              	.L10:
 211              		.align	2
 212              	.L9:
 213 001c 00000000 		.word	Timer_1_initVar
 214              		.cfi_endproc
 215              	.LFE2:
 216              		.size	Timer_1_Start, .-Timer_1_Start
 217              		.section	.text.Timer_1_Stop,"ax",%progbits
 218              		.align	2
 219              		.global	Timer_1_Stop
 220              		.thumb
 221              		.thumb_func
 222              		.type	Timer_1_Stop, %function
 223              	Timer_1_Stop:
 224              	.LFB3:
 227:.\Generated_Source\PSoC5/Timer_1.c **** 
 228:.\Generated_Source\PSoC5/Timer_1.c **** 
 229:.\Generated_Source\PSoC5/Timer_1.c **** /*******************************************************************************
 230:.\Generated_Source\PSoC5/Timer_1.c **** * Function Name: Timer_1_Stop
 231:.\Generated_Source\PSoC5/Timer_1.c **** ********************************************************************************
 232:.\Generated_Source\PSoC5/Timer_1.c **** *
ARM GAS  C:\Users\plod1602\AppData\Local\Temp\cc59U27R.s 			page 9


 233:.\Generated_Source\PSoC5/Timer_1.c **** * Summary:
 234:.\Generated_Source\PSoC5/Timer_1.c **** *  The stop function halts the timer, but does not change any modes or disable
 235:.\Generated_Source\PSoC5/Timer_1.c **** *  interrupts.
 236:.\Generated_Source\PSoC5/Timer_1.c **** *
 237:.\Generated_Source\PSoC5/Timer_1.c **** * Parameters:
 238:.\Generated_Source\PSoC5/Timer_1.c **** *  void
 239:.\Generated_Source\PSoC5/Timer_1.c **** *
 240:.\Generated_Source\PSoC5/Timer_1.c **** * Return:
 241:.\Generated_Source\PSoC5/Timer_1.c **** *  void
 242:.\Generated_Source\PSoC5/Timer_1.c **** *
 243:.\Generated_Source\PSoC5/Timer_1.c **** * Side Effects: If the Enable mode is set to Hardware only then this function
 244:.\Generated_Source\PSoC5/Timer_1.c **** *               has no effect on the operation of the timer.
 245:.\Generated_Source\PSoC5/Timer_1.c **** *
 246:.\Generated_Source\PSoC5/Timer_1.c **** *******************************************************************************/
 247:.\Generated_Source\PSoC5/Timer_1.c **** void Timer_1_Stop(void) 
 248:.\Generated_Source\PSoC5/Timer_1.c **** {
 225              		.loc 1 248 0
 226              		.cfi_startproc
 227              		@ args = 0, pretend = 0, frame = 0
 228              		@ frame_needed = 1, uses_anonymous_args = 0
 229              		@ link register save eliminated.
 230 0000 80B4     		push	{r7}
 231              		.cfi_def_cfa_offset 4
 232              		.cfi_offset 7, -4
 233 0002 00AF     		add	r7, sp, #0
 234              		.cfi_def_cfa_register 7
 249:.\Generated_Source\PSoC5/Timer_1.c ****     /* Disable Timer */
 250:.\Generated_Source\PSoC5/Timer_1.c ****     #if(!Timer_1_UDB_CONTROL_REG_REMOVED || Timer_1_UsingFixedFunction)
 251:.\Generated_Source\PSoC5/Timer_1.c ****         Timer_1_CONTROL &= ((uint8)(~Timer_1_CTRL_ENABLE));
 235              		.loc 1 251 0
 236 0004 0D4B     		ldr	r3, .L12
 237 0006 0D4A     		ldr	r2, .L12
 238 0008 1278     		ldrb	r2, [r2]
 239 000a D2B2     		uxtb	r2, r2
 240 000c 22F00102 		bic	r2, r2, #1
 241 0010 D2B2     		uxtb	r2, r2
 242 0012 1A70     		strb	r2, [r3]
 252:.\Generated_Source\PSoC5/Timer_1.c ****     #endif /* Remove assignment if control register is removed */
 253:.\Generated_Source\PSoC5/Timer_1.c **** 
 254:.\Generated_Source\PSoC5/Timer_1.c ****     /* Globally disable the Fixed Function Block chosen */
 255:.\Generated_Source\PSoC5/Timer_1.c ****     #if (Timer_1_UsingFixedFunction)
 256:.\Generated_Source\PSoC5/Timer_1.c ****         Timer_1_GLOBAL_ENABLE &= ((uint8)(~Timer_1_BLOCK_EN_MASK));
 243              		.loc 1 256 0
 244 0014 0A4B     		ldr	r3, .L12+4
 245 0016 0A4A     		ldr	r2, .L12+4
 246 0018 1278     		ldrb	r2, [r2]
 247 001a D2B2     		uxtb	r2, r2
 248 001c 22F00102 		bic	r2, r2, #1
 249 0020 D2B2     		uxtb	r2, r2
 250 0022 1A70     		strb	r2, [r3]
 257:.\Generated_Source\PSoC5/Timer_1.c ****         Timer_1_GLOBAL_STBY_ENABLE &= ((uint8)(~Timer_1_BLOCK_STBY_EN_MASK));
 251              		.loc 1 257 0
 252 0024 074B     		ldr	r3, .L12+8
 253 0026 074A     		ldr	r2, .L12+8
 254 0028 1278     		ldrb	r2, [r2]
 255 002a D2B2     		uxtb	r2, r2
 256 002c 22F00102 		bic	r2, r2, #1
ARM GAS  C:\Users\plod1602\AppData\Local\Temp\cc59U27R.s 			page 10


 257 0030 D2B2     		uxtb	r2, r2
 258 0032 1A70     		strb	r2, [r3]
 258:.\Generated_Source\PSoC5/Timer_1.c ****     #endif /* Disable global enable for the Timer Fixed function block to stop the Timer*/
 259:.\Generated_Source\PSoC5/Timer_1.c **** }
 259              		.loc 1 259 0
 260 0034 BD46     		mov	sp, r7
 261              		@ sp needed
 262 0036 5DF8047B 		ldr	r7, [sp], #4
 263 003a 7047     		bx	lr
 264              	.L13:
 265              		.align	2
 266              	.L12:
 267 003c 004F0040 		.word	1073762048
 268 0040 A3430040 		.word	1073759139
 269 0044 B3430040 		.word	1073759155
 270              		.cfi_endproc
 271              	.LFE3:
 272              		.size	Timer_1_Stop, .-Timer_1_Stop
 273              		.section	.text.Timer_1_SetInterruptMode,"ax",%progbits
 274              		.align	2
 275              		.global	Timer_1_SetInterruptMode
 276              		.thumb
 277              		.thumb_func
 278              		.type	Timer_1_SetInterruptMode, %function
 279              	Timer_1_SetInterruptMode:
 280              	.LFB4:
 260:.\Generated_Source\PSoC5/Timer_1.c **** 
 261:.\Generated_Source\PSoC5/Timer_1.c **** 
 262:.\Generated_Source\PSoC5/Timer_1.c **** /*******************************************************************************
 263:.\Generated_Source\PSoC5/Timer_1.c **** * Function Name: Timer_1_SetInterruptMode
 264:.\Generated_Source\PSoC5/Timer_1.c **** ********************************************************************************
 265:.\Generated_Source\PSoC5/Timer_1.c **** *
 266:.\Generated_Source\PSoC5/Timer_1.c **** * Summary:
 267:.\Generated_Source\PSoC5/Timer_1.c **** *  This function selects which of the interrupt inputs may cause an interrupt.
 268:.\Generated_Source\PSoC5/Timer_1.c **** *  The twosources are caputure and terminal.  One, both or neither may
 269:.\Generated_Source\PSoC5/Timer_1.c **** *  be selected.
 270:.\Generated_Source\PSoC5/Timer_1.c **** *
 271:.\Generated_Source\PSoC5/Timer_1.c **** * Parameters:
 272:.\Generated_Source\PSoC5/Timer_1.c **** *  interruptMode:   This parameter is used to enable interrups on either/or
 273:.\Generated_Source\PSoC5/Timer_1.c **** *                   terminal count or capture.
 274:.\Generated_Source\PSoC5/Timer_1.c **** *
 275:.\Generated_Source\PSoC5/Timer_1.c **** * Return:
 276:.\Generated_Source\PSoC5/Timer_1.c **** *  void
 277:.\Generated_Source\PSoC5/Timer_1.c **** *
 278:.\Generated_Source\PSoC5/Timer_1.c **** *******************************************************************************/
 279:.\Generated_Source\PSoC5/Timer_1.c **** void Timer_1_SetInterruptMode(uint8 interruptMode) 
 280:.\Generated_Source\PSoC5/Timer_1.c **** {
 281              		.loc 1 280 0
 282              		.cfi_startproc
 283              		@ args = 0, pretend = 0, frame = 8
 284              		@ frame_needed = 1, uses_anonymous_args = 0
 285              		@ link register save eliminated.
 286 0000 80B4     		push	{r7}
 287              		.cfi_def_cfa_offset 4
 288              		.cfi_offset 7, -4
 289 0002 83B0     		sub	sp, sp, #12
 290              		.cfi_def_cfa_offset 16
ARM GAS  C:\Users\plod1602\AppData\Local\Temp\cc59U27R.s 			page 11


 291 0004 00AF     		add	r7, sp, #0
 292              		.cfi_def_cfa_register 7
 293 0006 0346     		mov	r3, r0
 294 0008 FB71     		strb	r3, [r7, #7]
 281:.\Generated_Source\PSoC5/Timer_1.c ****     Timer_1_STATUS_MASK = interruptMode;
 295              		.loc 1 281 0
 296 000a 044B     		ldr	r3, .L15
 297 000c FA79     		ldrb	r2, [r7, #7]
 298 000e 1A70     		strb	r2, [r3]
 282:.\Generated_Source\PSoC5/Timer_1.c **** }
 299              		.loc 1 282 0
 300 0010 0C37     		adds	r7, r7, #12
 301 0012 BD46     		mov	sp, r7
 302              		@ sp needed
 303 0014 5DF8047B 		ldr	r7, [sp], #4
 304 0018 7047     		bx	lr
 305              	.L16:
 306 001a 00BF     		.align	2
 307              	.L15:
 308 001c 034F0040 		.word	1073762051
 309              		.cfi_endproc
 310              	.LFE4:
 311              		.size	Timer_1_SetInterruptMode, .-Timer_1_SetInterruptMode
 312              		.section	.text.Timer_1_SoftwareCapture,"ax",%progbits
 313              		.align	2
 314              		.global	Timer_1_SoftwareCapture
 315              		.thumb
 316              		.thumb_func
 317              		.type	Timer_1_SoftwareCapture, %function
 318              	Timer_1_SoftwareCapture:
 319              	.LFB5:
 283:.\Generated_Source\PSoC5/Timer_1.c **** 
 284:.\Generated_Source\PSoC5/Timer_1.c **** 
 285:.\Generated_Source\PSoC5/Timer_1.c **** /*******************************************************************************
 286:.\Generated_Source\PSoC5/Timer_1.c **** * Function Name: Timer_1_SoftwareCapture
 287:.\Generated_Source\PSoC5/Timer_1.c **** ********************************************************************************
 288:.\Generated_Source\PSoC5/Timer_1.c **** *
 289:.\Generated_Source\PSoC5/Timer_1.c **** * Summary:
 290:.\Generated_Source\PSoC5/Timer_1.c **** *  This function forces a capture independent of the capture signal.
 291:.\Generated_Source\PSoC5/Timer_1.c **** *
 292:.\Generated_Source\PSoC5/Timer_1.c **** * Parameters:
 293:.\Generated_Source\PSoC5/Timer_1.c **** *  void
 294:.\Generated_Source\PSoC5/Timer_1.c **** *
 295:.\Generated_Source\PSoC5/Timer_1.c **** * Return:
 296:.\Generated_Source\PSoC5/Timer_1.c **** *  void
 297:.\Generated_Source\PSoC5/Timer_1.c **** *
 298:.\Generated_Source\PSoC5/Timer_1.c **** * Side Effects:
 299:.\Generated_Source\PSoC5/Timer_1.c **** *  An existing hardware capture could be overwritten.
 300:.\Generated_Source\PSoC5/Timer_1.c **** *
 301:.\Generated_Source\PSoC5/Timer_1.c **** *******************************************************************************/
 302:.\Generated_Source\PSoC5/Timer_1.c **** void Timer_1_SoftwareCapture(void) 
 303:.\Generated_Source\PSoC5/Timer_1.c **** {
 320              		.loc 1 303 0
 321              		.cfi_startproc
 322              		@ args = 0, pretend = 0, frame = 0
 323              		@ frame_needed = 1, uses_anonymous_args = 0
 324              		@ link register save eliminated.
ARM GAS  C:\Users\plod1602\AppData\Local\Temp\cc59U27R.s 			page 12


 325 0000 80B4     		push	{r7}
 326              		.cfi_def_cfa_offset 4
 327              		.cfi_offset 7, -4
 328 0002 00AF     		add	r7, sp, #0
 329              		.cfi_def_cfa_register 7
 304:.\Generated_Source\PSoC5/Timer_1.c ****     /* Generate a software capture by reading the counter register */
 305:.\Generated_Source\PSoC5/Timer_1.c ****     #if(Timer_1_UsingFixedFunction)
 306:.\Generated_Source\PSoC5/Timer_1.c ****         (void)CY_GET_REG16(Timer_1_COUNTER_LSB_PTR);
 330              		.loc 1 306 0
 331 0004 024B     		ldr	r3, .L18
 332 0006 1B88     		ldrh	r3, [r3]	@ movhi
 307:.\Generated_Source\PSoC5/Timer_1.c ****     #else
 308:.\Generated_Source\PSoC5/Timer_1.c ****         (void)CY_GET_REG8(Timer_1_COUNTER_LSB_PTR_8BIT);
 309:.\Generated_Source\PSoC5/Timer_1.c ****     #endif/* (Timer_1_UsingFixedFunction) */
 310:.\Generated_Source\PSoC5/Timer_1.c ****     /* Capture Data is now in the FIFO */
 311:.\Generated_Source\PSoC5/Timer_1.c **** }
 333              		.loc 1 311 0
 334 0008 BD46     		mov	sp, r7
 335              		@ sp needed
 336 000a 5DF8047B 		ldr	r7, [sp], #4
 337 000e 7047     		bx	lr
 338              	.L19:
 339              		.align	2
 340              	.L18:
 341 0010 064F0040 		.word	1073762054
 342              		.cfi_endproc
 343              	.LFE5:
 344              		.size	Timer_1_SoftwareCapture, .-Timer_1_SoftwareCapture
 345              		.section	.text.Timer_1_ReadStatusRegister,"ax",%progbits
 346              		.align	2
 347              		.global	Timer_1_ReadStatusRegister
 348              		.thumb
 349              		.thumb_func
 350              		.type	Timer_1_ReadStatusRegister, %function
 351              	Timer_1_ReadStatusRegister:
 352              	.LFB6:
 312:.\Generated_Source\PSoC5/Timer_1.c **** 
 313:.\Generated_Source\PSoC5/Timer_1.c **** 
 314:.\Generated_Source\PSoC5/Timer_1.c **** /*******************************************************************************
 315:.\Generated_Source\PSoC5/Timer_1.c **** * Function Name: Timer_1_ReadStatusRegister
 316:.\Generated_Source\PSoC5/Timer_1.c **** ********************************************************************************
 317:.\Generated_Source\PSoC5/Timer_1.c **** *
 318:.\Generated_Source\PSoC5/Timer_1.c **** * Summary:
 319:.\Generated_Source\PSoC5/Timer_1.c **** *  Reads the status register and returns it's state. This function should use
 320:.\Generated_Source\PSoC5/Timer_1.c **** *  defined types for the bit-field information as the bits in this register may
 321:.\Generated_Source\PSoC5/Timer_1.c **** *  be permuteable.
 322:.\Generated_Source\PSoC5/Timer_1.c **** *
 323:.\Generated_Source\PSoC5/Timer_1.c **** * Parameters:
 324:.\Generated_Source\PSoC5/Timer_1.c **** *  void
 325:.\Generated_Source\PSoC5/Timer_1.c **** *
 326:.\Generated_Source\PSoC5/Timer_1.c **** * Return:
 327:.\Generated_Source\PSoC5/Timer_1.c **** *  The contents of the status register
 328:.\Generated_Source\PSoC5/Timer_1.c **** *
 329:.\Generated_Source\PSoC5/Timer_1.c **** * Side Effects:
 330:.\Generated_Source\PSoC5/Timer_1.c **** *  Status register bits may be clear on read.
 331:.\Generated_Source\PSoC5/Timer_1.c **** *
 332:.\Generated_Source\PSoC5/Timer_1.c **** *******************************************************************************/
ARM GAS  C:\Users\plod1602\AppData\Local\Temp\cc59U27R.s 			page 13


 333:.\Generated_Source\PSoC5/Timer_1.c **** uint8   Timer_1_ReadStatusRegister(void) 
 334:.\Generated_Source\PSoC5/Timer_1.c **** {
 353              		.loc 1 334 0
 354              		.cfi_startproc
 355              		@ args = 0, pretend = 0, frame = 0
 356              		@ frame_needed = 1, uses_anonymous_args = 0
 357              		@ link register save eliminated.
 358 0000 80B4     		push	{r7}
 359              		.cfi_def_cfa_offset 4
 360              		.cfi_offset 7, -4
 361 0002 00AF     		add	r7, sp, #0
 362              		.cfi_def_cfa_register 7
 335:.\Generated_Source\PSoC5/Timer_1.c ****     return (Timer_1_STATUS);
 363              		.loc 1 335 0
 364 0004 034B     		ldr	r3, .L22
 365 0006 1B78     		ldrb	r3, [r3]
 366 0008 DBB2     		uxtb	r3, r3
 336:.\Generated_Source\PSoC5/Timer_1.c **** }
 367              		.loc 1 336 0
 368 000a 1846     		mov	r0, r3
 369 000c BD46     		mov	sp, r7
 370              		@ sp needed
 371 000e 5DF8047B 		ldr	r7, [sp], #4
 372 0012 7047     		bx	lr
 373              	.L23:
 374              		.align	2
 375              	.L22:
 376 0014 034F0040 		.word	1073762051
 377              		.cfi_endproc
 378              	.LFE6:
 379              		.size	Timer_1_ReadStatusRegister, .-Timer_1_ReadStatusRegister
 380              		.section	.text.Timer_1_ReadControlRegister,"ax",%progbits
 381              		.align	2
 382              		.global	Timer_1_ReadControlRegister
 383              		.thumb
 384              		.thumb_func
 385              		.type	Timer_1_ReadControlRegister, %function
 386              	Timer_1_ReadControlRegister:
 387              	.LFB7:
 337:.\Generated_Source\PSoC5/Timer_1.c **** 
 338:.\Generated_Source\PSoC5/Timer_1.c **** 
 339:.\Generated_Source\PSoC5/Timer_1.c **** #if (!Timer_1_UDB_CONTROL_REG_REMOVED) /* Remove API if control register is unused */
 340:.\Generated_Source\PSoC5/Timer_1.c **** 
 341:.\Generated_Source\PSoC5/Timer_1.c **** 
 342:.\Generated_Source\PSoC5/Timer_1.c **** /*******************************************************************************
 343:.\Generated_Source\PSoC5/Timer_1.c **** * Function Name: Timer_1_ReadControlRegister
 344:.\Generated_Source\PSoC5/Timer_1.c **** ********************************************************************************
 345:.\Generated_Source\PSoC5/Timer_1.c **** *
 346:.\Generated_Source\PSoC5/Timer_1.c **** * Summary:
 347:.\Generated_Source\PSoC5/Timer_1.c **** *  Reads the control register and returns it's value.
 348:.\Generated_Source\PSoC5/Timer_1.c **** *
 349:.\Generated_Source\PSoC5/Timer_1.c **** * Parameters:
 350:.\Generated_Source\PSoC5/Timer_1.c **** *  void
 351:.\Generated_Source\PSoC5/Timer_1.c **** *
 352:.\Generated_Source\PSoC5/Timer_1.c **** * Return:
 353:.\Generated_Source\PSoC5/Timer_1.c **** *  The contents of the control register
 354:.\Generated_Source\PSoC5/Timer_1.c **** *
ARM GAS  C:\Users\plod1602\AppData\Local\Temp\cc59U27R.s 			page 14


 355:.\Generated_Source\PSoC5/Timer_1.c **** *******************************************************************************/
 356:.\Generated_Source\PSoC5/Timer_1.c **** uint8 Timer_1_ReadControlRegister(void) 
 357:.\Generated_Source\PSoC5/Timer_1.c **** {
 388              		.loc 1 357 0
 389              		.cfi_startproc
 390              		@ args = 0, pretend = 0, frame = 0
 391              		@ frame_needed = 1, uses_anonymous_args = 0
 392              		@ link register save eliminated.
 393 0000 80B4     		push	{r7}
 394              		.cfi_def_cfa_offset 4
 395              		.cfi_offset 7, -4
 396 0002 00AF     		add	r7, sp, #0
 397              		.cfi_def_cfa_register 7
 358:.\Generated_Source\PSoC5/Timer_1.c ****     #if (!Timer_1_UDB_CONTROL_REG_REMOVED) 
 359:.\Generated_Source\PSoC5/Timer_1.c ****         return ((uint8)Timer_1_CONTROL);
 398              		.loc 1 359 0
 399 0004 034B     		ldr	r3, .L26
 400 0006 1B78     		ldrb	r3, [r3]
 401 0008 DBB2     		uxtb	r3, r3
 360:.\Generated_Source\PSoC5/Timer_1.c ****     #else
 361:.\Generated_Source\PSoC5/Timer_1.c ****         return (0);
 362:.\Generated_Source\PSoC5/Timer_1.c ****     #endif /* (!Timer_1_UDB_CONTROL_REG_REMOVED) */
 363:.\Generated_Source\PSoC5/Timer_1.c **** }
 402              		.loc 1 363 0
 403 000a 1846     		mov	r0, r3
 404 000c BD46     		mov	sp, r7
 405              		@ sp needed
 406 000e 5DF8047B 		ldr	r7, [sp], #4
 407 0012 7047     		bx	lr
 408              	.L27:
 409              		.align	2
 410              	.L26:
 411 0014 004F0040 		.word	1073762048
 412              		.cfi_endproc
 413              	.LFE7:
 414              		.size	Timer_1_ReadControlRegister, .-Timer_1_ReadControlRegister
 415              		.section	.text.Timer_1_WriteControlRegister,"ax",%progbits
 416              		.align	2
 417              		.global	Timer_1_WriteControlRegister
 418              		.thumb
 419              		.thumb_func
 420              		.type	Timer_1_WriteControlRegister, %function
 421              	Timer_1_WriteControlRegister:
 422              	.LFB8:
 364:.\Generated_Source\PSoC5/Timer_1.c **** 
 365:.\Generated_Source\PSoC5/Timer_1.c **** 
 366:.\Generated_Source\PSoC5/Timer_1.c **** /*******************************************************************************
 367:.\Generated_Source\PSoC5/Timer_1.c **** * Function Name: Timer_1_WriteControlRegister
 368:.\Generated_Source\PSoC5/Timer_1.c **** ********************************************************************************
 369:.\Generated_Source\PSoC5/Timer_1.c **** *
 370:.\Generated_Source\PSoC5/Timer_1.c **** * Summary:
 371:.\Generated_Source\PSoC5/Timer_1.c **** *  Sets the bit-field of the control register.
 372:.\Generated_Source\PSoC5/Timer_1.c **** *
 373:.\Generated_Source\PSoC5/Timer_1.c **** * Parameters:
 374:.\Generated_Source\PSoC5/Timer_1.c **** *  control: The contents of the control register
 375:.\Generated_Source\PSoC5/Timer_1.c **** *
 376:.\Generated_Source\PSoC5/Timer_1.c **** * Return:
ARM GAS  C:\Users\plod1602\AppData\Local\Temp\cc59U27R.s 			page 15


 377:.\Generated_Source\PSoC5/Timer_1.c **** *
 378:.\Generated_Source\PSoC5/Timer_1.c **** *******************************************************************************/
 379:.\Generated_Source\PSoC5/Timer_1.c **** void Timer_1_WriteControlRegister(uint8 control) 
 380:.\Generated_Source\PSoC5/Timer_1.c **** {
 423              		.loc 1 380 0
 424              		.cfi_startproc
 425              		@ args = 0, pretend = 0, frame = 8
 426              		@ frame_needed = 1, uses_anonymous_args = 0
 427              		@ link register save eliminated.
 428 0000 80B4     		push	{r7}
 429              		.cfi_def_cfa_offset 4
 430              		.cfi_offset 7, -4
 431 0002 83B0     		sub	sp, sp, #12
 432              		.cfi_def_cfa_offset 16
 433 0004 00AF     		add	r7, sp, #0
 434              		.cfi_def_cfa_register 7
 435 0006 0346     		mov	r3, r0
 436 0008 FB71     		strb	r3, [r7, #7]
 381:.\Generated_Source\PSoC5/Timer_1.c ****     #if (!Timer_1_UDB_CONTROL_REG_REMOVED) 
 382:.\Generated_Source\PSoC5/Timer_1.c ****         Timer_1_CONTROL = control;
 437              		.loc 1 382 0
 438 000a 044B     		ldr	r3, .L29
 439 000c FA79     		ldrb	r2, [r7, #7]
 440 000e 1A70     		strb	r2, [r3]
 383:.\Generated_Source\PSoC5/Timer_1.c ****     #else
 384:.\Generated_Source\PSoC5/Timer_1.c ****         control = 0u;
 385:.\Generated_Source\PSoC5/Timer_1.c ****     #endif /* (!Timer_1_UDB_CONTROL_REG_REMOVED) */
 386:.\Generated_Source\PSoC5/Timer_1.c **** }
 441              		.loc 1 386 0
 442 0010 0C37     		adds	r7, r7, #12
 443 0012 BD46     		mov	sp, r7
 444              		@ sp needed
 445 0014 5DF8047B 		ldr	r7, [sp], #4
 446 0018 7047     		bx	lr
 447              	.L30:
 448 001a 00BF     		.align	2
 449              	.L29:
 450 001c 004F0040 		.word	1073762048
 451              		.cfi_endproc
 452              	.LFE8:
 453              		.size	Timer_1_WriteControlRegister, .-Timer_1_WriteControlRegister
 454              		.section	.text.Timer_1_ReadPeriod,"ax",%progbits
 455              		.align	2
 456              		.global	Timer_1_ReadPeriod
 457              		.thumb
 458              		.thumb_func
 459              		.type	Timer_1_ReadPeriod, %function
 460              	Timer_1_ReadPeriod:
 461              	.LFB9:
 387:.\Generated_Source\PSoC5/Timer_1.c **** 
 388:.\Generated_Source\PSoC5/Timer_1.c **** #endif /* Remove API if control register is unused */
 389:.\Generated_Source\PSoC5/Timer_1.c **** 
 390:.\Generated_Source\PSoC5/Timer_1.c **** 
 391:.\Generated_Source\PSoC5/Timer_1.c **** /*******************************************************************************
 392:.\Generated_Source\PSoC5/Timer_1.c **** * Function Name: Timer_1_ReadPeriod
 393:.\Generated_Source\PSoC5/Timer_1.c **** ********************************************************************************
 394:.\Generated_Source\PSoC5/Timer_1.c **** *
ARM GAS  C:\Users\plod1602\AppData\Local\Temp\cc59U27R.s 			page 16


 395:.\Generated_Source\PSoC5/Timer_1.c **** * Summary:
 396:.\Generated_Source\PSoC5/Timer_1.c **** *  This function returns the current value of the Period.
 397:.\Generated_Source\PSoC5/Timer_1.c **** *
 398:.\Generated_Source\PSoC5/Timer_1.c **** * Parameters:
 399:.\Generated_Source\PSoC5/Timer_1.c **** *  void
 400:.\Generated_Source\PSoC5/Timer_1.c **** *
 401:.\Generated_Source\PSoC5/Timer_1.c **** * Return:
 402:.\Generated_Source\PSoC5/Timer_1.c **** *  The present value of the counter.
 403:.\Generated_Source\PSoC5/Timer_1.c **** *
 404:.\Generated_Source\PSoC5/Timer_1.c **** *******************************************************************************/
 405:.\Generated_Source\PSoC5/Timer_1.c **** uint8 Timer_1_ReadPeriod(void) 
 406:.\Generated_Source\PSoC5/Timer_1.c **** {
 462              		.loc 1 406 0
 463              		.cfi_startproc
 464              		@ args = 0, pretend = 0, frame = 0
 465              		@ frame_needed = 1, uses_anonymous_args = 0
 466              		@ link register save eliminated.
 467 0000 80B4     		push	{r7}
 468              		.cfi_def_cfa_offset 4
 469              		.cfi_offset 7, -4
 470 0002 00AF     		add	r7, sp, #0
 471              		.cfi_def_cfa_register 7
 407:.\Generated_Source\PSoC5/Timer_1.c ****    #if(Timer_1_UsingFixedFunction)
 408:.\Generated_Source\PSoC5/Timer_1.c ****        return ((uint8)CY_GET_REG16(Timer_1_PERIOD_LSB_PTR));
 472              		.loc 1 408 0
 473 0004 044B     		ldr	r3, .L33
 474 0006 1B88     		ldrh	r3, [r3]	@ movhi
 475 0008 9BB2     		uxth	r3, r3
 476 000a DBB2     		uxtb	r3, r3
 409:.\Generated_Source\PSoC5/Timer_1.c ****    #else
 410:.\Generated_Source\PSoC5/Timer_1.c ****        return (CY_GET_REG8(Timer_1_PERIOD_LSB_PTR));
 411:.\Generated_Source\PSoC5/Timer_1.c ****    #endif /* (Timer_1_UsingFixedFunction) */
 412:.\Generated_Source\PSoC5/Timer_1.c **** }
 477              		.loc 1 412 0
 478 000c 1846     		mov	r0, r3
 479 000e BD46     		mov	sp, r7
 480              		@ sp needed
 481 0010 5DF8047B 		ldr	r7, [sp], #4
 482 0014 7047     		bx	lr
 483              	.L34:
 484 0016 00BF     		.align	2
 485              	.L33:
 486 0018 044F0040 		.word	1073762052
 487              		.cfi_endproc
 488              	.LFE9:
 489              		.size	Timer_1_ReadPeriod, .-Timer_1_ReadPeriod
 490              		.section	.text.Timer_1_WritePeriod,"ax",%progbits
 491              		.align	2
 492              		.global	Timer_1_WritePeriod
 493              		.thumb
 494              		.thumb_func
 495              		.type	Timer_1_WritePeriod, %function
 496              	Timer_1_WritePeriod:
 497              	.LFB10:
 413:.\Generated_Source\PSoC5/Timer_1.c **** 
 414:.\Generated_Source\PSoC5/Timer_1.c **** 
 415:.\Generated_Source\PSoC5/Timer_1.c **** /*******************************************************************************
ARM GAS  C:\Users\plod1602\AppData\Local\Temp\cc59U27R.s 			page 17


 416:.\Generated_Source\PSoC5/Timer_1.c **** * Function Name: Timer_1_WritePeriod
 417:.\Generated_Source\PSoC5/Timer_1.c **** ********************************************************************************
 418:.\Generated_Source\PSoC5/Timer_1.c **** *
 419:.\Generated_Source\PSoC5/Timer_1.c **** * Summary:
 420:.\Generated_Source\PSoC5/Timer_1.c **** *  This function is used to change the period of the counter.  The new period
 421:.\Generated_Source\PSoC5/Timer_1.c **** *  will be loaded the next time terminal count is detected.
 422:.\Generated_Source\PSoC5/Timer_1.c **** *
 423:.\Generated_Source\PSoC5/Timer_1.c **** * Parameters:
 424:.\Generated_Source\PSoC5/Timer_1.c **** *  period: This value may be between 1 and (2^Resolution)-1.  A value of 0 will
 425:.\Generated_Source\PSoC5/Timer_1.c **** *          result in the counter remaining at zero.
 426:.\Generated_Source\PSoC5/Timer_1.c **** *
 427:.\Generated_Source\PSoC5/Timer_1.c **** * Return:
 428:.\Generated_Source\PSoC5/Timer_1.c **** *  void
 429:.\Generated_Source\PSoC5/Timer_1.c **** *
 430:.\Generated_Source\PSoC5/Timer_1.c **** *******************************************************************************/
 431:.\Generated_Source\PSoC5/Timer_1.c **** void Timer_1_WritePeriod(uint8 period) 
 432:.\Generated_Source\PSoC5/Timer_1.c **** {
 498              		.loc 1 432 0
 499              		.cfi_startproc
 500              		@ args = 0, pretend = 0, frame = 16
 501              		@ frame_needed = 1, uses_anonymous_args = 0
 502              		@ link register save eliminated.
 503 0000 80B4     		push	{r7}
 504              		.cfi_def_cfa_offset 4
 505              		.cfi_offset 7, -4
 506 0002 85B0     		sub	sp, sp, #20
 507              		.cfi_def_cfa_offset 24
 508 0004 00AF     		add	r7, sp, #0
 509              		.cfi_def_cfa_register 7
 510 0006 0346     		mov	r3, r0
 511 0008 FB71     		strb	r3, [r7, #7]
 433:.\Generated_Source\PSoC5/Timer_1.c ****     #if(Timer_1_UsingFixedFunction)
 434:.\Generated_Source\PSoC5/Timer_1.c ****         uint16 period_temp = (uint16)period;
 512              		.loc 1 434 0
 513 000a FB79     		ldrb	r3, [r7, #7]	@ zero_extendqisi2
 514 000c FB81     		strh	r3, [r7, #14]	@ movhi
 435:.\Generated_Source\PSoC5/Timer_1.c ****         CY_SET_REG16(Timer_1_PERIOD_LSB_PTR, period_temp);
 515              		.loc 1 435 0
 516 000e 044B     		ldr	r3, .L36
 517 0010 FA89     		ldrh	r2, [r7, #14]	@ movhi
 518 0012 1A80     		strh	r2, [r3]	@ movhi
 436:.\Generated_Source\PSoC5/Timer_1.c ****     #else
 437:.\Generated_Source\PSoC5/Timer_1.c ****         CY_SET_REG8(Timer_1_PERIOD_LSB_PTR, period);
 438:.\Generated_Source\PSoC5/Timer_1.c ****     #endif /*Write Period value with appropriate resolution suffix depending on UDB or fixed functi
 439:.\Generated_Source\PSoC5/Timer_1.c **** }
 519              		.loc 1 439 0
 520 0014 1437     		adds	r7, r7, #20
 521 0016 BD46     		mov	sp, r7
 522              		@ sp needed
 523 0018 5DF8047B 		ldr	r7, [sp], #4
 524 001c 7047     		bx	lr
 525              	.L37:
 526 001e 00BF     		.align	2
 527              	.L36:
 528 0020 044F0040 		.word	1073762052
 529              		.cfi_endproc
 530              	.LFE10:
ARM GAS  C:\Users\plod1602\AppData\Local\Temp\cc59U27R.s 			page 18


 531              		.size	Timer_1_WritePeriod, .-Timer_1_WritePeriod
 532              		.section	.text.Timer_1_ReadCapture,"ax",%progbits
 533              		.align	2
 534              		.global	Timer_1_ReadCapture
 535              		.thumb
 536              		.thumb_func
 537              		.type	Timer_1_ReadCapture, %function
 538              	Timer_1_ReadCapture:
 539              	.LFB11:
 440:.\Generated_Source\PSoC5/Timer_1.c **** 
 441:.\Generated_Source\PSoC5/Timer_1.c **** 
 442:.\Generated_Source\PSoC5/Timer_1.c **** /*******************************************************************************
 443:.\Generated_Source\PSoC5/Timer_1.c **** * Function Name: Timer_1_ReadCapture
 444:.\Generated_Source\PSoC5/Timer_1.c **** ********************************************************************************
 445:.\Generated_Source\PSoC5/Timer_1.c **** *
 446:.\Generated_Source\PSoC5/Timer_1.c **** * Summary:
 447:.\Generated_Source\PSoC5/Timer_1.c **** *  This function returns the last value captured.
 448:.\Generated_Source\PSoC5/Timer_1.c **** *
 449:.\Generated_Source\PSoC5/Timer_1.c **** * Parameters:
 450:.\Generated_Source\PSoC5/Timer_1.c **** *  void
 451:.\Generated_Source\PSoC5/Timer_1.c **** *
 452:.\Generated_Source\PSoC5/Timer_1.c **** * Return:
 453:.\Generated_Source\PSoC5/Timer_1.c **** *  Present Capture value.
 454:.\Generated_Source\PSoC5/Timer_1.c **** *
 455:.\Generated_Source\PSoC5/Timer_1.c **** *******************************************************************************/
 456:.\Generated_Source\PSoC5/Timer_1.c **** uint8 Timer_1_ReadCapture(void) 
 457:.\Generated_Source\PSoC5/Timer_1.c **** {
 540              		.loc 1 457 0
 541              		.cfi_startproc
 542              		@ args = 0, pretend = 0, frame = 0
 543              		@ frame_needed = 1, uses_anonymous_args = 0
 544              		@ link register save eliminated.
 545 0000 80B4     		push	{r7}
 546              		.cfi_def_cfa_offset 4
 547              		.cfi_offset 7, -4
 548 0002 00AF     		add	r7, sp, #0
 549              		.cfi_def_cfa_register 7
 458:.\Generated_Source\PSoC5/Timer_1.c ****    #if(Timer_1_UsingFixedFunction)
 459:.\Generated_Source\PSoC5/Timer_1.c ****        return ((uint8)CY_GET_REG16(Timer_1_CAPTURE_LSB_PTR));
 550              		.loc 1 459 0
 551 0004 044B     		ldr	r3, .L40
 552 0006 1B88     		ldrh	r3, [r3]	@ movhi
 553 0008 9BB2     		uxth	r3, r3
 554 000a DBB2     		uxtb	r3, r3
 460:.\Generated_Source\PSoC5/Timer_1.c ****    #else
 461:.\Generated_Source\PSoC5/Timer_1.c ****        return (CY_GET_REG8(Timer_1_CAPTURE_LSB_PTR));
 462:.\Generated_Source\PSoC5/Timer_1.c ****    #endif /* (Timer_1_UsingFixedFunction) */
 463:.\Generated_Source\PSoC5/Timer_1.c **** }
 555              		.loc 1 463 0
 556 000c 1846     		mov	r0, r3
 557 000e BD46     		mov	sp, r7
 558              		@ sp needed
 559 0010 5DF8047B 		ldr	r7, [sp], #4
 560 0014 7047     		bx	lr
 561              	.L41:
 562 0016 00BF     		.align	2
 563              	.L40:
ARM GAS  C:\Users\plod1602\AppData\Local\Temp\cc59U27R.s 			page 19


 564 0018 084F0040 		.word	1073762056
 565              		.cfi_endproc
 566              	.LFE11:
 567              		.size	Timer_1_ReadCapture, .-Timer_1_ReadCapture
 568              		.section	.text.Timer_1_WriteCounter,"ax",%progbits
 569              		.align	2
 570              		.global	Timer_1_WriteCounter
 571              		.thumb
 572              		.thumb_func
 573              		.type	Timer_1_WriteCounter, %function
 574              	Timer_1_WriteCounter:
 575              	.LFB12:
 464:.\Generated_Source\PSoC5/Timer_1.c **** 
 465:.\Generated_Source\PSoC5/Timer_1.c **** 
 466:.\Generated_Source\PSoC5/Timer_1.c **** /*******************************************************************************
 467:.\Generated_Source\PSoC5/Timer_1.c **** * Function Name: Timer_1_WriteCounter
 468:.\Generated_Source\PSoC5/Timer_1.c **** ********************************************************************************
 469:.\Generated_Source\PSoC5/Timer_1.c **** *
 470:.\Generated_Source\PSoC5/Timer_1.c **** * Summary:
 471:.\Generated_Source\PSoC5/Timer_1.c **** *  This funtion is used to set the counter to a specific value
 472:.\Generated_Source\PSoC5/Timer_1.c **** *
 473:.\Generated_Source\PSoC5/Timer_1.c **** * Parameters:
 474:.\Generated_Source\PSoC5/Timer_1.c **** *  counter:  New counter value.
 475:.\Generated_Source\PSoC5/Timer_1.c **** *
 476:.\Generated_Source\PSoC5/Timer_1.c **** * Return:
 477:.\Generated_Source\PSoC5/Timer_1.c **** *  void
 478:.\Generated_Source\PSoC5/Timer_1.c **** *
 479:.\Generated_Source\PSoC5/Timer_1.c **** *******************************************************************************/
 480:.\Generated_Source\PSoC5/Timer_1.c **** void Timer_1_WriteCounter(uint8 counter) 
 481:.\Generated_Source\PSoC5/Timer_1.c **** {
 576              		.loc 1 481 0
 577              		.cfi_startproc
 578              		@ args = 0, pretend = 0, frame = 8
 579              		@ frame_needed = 1, uses_anonymous_args = 0
 580              		@ link register save eliminated.
 581 0000 80B4     		push	{r7}
 582              		.cfi_def_cfa_offset 4
 583              		.cfi_offset 7, -4
 584 0002 83B0     		sub	sp, sp, #12
 585              		.cfi_def_cfa_offset 16
 586 0004 00AF     		add	r7, sp, #0
 587              		.cfi_def_cfa_register 7
 588 0006 0346     		mov	r3, r0
 589 0008 FB71     		strb	r3, [r7, #7]
 482:.\Generated_Source\PSoC5/Timer_1.c ****    #if(Timer_1_UsingFixedFunction)
 483:.\Generated_Source\PSoC5/Timer_1.c ****         /* This functionality is removed until a FixedFunction HW update to
 484:.\Generated_Source\PSoC5/Timer_1.c ****          * allow this register to be written
 485:.\Generated_Source\PSoC5/Timer_1.c ****          */
 486:.\Generated_Source\PSoC5/Timer_1.c ****         CY_SET_REG16(Timer_1_COUNTER_LSB_PTR, (uint16)counter);
 590              		.loc 1 486 0
 591 000a 044B     		ldr	r3, .L43
 592 000c FA79     		ldrb	r2, [r7, #7]	@ zero_extendqisi2
 593 000e 92B2     		uxth	r2, r2
 594 0010 1A80     		strh	r2, [r3]	@ movhi
 487:.\Generated_Source\PSoC5/Timer_1.c ****         
 488:.\Generated_Source\PSoC5/Timer_1.c ****     #else
 489:.\Generated_Source\PSoC5/Timer_1.c ****         CY_SET_REG8(Timer_1_COUNTER_LSB_PTR, counter);
ARM GAS  C:\Users\plod1602\AppData\Local\Temp\cc59U27R.s 			page 20


 490:.\Generated_Source\PSoC5/Timer_1.c ****     #endif /* Set Write Counter only for the UDB implementation (Write Counter not available in fix
 491:.\Generated_Source\PSoC5/Timer_1.c **** }
 595              		.loc 1 491 0
 596 0012 0C37     		adds	r7, r7, #12
 597 0014 BD46     		mov	sp, r7
 598              		@ sp needed
 599 0016 5DF8047B 		ldr	r7, [sp], #4
 600 001a 7047     		bx	lr
 601              	.L44:
 602              		.align	2
 603              	.L43:
 604 001c 064F0040 		.word	1073762054
 605              		.cfi_endproc
 606              	.LFE12:
 607              		.size	Timer_1_WriteCounter, .-Timer_1_WriteCounter
 608              		.section	.text.Timer_1_ReadCounter,"ax",%progbits
 609              		.align	2
 610              		.global	Timer_1_ReadCounter
 611              		.thumb
 612              		.thumb_func
 613              		.type	Timer_1_ReadCounter, %function
 614              	Timer_1_ReadCounter:
 615              	.LFB13:
 492:.\Generated_Source\PSoC5/Timer_1.c **** 
 493:.\Generated_Source\PSoC5/Timer_1.c **** 
 494:.\Generated_Source\PSoC5/Timer_1.c **** /*******************************************************************************
 495:.\Generated_Source\PSoC5/Timer_1.c **** * Function Name: Timer_1_ReadCounter
 496:.\Generated_Source\PSoC5/Timer_1.c **** ********************************************************************************
 497:.\Generated_Source\PSoC5/Timer_1.c **** *
 498:.\Generated_Source\PSoC5/Timer_1.c **** * Summary:
 499:.\Generated_Source\PSoC5/Timer_1.c **** *  This function returns the current counter value.
 500:.\Generated_Source\PSoC5/Timer_1.c **** *
 501:.\Generated_Source\PSoC5/Timer_1.c **** * Parameters:
 502:.\Generated_Source\PSoC5/Timer_1.c **** *  void
 503:.\Generated_Source\PSoC5/Timer_1.c **** *
 504:.\Generated_Source\PSoC5/Timer_1.c **** * Return:
 505:.\Generated_Source\PSoC5/Timer_1.c **** *  Present compare value.
 506:.\Generated_Source\PSoC5/Timer_1.c **** *
 507:.\Generated_Source\PSoC5/Timer_1.c **** *******************************************************************************/
 508:.\Generated_Source\PSoC5/Timer_1.c **** uint8 Timer_1_ReadCounter(void) 
 509:.\Generated_Source\PSoC5/Timer_1.c **** {
 616              		.loc 1 509 0
 617              		.cfi_startproc
 618              		@ args = 0, pretend = 0, frame = 0
 619              		@ frame_needed = 1, uses_anonymous_args = 0
 620              		@ link register save eliminated.
 621 0000 80B4     		push	{r7}
 622              		.cfi_def_cfa_offset 4
 623              		.cfi_offset 7, -4
 624 0002 00AF     		add	r7, sp, #0
 625              		.cfi_def_cfa_register 7
 510:.\Generated_Source\PSoC5/Timer_1.c ****     /* Force capture by reading Accumulator */
 511:.\Generated_Source\PSoC5/Timer_1.c ****     /* Must first do a software capture to be able to read the counter */
 512:.\Generated_Source\PSoC5/Timer_1.c ****     /* It is up to the user code to make sure there isn't already captured data in the FIFO */
 513:.\Generated_Source\PSoC5/Timer_1.c ****     #if(Timer_1_UsingFixedFunction)
 514:.\Generated_Source\PSoC5/Timer_1.c ****         (void)CY_GET_REG16(Timer_1_COUNTER_LSB_PTR);
 626              		.loc 1 514 0
ARM GAS  C:\Users\plod1602\AppData\Local\Temp\cc59U27R.s 			page 21


 627 0004 054B     		ldr	r3, .L47
 628 0006 1B88     		ldrh	r3, [r3]	@ movhi
 515:.\Generated_Source\PSoC5/Timer_1.c ****     #else
 516:.\Generated_Source\PSoC5/Timer_1.c ****         (void)CY_GET_REG8(Timer_1_COUNTER_LSB_PTR_8BIT);
 517:.\Generated_Source\PSoC5/Timer_1.c ****     #endif/* (Timer_1_UsingFixedFunction) */
 518:.\Generated_Source\PSoC5/Timer_1.c **** 
 519:.\Generated_Source\PSoC5/Timer_1.c ****     /* Read the data from the FIFO (or capture register for Fixed Function)*/
 520:.\Generated_Source\PSoC5/Timer_1.c ****     #if(Timer_1_UsingFixedFunction)
 521:.\Generated_Source\PSoC5/Timer_1.c ****         return ((uint8)CY_GET_REG16(Timer_1_CAPTURE_LSB_PTR));
 629              		.loc 1 521 0
 630 0008 054B     		ldr	r3, .L47+4
 631 000a 1B88     		ldrh	r3, [r3]	@ movhi
 632 000c 9BB2     		uxth	r3, r3
 633 000e DBB2     		uxtb	r3, r3
 522:.\Generated_Source\PSoC5/Timer_1.c ****     #else
 523:.\Generated_Source\PSoC5/Timer_1.c ****         return (CY_GET_REG8(Timer_1_CAPTURE_LSB_PTR));
 524:.\Generated_Source\PSoC5/Timer_1.c ****     #endif /* (Timer_1_UsingFixedFunction) */
 525:.\Generated_Source\PSoC5/Timer_1.c **** }
 634              		.loc 1 525 0
 635 0010 1846     		mov	r0, r3
 636 0012 BD46     		mov	sp, r7
 637              		@ sp needed
 638 0014 5DF8047B 		ldr	r7, [sp], #4
 639 0018 7047     		bx	lr
 640              	.L48:
 641 001a 00BF     		.align	2
 642              	.L47:
 643 001c 064F0040 		.word	1073762054
 644 0020 084F0040 		.word	1073762056
 645              		.cfi_endproc
 646              	.LFE13:
 647              		.size	Timer_1_ReadCounter, .-Timer_1_ReadCounter
 648              		.text
 649              	.Letext0:
 650              		.file 2 ".\\Generated_Source\\PSoC5\\cytypes.h"
 651              		.section	.debug_info,"",%progbits
 652              	.Ldebug_info0:
 653 0000 38020000 		.4byte	0x238
 654 0004 0400     		.2byte	0x4
 655 0006 00000000 		.4byte	.Ldebug_abbrev0
 656 000a 04       		.byte	0x4
 657 000b 01       		.uleb128 0x1
 658 000c BB010000 		.4byte	.LASF35
 659 0010 01       		.byte	0x1
 660 0011 D8000000 		.4byte	.LASF36
 661 0015 9E020000 		.4byte	.LASF37
 662 0019 00000000 		.4byte	.Ldebug_ranges0+0
 663 001d 00000000 		.4byte	0
 664 0021 00000000 		.4byte	.Ldebug_line0
 665 0025 02       		.uleb128 0x2
 666 0026 01       		.byte	0x1
 667 0027 06       		.byte	0x6
 668 0028 D7020000 		.4byte	.LASF0
 669 002c 02       		.uleb128 0x2
 670 002d 01       		.byte	0x1
 671 002e 08       		.byte	0x8
 672 002f B4000000 		.4byte	.LASF1
ARM GAS  C:\Users\plod1602\AppData\Local\Temp\cc59U27R.s 			page 22


 673 0033 02       		.uleb128 0x2
 674 0034 02       		.byte	0x2
 675 0035 05       		.byte	0x5
 676 0036 70020000 		.4byte	.LASF2
 677 003a 02       		.uleb128 0x2
 678 003b 02       		.byte	0x2
 679 003c 07       		.byte	0x7
 680 003d 3E000000 		.4byte	.LASF3
 681 0041 02       		.uleb128 0x2
 682 0042 04       		.byte	0x4
 683 0043 05       		.byte	0x5
 684 0044 95020000 		.4byte	.LASF4
 685 0048 02       		.uleb128 0x2
 686 0049 04       		.byte	0x4
 687 004a 07       		.byte	0x7
 688 004b 94000000 		.4byte	.LASF5
 689 004f 02       		.uleb128 0x2
 690 0050 08       		.byte	0x8
 691 0051 05       		.byte	0x5
 692 0052 40020000 		.4byte	.LASF6
 693 0056 02       		.uleb128 0x2
 694 0057 08       		.byte	0x8
 695 0058 07       		.byte	0x7
 696 0059 6F010000 		.4byte	.LASF7
 697 005d 03       		.uleb128 0x3
 698 005e 04       		.byte	0x4
 699 005f 05       		.byte	0x5
 700 0060 696E7400 		.ascii	"int\000"
 701 0064 02       		.uleb128 0x2
 702 0065 04       		.byte	0x4
 703 0066 07       		.byte	0x7
 704 0067 51000000 		.4byte	.LASF8
 705 006b 04       		.uleb128 0x4
 706 006c A6000000 		.4byte	.LASF9
 707 0070 02       		.byte	0x2
 708 0071 A1       		.byte	0xa1
 709 0072 2C000000 		.4byte	0x2c
 710 0076 04       		.uleb128 0x4
 711 0077 14010000 		.4byte	.LASF10
 712 007b 02       		.byte	0x2
 713 007c A2       		.byte	0xa2
 714 007d 3A000000 		.4byte	0x3a
 715 0081 02       		.uleb128 0x2
 716 0082 04       		.byte	0x4
 717 0083 04       		.byte	0x4
 718 0084 5E000000 		.4byte	.LASF11
 719 0088 02       		.uleb128 0x2
 720 0089 08       		.byte	0x8
 721 008a 04       		.byte	0x4
 722 008b D1000000 		.4byte	.LASF12
 723 008f 02       		.uleb128 0x2
 724 0090 01       		.byte	0x1
 725 0091 08       		.byte	0x8
 726 0092 06000000 		.4byte	.LASF13
 727 0096 05       		.uleb128 0x5
 728 0097 7C000000 		.4byte	.LASF14
 729 009b 02       		.byte	0x2
ARM GAS  C:\Users\plod1602\AppData\Local\Temp\cc59U27R.s 			page 23


 730 009c 4B01     		.2byte	0x14b
 731 009e A2000000 		.4byte	0xa2
 732 00a2 06       		.uleb128 0x6
 733 00a3 6B000000 		.4byte	0x6b
 734 00a7 05       		.uleb128 0x5
 735 00a8 00000000 		.4byte	.LASF15
 736 00ac 02       		.byte	0x2
 737 00ad 4C01     		.2byte	0x14c
 738 00af B3000000 		.4byte	0xb3
 739 00b3 06       		.uleb128 0x6
 740 00b4 76000000 		.4byte	0x76
 741 00b8 02       		.uleb128 0x2
 742 00b9 04       		.byte	0x4
 743 00ba 07       		.byte	0x7
 744 00bb 37020000 		.4byte	.LASF16
 745 00bf 07       		.uleb128 0x7
 746 00c0 62010000 		.4byte	.LASF17
 747 00c4 01       		.byte	0x1
 748 00c5 2B       		.byte	0x2b
 749 00c6 00000000 		.4byte	.LFB0
 750 00ca 98000000 		.4byte	.LFE0-.LFB0
 751 00ce 01       		.uleb128 0x1
 752 00cf 9C       		.byte	0x9c
 753 00d0 08       		.uleb128 0x8
 754 00d1 C2000000 		.4byte	.LASF18
 755 00d5 01       		.byte	0x1
 756 00d6 B4       		.byte	0xb4
 757 00d7 00000000 		.4byte	.LFB1
 758 00db 48000000 		.4byte	.LFE1-.LFB1
 759 00df 01       		.uleb128 0x1
 760 00e0 9C       		.byte	0x9c
 761 00e1 07       		.uleb128 0x7
 762 00e2 54010000 		.4byte	.LASF19
 763 00e6 01       		.byte	0x1
 764 00e7 D7       		.byte	0xd7
 765 00e8 00000000 		.4byte	.LFB2
 766 00ec 20000000 		.4byte	.LFE2-.LFB2
 767 00f0 01       		.uleb128 0x1
 768 00f1 9C       		.byte	0x9c
 769 00f2 08       		.uleb128 0x8
 770 00f3 E3020000 		.4byte	.LASF20
 771 00f7 01       		.byte	0x1
 772 00f8 F7       		.byte	0xf7
 773 00f9 00000000 		.4byte	.LFB3
 774 00fd 48000000 		.4byte	.LFE3-.LFB3
 775 0101 01       		.uleb128 0x1
 776 0102 9C       		.byte	0x9c
 777 0103 09       		.uleb128 0x9
 778 0104 FB000000 		.4byte	.LASF24
 779 0108 01       		.byte	0x1
 780 0109 1701     		.2byte	0x117
 781 010b 00000000 		.4byte	.LFB4
 782 010f 20000000 		.4byte	.LFE4-.LFB4
 783 0113 01       		.uleb128 0x1
 784 0114 9C       		.byte	0x9c
 785 0115 29010000 		.4byte	0x129
 786 0119 0A       		.uleb128 0xa
ARM GAS  C:\Users\plod1602\AppData\Local\Temp\cc59U27R.s 			page 24


 787 011a 4E020000 		.4byte	.LASF26
 788 011e 01       		.byte	0x1
 789 011f 1701     		.2byte	0x117
 790 0121 6B000000 		.4byte	0x6b
 791 0125 02       		.uleb128 0x2
 792 0126 91       		.byte	0x91
 793 0127 77       		.sleb128 -9
 794 0128 00       		.byte	0
 795 0129 0B       		.uleb128 0xb
 796 012a 0B000000 		.4byte	.LASF21
 797 012e 01       		.byte	0x1
 798 012f 2E01     		.2byte	0x12e
 799 0131 00000000 		.4byte	.LFB5
 800 0135 14000000 		.4byte	.LFE5-.LFB5
 801 0139 01       		.uleb128 0x1
 802 013a 9C       		.byte	0x9c
 803 013b 0C       		.uleb128 0xc
 804 013c 7A020000 		.4byte	.LASF22
 805 0140 01       		.byte	0x1
 806 0141 4D01     		.2byte	0x14d
 807 0143 6B000000 		.4byte	0x6b
 808 0147 00000000 		.4byte	.LFB6
 809 014b 18000000 		.4byte	.LFE6-.LFB6
 810 014f 01       		.uleb128 0x1
 811 0150 9C       		.byte	0x9c
 812 0151 0C       		.uleb128 0xc
 813 0152 38010000 		.4byte	.LASF23
 814 0156 01       		.byte	0x1
 815 0157 6401     		.2byte	0x164
 816 0159 6B000000 		.4byte	0x6b
 817 015d 00000000 		.4byte	.LFB7
 818 0161 18000000 		.4byte	.LFE7-.LFB7
 819 0165 01       		.uleb128 0x1
 820 0166 9C       		.byte	0x9c
 821 0167 09       		.uleb128 0x9
 822 0168 1B010000 		.4byte	.LASF25
 823 016c 01       		.byte	0x1
 824 016d 7B01     		.2byte	0x17b
 825 016f 00000000 		.4byte	.LFB8
 826 0173 20000000 		.4byte	.LFE8-.LFB8
 827 0177 01       		.uleb128 0x1
 828 0178 9C       		.byte	0x9c
 829 0179 8D010000 		.4byte	0x18d
 830 017d 0A       		.uleb128 0xa
 831 017e AC000000 		.4byte	.LASF27
 832 0182 01       		.byte	0x1
 833 0183 7B01     		.2byte	0x17b
 834 0185 6B000000 		.4byte	0x6b
 835 0189 02       		.uleb128 0x2
 836 018a 91       		.byte	0x91
 837 018b 77       		.sleb128 -9
 838 018c 00       		.byte	0
 839 018d 0C       		.uleb128 0xc
 840 018e 81000000 		.4byte	.LASF28
 841 0192 01       		.byte	0x1
 842 0193 9501     		.2byte	0x195
 843 0195 6B000000 		.4byte	0x6b
ARM GAS  C:\Users\plod1602\AppData\Local\Temp\cc59U27R.s 			page 25


 844 0199 00000000 		.4byte	.LFB9
 845 019d 1C000000 		.4byte	.LFE9-.LFB9
 846 01a1 01       		.uleb128 0x1
 847 01a2 9C       		.byte	0x9c
 848 01a3 09       		.uleb128 0x9
 849 01a4 23000000 		.4byte	.LASF29
 850 01a8 01       		.byte	0x1
 851 01a9 AF01     		.2byte	0x1af
 852 01ab 00000000 		.4byte	.LFB10
 853 01af 24000000 		.4byte	.LFE10-.LFB10
 854 01b3 01       		.uleb128 0x1
 855 01b4 9C       		.byte	0x9c
 856 01b5 D8010000 		.4byte	0x1d8
 857 01b9 0A       		.uleb128 0xa
 858 01ba 37000000 		.4byte	.LASF30
 859 01be 01       		.byte	0x1
 860 01bf AF01     		.2byte	0x1af
 861 01c1 6B000000 		.4byte	0x6b
 862 01c5 02       		.uleb128 0x2
 863 01c6 91       		.byte	0x91
 864 01c7 6F       		.sleb128 -17
 865 01c8 0D       		.uleb128 0xd
 866 01c9 AF010000 		.4byte	.LASF38
 867 01cd 01       		.byte	0x1
 868 01ce B201     		.2byte	0x1b2
 869 01d0 76000000 		.4byte	0x76
 870 01d4 02       		.uleb128 0x2
 871 01d5 91       		.byte	0x91
 872 01d6 76       		.sleb128 -10
 873 01d7 00       		.byte	0
 874 01d8 0C       		.uleb128 0xc
 875 01d9 9B010000 		.4byte	.LASF31
 876 01dd 01       		.byte	0x1
 877 01de C801     		.2byte	0x1c8
 878 01e0 6B000000 		.4byte	0x6b
 879 01e4 00000000 		.4byte	.LFB11
 880 01e8 1C000000 		.4byte	.LFE11-.LFB11
 881 01ec 01       		.uleb128 0x1
 882 01ed 9C       		.byte	0x9c
 883 01ee 09       		.uleb128 0x9
 884 01ef 86010000 		.4byte	.LASF32
 885 01f3 01       		.byte	0x1
 886 01f4 E001     		.2byte	0x1e0
 887 01f6 00000000 		.4byte	.LFB12
 888 01fa 20000000 		.4byte	.LFE12-.LFB12
 889 01fe 01       		.uleb128 0x1
 890 01ff 9C       		.byte	0x9c
 891 0200 14020000 		.4byte	0x214
 892 0204 0A       		.uleb128 0xa
 893 0205 64000000 		.4byte	.LASF33
 894 0209 01       		.byte	0x1
 895 020a E001     		.2byte	0x1e0
 896 020c 6B000000 		.4byte	0x6b
 897 0210 02       		.uleb128 0x2
 898 0211 91       		.byte	0x91
 899 0212 77       		.sleb128 -9
 900 0213 00       		.byte	0
ARM GAS  C:\Users\plod1602\AppData\Local\Temp\cc59U27R.s 			page 26


 901 0214 0C       		.uleb128 0xc
 902 0215 5C020000 		.4byte	.LASF34
 903 0219 01       		.byte	0x1
 904 021a FC01     		.2byte	0x1fc
 905 021c 6B000000 		.4byte	0x6b
 906 0220 00000000 		.4byte	.LFB13
 907 0224 24000000 		.4byte	.LFE13-.LFB13
 908 0228 01       		.uleb128 0x1
 909 0229 9C       		.byte	0x9c
 910 022a 0E       		.uleb128 0xe
 911 022b 6C000000 		.4byte	.LASF39
 912 022f 01       		.byte	0x1
 913 0230 1A       		.byte	0x1a
 914 0231 6B000000 		.4byte	0x6b
 915 0235 05       		.uleb128 0x5
 916 0236 03       		.byte	0x3
 917 0237 00000000 		.4byte	Timer_1_initVar
 918 023b 00       		.byte	0
 919              		.section	.debug_abbrev,"",%progbits
 920              	.Ldebug_abbrev0:
 921 0000 01       		.uleb128 0x1
 922 0001 11       		.uleb128 0x11
 923 0002 01       		.byte	0x1
 924 0003 25       		.uleb128 0x25
 925 0004 0E       		.uleb128 0xe
 926 0005 13       		.uleb128 0x13
 927 0006 0B       		.uleb128 0xb
 928 0007 03       		.uleb128 0x3
 929 0008 0E       		.uleb128 0xe
 930 0009 1B       		.uleb128 0x1b
 931 000a 0E       		.uleb128 0xe
 932 000b 55       		.uleb128 0x55
 933 000c 17       		.uleb128 0x17
 934 000d 11       		.uleb128 0x11
 935 000e 01       		.uleb128 0x1
 936 000f 10       		.uleb128 0x10
 937 0010 17       		.uleb128 0x17
 938 0011 00       		.byte	0
 939 0012 00       		.byte	0
 940 0013 02       		.uleb128 0x2
 941 0014 24       		.uleb128 0x24
 942 0015 00       		.byte	0
 943 0016 0B       		.uleb128 0xb
 944 0017 0B       		.uleb128 0xb
 945 0018 3E       		.uleb128 0x3e
 946 0019 0B       		.uleb128 0xb
 947 001a 03       		.uleb128 0x3
 948 001b 0E       		.uleb128 0xe
 949 001c 00       		.byte	0
 950 001d 00       		.byte	0
 951 001e 03       		.uleb128 0x3
 952 001f 24       		.uleb128 0x24
 953 0020 00       		.byte	0
 954 0021 0B       		.uleb128 0xb
 955 0022 0B       		.uleb128 0xb
 956 0023 3E       		.uleb128 0x3e
 957 0024 0B       		.uleb128 0xb
ARM GAS  C:\Users\plod1602\AppData\Local\Temp\cc59U27R.s 			page 27


 958 0025 03       		.uleb128 0x3
 959 0026 08       		.uleb128 0x8
 960 0027 00       		.byte	0
 961 0028 00       		.byte	0
 962 0029 04       		.uleb128 0x4
 963 002a 16       		.uleb128 0x16
 964 002b 00       		.byte	0
 965 002c 03       		.uleb128 0x3
 966 002d 0E       		.uleb128 0xe
 967 002e 3A       		.uleb128 0x3a
 968 002f 0B       		.uleb128 0xb
 969 0030 3B       		.uleb128 0x3b
 970 0031 0B       		.uleb128 0xb
 971 0032 49       		.uleb128 0x49
 972 0033 13       		.uleb128 0x13
 973 0034 00       		.byte	0
 974 0035 00       		.byte	0
 975 0036 05       		.uleb128 0x5
 976 0037 16       		.uleb128 0x16
 977 0038 00       		.byte	0
 978 0039 03       		.uleb128 0x3
 979 003a 0E       		.uleb128 0xe
 980 003b 3A       		.uleb128 0x3a
 981 003c 0B       		.uleb128 0xb
 982 003d 3B       		.uleb128 0x3b
 983 003e 05       		.uleb128 0x5
 984 003f 49       		.uleb128 0x49
 985 0040 13       		.uleb128 0x13
 986 0041 00       		.byte	0
 987 0042 00       		.byte	0
 988 0043 06       		.uleb128 0x6
 989 0044 35       		.uleb128 0x35
 990 0045 00       		.byte	0
 991 0046 49       		.uleb128 0x49
 992 0047 13       		.uleb128 0x13
 993 0048 00       		.byte	0
 994 0049 00       		.byte	0
 995 004a 07       		.uleb128 0x7
 996 004b 2E       		.uleb128 0x2e
 997 004c 00       		.byte	0
 998 004d 3F       		.uleb128 0x3f
 999 004e 19       		.uleb128 0x19
 1000 004f 03       		.uleb128 0x3
 1001 0050 0E       		.uleb128 0xe
 1002 0051 3A       		.uleb128 0x3a
 1003 0052 0B       		.uleb128 0xb
 1004 0053 3B       		.uleb128 0x3b
 1005 0054 0B       		.uleb128 0xb
 1006 0055 27       		.uleb128 0x27
 1007 0056 19       		.uleb128 0x19
 1008 0057 11       		.uleb128 0x11
 1009 0058 01       		.uleb128 0x1
 1010 0059 12       		.uleb128 0x12
 1011 005a 06       		.uleb128 0x6
 1012 005b 40       		.uleb128 0x40
 1013 005c 18       		.uleb128 0x18
 1014 005d 9642     		.uleb128 0x2116
ARM GAS  C:\Users\plod1602\AppData\Local\Temp\cc59U27R.s 			page 28


 1015 005f 19       		.uleb128 0x19
 1016 0060 00       		.byte	0
 1017 0061 00       		.byte	0
 1018 0062 08       		.uleb128 0x8
 1019 0063 2E       		.uleb128 0x2e
 1020 0064 00       		.byte	0
 1021 0065 3F       		.uleb128 0x3f
 1022 0066 19       		.uleb128 0x19
 1023 0067 03       		.uleb128 0x3
 1024 0068 0E       		.uleb128 0xe
 1025 0069 3A       		.uleb128 0x3a
 1026 006a 0B       		.uleb128 0xb
 1027 006b 3B       		.uleb128 0x3b
 1028 006c 0B       		.uleb128 0xb
 1029 006d 27       		.uleb128 0x27
 1030 006e 19       		.uleb128 0x19
 1031 006f 11       		.uleb128 0x11
 1032 0070 01       		.uleb128 0x1
 1033 0071 12       		.uleb128 0x12
 1034 0072 06       		.uleb128 0x6
 1035 0073 40       		.uleb128 0x40
 1036 0074 18       		.uleb128 0x18
 1037 0075 9742     		.uleb128 0x2117
 1038 0077 19       		.uleb128 0x19
 1039 0078 00       		.byte	0
 1040 0079 00       		.byte	0
 1041 007a 09       		.uleb128 0x9
 1042 007b 2E       		.uleb128 0x2e
 1043 007c 01       		.byte	0x1
 1044 007d 3F       		.uleb128 0x3f
 1045 007e 19       		.uleb128 0x19
 1046 007f 03       		.uleb128 0x3
 1047 0080 0E       		.uleb128 0xe
 1048 0081 3A       		.uleb128 0x3a
 1049 0082 0B       		.uleb128 0xb
 1050 0083 3B       		.uleb128 0x3b
 1051 0084 05       		.uleb128 0x5
 1052 0085 27       		.uleb128 0x27
 1053 0086 19       		.uleb128 0x19
 1054 0087 11       		.uleb128 0x11
 1055 0088 01       		.uleb128 0x1
 1056 0089 12       		.uleb128 0x12
 1057 008a 06       		.uleb128 0x6
 1058 008b 40       		.uleb128 0x40
 1059 008c 18       		.uleb128 0x18
 1060 008d 9742     		.uleb128 0x2117
 1061 008f 19       		.uleb128 0x19
 1062 0090 01       		.uleb128 0x1
 1063 0091 13       		.uleb128 0x13
 1064 0092 00       		.byte	0
 1065 0093 00       		.byte	0
 1066 0094 0A       		.uleb128 0xa
 1067 0095 05       		.uleb128 0x5
 1068 0096 00       		.byte	0
 1069 0097 03       		.uleb128 0x3
 1070 0098 0E       		.uleb128 0xe
 1071 0099 3A       		.uleb128 0x3a
ARM GAS  C:\Users\plod1602\AppData\Local\Temp\cc59U27R.s 			page 29


 1072 009a 0B       		.uleb128 0xb
 1073 009b 3B       		.uleb128 0x3b
 1074 009c 05       		.uleb128 0x5
 1075 009d 49       		.uleb128 0x49
 1076 009e 13       		.uleb128 0x13
 1077 009f 02       		.uleb128 0x2
 1078 00a0 18       		.uleb128 0x18
 1079 00a1 00       		.byte	0
 1080 00a2 00       		.byte	0
 1081 00a3 0B       		.uleb128 0xb
 1082 00a4 2E       		.uleb128 0x2e
 1083 00a5 00       		.byte	0
 1084 00a6 3F       		.uleb128 0x3f
 1085 00a7 19       		.uleb128 0x19
 1086 00a8 03       		.uleb128 0x3
 1087 00a9 0E       		.uleb128 0xe
 1088 00aa 3A       		.uleb128 0x3a
 1089 00ab 0B       		.uleb128 0xb
 1090 00ac 3B       		.uleb128 0x3b
 1091 00ad 05       		.uleb128 0x5
 1092 00ae 27       		.uleb128 0x27
 1093 00af 19       		.uleb128 0x19
 1094 00b0 11       		.uleb128 0x11
 1095 00b1 01       		.uleb128 0x1
 1096 00b2 12       		.uleb128 0x12
 1097 00b3 06       		.uleb128 0x6
 1098 00b4 40       		.uleb128 0x40
 1099 00b5 18       		.uleb128 0x18
 1100 00b6 9742     		.uleb128 0x2117
 1101 00b8 19       		.uleb128 0x19
 1102 00b9 00       		.byte	0
 1103 00ba 00       		.byte	0
 1104 00bb 0C       		.uleb128 0xc
 1105 00bc 2E       		.uleb128 0x2e
 1106 00bd 00       		.byte	0
 1107 00be 3F       		.uleb128 0x3f
 1108 00bf 19       		.uleb128 0x19
 1109 00c0 03       		.uleb128 0x3
 1110 00c1 0E       		.uleb128 0xe
 1111 00c2 3A       		.uleb128 0x3a
 1112 00c3 0B       		.uleb128 0xb
 1113 00c4 3B       		.uleb128 0x3b
 1114 00c5 05       		.uleb128 0x5
 1115 00c6 27       		.uleb128 0x27
 1116 00c7 19       		.uleb128 0x19
 1117 00c8 49       		.uleb128 0x49
 1118 00c9 13       		.uleb128 0x13
 1119 00ca 11       		.uleb128 0x11
 1120 00cb 01       		.uleb128 0x1
 1121 00cc 12       		.uleb128 0x12
 1122 00cd 06       		.uleb128 0x6
 1123 00ce 40       		.uleb128 0x40
 1124 00cf 18       		.uleb128 0x18
 1125 00d0 9742     		.uleb128 0x2117
 1126 00d2 19       		.uleb128 0x19
 1127 00d3 00       		.byte	0
 1128 00d4 00       		.byte	0
ARM GAS  C:\Users\plod1602\AppData\Local\Temp\cc59U27R.s 			page 30


 1129 00d5 0D       		.uleb128 0xd
 1130 00d6 34       		.uleb128 0x34
 1131 00d7 00       		.byte	0
 1132 00d8 03       		.uleb128 0x3
 1133 00d9 0E       		.uleb128 0xe
 1134 00da 3A       		.uleb128 0x3a
 1135 00db 0B       		.uleb128 0xb
 1136 00dc 3B       		.uleb128 0x3b
 1137 00dd 05       		.uleb128 0x5
 1138 00de 49       		.uleb128 0x49
 1139 00df 13       		.uleb128 0x13
 1140 00e0 02       		.uleb128 0x2
 1141 00e1 18       		.uleb128 0x18
 1142 00e2 00       		.byte	0
 1143 00e3 00       		.byte	0
 1144 00e4 0E       		.uleb128 0xe
 1145 00e5 34       		.uleb128 0x34
 1146 00e6 00       		.byte	0
 1147 00e7 03       		.uleb128 0x3
 1148 00e8 0E       		.uleb128 0xe
 1149 00e9 3A       		.uleb128 0x3a
 1150 00ea 0B       		.uleb128 0xb
 1151 00eb 3B       		.uleb128 0x3b
 1152 00ec 0B       		.uleb128 0xb
 1153 00ed 49       		.uleb128 0x49
 1154 00ee 13       		.uleb128 0x13
 1155 00ef 3F       		.uleb128 0x3f
 1156 00f0 19       		.uleb128 0x19
 1157 00f1 02       		.uleb128 0x2
 1158 00f2 18       		.uleb128 0x18
 1159 00f3 00       		.byte	0
 1160 00f4 00       		.byte	0
 1161 00f5 00       		.byte	0
 1162              		.section	.debug_aranges,"",%progbits
 1163 0000 84000000 		.4byte	0x84
 1164 0004 0200     		.2byte	0x2
 1165 0006 00000000 		.4byte	.Ldebug_info0
 1166 000a 04       		.byte	0x4
 1167 000b 00       		.byte	0
 1168 000c 0000     		.2byte	0
 1169 000e 0000     		.2byte	0
 1170 0010 00000000 		.4byte	.LFB0
 1171 0014 98000000 		.4byte	.LFE0-.LFB0
 1172 0018 00000000 		.4byte	.LFB1
 1173 001c 48000000 		.4byte	.LFE1-.LFB1
 1174 0020 00000000 		.4byte	.LFB2
 1175 0024 20000000 		.4byte	.LFE2-.LFB2
 1176 0028 00000000 		.4byte	.LFB3
 1177 002c 48000000 		.4byte	.LFE3-.LFB3
 1178 0030 00000000 		.4byte	.LFB4
 1179 0034 20000000 		.4byte	.LFE4-.LFB4
 1180 0038 00000000 		.4byte	.LFB5
 1181 003c 14000000 		.4byte	.LFE5-.LFB5
 1182 0040 00000000 		.4byte	.LFB6
 1183 0044 18000000 		.4byte	.LFE6-.LFB6
 1184 0048 00000000 		.4byte	.LFB7
 1185 004c 18000000 		.4byte	.LFE7-.LFB7
ARM GAS  C:\Users\plod1602\AppData\Local\Temp\cc59U27R.s 			page 31


 1186 0050 00000000 		.4byte	.LFB8
 1187 0054 20000000 		.4byte	.LFE8-.LFB8
 1188 0058 00000000 		.4byte	.LFB9
 1189 005c 1C000000 		.4byte	.LFE9-.LFB9
 1190 0060 00000000 		.4byte	.LFB10
 1191 0064 24000000 		.4byte	.LFE10-.LFB10
 1192 0068 00000000 		.4byte	.LFB11
 1193 006c 1C000000 		.4byte	.LFE11-.LFB11
 1194 0070 00000000 		.4byte	.LFB12
 1195 0074 20000000 		.4byte	.LFE12-.LFB12
 1196 0078 00000000 		.4byte	.LFB13
 1197 007c 24000000 		.4byte	.LFE13-.LFB13
 1198 0080 00000000 		.4byte	0
 1199 0084 00000000 		.4byte	0
 1200              		.section	.debug_ranges,"",%progbits
 1201              	.Ldebug_ranges0:
 1202 0000 00000000 		.4byte	.LFB0
 1203 0004 98000000 		.4byte	.LFE0
 1204 0008 00000000 		.4byte	.LFB1
 1205 000c 48000000 		.4byte	.LFE1
 1206 0010 00000000 		.4byte	.LFB2
 1207 0014 20000000 		.4byte	.LFE2
 1208 0018 00000000 		.4byte	.LFB3
 1209 001c 48000000 		.4byte	.LFE3
 1210 0020 00000000 		.4byte	.LFB4
 1211 0024 20000000 		.4byte	.LFE4
 1212 0028 00000000 		.4byte	.LFB5
 1213 002c 14000000 		.4byte	.LFE5
 1214 0030 00000000 		.4byte	.LFB6
 1215 0034 18000000 		.4byte	.LFE6
 1216 0038 00000000 		.4byte	.LFB7
 1217 003c 18000000 		.4byte	.LFE7
 1218 0040 00000000 		.4byte	.LFB8
 1219 0044 20000000 		.4byte	.LFE8
 1220 0048 00000000 		.4byte	.LFB9
 1221 004c 1C000000 		.4byte	.LFE9
 1222 0050 00000000 		.4byte	.LFB10
 1223 0054 24000000 		.4byte	.LFE10
 1224 0058 00000000 		.4byte	.LFB11
 1225 005c 1C000000 		.4byte	.LFE11
 1226 0060 00000000 		.4byte	.LFB12
 1227 0064 20000000 		.4byte	.LFE12
 1228 0068 00000000 		.4byte	.LFB13
 1229 006c 24000000 		.4byte	.LFE13
 1230 0070 00000000 		.4byte	0
 1231 0074 00000000 		.4byte	0
 1232              		.section	.debug_line,"",%progbits
 1233              	.Ldebug_line0:
 1234 0000 5D010000 		.section	.debug_str,"MS",%progbits,1
 1234      02004600 
 1234      00000201 
 1234      FB0E0D00 
 1234      01010101 
 1235              	.LASF15:
 1236 0000 72656731 		.ascii	"reg16\000"
 1236      3600
 1237              	.LASF13:
ARM GAS  C:\Users\plod1602\AppData\Local\Temp\cc59U27R.s 			page 32


 1238 0006 63686172 		.ascii	"char\000"
 1238      00
 1239              	.LASF21:
 1240 000b 54696D65 		.ascii	"Timer_1_SoftwareCapture\000"
 1240      725F315F 
 1240      536F6674 
 1240      77617265 
 1240      43617074 
 1241              	.LASF29:
 1242 0023 54696D65 		.ascii	"Timer_1_WritePeriod\000"
 1242      725F315F 
 1242      57726974 
 1242      65506572 
 1242      696F6400 
 1243              	.LASF30:
 1244 0037 70657269 		.ascii	"period\000"
 1244      6F6400
 1245              	.LASF3:
 1246 003e 73686F72 		.ascii	"short unsigned int\000"
 1246      7420756E 
 1246      7369676E 
 1246      65642069 
 1246      6E7400
 1247              	.LASF8:
 1248 0051 756E7369 		.ascii	"unsigned int\000"
 1248      676E6564 
 1248      20696E74 
 1248      00
 1249              	.LASF11:
 1250 005e 666C6F61 		.ascii	"float\000"
 1250      7400
 1251              	.LASF33:
 1252 0064 636F756E 		.ascii	"counter\000"
 1252      74657200 
 1253              	.LASF39:
 1254 006c 54696D65 		.ascii	"Timer_1_initVar\000"
 1254      725F315F 
 1254      696E6974 
 1254      56617200 
 1255              	.LASF14:
 1256 007c 72656738 		.ascii	"reg8\000"
 1256      00
 1257              	.LASF28:
 1258 0081 54696D65 		.ascii	"Timer_1_ReadPeriod\000"
 1258      725F315F 
 1258      52656164 
 1258      50657269 
 1258      6F6400
 1259              	.LASF5:
 1260 0094 6C6F6E67 		.ascii	"long unsigned int\000"
 1260      20756E73 
 1260      69676E65 
 1260      6420696E 
 1260      7400
 1261              	.LASF9:
 1262 00a6 75696E74 		.ascii	"uint8\000"
 1262      3800
ARM GAS  C:\Users\plod1602\AppData\Local\Temp\cc59U27R.s 			page 33


 1263              	.LASF27:
 1264 00ac 636F6E74 		.ascii	"control\000"
 1264      726F6C00 
 1265              	.LASF1:
 1266 00b4 756E7369 		.ascii	"unsigned char\000"
 1266      676E6564 
 1266      20636861 
 1266      7200
 1267              	.LASF18:
 1268 00c2 54696D65 		.ascii	"Timer_1_Enable\000"
 1268      725F315F 
 1268      456E6162 
 1268      6C6500
 1269              	.LASF12:
 1270 00d1 646F7562 		.ascii	"double\000"
 1270      6C6500
 1271              	.LASF36:
 1272 00d8 2E5C4765 		.ascii	".\\Generated_Source\\PSoC5\\Timer_1.c\000"
 1272      6E657261 
 1272      7465645F 
 1272      536F7572 
 1272      63655C50 
 1273              	.LASF24:
 1274 00fb 54696D65 		.ascii	"Timer_1_SetInterruptMode\000"
 1274      725F315F 
 1274      53657449 
 1274      6E746572 
 1274      72757074 
 1275              	.LASF10:
 1276 0114 75696E74 		.ascii	"uint16\000"
 1276      313600
 1277              	.LASF25:
 1278 011b 54696D65 		.ascii	"Timer_1_WriteControlRegister\000"
 1278      725F315F 
 1278      57726974 
 1278      65436F6E 
 1278      74726F6C 
 1279              	.LASF23:
 1280 0138 54696D65 		.ascii	"Timer_1_ReadControlRegister\000"
 1280      725F315F 
 1280      52656164 
 1280      436F6E74 
 1280      726F6C52 
 1281              	.LASF19:
 1282 0154 54696D65 		.ascii	"Timer_1_Start\000"
 1282      725F315F 
 1282      53746172 
 1282      7400
 1283              	.LASF17:
 1284 0162 54696D65 		.ascii	"Timer_1_Init\000"
 1284      725F315F 
 1284      496E6974 
 1284      00
 1285              	.LASF7:
 1286 016f 6C6F6E67 		.ascii	"long long unsigned int\000"
 1286      206C6F6E 
 1286      6720756E 
ARM GAS  C:\Users\plod1602\AppData\Local\Temp\cc59U27R.s 			page 34


 1286      7369676E 
 1286      65642069 
 1287              	.LASF32:
 1288 0186 54696D65 		.ascii	"Timer_1_WriteCounter\000"
 1288      725F315F 
 1288      57726974 
 1288      65436F75 
 1288      6E746572 
 1289              	.LASF31:
 1290 019b 54696D65 		.ascii	"Timer_1_ReadCapture\000"
 1290      725F315F 
 1290      52656164 
 1290      43617074 
 1290      75726500 
 1291              	.LASF38:
 1292 01af 70657269 		.ascii	"period_temp\000"
 1292      6F645F74 
 1292      656D7000 
 1293              	.LASF35:
 1294 01bb 474E5520 		.ascii	"GNU C 4.8.4 20140526 (release) [ARM/embedded-4_8-br"
 1294      4320342E 
 1294      382E3420 
 1294      32303134 
 1294      30353236 
 1295 01ee 616E6368 		.ascii	"anch revision 211358] -mcpu=cortex-m3 -mthumb -g -O"
 1295      20726576 
 1295      6973696F 
 1295      6E203231 
 1295      31333538 
 1296 0221 30202D66 		.ascii	"0 -ffunction-sections\000"
 1296      66756E63 
 1296      74696F6E 
 1296      2D736563 
 1296      74696F6E 
 1297              	.LASF16:
 1298 0237 73697A65 		.ascii	"sizetype\000"
 1298      74797065 
 1298      00
 1299              	.LASF6:
 1300 0240 6C6F6E67 		.ascii	"long long int\000"
 1300      206C6F6E 
 1300      6720696E 
 1300      7400
 1301              	.LASF26:
 1302 024e 696E7465 		.ascii	"interruptMode\000"
 1302      72727570 
 1302      744D6F64 
 1302      6500
 1303              	.LASF34:
 1304 025c 54696D65 		.ascii	"Timer_1_ReadCounter\000"
 1304      725F315F 
 1304      52656164 
 1304      436F756E 
 1304      74657200 
 1305              	.LASF2:
 1306 0270 73686F72 		.ascii	"short int\000"
 1306      7420696E 
ARM GAS  C:\Users\plod1602\AppData\Local\Temp\cc59U27R.s 			page 35


 1306      7400
 1307              	.LASF22:
 1308 027a 54696D65 		.ascii	"Timer_1_ReadStatusRegister\000"
 1308      725F315F 
 1308      52656164 
 1308      53746174 
 1308      75735265 
 1309              	.LASF4:
 1310 0295 6C6F6E67 		.ascii	"long int\000"
 1310      20696E74 
 1310      00
 1311              	.LASF37:
 1312 029e 433A5C55 		.ascii	"C:\\Users\\plod1602\\Desktop\\TAC_2015-09-18\\TAC_P"
 1312      73657273 
 1312      5C706C6F 
 1312      64313630 
 1312      325C4465 
 1313 02cc 534F4335 		.ascii	"SOC5.cydsn\000"
 1313      2E637964 
 1313      736E00
 1314              	.LASF0:
 1315 02d7 7369676E 		.ascii	"signed char\000"
 1315      65642063 
 1315      68617200 
 1316              	.LASF20:
 1317 02e3 54696D65 		.ascii	"Timer_1_Stop\000"
 1317      725F315F 
 1317      53746F70 
 1317      00
 1318              		.ident	"GCC: (GNU Tools for ARM Embedded Processors) 4.8.4 20140526 (release) [ARM/embedded-4_8-br
