ARM GAS  C:\Users\plod1602\AppData\Local\Temp\ccPU6GPp.s 			page 1


   1              		.syntax unified
   2              		.cpu cortex-m3
   3              		.fpu softvfp
   4              		.eabi_attribute 20, 1
   5              		.eabi_attribute 21, 1
   6              		.eabi_attribute 23, 3
   7              		.eabi_attribute 24, 1
   8              		.eabi_attribute 25, 1
   9              		.eabi_attribute 26, 1
  10              		.eabi_attribute 30, 6
  11              		.eabi_attribute 34, 1
  12              		.eabi_attribute 18, 4
  13              		.thumb
  14              		.file	"turbido.c"
  15              		.text
  16              	.Ltext0:
  17              		.cfi_sections	.debug_frame
  18              		.data
  19              		.align	2
  20              		.type	k, %object
  21              		.size	k, 4
  22              	k:
  23 0000 32000000 		.word	50
  24              		.global	__aeabi_fsub
  25              		.global	__aeabi_fadd
  26              		.global	__aeabi_fcmplt
  27              		.global	__aeabi_fdiv
  28              		.section	.text.meanTurbido,"ax",%progbits
  29              		.align	2
  30              		.global	meanTurbido
  31              		.thumb
  32              		.thumb_func
  33              		.type	meanTurbido, %function
  34              	meanTurbido:
  35              	.LFB0:
  36              		.file 1 ".\\turbido.c"
   1:.\turbido.c   **** /* ========================================
   2:.\turbido.c   ****  *
   3:.\turbido.c   ****  * Copyright YOUR COMPANY, THE YEAR
   4:.\turbido.c   ****  * All Rights Reserved
   5:.\turbido.c   ****  * UNPUBLISHED, LICENSED SOFTWARE.
   6:.\turbido.c   ****  *
   7:.\turbido.c   ****  * CONFIDENTIAL AND PROPRIETARY INFORMATION
   8:.\turbido.c   ****  * WHICH IS THE PROPERTY OF your company.
   9:.\turbido.c   ****  *
  10:.\turbido.c   ****  * ========================================
  11:.\turbido.c   **** */
  12:.\turbido.c   **** #include "turbido.h"
  13:.\turbido.c   **** 
  14:.\turbido.c   **** #define BUFFER_SIZE 200
  15:.\turbido.c   **** 
  16:.\turbido.c   **** #define SAMPLE_FREQ 1000
  17:.\turbido.c   **** #define LED_FREQ 10
  18:.\turbido.c   **** 
  19:.\turbido.c   **** static int k = SAMPLE_FREQ/(LED_FREQ*2); 
  20:.\turbido.c   **** 
  21:.\turbido.c   **** 
ARM GAS  C:\Users\plod1602\AppData\Local\Temp\ccPU6GPp.s 			page 2


  22:.\turbido.c   **** //-----------------------------------------------------------------------------
  23:.\turbido.c   **** 
  24:.\turbido.c   **** void meanTurbido(int pos, int* compteur, float* accumulateur,
  25:.\turbido.c   ****                  float* signalReception, float* moyenne)
  26:.\turbido.c   **** {
  37              		.loc 1 26 0
  38              		.cfi_startproc
  39              		@ args = 4, pretend = 0, frame = 32
  40              		@ frame_needed = 1, uses_anonymous_args = 0
  41 0000 B0B5     		push	{r4, r5, r7, lr}
  42              		.cfi_def_cfa_offset 16
  43              		.cfi_offset 4, -16
  44              		.cfi_offset 5, -12
  45              		.cfi_offset 7, -8
  46              		.cfi_offset 14, -4
  47 0002 88B0     		sub	sp, sp, #32
  48              		.cfi_def_cfa_offset 48
  49 0004 00AF     		add	r7, sp, #0
  50              		.cfi_def_cfa_register 7
  51 0006 F860     		str	r0, [r7, #12]
  52 0008 B960     		str	r1, [r7, #8]
  53 000a 7A60     		str	r2, [r7, #4]
  54 000c 3B60     		str	r3, [r7]
  27:.\turbido.c   ****     float signalOut = 0;
  55              		.loc 1 27 0
  56 000e 4FF00003 		mov	r3, #0
  57 0012 FB61     		str	r3, [r7, #28]	@ float
  28:.\turbido.c   ****     int posMinusK = getBufferIndex(pos, -k, BUFFER_SIZE);
  58              		.loc 1 28 0
  59 0014 454B     		ldr	r3, .L8
  60 0016 1B68     		ldr	r3, [r3]
  61 0018 5B42     		negs	r3, r3
  62 001a F868     		ldr	r0, [r7, #12]
  63 001c 1946     		mov	r1, r3
  64 001e C822     		movs	r2, #200
  65 0020 FFF7FEFF 		bl	getBufferIndex
  66 0024 B861     		str	r0, [r7, #24]
  29:.\turbido.c   ****     int posMinus2K = getBufferIndex(pos, -2*k, BUFFER_SIZE);
  67              		.loc 1 29 0
  68 0026 414B     		ldr	r3, .L8
  69 0028 1A68     		ldr	r2, [r3]
  70 002a 1346     		mov	r3, r2
  71 002c DB07     		lsls	r3, r3, #31
  72 002e 9B1A     		subs	r3, r3, r2
  73 0030 5B00     		lsls	r3, r3, #1
  74 0032 F868     		ldr	r0, [r7, #12]
  75 0034 1946     		mov	r1, r3
  76 0036 C822     		movs	r2, #200
  77 0038 FFF7FEFF 		bl	getBufferIndex
  78 003c 7861     		str	r0, [r7, #20]
  30:.\turbido.c   ****     int posMinus75 = getBufferIndex(pos, -75, BUFFER_SIZE);
  79              		.loc 1 30 0
  80 003e F868     		ldr	r0, [r7, #12]
  81 0040 6FF04A01 		mvn	r1, #74
  82 0044 C822     		movs	r2, #200
  83 0046 FFF7FEFF 		bl	getBufferIndex
  84 004a 3861     		str	r0, [r7, #16]
ARM GAS  C:\Users\plod1602\AppData\Local\Temp\ccPU6GPp.s 			page 3


  31:.\turbido.c   **** 
  32:.\turbido.c   ****     *accumulateur = *accumulateur-signalReception[pos] +
  85              		.loc 1 32 0
  86 004c 7B68     		ldr	r3, [r7, #4]
  87 004e 1A68     		ldr	r2, [r3]	@ float
  88 0050 FB68     		ldr	r3, [r7, #12]
  89 0052 9B00     		lsls	r3, r3, #2
  90 0054 3968     		ldr	r1, [r7]
  91 0056 0B44     		add	r3, r3, r1
  92 0058 1B68     		ldr	r3, [r3]	@ float
  93 005a 1046     		mov	r0, r2
  94 005c 1946     		mov	r1, r3
  95 005e FFF7FEFF 		bl	__aeabi_fsub
  96 0062 0346     		mov	r3, r0
  97 0064 1C46     		mov	r4, r3
  33:.\turbido.c   ****                     2*signalReception[posMinusK] - signalReception [posMinus2K];
  98              		.loc 1 33 0
  99 0066 BB69     		ldr	r3, [r7, #24]
 100 0068 9B00     		lsls	r3, r3, #2
 101 006a 3A68     		ldr	r2, [r7]
 102 006c 1344     		add	r3, r3, r2
 103 006e 1B68     		ldr	r3, [r3]	@ float
 104 0070 1846     		mov	r0, r3
 105 0072 1946     		mov	r1, r3
 106 0074 FFF7FEFF 		bl	__aeabi_fadd
 107 0078 0346     		mov	r3, r0
  32:.\turbido.c   ****     *accumulateur = *accumulateur-signalReception[pos] +
 108              		.loc 1 32 0
 109 007a 2046     		mov	r0, r4
 110 007c 1946     		mov	r1, r3
 111 007e FFF7FEFF 		bl	__aeabi_fadd
 112 0082 0346     		mov	r3, r0
 113 0084 1A46     		mov	r2, r3
 114              		.loc 1 33 0
 115 0086 7B69     		ldr	r3, [r7, #20]
 116 0088 9B00     		lsls	r3, r3, #2
 117 008a 3968     		ldr	r1, [r7]
 118 008c 0B44     		add	r3, r3, r1
 119 008e 1B68     		ldr	r3, [r3]	@ float
 120 0090 1046     		mov	r0, r2
 121 0092 1946     		mov	r1, r3
 122 0094 FFF7FEFF 		bl	__aeabi_fsub
 123 0098 0346     		mov	r3, r0
 124 009a 1A46     		mov	r2, r3
  32:.\turbido.c   ****     *accumulateur = *accumulateur-signalReception[pos] +
 125              		.loc 1 32 0
 126 009c 7B68     		ldr	r3, [r7, #4]
 127 009e 1A60     		str	r2, [r3]	@ float
  34:.\turbido.c   **** 
  35:.\turbido.c   ****     if (*accumulateur < 0)
 128              		.loc 1 35 0
 129 00a0 7B68     		ldr	r3, [r7, #4]
 130 00a2 1B68     		ldr	r3, [r3]	@ float
 131 00a4 1846     		mov	r0, r3
 132 00a6 4FF00001 		mov	r1, #0
 133 00aa FFF7FEFF 		bl	__aeabi_fcmplt
 134 00ae 0346     		mov	r3, r0
ARM GAS  C:\Users\plod1602\AppData\Local\Temp\ccPU6GPp.s 			page 4


 135 00b0 002B     		cmp	r3, #0
 136 00b2 08D0     		beq	.L7
  36:.\turbido.c   **** 	{
  37:.\turbido.c   ****         signalOut = -signalReception[posMinus75];
 137              		.loc 1 37 0
 138 00b4 3B69     		ldr	r3, [r7, #16]
 139 00b6 9B00     		lsls	r3, r3, #2
 140 00b8 3A68     		ldr	r2, [r7]
 141 00ba 1344     		add	r3, r3, r2
 142 00bc 1B68     		ldr	r3, [r3]	@ float
 143 00be 83F00043 		eor	r3, r3, #-2147483648
 144 00c2 FB61     		str	r3, [r7, #28]	@ float
 145 00c4 05E0     		b	.L4
 146              	.L7:
  38:.\turbido.c   ****     }
  39:.\turbido.c   **** 	else
  40:.\turbido.c   ****     {
  41:.\turbido.c   **** 		signalOut = signalReception[posMinus75];
 147              		.loc 1 41 0
 148 00c6 3B69     		ldr	r3, [r7, #16]
 149 00c8 9B00     		lsls	r3, r3, #2
 150 00ca 3A68     		ldr	r2, [r7]
 151 00cc 1344     		add	r3, r3, r2
 152 00ce 1B68     		ldr	r3, [r3]	@ float
 153 00d0 FB61     		str	r3, [r7, #28]	@ float
 154              	.L4:
  42:.\turbido.c   ****     }
  43:.\turbido.c   **** 
  44:.\turbido.c   **** 
  45:.\turbido.c   ****     if ((pos % 1000) == 0)
 155              		.loc 1 45 0
 156 00d2 FA68     		ldr	r2, [r7, #12]
 157 00d4 164B     		ldr	r3, .L8+4
 158 00d6 83FB0213 		smull	r1, r3, r3, r2
 159 00da 9911     		asrs	r1, r3, #6
 160 00dc D317     		asrs	r3, r2, #31
 161 00de CB1A     		subs	r3, r1, r3
 162 00e0 4FF47A71 		mov	r1, #1000
 163 00e4 01FB03F3 		mul	r3, r1, r3
 164 00e8 D31A     		subs	r3, r2, r3
 165 00ea 002B     		cmp	r3, #0
 166 00ec 04D1     		bne	.L5
  46:.\turbido.c   ****     {
  47:.\turbido.c   ****         *compteur += 1;
 167              		.loc 1 47 0
 168 00ee BB68     		ldr	r3, [r7, #8]
 169 00f0 1B68     		ldr	r3, [r3]
 170 00f2 5A1C     		adds	r2, r3, #1
 171 00f4 BB68     		ldr	r3, [r7, #8]
 172 00f6 1A60     		str	r2, [r3]
 173              	.L5:
  48:.\turbido.c   **** 	}
  49:.\turbido.c   **** 
  50:.\turbido.c   ****     moyenne[*compteur] = moyenne[*compteur]+signalOut/100;
 174              		.loc 1 50 0
 175 00f8 BB68     		ldr	r3, [r7, #8]
 176 00fa 1B68     		ldr	r3, [r3]
ARM GAS  C:\Users\plod1602\AppData\Local\Temp\ccPU6GPp.s 			page 5


 177 00fc 9B00     		lsls	r3, r3, #2
 178 00fe 3A6B     		ldr	r2, [r7, #48]
 179 0100 D418     		adds	r4, r2, r3
 180 0102 BB68     		ldr	r3, [r7, #8]
 181 0104 1B68     		ldr	r3, [r3]
 182 0106 9B00     		lsls	r3, r3, #2
 183 0108 3A6B     		ldr	r2, [r7, #48]
 184 010a 1344     		add	r3, r3, r2
 185 010c 1D68     		ldr	r5, [r3]	@ float
 186 010e F869     		ldr	r0, [r7, #28]	@ float
 187 0110 0849     		ldr	r1, .L8+8
 188 0112 FFF7FEFF 		bl	__aeabi_fdiv
 189 0116 0346     		mov	r3, r0
 190 0118 2846     		mov	r0, r5
 191 011a 1946     		mov	r1, r3
 192 011c FFF7FEFF 		bl	__aeabi_fadd
 193 0120 0346     		mov	r3, r0
 194 0122 2360     		str	r3, [r4]	@ float
  51:.\turbido.c   **** }
 195              		.loc 1 51 0
 196 0124 2037     		adds	r7, r7, #32
 197 0126 BD46     		mov	sp, r7
 198              		@ sp needed
 199 0128 B0BD     		pop	{r4, r5, r7, pc}
 200              	.L9:
 201 012a 00BF     		.align	2
 202              	.L8:
 203 012c 00000000 		.word	k
 204 0130 D34D6210 		.word	274877907
 205 0134 0000C842 		.word	1120403456
 206              		.cfi_endproc
 207              	.LFE0:
 208              		.size	meanTurbido, .-meanTurbido
 209              		.section	.text.getBufferIndex,"ax",%progbits
 210              		.align	2
 211              		.global	getBufferIndex
 212              		.thumb
 213              		.thumb_func
 214              		.type	getBufferIndex, %function
 215              	getBufferIndex:
 216              	.LFB1:
  52:.\turbido.c   **** 
  53:.\turbido.c   **** //-----------------------------------------------------------------------------
  54:.\turbido.c   **** 
  55:.\turbido.c   **** int getBufferIndex(int currentIndex, int increment, int bufferSize)
  56:.\turbido.c   **** {
 217              		.loc 1 56 0
 218              		.cfi_startproc
 219              		@ args = 0, pretend = 0, frame = 24
 220              		@ frame_needed = 1, uses_anonymous_args = 0
 221              		@ link register save eliminated.
 222 0000 80B4     		push	{r7}
 223              		.cfi_def_cfa_offset 4
 224              		.cfi_offset 7, -4
 225 0002 87B0     		sub	sp, sp, #28
 226              		.cfi_def_cfa_offset 32
 227 0004 00AF     		add	r7, sp, #0
ARM GAS  C:\Users\plod1602\AppData\Local\Temp\ccPU6GPp.s 			page 6


 228              		.cfi_def_cfa_register 7
 229 0006 F860     		str	r0, [r7, #12]
 230 0008 B960     		str	r1, [r7, #8]
 231 000a 7A60     		str	r2, [r7, #4]
  57:.\turbido.c   ****     int index = currentIndex + increment;
 232              		.loc 1 57 0
 233 000c FA68     		ldr	r2, [r7, #12]
 234 000e BB68     		ldr	r3, [r7, #8]
 235 0010 1344     		add	r3, r3, r2
 236 0012 7B61     		str	r3, [r7, #20]
  58:.\turbido.c   ****     if (index >= 0)
 237              		.loc 1 58 0
 238 0014 7B69     		ldr	r3, [r7, #20]
 239 0016 002B     		cmp	r3, #0
 240 0018 09DB     		blt	.L11
  59:.\turbido.c   ****     {
  60:.\turbido.c   ****        index = index%bufferSize;
 241              		.loc 1 60 0
 242 001a 7B69     		ldr	r3, [r7, #20]
 243 001c 7A68     		ldr	r2, [r7, #4]
 244 001e 93FBF2F2 		sdiv	r2, r3, r2
 245 0022 7968     		ldr	r1, [r7, #4]
 246 0024 01FB02F2 		mul	r2, r1, r2
 247 0028 9B1A     		subs	r3, r3, r2
 248 002a 7B61     		str	r3, [r7, #20]
 249 002c 03E0     		b	.L12
 250              	.L11:
  61:.\turbido.c   ****     }
  62:.\turbido.c   ****     else
  63:.\turbido.c   ****     {
  64:.\turbido.c   ****         index = bufferSize + index;
 251              		.loc 1 64 0
 252 002e 7A69     		ldr	r2, [r7, #20]
 253 0030 7B68     		ldr	r3, [r7, #4]
 254 0032 1344     		add	r3, r3, r2
 255 0034 7B61     		str	r3, [r7, #20]
 256              	.L12:
  65:.\turbido.c   ****     }
  66:.\turbido.c   ****     return index;
 257              		.loc 1 66 0
 258 0036 7B69     		ldr	r3, [r7, #20]
  67:.\turbido.c   **** }
 259              		.loc 1 67 0
 260 0038 1846     		mov	r0, r3
 261 003a 1C37     		adds	r7, r7, #28
 262 003c BD46     		mov	sp, r7
 263              		@ sp needed
 264 003e 5DF8047B 		ldr	r7, [sp], #4
 265 0042 7047     		bx	lr
 266              		.cfi_endproc
 267              	.LFE1:
 268              		.size	getBufferIndex, .-getBufferIndex
 269              		.text
 270              	.Letext0:
 271              		.section	.debug_info,"",%progbits
 272              	.Ldebug_info0:
 273 0000 31010000 		.4byte	0x131
ARM GAS  C:\Users\plod1602\AppData\Local\Temp\ccPU6GPp.s 			page 7


 274 0004 0400     		.2byte	0x4
 275 0006 00000000 		.4byte	.Ldebug_abbrev0
 276 000a 04       		.byte	0x4
 277 000b 01       		.uleb128 0x1
 278 000c D5000000 		.4byte	.LASF13
 279 0010 01       		.byte	0x1
 280 0011 C9000000 		.4byte	.LASF14
 281 0015 33000000 		.4byte	.LASF15
 282 0019 00000000 		.4byte	.Ldebug_ranges0+0
 283 001d 00000000 		.4byte	0
 284 0021 00000000 		.4byte	.Ldebug_line0
 285 0025 02       		.uleb128 0x2
 286 0026 6C000000 		.4byte	.LASF16
 287 002a 01       		.byte	0x1
 288 002b 18       		.byte	0x18
 289 002c 00000000 		.4byte	.LFB0
 290 0030 38010000 		.4byte	.LFE0-.LFB0
 291 0034 01       		.uleb128 0x1
 292 0035 9C       		.byte	0x9c
 293 0036 B9000000 		.4byte	0xb9
 294 003a 03       		.uleb128 0x3
 295 003b 706F7300 		.ascii	"pos\000"
 296 003f 01       		.byte	0x1
 297 0040 18       		.byte	0x18
 298 0041 B9000000 		.4byte	0xb9
 299 0045 02       		.uleb128 0x2
 300 0046 91       		.byte	0x91
 301 0047 5C       		.sleb128 -36
 302 0048 04       		.uleb128 0x4
 303 0049 2A000000 		.4byte	.LASF0
 304 004d 01       		.byte	0x1
 305 004e 18       		.byte	0x18
 306 004f C0000000 		.4byte	0xc0
 307 0053 02       		.uleb128 0x2
 308 0054 91       		.byte	0x91
 309 0055 58       		.sleb128 -40
 310 0056 04       		.uleb128 0x4
 311 0057 1D000000 		.4byte	.LASF1
 312 005b 01       		.byte	0x1
 313 005c 18       		.byte	0x18
 314 005d C6000000 		.4byte	0xc6
 315 0061 02       		.uleb128 0x2
 316 0062 91       		.byte	0x91
 317 0063 54       		.sleb128 -44
 318 0064 04       		.uleb128 0x4
 319 0065 97000000 		.4byte	.LASF2
 320 0069 01       		.byte	0x1
 321 006a 19       		.byte	0x19
 322 006b C6000000 		.4byte	0xc6
 323 006f 02       		.uleb128 0x2
 324 0070 91       		.byte	0x91
 325 0071 50       		.sleb128 -48
 326 0072 04       		.uleb128 0x4
 327 0073 C1000000 		.4byte	.LASF3
 328 0077 01       		.byte	0x1
 329 0078 19       		.byte	0x19
 330 0079 C6000000 		.4byte	0xc6
ARM GAS  C:\Users\plod1602\AppData\Local\Temp\ccPU6GPp.s 			page 8


 331 007d 02       		.uleb128 0x2
 332 007e 91       		.byte	0x91
 333 007f 00       		.sleb128 0
 334 0080 05       		.uleb128 0x5
 335 0081 82000000 		.4byte	.LASF4
 336 0085 01       		.byte	0x1
 337 0086 1B       		.byte	0x1b
 338 0087 CC000000 		.4byte	0xcc
 339 008b 02       		.uleb128 0x2
 340 008c 91       		.byte	0x91
 341 008d 6C       		.sleb128 -20
 342 008e 05       		.uleb128 0x5
 343 008f 0D000000 		.4byte	.LASF5
 344 0093 01       		.byte	0x1
 345 0094 1C       		.byte	0x1c
 346 0095 B9000000 		.4byte	0xb9
 347 0099 02       		.uleb128 0x2
 348 009a 91       		.byte	0x91
 349 009b 68       		.sleb128 -24
 350 009c 05       		.uleb128 0x5
 351 009d 8C000000 		.4byte	.LASF6
 352 00a1 01       		.byte	0x1
 353 00a2 1D       		.byte	0x1d
 354 00a3 B9000000 		.4byte	0xb9
 355 00a7 02       		.uleb128 0x2
 356 00a8 91       		.byte	0x91
 357 00a9 64       		.sleb128 -28
 358 00aa 05       		.uleb128 0x5
 359 00ab B6000000 		.4byte	.LASF7
 360 00af 01       		.byte	0x1
 361 00b0 1E       		.byte	0x1e
 362 00b1 B9000000 		.4byte	0xb9
 363 00b5 02       		.uleb128 0x2
 364 00b6 91       		.byte	0x91
 365 00b7 60       		.sleb128 -32
 366 00b8 00       		.byte	0
 367 00b9 06       		.uleb128 0x6
 368 00ba 04       		.byte	0x4
 369 00bb 05       		.byte	0x5
 370 00bc 696E7400 		.ascii	"int\000"
 371 00c0 07       		.uleb128 0x7
 372 00c1 04       		.byte	0x4
 373 00c2 B9000000 		.4byte	0xb9
 374 00c6 07       		.uleb128 0x7
 375 00c7 04       		.byte	0x4
 376 00c8 CC000000 		.4byte	0xcc
 377 00cc 08       		.uleb128 0x8
 378 00cd 04       		.byte	0x4
 379 00ce 04       		.byte	0x4
 380 00cf 17000000 		.4byte	.LASF8
 381 00d3 09       		.uleb128 0x9
 382 00d4 A7000000 		.4byte	.LASF17
 383 00d8 01       		.byte	0x1
 384 00d9 37       		.byte	0x37
 385 00da B9000000 		.4byte	0xb9
 386 00de 00000000 		.4byte	.LFB1
 387 00e2 44000000 		.4byte	.LFE1-.LFB1
ARM GAS  C:\Users\plod1602\AppData\Local\Temp\ccPU6GPp.s 			page 9


 388 00e6 01       		.uleb128 0x1
 389 00e7 9C       		.byte	0x9c
 390 00e8 25010000 		.4byte	0x125
 391 00ec 04       		.uleb128 0x4
 392 00ed 00000000 		.4byte	.LASF9
 393 00f1 01       		.byte	0x1
 394 00f2 37       		.byte	0x37
 395 00f3 B9000000 		.4byte	0xb9
 396 00f7 02       		.uleb128 0x2
 397 00f8 91       		.byte	0x91
 398 00f9 6C       		.sleb128 -20
 399 00fa 04       		.uleb128 0x4
 400 00fb 78000000 		.4byte	.LASF10
 401 00ff 01       		.byte	0x1
 402 0100 37       		.byte	0x37
 403 0101 B9000000 		.4byte	0xb9
 404 0105 02       		.uleb128 0x2
 405 0106 91       		.byte	0x91
 406 0107 68       		.sleb128 -24
 407 0108 04       		.uleb128 0x4
 408 0109 51010000 		.4byte	.LASF11
 409 010d 01       		.byte	0x1
 410 010e 37       		.byte	0x37
 411 010f B9000000 		.4byte	0xb9
 412 0113 02       		.uleb128 0x2
 413 0114 91       		.byte	0x91
 414 0115 64       		.sleb128 -28
 415 0116 05       		.uleb128 0x5
 416 0117 5C010000 		.4byte	.LASF12
 417 011b 01       		.byte	0x1
 418 011c 39       		.byte	0x39
 419 011d B9000000 		.4byte	0xb9
 420 0121 02       		.uleb128 0x2
 421 0122 91       		.byte	0x91
 422 0123 74       		.sleb128 -12
 423 0124 00       		.byte	0
 424 0125 0A       		.uleb128 0xa
 425 0126 6B00     		.ascii	"k\000"
 426 0128 01       		.byte	0x1
 427 0129 13       		.byte	0x13
 428 012a B9000000 		.4byte	0xb9
 429 012e 05       		.uleb128 0x5
 430 012f 03       		.byte	0x3
 431 0130 00000000 		.4byte	k
 432 0134 00       		.byte	0
 433              		.section	.debug_abbrev,"",%progbits
 434              	.Ldebug_abbrev0:
 435 0000 01       		.uleb128 0x1
 436 0001 11       		.uleb128 0x11
 437 0002 01       		.byte	0x1
 438 0003 25       		.uleb128 0x25
 439 0004 0E       		.uleb128 0xe
 440 0005 13       		.uleb128 0x13
 441 0006 0B       		.uleb128 0xb
 442 0007 03       		.uleb128 0x3
 443 0008 0E       		.uleb128 0xe
 444 0009 1B       		.uleb128 0x1b
ARM GAS  C:\Users\plod1602\AppData\Local\Temp\ccPU6GPp.s 			page 10


 445 000a 0E       		.uleb128 0xe
 446 000b 55       		.uleb128 0x55
 447 000c 17       		.uleb128 0x17
 448 000d 11       		.uleb128 0x11
 449 000e 01       		.uleb128 0x1
 450 000f 10       		.uleb128 0x10
 451 0010 17       		.uleb128 0x17
 452 0011 00       		.byte	0
 453 0012 00       		.byte	0
 454 0013 02       		.uleb128 0x2
 455 0014 2E       		.uleb128 0x2e
 456 0015 01       		.byte	0x1
 457 0016 3F       		.uleb128 0x3f
 458 0017 19       		.uleb128 0x19
 459 0018 03       		.uleb128 0x3
 460 0019 0E       		.uleb128 0xe
 461 001a 3A       		.uleb128 0x3a
 462 001b 0B       		.uleb128 0xb
 463 001c 3B       		.uleb128 0x3b
 464 001d 0B       		.uleb128 0xb
 465 001e 27       		.uleb128 0x27
 466 001f 19       		.uleb128 0x19
 467 0020 11       		.uleb128 0x11
 468 0021 01       		.uleb128 0x1
 469 0022 12       		.uleb128 0x12
 470 0023 06       		.uleb128 0x6
 471 0024 40       		.uleb128 0x40
 472 0025 18       		.uleb128 0x18
 473 0026 9642     		.uleb128 0x2116
 474 0028 19       		.uleb128 0x19
 475 0029 01       		.uleb128 0x1
 476 002a 13       		.uleb128 0x13
 477 002b 00       		.byte	0
 478 002c 00       		.byte	0
 479 002d 03       		.uleb128 0x3
 480 002e 05       		.uleb128 0x5
 481 002f 00       		.byte	0
 482 0030 03       		.uleb128 0x3
 483 0031 08       		.uleb128 0x8
 484 0032 3A       		.uleb128 0x3a
 485 0033 0B       		.uleb128 0xb
 486 0034 3B       		.uleb128 0x3b
 487 0035 0B       		.uleb128 0xb
 488 0036 49       		.uleb128 0x49
 489 0037 13       		.uleb128 0x13
 490 0038 02       		.uleb128 0x2
 491 0039 18       		.uleb128 0x18
 492 003a 00       		.byte	0
 493 003b 00       		.byte	0
 494 003c 04       		.uleb128 0x4
 495 003d 05       		.uleb128 0x5
 496 003e 00       		.byte	0
 497 003f 03       		.uleb128 0x3
 498 0040 0E       		.uleb128 0xe
 499 0041 3A       		.uleb128 0x3a
 500 0042 0B       		.uleb128 0xb
 501 0043 3B       		.uleb128 0x3b
ARM GAS  C:\Users\plod1602\AppData\Local\Temp\ccPU6GPp.s 			page 11


 502 0044 0B       		.uleb128 0xb
 503 0045 49       		.uleb128 0x49
 504 0046 13       		.uleb128 0x13
 505 0047 02       		.uleb128 0x2
 506 0048 18       		.uleb128 0x18
 507 0049 00       		.byte	0
 508 004a 00       		.byte	0
 509 004b 05       		.uleb128 0x5
 510 004c 34       		.uleb128 0x34
 511 004d 00       		.byte	0
 512 004e 03       		.uleb128 0x3
 513 004f 0E       		.uleb128 0xe
 514 0050 3A       		.uleb128 0x3a
 515 0051 0B       		.uleb128 0xb
 516 0052 3B       		.uleb128 0x3b
 517 0053 0B       		.uleb128 0xb
 518 0054 49       		.uleb128 0x49
 519 0055 13       		.uleb128 0x13
 520 0056 02       		.uleb128 0x2
 521 0057 18       		.uleb128 0x18
 522 0058 00       		.byte	0
 523 0059 00       		.byte	0
 524 005a 06       		.uleb128 0x6
 525 005b 24       		.uleb128 0x24
 526 005c 00       		.byte	0
 527 005d 0B       		.uleb128 0xb
 528 005e 0B       		.uleb128 0xb
 529 005f 3E       		.uleb128 0x3e
 530 0060 0B       		.uleb128 0xb
 531 0061 03       		.uleb128 0x3
 532 0062 08       		.uleb128 0x8
 533 0063 00       		.byte	0
 534 0064 00       		.byte	0
 535 0065 07       		.uleb128 0x7
 536 0066 0F       		.uleb128 0xf
 537 0067 00       		.byte	0
 538 0068 0B       		.uleb128 0xb
 539 0069 0B       		.uleb128 0xb
 540 006a 49       		.uleb128 0x49
 541 006b 13       		.uleb128 0x13
 542 006c 00       		.byte	0
 543 006d 00       		.byte	0
 544 006e 08       		.uleb128 0x8
 545 006f 24       		.uleb128 0x24
 546 0070 00       		.byte	0
 547 0071 0B       		.uleb128 0xb
 548 0072 0B       		.uleb128 0xb
 549 0073 3E       		.uleb128 0x3e
 550 0074 0B       		.uleb128 0xb
 551 0075 03       		.uleb128 0x3
 552 0076 0E       		.uleb128 0xe
 553 0077 00       		.byte	0
 554 0078 00       		.byte	0
 555 0079 09       		.uleb128 0x9
 556 007a 2E       		.uleb128 0x2e
 557 007b 01       		.byte	0x1
 558 007c 3F       		.uleb128 0x3f
ARM GAS  C:\Users\plod1602\AppData\Local\Temp\ccPU6GPp.s 			page 12


 559 007d 19       		.uleb128 0x19
 560 007e 03       		.uleb128 0x3
 561 007f 0E       		.uleb128 0xe
 562 0080 3A       		.uleb128 0x3a
 563 0081 0B       		.uleb128 0xb
 564 0082 3B       		.uleb128 0x3b
 565 0083 0B       		.uleb128 0xb
 566 0084 27       		.uleb128 0x27
 567 0085 19       		.uleb128 0x19
 568 0086 49       		.uleb128 0x49
 569 0087 13       		.uleb128 0x13
 570 0088 11       		.uleb128 0x11
 571 0089 01       		.uleb128 0x1
 572 008a 12       		.uleb128 0x12
 573 008b 06       		.uleb128 0x6
 574 008c 40       		.uleb128 0x40
 575 008d 18       		.uleb128 0x18
 576 008e 9742     		.uleb128 0x2117
 577 0090 19       		.uleb128 0x19
 578 0091 01       		.uleb128 0x1
 579 0092 13       		.uleb128 0x13
 580 0093 00       		.byte	0
 581 0094 00       		.byte	0
 582 0095 0A       		.uleb128 0xa
 583 0096 34       		.uleb128 0x34
 584 0097 00       		.byte	0
 585 0098 03       		.uleb128 0x3
 586 0099 08       		.uleb128 0x8
 587 009a 3A       		.uleb128 0x3a
 588 009b 0B       		.uleb128 0xb
 589 009c 3B       		.uleb128 0x3b
 590 009d 0B       		.uleb128 0xb
 591 009e 49       		.uleb128 0x49
 592 009f 13       		.uleb128 0x13
 593 00a0 02       		.uleb128 0x2
 594 00a1 18       		.uleb128 0x18
 595 00a2 00       		.byte	0
 596 00a3 00       		.byte	0
 597 00a4 00       		.byte	0
 598              		.section	.debug_aranges,"",%progbits
 599 0000 24000000 		.4byte	0x24
 600 0004 0200     		.2byte	0x2
 601 0006 00000000 		.4byte	.Ldebug_info0
 602 000a 04       		.byte	0x4
 603 000b 00       		.byte	0
 604 000c 0000     		.2byte	0
 605 000e 0000     		.2byte	0
 606 0010 00000000 		.4byte	.LFB0
 607 0014 38010000 		.4byte	.LFE0-.LFB0
 608 0018 00000000 		.4byte	.LFB1
 609 001c 44000000 		.4byte	.LFE1-.LFB1
 610 0020 00000000 		.4byte	0
 611 0024 00000000 		.4byte	0
 612              		.section	.debug_ranges,"",%progbits
 613              	.Ldebug_ranges0:
 614 0000 00000000 		.4byte	.LFB0
 615 0004 38010000 		.4byte	.LFE0
ARM GAS  C:\Users\plod1602\AppData\Local\Temp\ccPU6GPp.s 			page 13


 616 0008 00000000 		.4byte	.LFB1
 617 000c 44000000 		.4byte	.LFE1
 618 0010 00000000 		.4byte	0
 619 0014 00000000 		.4byte	0
 620              		.section	.debug_line,"",%progbits
 621              	.Ldebug_line0:
 622 0000 5D000000 		.section	.debug_str,"MS",%progbits,1
 622      02002200 
 622      00000201 
 622      FB0E0D00 
 622      01010101 
 623              	.LASF9:
 624 0000 63757272 		.ascii	"currentIndex\000"
 624      656E7449 
 624      6E646578 
 624      00
 625              	.LASF5:
 626 000d 706F734D 		.ascii	"posMinusK\000"
 626      696E7573 
 626      4B00
 627              	.LASF8:
 628 0017 666C6F61 		.ascii	"float\000"
 628      7400
 629              	.LASF1:
 630 001d 61636375 		.ascii	"accumulateur\000"
 630      6D756C61 
 630      74657572 
 630      00
 631              	.LASF0:
 632 002a 636F6D70 		.ascii	"compteur\000"
 632      74657572 
 632      00
 633              	.LASF15:
 634 0033 433A5C55 		.ascii	"C:\\Users\\plod1602\\Desktop\\TAC_2015-09-18\\TAC_P"
 634      73657273 
 634      5C706C6F 
 634      64313630 
 634      325C4465 
 635 0061 534F4335 		.ascii	"SOC5.cydsn\000"
 635      2E637964 
 635      736E00
 636              	.LASF16:
 637 006c 6D65616E 		.ascii	"meanTurbido\000"
 637      54757262 
 637      69646F00 
 638              	.LASF10:
 639 0078 696E6372 		.ascii	"increment\000"
 639      656D656E 
 639      7400
 640              	.LASF4:
 641 0082 7369676E 		.ascii	"signalOut\000"
 641      616C4F75 
 641      7400
 642              	.LASF6:
 643 008c 706F734D 		.ascii	"posMinus2K\000"
 643      696E7573 
 643      324B00
ARM GAS  C:\Users\plod1602\AppData\Local\Temp\ccPU6GPp.s 			page 14


 644              	.LASF2:
 645 0097 7369676E 		.ascii	"signalReception\000"
 645      616C5265 
 645      63657074 
 645      696F6E00 
 646              	.LASF17:
 647 00a7 67657442 		.ascii	"getBufferIndex\000"
 647      75666665 
 647      72496E64 
 647      657800
 648              	.LASF7:
 649 00b6 706F734D 		.ascii	"posMinus75\000"
 649      696E7573 
 649      373500
 650              	.LASF3:
 651 00c1 6D6F7965 		.ascii	"moyenne\000"
 651      6E6E6500 
 652              	.LASF14:
 653 00c9 2E5C7475 		.ascii	".\\turbido.c\000"
 653      72626964 
 653      6F2E6300 
 654              	.LASF13:
 655 00d5 474E5520 		.ascii	"GNU C 4.8.4 20140526 (release) [ARM/embedded-4_8-br"
 655      4320342E 
 655      382E3420 
 655      32303134 
 655      30353236 
 656 0108 616E6368 		.ascii	"anch revision 211358] -mcpu=cortex-m3 -mthumb -g -O"
 656      20726576 
 656      6973696F 
 656      6E203231 
 656      31333538 
 657 013b 30202D66 		.ascii	"0 -ffunction-sections\000"
 657      66756E63 
 657      74696F6E 
 657      2D736563 
 657      74696F6E 
 658              	.LASF11:
 659 0151 62756666 		.ascii	"bufferSize\000"
 659      65725369 
 659      7A6500
 660              	.LASF12:
 661 015c 696E6465 		.ascii	"index\000"
 661      7800
 662              		.ident	"GCC: (GNU Tools for ARM Embedded Processors) 4.8.4 20140526 (release) [ARM/embedded-4_8-br
