ARM GAS  C:\Users\plod1602\AppData\Local\Temp\ccIuxMI8.s 			page 1


   1              		.syntax unified
   2              		.cpu cortex-m3
   3              		.fpu softvfp
   4              		.eabi_attribute 20, 1
   5              		.eabi_attribute 21, 1
   6              		.eabi_attribute 23, 3
   7              		.eabi_attribute 24, 1
   8              		.eabi_attribute 25, 1
   9              		.eabi_attribute 26, 1
  10              		.eabi_attribute 30, 6
  11              		.eabi_attribute 34, 1
  12              		.eabi_attribute 18, 4
  13              		.thumb
  14              		.file	"UART_pm.c"
  15              		.text
  16              	.Ltext0:
  17              		.cfi_sections	.debug_frame
  18              		.bss
  19              		.align	2
  20              	UART_backup:
  21 0000 0000     		.space	2
  22 0002 0000     		.section	.text.UART_DP_ISR,"ax",%progbits
  23              		.align	2
  24              		.global	UART_DP_ISR
  25              		.thumb
  26              		.thumb_func
  27              		.type	UART_DP_ISR, %function
  28              	UART_DP_ISR:
  29              	.LFB56:
  30              		.file 1 ".\\Generated_Source\\PSoC5\\UART_pm.c"
   1:.\Generated_Source\PSoC5/UART_pm.c **** /*******************************************************************************
   2:.\Generated_Source\PSoC5/UART_pm.c **** * File Name: UART_pm.c
   3:.\Generated_Source\PSoC5/UART_pm.c **** * Version 2.80
   4:.\Generated_Source\PSoC5/UART_pm.c **** *
   5:.\Generated_Source\PSoC5/UART_pm.c **** * Description:
   6:.\Generated_Source\PSoC5/UART_pm.c **** *  This file provides Suspend/Resume APIs functionality.
   7:.\Generated_Source\PSoC5/UART_pm.c **** *
   8:.\Generated_Source\PSoC5/UART_pm.c **** * Note:
   9:.\Generated_Source\PSoC5/UART_pm.c **** *
  10:.\Generated_Source\PSoC5/UART_pm.c **** ********************************************************************************
  11:.\Generated_Source\PSoC5/UART_pm.c **** * Copyright 2008-2014, Cypress Semiconductor Corporation.  All rights reserved.
  12:.\Generated_Source\PSoC5/UART_pm.c **** * You may use this file only in accordance with the license, terms, conditions,
  13:.\Generated_Source\PSoC5/UART_pm.c **** * disclaimers, and limitations in the end user license agreement accompanying
  14:.\Generated_Source\PSoC5/UART_pm.c **** * the software package with which this file was provided.
  15:.\Generated_Source\PSoC5/UART_pm.c **** *******************************************************************************/
  16:.\Generated_Source\PSoC5/UART_pm.c **** 
  17:.\Generated_Source\PSoC5/UART_pm.c **** #include "project.h"
  18:.\Generated_Source\PSoC5/UART_pm.c **** #include "UART.h"
  19:.\Generated_Source\PSoC5/UART_pm.c **** #include "UART_pvt.h"
  20:.\Generated_Source\PSoC5/UART_pm.c **** 
  21:.\Generated_Source\PSoC5/UART_pm.c **** 
  22:.\Generated_Source\PSoC5/UART_pm.c **** /***************************************
  23:.\Generated_Source\PSoC5/UART_pm.c **** * Custom Declarations
  24:.\Generated_Source\PSoC5/UART_pm.c **** ***************************************/
  25:.\Generated_Source\PSoC5/UART_pm.c **** /* `#START PM_CUSTOM_DECLARATIONS` Place your declaration here */
  26:.\Generated_Source\PSoC5/UART_pm.c **** 
  27:.\Generated_Source\PSoC5/UART_pm.c **** /* `#END` */
ARM GAS  C:\Users\plod1602\AppData\Local\Temp\ccIuxMI8.s 			page 2


  28:.\Generated_Source\PSoC5/UART_pm.c **** 
  29:.\Generated_Source\PSoC5/UART_pm.c **** 
  30:.\Generated_Source\PSoC5/UART_pm.c **** /***************************************
  31:.\Generated_Source\PSoC5/UART_pm.c **** * Local data allocation
  32:.\Generated_Source\PSoC5/UART_pm.c **** ***************************************/
  33:.\Generated_Source\PSoC5/UART_pm.c **** 
  34:.\Generated_Source\PSoC5/UART_pm.c **** static UART_BACKUP_STRUCT  UART_backup;
  35:.\Generated_Source\PSoC5/UART_pm.c **** 
  36:.\Generated_Source\PSoC5/UART_pm.c **** 
  37:.\Generated_Source\PSoC5/UART_pm.c **** #if(UART_DP_ISR_REMOVE == 0u)
  38:.\Generated_Source\PSoC5/UART_pm.c **** 
  39:.\Generated_Source\PSoC5/UART_pm.c ****     /*******************************************************************************
  40:.\Generated_Source\PSoC5/UART_pm.c ****     * Function Name: UART_DP_Interrupt
  41:.\Generated_Source\PSoC5/UART_pm.c ****     ********************************************************************************
  42:.\Generated_Source\PSoC5/UART_pm.c ****     *
  43:.\Generated_Source\PSoC5/UART_pm.c ****     * Summary:
  44:.\Generated_Source\PSoC5/UART_pm.c ****     *  This Interrupt Service Routine handles DP pin changes for wake-up from
  45:.\Generated_Source\PSoC5/UART_pm.c ****     *  the sleep mode.
  46:.\Generated_Source\PSoC5/UART_pm.c ****     *
  47:.\Generated_Source\PSoC5/UART_pm.c ****     * Parameters:
  48:.\Generated_Source\PSoC5/UART_pm.c ****     *  None.
  49:.\Generated_Source\PSoC5/UART_pm.c ****     *
  50:.\Generated_Source\PSoC5/UART_pm.c ****     * Return:
  51:.\Generated_Source\PSoC5/UART_pm.c ****     *  None.
  52:.\Generated_Source\PSoC5/UART_pm.c ****     *
  53:.\Generated_Source\PSoC5/UART_pm.c ****     *******************************************************************************/
  54:.\Generated_Source\PSoC5/UART_pm.c ****     CY_ISR(UART_DP_ISR)
  55:.\Generated_Source\PSoC5/UART_pm.c ****     {
  31              		.loc 1 55 0
  32              		.cfi_startproc
  33              		@ args = 0, pretend = 0, frame = 0
  34              		@ frame_needed = 1, uses_anonymous_args = 0
  35              		@ link register save eliminated.
  36 0000 80B4     		push	{r7}
  37              		.cfi_def_cfa_offset 4
  38              		.cfi_offset 7, -4
  39 0002 00AF     		add	r7, sp, #0
  40              		.cfi_def_cfa_register 7
  56:.\Generated_Source\PSoC5/UART_pm.c ****         /* `#START DP_USER_CODE` Place your code here */
  57:.\Generated_Source\PSoC5/UART_pm.c **** 
  58:.\Generated_Source\PSoC5/UART_pm.c ****         /* `#END` */
  59:.\Generated_Source\PSoC5/UART_pm.c **** 
  60:.\Generated_Source\PSoC5/UART_pm.c ****         /* Clears active interrupt */
  61:.\Generated_Source\PSoC5/UART_pm.c ****         CY_GET_REG8(UART_DP_INTSTAT_PTR);
  41              		.loc 1 61 0
  42 0004 024B     		ldr	r3, .L2
  43 0006 1B78     		ldrb	r3, [r3]
  62:.\Generated_Source\PSoC5/UART_pm.c ****     }
  44              		.loc 1 62 0
  45 0008 BD46     		mov	sp, r7
  46              		@ sp needed
  47 000a 5DF8047B 		ldr	r7, [sp], #4
  48 000e 7047     		bx	lr
  49              	.L3:
  50              		.align	2
  51              	.L2:
  52 0010 8F450040 		.word	1073759631
ARM GAS  C:\Users\plod1602\AppData\Local\Temp\ccIuxMI8.s 			page 3


  53              		.cfi_endproc
  54              	.LFE56:
  55              		.size	UART_DP_ISR, .-UART_DP_ISR
  56              		.section	.text.UART_SaveConfig,"ax",%progbits
  57              		.align	2
  58              		.global	UART_SaveConfig
  59              		.thumb
  60              		.thumb_func
  61              		.type	UART_SaveConfig, %function
  62              	UART_SaveConfig:
  63              	.LFB57:
  63:.\Generated_Source\PSoC5/UART_pm.c **** 
  64:.\Generated_Source\PSoC5/UART_pm.c **** #endif /* (UART_DP_ISR_REMOVE == 0u) */
  65:.\Generated_Source\PSoC5/UART_pm.c **** 
  66:.\Generated_Source\PSoC5/UART_pm.c **** 
  67:.\Generated_Source\PSoC5/UART_pm.c **** /*******************************************************************************
  68:.\Generated_Source\PSoC5/UART_pm.c **** * Function Name: UART_SaveConfig
  69:.\Generated_Source\PSoC5/UART_pm.c **** ********************************************************************************
  70:.\Generated_Source\PSoC5/UART_pm.c **** *
  71:.\Generated_Source\PSoC5/UART_pm.c **** * Summary:
  72:.\Generated_Source\PSoC5/UART_pm.c **** *  Saves the current user configuration.
  73:.\Generated_Source\PSoC5/UART_pm.c **** *
  74:.\Generated_Source\PSoC5/UART_pm.c **** * Parameters:
  75:.\Generated_Source\PSoC5/UART_pm.c **** *  None.
  76:.\Generated_Source\PSoC5/UART_pm.c **** *
  77:.\Generated_Source\PSoC5/UART_pm.c **** * Return:
  78:.\Generated_Source\PSoC5/UART_pm.c **** *  None.
  79:.\Generated_Source\PSoC5/UART_pm.c **** *
  80:.\Generated_Source\PSoC5/UART_pm.c **** * Reentrant:
  81:.\Generated_Source\PSoC5/UART_pm.c **** *  No.
  82:.\Generated_Source\PSoC5/UART_pm.c **** *
  83:.\Generated_Source\PSoC5/UART_pm.c **** *******************************************************************************/
  84:.\Generated_Source\PSoC5/UART_pm.c **** void UART_SaveConfig(void) 
  85:.\Generated_Source\PSoC5/UART_pm.c **** {
  64              		.loc 1 85 0
  65              		.cfi_startproc
  66              		@ args = 0, pretend = 0, frame = 0
  67              		@ frame_needed = 1, uses_anonymous_args = 0
  68              		@ link register save eliminated.
  69 0000 80B4     		push	{r7}
  70              		.cfi_def_cfa_offset 4
  71              		.cfi_offset 7, -4
  72 0002 00AF     		add	r7, sp, #0
  73              		.cfi_def_cfa_register 7
  86:.\Generated_Source\PSoC5/UART_pm.c **** 
  87:.\Generated_Source\PSoC5/UART_pm.c **** }
  74              		.loc 1 87 0
  75 0004 BD46     		mov	sp, r7
  76              		@ sp needed
  77 0006 5DF8047B 		ldr	r7, [sp], #4
  78 000a 7047     		bx	lr
  79              		.cfi_endproc
  80              	.LFE57:
  81              		.size	UART_SaveConfig, .-UART_SaveConfig
  82              		.section	.text.UART_RestoreConfig,"ax",%progbits
  83              		.align	2
  84              		.global	UART_RestoreConfig
ARM GAS  C:\Users\plod1602\AppData\Local\Temp\ccIuxMI8.s 			page 4


  85              		.thumb
  86              		.thumb_func
  87              		.type	UART_RestoreConfig, %function
  88              	UART_RestoreConfig:
  89              	.LFB58:
  88:.\Generated_Source\PSoC5/UART_pm.c **** 
  89:.\Generated_Source\PSoC5/UART_pm.c **** 
  90:.\Generated_Source\PSoC5/UART_pm.c **** /*******************************************************************************
  91:.\Generated_Source\PSoC5/UART_pm.c **** * Function Name: UART_RestoreConfig
  92:.\Generated_Source\PSoC5/UART_pm.c **** ********************************************************************************
  93:.\Generated_Source\PSoC5/UART_pm.c **** *
  94:.\Generated_Source\PSoC5/UART_pm.c **** * Summary:
  95:.\Generated_Source\PSoC5/UART_pm.c **** *  Restores the current user configuration.
  96:.\Generated_Source\PSoC5/UART_pm.c **** *
  97:.\Generated_Source\PSoC5/UART_pm.c **** * Parameters:
  98:.\Generated_Source\PSoC5/UART_pm.c **** *  None.
  99:.\Generated_Source\PSoC5/UART_pm.c **** *
 100:.\Generated_Source\PSoC5/UART_pm.c **** * Return:
 101:.\Generated_Source\PSoC5/UART_pm.c **** *  None.
 102:.\Generated_Source\PSoC5/UART_pm.c **** *
 103:.\Generated_Source\PSoC5/UART_pm.c **** * Reentrant:
 104:.\Generated_Source\PSoC5/UART_pm.c **** *  No.
 105:.\Generated_Source\PSoC5/UART_pm.c **** *
 106:.\Generated_Source\PSoC5/UART_pm.c **** *******************************************************************************/
 107:.\Generated_Source\PSoC5/UART_pm.c **** void UART_RestoreConfig(void) 
 108:.\Generated_Source\PSoC5/UART_pm.c **** {
  90              		.loc 1 108 0
  91              		.cfi_startproc
  92              		@ args = 0, pretend = 0, frame = 0
  93              		@ frame_needed = 1, uses_anonymous_args = 0
  94 0000 80B5     		push	{r7, lr}
  95              		.cfi_def_cfa_offset 8
  96              		.cfi_offset 7, -8
  97              		.cfi_offset 14, -4
  98 0002 00AF     		add	r7, sp, #0
  99              		.cfi_def_cfa_register 7
 109:.\Generated_Source\PSoC5/UART_pm.c ****     if(UART_configuration != 0u)
 100              		.loc 1 109 0
 101 0004 034B     		ldr	r3, .L7
 102 0006 1B78     		ldrb	r3, [r3]
 103 0008 DBB2     		uxtb	r3, r3
 104 000a 002B     		cmp	r3, #0
 105 000c 01D0     		beq	.L5
 110:.\Generated_Source\PSoC5/UART_pm.c ****     {
 111:.\Generated_Source\PSoC5/UART_pm.c ****         UART_ConfigReg();
 106              		.loc 1 111 0
 107 000e FFF7FEFF 		bl	UART_ConfigReg
 108              	.L5:
 112:.\Generated_Source\PSoC5/UART_pm.c ****     }
 113:.\Generated_Source\PSoC5/UART_pm.c **** }
 109              		.loc 1 113 0
 110 0012 80BD     		pop	{r7, pc}
 111              	.L8:
 112              		.align	2
 113              	.L7:
 114 0014 00000000 		.word	UART_configuration
 115              		.cfi_endproc
ARM GAS  C:\Users\plod1602\AppData\Local\Temp\ccIuxMI8.s 			page 5


 116              	.LFE58:
 117              		.size	UART_RestoreConfig, .-UART_RestoreConfig
 118              		.section	.text.UART_Suspend,"ax",%progbits
 119              		.align	2
 120              		.global	UART_Suspend
 121              		.thumb
 122              		.thumb_func
 123              		.type	UART_Suspend, %function
 124              	UART_Suspend:
 125              	.LFB59:
 114:.\Generated_Source\PSoC5/UART_pm.c **** 
 115:.\Generated_Source\PSoC5/UART_pm.c **** 
 116:.\Generated_Source\PSoC5/UART_pm.c **** /*******************************************************************************
 117:.\Generated_Source\PSoC5/UART_pm.c **** * Function Name: UART_Suspend
 118:.\Generated_Source\PSoC5/UART_pm.c **** ********************************************************************************
 119:.\Generated_Source\PSoC5/UART_pm.c **** *
 120:.\Generated_Source\PSoC5/UART_pm.c **** * Summary:
 121:.\Generated_Source\PSoC5/UART_pm.c **** *  This function disables the USBFS block and prepares for power down mode.
 122:.\Generated_Source\PSoC5/UART_pm.c **** *
 123:.\Generated_Source\PSoC5/UART_pm.c **** * Parameters:
 124:.\Generated_Source\PSoC5/UART_pm.c **** *  None.
 125:.\Generated_Source\PSoC5/UART_pm.c **** *
 126:.\Generated_Source\PSoC5/UART_pm.c **** * Return:
 127:.\Generated_Source\PSoC5/UART_pm.c **** *   None.
 128:.\Generated_Source\PSoC5/UART_pm.c **** *
 129:.\Generated_Source\PSoC5/UART_pm.c **** * Global variables:
 130:.\Generated_Source\PSoC5/UART_pm.c **** *  UART_backup.enable:  modified.
 131:.\Generated_Source\PSoC5/UART_pm.c **** *
 132:.\Generated_Source\PSoC5/UART_pm.c **** * Reentrant:
 133:.\Generated_Source\PSoC5/UART_pm.c **** *  No.
 134:.\Generated_Source\PSoC5/UART_pm.c **** *
 135:.\Generated_Source\PSoC5/UART_pm.c **** *******************************************************************************/
 136:.\Generated_Source\PSoC5/UART_pm.c **** void UART_Suspend(void) 
 137:.\Generated_Source\PSoC5/UART_pm.c **** {
 126              		.loc 1 137 0
 127              		.cfi_startproc
 128              		@ args = 0, pretend = 0, frame = 8
 129              		@ frame_needed = 1, uses_anonymous_args = 0
 130 0000 80B5     		push	{r7, lr}
 131              		.cfi_def_cfa_offset 8
 132              		.cfi_offset 7, -8
 133              		.cfi_offset 14, -4
 134 0002 82B0     		sub	sp, sp, #8
 135              		.cfi_def_cfa_offset 16
 136 0004 00AF     		add	r7, sp, #0
 137              		.cfi_def_cfa_register 7
 138:.\Generated_Source\PSoC5/UART_pm.c ****     uint8 enableInterrupts;
 139:.\Generated_Source\PSoC5/UART_pm.c ****     enableInterrupts = CyEnterCriticalSection();
 138              		.loc 1 139 0
 139 0006 FFF7FEFF 		bl	CyEnterCriticalSection
 140 000a 0346     		mov	r3, r0
 141 000c FB71     		strb	r3, [r7, #7]
 140:.\Generated_Source\PSoC5/UART_pm.c **** 
 141:.\Generated_Source\PSoC5/UART_pm.c ****     if((CY_GET_REG8(UART_CR0_PTR) & UART_CR0_ENABLE) != 0u)
 142              		.loc 1 141 0
 143 000e 3C4B     		ldr	r3, .L12
 144 0010 1B78     		ldrb	r3, [r3]
ARM GAS  C:\Users\plod1602\AppData\Local\Temp\ccIuxMI8.s 			page 6


 145 0012 DBB2     		uxtb	r3, r3
 146 0014 DBB2     		uxtb	r3, r3
 147 0016 5BB2     		sxtb	r3, r3
 148 0018 002B     		cmp	r3, #0
 149 001a 57DA     		bge	.L10
 142:.\Generated_Source\PSoC5/UART_pm.c ****     {   /* USB block is enabled */
 143:.\Generated_Source\PSoC5/UART_pm.c ****         UART_backup.enableState = 1u;
 150              		.loc 1 143 0
 151 001c 394B     		ldr	r3, .L12+4
 152 001e 0122     		movs	r2, #1
 153 0020 1A70     		strb	r2, [r3]
 144:.\Generated_Source\PSoC5/UART_pm.c **** 
 145:.\Generated_Source\PSoC5/UART_pm.c ****         #if(UART_EP_MM != UART__EP_MANUAL)
 146:.\Generated_Source\PSoC5/UART_pm.c ****             UART_Stop_DMA(UART_MAX_EP);     /* Stop all DMAs */
 147:.\Generated_Source\PSoC5/UART_pm.c ****         #endif   /*  UART_EP_MM != UART__EP_MANUAL */
 148:.\Generated_Source\PSoC5/UART_pm.c **** 
 149:.\Generated_Source\PSoC5/UART_pm.c ****         /* Ensure USB transmit enable is low (USB_USBIO_CR0.ten). - Manual Transmission - Disabled 
 150:.\Generated_Source\PSoC5/UART_pm.c ****         UART_USBIO_CR0_REG &= (uint8)~UART_USBIO_CR0_TEN;
 154              		.loc 1 150 0
 155 0022 394B     		ldr	r3, .L12+8
 156 0024 384A     		ldr	r2, .L12+8
 157 0026 1278     		ldrb	r2, [r2]
 158 0028 D2B2     		uxtb	r2, r2
 159 002a 02F07F02 		and	r2, r2, #127
 160 002e D2B2     		uxtb	r2, r2
 161 0030 1A70     		strb	r2, [r3]
 151:.\Generated_Source\PSoC5/UART_pm.c ****         CyDelayUs(0u);  /*~50ns delay */
 162              		.loc 1 151 0
 163 0032 0020     		movs	r0, #0
 164 0034 FFF7FEFF 		bl	CyDelayUs
 152:.\Generated_Source\PSoC5/UART_pm.c **** 
 153:.\Generated_Source\PSoC5/UART_pm.c ****         /* Disable the USBIO by asserting PM.USB_CR0.fsusbio_pd_n(Inverted) and pd_pullup_hv(Invert
 154:.\Generated_Source\PSoC5/UART_pm.c ****         UART_PM_USB_CR0_REG &=
 165              		.loc 1 154 0
 166 0038 344B     		ldr	r3, .L12+12
 167 003a 344A     		ldr	r2, .L12+12
 168 003c 1278     		ldrb	r2, [r2]
 169 003e D2B2     		uxtb	r2, r2
 170 0040 22F00602 		bic	r2, r2, #6
 171 0044 D2B2     		uxtb	r2, r2
 172 0046 1A70     		strb	r2, [r3]
 155:.\Generated_Source\PSoC5/UART_pm.c ****                                 (uint8)~(UART_PM_USB_CR0_PD_N | UART_PM_USB_CR0_PD_PULLUP_N);
 156:.\Generated_Source\PSoC5/UART_pm.c **** 
 157:.\Generated_Source\PSoC5/UART_pm.c ****         /* Disable the SIE */
 158:.\Generated_Source\PSoC5/UART_pm.c ****         UART_CR0_REG &= (uint8)~UART_CR0_ENABLE;
 173              		.loc 1 158 0
 174 0048 2D4B     		ldr	r3, .L12
 175 004a 2D4A     		ldr	r2, .L12
 176 004c 1278     		ldrb	r2, [r2]
 177 004e D2B2     		uxtb	r2, r2
 178 0050 02F07F02 		and	r2, r2, #127
 179 0054 D2B2     		uxtb	r2, r2
 180 0056 1A70     		strb	r2, [r3]
 159:.\Generated_Source\PSoC5/UART_pm.c **** 
 160:.\Generated_Source\PSoC5/UART_pm.c ****         CyDelayUs(0u);  /* ~50ns delay */
 181              		.loc 1 160 0
 182 0058 0020     		movs	r0, #0
ARM GAS  C:\Users\plod1602\AppData\Local\Temp\ccIuxMI8.s 			page 7


 183 005a FFF7FEFF 		bl	CyDelayUs
 161:.\Generated_Source\PSoC5/UART_pm.c ****         /* Store mode and Disable VRegulator*/
 162:.\Generated_Source\PSoC5/UART_pm.c ****         UART_backup.mode = UART_CR1_REG & UART_CR1_REG_ENABLE;
 184              		.loc 1 162 0
 185 005e 2C4B     		ldr	r3, .L12+16
 186 0060 1B78     		ldrb	r3, [r3]
 187 0062 DBB2     		uxtb	r3, r3
 188 0064 03F00103 		and	r3, r3, #1
 189 0068 DAB2     		uxtb	r2, r3
 190 006a 264B     		ldr	r3, .L12+4
 191 006c 5A70     		strb	r2, [r3, #1]
 163:.\Generated_Source\PSoC5/UART_pm.c ****         UART_CR1_REG &= (uint8)~UART_CR1_REG_ENABLE;
 192              		.loc 1 163 0
 193 006e 284B     		ldr	r3, .L12+16
 194 0070 274A     		ldr	r2, .L12+16
 195 0072 1278     		ldrb	r2, [r2]
 196 0074 D2B2     		uxtb	r2, r2
 197 0076 22F00102 		bic	r2, r2, #1
 198 007a D2B2     		uxtb	r2, r2
 199 007c 1A70     		strb	r2, [r3]
 164:.\Generated_Source\PSoC5/UART_pm.c **** 
 165:.\Generated_Source\PSoC5/UART_pm.c ****         CyDelayUs(1u);  /* 0.5 us min delay */
 200              		.loc 1 165 0
 201 007e 0120     		movs	r0, #1
 202 0080 FFF7FEFF 		bl	CyDelayUs
 166:.\Generated_Source\PSoC5/UART_pm.c ****         /* Disable the USBIO reference by setting PM.USB_CR0.fsusbio_ref_en.*/
 167:.\Generated_Source\PSoC5/UART_pm.c ****         UART_PM_USB_CR0_REG &= (uint8)~UART_PM_USB_CR0_REF_EN;
 203              		.loc 1 167 0
 204 0084 214B     		ldr	r3, .L12+12
 205 0086 214A     		ldr	r2, .L12+12
 206 0088 1278     		ldrb	r2, [r2]
 207 008a D2B2     		uxtb	r2, r2
 208 008c 22F00102 		bic	r2, r2, #1
 209 0090 D2B2     		uxtb	r2, r2
 210 0092 1A70     		strb	r2, [r3]
 168:.\Generated_Source\PSoC5/UART_pm.c **** 
 169:.\Generated_Source\PSoC5/UART_pm.c ****         /* Switch DP and DM terminals to GPIO mode and disconnect 1.5k pullup*/
 170:.\Generated_Source\PSoC5/UART_pm.c ****         UART_USBIO_CR1_REG |= UART_USBIO_CR1_IOMODE;
 211              		.loc 1 170 0
 212 0094 1F4B     		ldr	r3, .L12+20
 213 0096 1F4A     		ldr	r2, .L12+20
 214 0098 1278     		ldrb	r2, [r2]
 215 009a D2B2     		uxtb	r2, r2
 216 009c 42F02002 		orr	r2, r2, #32
 217 00a0 D2B2     		uxtb	r2, r2
 218 00a2 1A70     		strb	r2, [r3]
 171:.\Generated_Source\PSoC5/UART_pm.c **** 
 172:.\Generated_Source\PSoC5/UART_pm.c ****         /* Disable USB in ACT PM */
 173:.\Generated_Source\PSoC5/UART_pm.c ****         UART_PM_ACT_CFG_REG &= (uint8)~UART_PM_ACT_EN_FSUSB;
 219              		.loc 1 173 0
 220 00a4 1C4B     		ldr	r3, .L12+24
 221 00a6 1C4A     		ldr	r2, .L12+24
 222 00a8 1278     		ldrb	r2, [r2]
 223 00aa D2B2     		uxtb	r2, r2
 224 00ac 22F00102 		bic	r2, r2, #1
 225 00b0 D2B2     		uxtb	r2, r2
 226 00b2 1A70     		strb	r2, [r3]
ARM GAS  C:\Users\plod1602\AppData\Local\Temp\ccIuxMI8.s 			page 8


 174:.\Generated_Source\PSoC5/UART_pm.c ****         /* Disable USB block for Standby Power Mode */
 175:.\Generated_Source\PSoC5/UART_pm.c ****         UART_PM_STBY_CFG_REG &= (uint8)~UART_PM_STBY_EN_FSUSB;
 227              		.loc 1 175 0
 228 00b4 194B     		ldr	r3, .L12+28
 229 00b6 194A     		ldr	r2, .L12+28
 230 00b8 1278     		ldrb	r2, [r2]
 231 00ba D2B2     		uxtb	r2, r2
 232 00bc 22F00102 		bic	r2, r2, #1
 233 00c0 D2B2     		uxtb	r2, r2
 234 00c2 1A70     		strb	r2, [r3]
 176:.\Generated_Source\PSoC5/UART_pm.c ****         CyDelayUs(1u); /* min  0.5us delay required */
 235              		.loc 1 176 0
 236 00c4 0120     		movs	r0, #1
 237 00c6 FFF7FEFF 		bl	CyDelayUs
 238 00ca 02E0     		b	.L11
 239              	.L10:
 177:.\Generated_Source\PSoC5/UART_pm.c **** 
 178:.\Generated_Source\PSoC5/UART_pm.c ****     }
 179:.\Generated_Source\PSoC5/UART_pm.c ****     else
 180:.\Generated_Source\PSoC5/UART_pm.c ****     {
 181:.\Generated_Source\PSoC5/UART_pm.c ****         UART_backup.enableState = 0u;
 240              		.loc 1 181 0
 241 00cc 0D4B     		ldr	r3, .L12+4
 242 00ce 0022     		movs	r2, #0
 243 00d0 1A70     		strb	r2, [r3]
 244              	.L11:
 182:.\Generated_Source\PSoC5/UART_pm.c ****     }
 183:.\Generated_Source\PSoC5/UART_pm.c **** 
 184:.\Generated_Source\PSoC5/UART_pm.c ****     CyExitCriticalSection(enableInterrupts);
 245              		.loc 1 184 0
 246 00d2 FB79     		ldrb	r3, [r7, #7]	@ zero_extendqisi2
 247 00d4 1846     		mov	r0, r3
 248 00d6 FFF7FEFF 		bl	CyExitCriticalSection
 185:.\Generated_Source\PSoC5/UART_pm.c **** 
 186:.\Generated_Source\PSoC5/UART_pm.c ****     /* Set the DP Interrupt for wake-up from sleep mode. */
 187:.\Generated_Source\PSoC5/UART_pm.c ****     #if(UART_DP_ISR_REMOVE == 0u)
 188:.\Generated_Source\PSoC5/UART_pm.c ****         (void) CyIntSetVector(UART_DP_INTC_VECT_NUM, &UART_DP_ISR);
 249              		.loc 1 188 0
 250 00da 0C20     		movs	r0, #12
 251 00dc 1049     		ldr	r1, .L12+32
 252 00de FFF7FEFF 		bl	CyIntSetVector
 189:.\Generated_Source\PSoC5/UART_pm.c ****         CyIntSetPriority(UART_DP_INTC_VECT_NUM, UART_DP_INTC_PRIOR);
 253              		.loc 1 189 0
 254 00e2 0C20     		movs	r0, #12
 255 00e4 0721     		movs	r1, #7
 256 00e6 FFF7FEFF 		bl	CyIntSetPriority
 190:.\Generated_Source\PSoC5/UART_pm.c ****         CyIntClearPending(UART_DP_INTC_VECT_NUM);
 257              		.loc 1 190 0
 258 00ea 0E4B     		ldr	r3, .L12+36
 259 00ec 4FF48052 		mov	r2, #4096
 260 00f0 1A60     		str	r2, [r3]
 191:.\Generated_Source\PSoC5/UART_pm.c ****         CyIntEnable(UART_DP_INTC_VECT_NUM);
 261              		.loc 1 191 0
 262 00f2 0D4B     		ldr	r3, .L12+40
 263 00f4 4FF48052 		mov	r2, #4096
 264 00f8 1A60     		str	r2, [r3]
 192:.\Generated_Source\PSoC5/UART_pm.c ****     #endif /* (UART_DP_ISR_REMOVE == 0u) */
ARM GAS  C:\Users\plod1602\AppData\Local\Temp\ccIuxMI8.s 			page 9


 193:.\Generated_Source\PSoC5/UART_pm.c **** }
 265              		.loc 1 193 0
 266 00fa 0837     		adds	r7, r7, #8
 267 00fc BD46     		mov	sp, r7
 268              		@ sp needed
 269 00fe 80BD     		pop	{r7, pc}
 270              	.L13:
 271              		.align	2
 272              	.L12:
 273 0100 08600040 		.word	1073766408
 274 0104 00000000 		.word	UART_backup
 275 0108 10600040 		.word	1073766416
 276 010c 94430040 		.word	1073759124
 277 0110 09600040 		.word	1073766409
 278 0114 12600040 		.word	1073766418
 279 0118 A5430040 		.word	1073759141
 280 011c B5430040 		.word	1073759157
 281 0120 00000000 		.word	UART_DP_ISR
 282 0124 80E200E0 		.word	-536812928
 283 0128 00E100E0 		.word	-536813312
 284              		.cfi_endproc
 285              	.LFE59:
 286              		.size	UART_Suspend, .-UART_Suspend
 287              		.section	.text.UART_Resume,"ax",%progbits
 288              		.align	2
 289              		.global	UART_Resume
 290              		.thumb
 291              		.thumb_func
 292              		.type	UART_Resume, %function
 293              	UART_Resume:
 294              	.LFB60:
 194:.\Generated_Source\PSoC5/UART_pm.c **** 
 195:.\Generated_Source\PSoC5/UART_pm.c **** 
 196:.\Generated_Source\PSoC5/UART_pm.c **** /*******************************************************************************
 197:.\Generated_Source\PSoC5/UART_pm.c **** * Function Name: UART_Resume
 198:.\Generated_Source\PSoC5/UART_pm.c **** ********************************************************************************
 199:.\Generated_Source\PSoC5/UART_pm.c **** *
 200:.\Generated_Source\PSoC5/UART_pm.c **** * Summary:
 201:.\Generated_Source\PSoC5/UART_pm.c **** *  This function enables the USBFS block after power down mode.
 202:.\Generated_Source\PSoC5/UART_pm.c **** *
 203:.\Generated_Source\PSoC5/UART_pm.c **** * Parameters:
 204:.\Generated_Source\PSoC5/UART_pm.c **** *  None.
 205:.\Generated_Source\PSoC5/UART_pm.c **** *
 206:.\Generated_Source\PSoC5/UART_pm.c **** * Return:
 207:.\Generated_Source\PSoC5/UART_pm.c **** *  None.
 208:.\Generated_Source\PSoC5/UART_pm.c **** *
 209:.\Generated_Source\PSoC5/UART_pm.c **** * Global variables:
 210:.\Generated_Source\PSoC5/UART_pm.c **** *  UART_backup - checked.
 211:.\Generated_Source\PSoC5/UART_pm.c **** *
 212:.\Generated_Source\PSoC5/UART_pm.c **** * Reentrant:
 213:.\Generated_Source\PSoC5/UART_pm.c **** *  No.
 214:.\Generated_Source\PSoC5/UART_pm.c **** *
 215:.\Generated_Source\PSoC5/UART_pm.c **** *******************************************************************************/
 216:.\Generated_Source\PSoC5/UART_pm.c **** void UART_Resume(void) 
 217:.\Generated_Source\PSoC5/UART_pm.c **** {
 295              		.loc 1 217 0
 296              		.cfi_startproc
ARM GAS  C:\Users\plod1602\AppData\Local\Temp\ccIuxMI8.s 			page 10


 297              		@ args = 0, pretend = 0, frame = 8
 298              		@ frame_needed = 1, uses_anonymous_args = 0
 299 0000 80B5     		push	{r7, lr}
 300              		.cfi_def_cfa_offset 8
 301              		.cfi_offset 7, -8
 302              		.cfi_offset 14, -4
 303 0002 82B0     		sub	sp, sp, #8
 304              		.cfi_def_cfa_offset 16
 305 0004 00AF     		add	r7, sp, #0
 306              		.cfi_def_cfa_register 7
 218:.\Generated_Source\PSoC5/UART_pm.c ****     uint8 enableInterrupts;
 219:.\Generated_Source\PSoC5/UART_pm.c ****     enableInterrupts = CyEnterCriticalSection();
 307              		.loc 1 219 0
 308 0006 FFF7FEFF 		bl	CyEnterCriticalSection
 309 000a 0346     		mov	r3, r0
 310 000c FB71     		strb	r3, [r7, #7]
 220:.\Generated_Source\PSoC5/UART_pm.c **** 
 221:.\Generated_Source\PSoC5/UART_pm.c ****     if(UART_backup.enableState != 0u)
 311              		.loc 1 221 0
 312 000e 324B     		ldr	r3, .L16
 313 0010 1B78     		ldrb	r3, [r3]	@ zero_extendqisi2
 314 0012 002B     		cmp	r3, #0
 315 0014 58D0     		beq	.L15
 222:.\Generated_Source\PSoC5/UART_pm.c ****     {
 223:.\Generated_Source\PSoC5/UART_pm.c ****         #if(UART_DP_ISR_REMOVE == 0u)
 224:.\Generated_Source\PSoC5/UART_pm.c ****             CyIntDisable(UART_DP_INTC_VECT_NUM);
 316              		.loc 1 224 0
 317 0016 314B     		ldr	r3, .L16+4
 318 0018 4FF48052 		mov	r2, #4096
 319 001c 1A60     		str	r2, [r3]
 225:.\Generated_Source\PSoC5/UART_pm.c ****         #endif /*  UART_DP_ISR_REMOVE */
 226:.\Generated_Source\PSoC5/UART_pm.c **** 
 227:.\Generated_Source\PSoC5/UART_pm.c ****         /* Enable USB block */
 228:.\Generated_Source\PSoC5/UART_pm.c ****         UART_PM_ACT_CFG_REG |= UART_PM_ACT_EN_FSUSB;
 320              		.loc 1 228 0
 321 001e 304B     		ldr	r3, .L16+8
 322 0020 2F4A     		ldr	r2, .L16+8
 323 0022 1278     		ldrb	r2, [r2]
 324 0024 D2B2     		uxtb	r2, r2
 325 0026 42F00102 		orr	r2, r2, #1
 326 002a D2B2     		uxtb	r2, r2
 327 002c 1A70     		strb	r2, [r3]
 229:.\Generated_Source\PSoC5/UART_pm.c ****         /* Enable USB block for Standby Power Mode */
 230:.\Generated_Source\PSoC5/UART_pm.c ****         UART_PM_STBY_CFG_REG |= UART_PM_STBY_EN_FSUSB;
 328              		.loc 1 230 0
 329 002e 2D4B     		ldr	r3, .L16+12
 330 0030 2C4A     		ldr	r2, .L16+12
 331 0032 1278     		ldrb	r2, [r2]
 332 0034 D2B2     		uxtb	r2, r2
 333 0036 42F00102 		orr	r2, r2, #1
 334 003a D2B2     		uxtb	r2, r2
 335 003c 1A70     		strb	r2, [r3]
 231:.\Generated_Source\PSoC5/UART_pm.c ****         /* Enable core clock */
 232:.\Generated_Source\PSoC5/UART_pm.c ****         UART_USB_CLK_EN_REG |= UART_USB_CLK_ENABLE;
 336              		.loc 1 232 0
 337 003e 2A4B     		ldr	r3, .L16+16
 338 0040 294A     		ldr	r2, .L16+16
ARM GAS  C:\Users\plod1602\AppData\Local\Temp\ccIuxMI8.s 			page 11


 339 0042 1278     		ldrb	r2, [r2]
 340 0044 D2B2     		uxtb	r2, r2
 341 0046 42F00102 		orr	r2, r2, #1
 342 004a D2B2     		uxtb	r2, r2
 343 004c 1A70     		strb	r2, [r3]
 233:.\Generated_Source\PSoC5/UART_pm.c **** 
 234:.\Generated_Source\PSoC5/UART_pm.c ****         /* Enable the USBIO reference by setting PM.USB_CR0.fsusbio_ref_en.*/
 235:.\Generated_Source\PSoC5/UART_pm.c ****         UART_PM_USB_CR0_REG |= UART_PM_USB_CR0_REF_EN;
 344              		.loc 1 235 0
 345 004e 274B     		ldr	r3, .L16+20
 346 0050 264A     		ldr	r2, .L16+20
 347 0052 1278     		ldrb	r2, [r2]
 348 0054 D2B2     		uxtb	r2, r2
 349 0056 42F00102 		orr	r2, r2, #1
 350 005a D2B2     		uxtb	r2, r2
 351 005c 1A70     		strb	r2, [r3]
 236:.\Generated_Source\PSoC5/UART_pm.c ****         /* The reference will be available ~40us after power restored */
 237:.\Generated_Source\PSoC5/UART_pm.c ****         CyDelayUs(40u);
 352              		.loc 1 237 0
 353 005e 2820     		movs	r0, #40
 354 0060 FFF7FEFF 		bl	CyDelayUs
 238:.\Generated_Source\PSoC5/UART_pm.c ****         /* Return VRegulator*/
 239:.\Generated_Source\PSoC5/UART_pm.c ****         UART_CR1_REG |= UART_backup.mode;
 355              		.loc 1 239 0
 356 0064 224B     		ldr	r3, .L16+24
 357 0066 224A     		ldr	r2, .L16+24
 358 0068 1278     		ldrb	r2, [r2]
 359 006a D1B2     		uxtb	r1, r2
 360 006c 1A4A     		ldr	r2, .L16
 361 006e 5278     		ldrb	r2, [r2, #1]	@ zero_extendqisi2
 362 0070 0A43     		orrs	r2, r2, r1
 363 0072 D2B2     		uxtb	r2, r2
 364 0074 1A70     		strb	r2, [r3]
 240:.\Generated_Source\PSoC5/UART_pm.c ****         CyDelayUs(0u);  /*~50ns delay */
 365              		.loc 1 240 0
 366 0076 0020     		movs	r0, #0
 367 0078 FFF7FEFF 		bl	CyDelayUs
 241:.\Generated_Source\PSoC5/UART_pm.c ****         /* Enable USBIO */
 242:.\Generated_Source\PSoC5/UART_pm.c ****         UART_PM_USB_CR0_REG |= UART_PM_USB_CR0_PD_N;
 368              		.loc 1 242 0
 369 007c 1B4B     		ldr	r3, .L16+20
 370 007e 1B4A     		ldr	r2, .L16+20
 371 0080 1278     		ldrb	r2, [r2]
 372 0082 D2B2     		uxtb	r2, r2
 373 0084 42F00202 		orr	r2, r2, #2
 374 0088 D2B2     		uxtb	r2, r2
 375 008a 1A70     		strb	r2, [r3]
 243:.\Generated_Source\PSoC5/UART_pm.c ****         CyDelayUs(2u);
 376              		.loc 1 243 0
 377 008c 0220     		movs	r0, #2
 378 008e FFF7FEFF 		bl	CyDelayUs
 244:.\Generated_Source\PSoC5/UART_pm.c ****         /* Set the USBIO pull-up enable */
 245:.\Generated_Source\PSoC5/UART_pm.c ****         UART_PM_USB_CR0_REG |= UART_PM_USB_CR0_PD_PULLUP_N;
 379              		.loc 1 245 0
 380 0092 164B     		ldr	r3, .L16+20
 381 0094 154A     		ldr	r2, .L16+20
 382 0096 1278     		ldrb	r2, [r2]
ARM GAS  C:\Users\plod1602\AppData\Local\Temp\ccIuxMI8.s 			page 12


 383 0098 D2B2     		uxtb	r2, r2
 384 009a 42F00402 		orr	r2, r2, #4
 385 009e D2B2     		uxtb	r2, r2
 386 00a0 1A70     		strb	r2, [r3]
 246:.\Generated_Source\PSoC5/UART_pm.c **** 
 247:.\Generated_Source\PSoC5/UART_pm.c ****         /* Re-init Arbiter configuration for DMA transfers */
 248:.\Generated_Source\PSoC5/UART_pm.c ****         #if(UART_EP_MM != UART__EP_MANUAL)
 249:.\Generated_Source\PSoC5/UART_pm.c ****             /* Usb arb interrupt enable */
 250:.\Generated_Source\PSoC5/UART_pm.c ****             UART_ARB_INT_EN_REG = UART_ARB_INT_MASK;
 251:.\Generated_Source\PSoC5/UART_pm.c ****             #if(UART_EP_MM == UART__EP_DMAMANUAL)
 252:.\Generated_Source\PSoC5/UART_pm.c ****                 UART_ARB_CFG_REG = UART_ARB_CFG_MANUAL_DMA;
 253:.\Generated_Source\PSoC5/UART_pm.c ****             #endif   /*  UART_EP_MM == UART__EP_DMAMANUAL */
 254:.\Generated_Source\PSoC5/UART_pm.c ****             #if(UART_EP_MM == UART__EP_DMAAUTO)
 255:.\Generated_Source\PSoC5/UART_pm.c ****                 /*Set cfg cmplt this rises DMA request when the full configuration is done */
 256:.\Generated_Source\PSoC5/UART_pm.c ****                 UART_ARB_CFG_REG = UART_ARB_CFG_AUTO_DMA | UART_ARB_CFG_AUTO_MEM;
 257:.\Generated_Source\PSoC5/UART_pm.c ****             #endif   /*  UART_EP_MM == UART__EP_DMAAUTO */
 258:.\Generated_Source\PSoC5/UART_pm.c ****         #endif   /*  UART_EP_MM != UART__EP_MANUAL */
 259:.\Generated_Source\PSoC5/UART_pm.c **** 
 260:.\Generated_Source\PSoC5/UART_pm.c ****         /* STALL_IN_OUT */
 261:.\Generated_Source\PSoC5/UART_pm.c ****         CY_SET_REG8(UART_EP0_CR_PTR, UART_MODE_STALL_IN_OUT);
 387              		.loc 1 261 0
 388 00a2 144B     		ldr	r3, .L16+28
 389 00a4 0322     		movs	r2, #3
 390 00a6 1A70     		strb	r2, [r3]
 262:.\Generated_Source\PSoC5/UART_pm.c ****         /* Enable the SIE with a last address */
 263:.\Generated_Source\PSoC5/UART_pm.c ****         UART_CR0_REG |= UART_CR0_ENABLE;
 391              		.loc 1 263 0
 392 00a8 134B     		ldr	r3, .L16+32
 393 00aa 134A     		ldr	r2, .L16+32
 394 00ac 1278     		ldrb	r2, [r2]
 395 00ae D2B2     		uxtb	r2, r2
 396 00b0 62F07F02 		orn	r2, r2, #127
 397 00b4 D2B2     		uxtb	r2, r2
 398 00b6 1A70     		strb	r2, [r3]
 264:.\Generated_Source\PSoC5/UART_pm.c ****         CyDelayCycles(1u);
 399              		.loc 1 264 0
 400 00b8 0120     		movs	r0, #1
 401 00ba FFF7FEFF 		bl	CyDelayCycles
 265:.\Generated_Source\PSoC5/UART_pm.c ****         /* Finally, Enable d+ pullup and select iomode to USB mode*/
 266:.\Generated_Source\PSoC5/UART_pm.c ****         CY_SET_REG8(UART_USBIO_CR1_PTR, UART_USBIO_CR1_USBPUEN);
 402              		.loc 1 266 0
 403 00be 0F4B     		ldr	r3, .L16+36
 404 00c0 0422     		movs	r2, #4
 405 00c2 1A70     		strb	r2, [r3]
 267:.\Generated_Source\PSoC5/UART_pm.c **** 
 268:.\Generated_Source\PSoC5/UART_pm.c ****         /* Restore USB register settings */
 269:.\Generated_Source\PSoC5/UART_pm.c ****         UART_RestoreConfig();
 406              		.loc 1 269 0
 407 00c4 FFF7FEFF 		bl	UART_RestoreConfig
 408              	.L15:
 270:.\Generated_Source\PSoC5/UART_pm.c ****     }
 271:.\Generated_Source\PSoC5/UART_pm.c **** 
 272:.\Generated_Source\PSoC5/UART_pm.c ****     CyExitCriticalSection(enableInterrupts);
 409              		.loc 1 272 0
 410 00c8 FB79     		ldrb	r3, [r7, #7]	@ zero_extendqisi2
 411 00ca 1846     		mov	r0, r3
 412 00cc FFF7FEFF 		bl	CyExitCriticalSection
ARM GAS  C:\Users\plod1602\AppData\Local\Temp\ccIuxMI8.s 			page 13


 273:.\Generated_Source\PSoC5/UART_pm.c **** }
 413              		.loc 1 273 0
 414 00d0 0837     		adds	r7, r7, #8
 415 00d2 BD46     		mov	sp, r7
 416              		@ sp needed
 417 00d4 80BD     		pop	{r7, pc}
 418              	.L17:
 419 00d6 00BF     		.align	2
 420              	.L16:
 421 00d8 00000000 		.word	UART_backup
 422 00dc 80E100E0 		.word	-536813184
 423 00e0 A5430040 		.word	1073759141
 424 00e4 B5430040 		.word	1073759157
 425 00e8 9D600040 		.word	1073766557
 426 00ec 94430040 		.word	1073759124
 427 00f0 09600040 		.word	1073766409
 428 00f4 28600040 		.word	1073766440
 429 00f8 08600040 		.word	1073766408
 430 00fc 12600040 		.word	1073766418
 431              		.cfi_endproc
 432              	.LFE60:
 433              		.size	UART_Resume, .-UART_Resume
 434              		.text
 435              	.Letext0:
 436              		.file 2 "c:\\program files (x86)\\cypress\\psoc creator\\3.2\\psoc creator\\import\\gnu\\arm\\4.8.
 437              		.file 3 "c:\\program files (x86)\\cypress\\psoc creator\\3.2\\psoc creator\\import\\gnu\\arm\\4.8.
 438              		.file 4 ".\\Generated_Source\\PSoC5\\cytypes.h"
 439              		.file 5 ".\\Generated_Source\\PSoC5\\UART.h"
 440              		.file 6 "Generated_Source\\PSoC5/core_cm3.h"
 441              		.section	.debug_info,"",%progbits
 442              	.Ldebug_info0:
 443 0000 AE010000 		.4byte	0x1ae
 444 0004 0400     		.2byte	0x4
 445 0006 00000000 		.4byte	.Ldebug_abbrev0
 446 000a 04       		.byte	0x4
 447 000b 01       		.uleb128 0x1
 448 000c 76000000 		.4byte	.LASF32
 449 0010 01       		.byte	0x1
 450 0011 04010000 		.4byte	.LASF33
 451 0015 F2010000 		.4byte	.LASF34
 452 0019 00000000 		.4byte	.Ldebug_ranges0+0
 453 001d 00000000 		.4byte	0
 454 0021 00000000 		.4byte	.Ldebug_line0
 455 0025 02       		.uleb128 0x2
 456 0026 01       		.byte	0x1
 457 0027 06       		.byte	0x6
 458 0028 37020000 		.4byte	.LASF0
 459 002c 02       		.uleb128 0x2
 460 002d 01       		.byte	0x1
 461 002e 08       		.byte	0x8
 462 002f 45010000 		.4byte	.LASF1
 463 0033 02       		.uleb128 0x2
 464 0034 02       		.byte	0x2
 465 0035 05       		.byte	0x5
 466 0036 D9010000 		.4byte	.LASF2
 467 003a 02       		.uleb128 0x2
 468 003b 02       		.byte	0x2
ARM GAS  C:\Users\plod1602\AppData\Local\Temp\ccIuxMI8.s 			page 14


 469 003c 07       		.byte	0x7
 470 003d 4C000000 		.4byte	.LASF3
 471 0041 03       		.uleb128 0x3
 472 0042 2F000000 		.4byte	.LASF9
 473 0046 02       		.byte	0x2
 474 0047 37       		.byte	0x37
 475 0048 4C000000 		.4byte	0x4c
 476 004c 02       		.uleb128 0x2
 477 004d 04       		.byte	0x4
 478 004e 05       		.byte	0x5
 479 004f E9010000 		.4byte	.LASF4
 480 0053 02       		.uleb128 0x2
 481 0054 04       		.byte	0x4
 482 0055 07       		.byte	0x7
 483 0056 F2000000 		.4byte	.LASF5
 484 005a 02       		.uleb128 0x2
 485 005b 08       		.byte	0x8
 486 005c 05       		.byte	0x5
 487 005d C6010000 		.4byte	.LASF6
 488 0061 02       		.uleb128 0x2
 489 0062 08       		.byte	0x8
 490 0063 07       		.byte	0x7
 491 0064 86010000 		.4byte	.LASF7
 492 0068 04       		.uleb128 0x4
 493 0069 04       		.byte	0x4
 494 006a 05       		.byte	0x5
 495 006b 696E7400 		.ascii	"int\000"
 496 006f 02       		.uleb128 0x2
 497 0070 04       		.byte	0x4
 498 0071 07       		.byte	0x7
 499 0072 79010000 		.4byte	.LASF8
 500 0076 03       		.uleb128 0x3
 501 0077 B5010000 		.4byte	.LASF10
 502 007b 03       		.byte	0x3
 503 007c 41       		.byte	0x41
 504 007d 41000000 		.4byte	0x41
 505 0081 03       		.uleb128 0x3
 506 0082 E3010000 		.4byte	.LASF11
 507 0086 04       		.byte	0x4
 508 0087 A1       		.byte	0xa1
 509 0088 2C000000 		.4byte	0x2c
 510 008c 03       		.uleb128 0x3
 511 008d 66010000 		.4byte	.LASF12
 512 0091 04       		.byte	0x4
 513 0092 A3       		.byte	0xa3
 514 0093 53000000 		.4byte	0x53
 515 0097 02       		.uleb128 0x2
 516 0098 04       		.byte	0x4
 517 0099 04       		.byte	0x4
 518 009a 5F000000 		.4byte	.LASF13
 519 009e 02       		.uleb128 0x2
 520 009f 08       		.byte	0x8
 521 00a0 04       		.byte	0x4
 522 00a1 53010000 		.4byte	.LASF14
 523 00a5 02       		.uleb128 0x2
 524 00a6 01       		.byte	0x1
 525 00a7 08       		.byte	0x8
ARM GAS  C:\Users\plod1602\AppData\Local\Temp\ccIuxMI8.s 			page 15


 526 00a8 D4010000 		.4byte	.LASF15
 527 00ac 05       		.uleb128 0x5
 528 00ad 71000000 		.4byte	.LASF16
 529 00b1 04       		.byte	0x4
 530 00b2 4B01     		.2byte	0x14b
 531 00b4 B8000000 		.4byte	0xb8
 532 00b8 06       		.uleb128 0x6
 533 00b9 81000000 		.4byte	0x81
 534 00bd 05       		.uleb128 0x5
 535 00be 0D000000 		.4byte	.LASF17
 536 00c2 04       		.byte	0x4
 537 00c3 4D01     		.2byte	0x14d
 538 00c5 C9000000 		.4byte	0xc9
 539 00c9 06       		.uleb128 0x6
 540 00ca 8C000000 		.4byte	0x8c
 541 00ce 02       		.uleb128 0x2
 542 00cf 04       		.byte	0x4
 543 00d0 07       		.byte	0x7
 544 00d1 BD010000 		.4byte	.LASF18
 545 00d5 07       		.uleb128 0x7
 546 00d6 02       		.byte	0x2
 547 00d7 05       		.byte	0x5
 548 00d8 A6       		.byte	0xa6
 549 00d9 F6000000 		.4byte	0xf6
 550 00dd 08       		.uleb128 0x8
 551 00de 6D010000 		.4byte	.LASF19
 552 00e2 05       		.byte	0x5
 553 00e3 A8       		.byte	0xa8
 554 00e4 81000000 		.4byte	0x81
 555 00e8 00       		.byte	0
 556 00e9 08       		.uleb128 0x8
 557 00ea 9D010000 		.4byte	.LASF20
 558 00ee 05       		.byte	0x5
 559 00ef A9       		.byte	0xa9
 560 00f0 81000000 		.4byte	0x81
 561 00f4 01       		.byte	0x1
 562 00f5 00       		.byte	0
 563 00f6 03       		.uleb128 0x3
 564 00f7 43020000 		.4byte	.LASF21
 565 00fb 05       		.byte	0x5
 566 00fc AA       		.byte	0xaa
 567 00fd D5000000 		.4byte	0xd5
 568 0101 02       		.uleb128 0x2
 569 0102 08       		.byte	0x8
 570 0103 04       		.byte	0x4
 571 0104 2B020000 		.4byte	.LASF22
 572 0108 09       		.uleb128 0x9
 573 0109 65000000 		.4byte	.LASF23
 574 010d 01       		.byte	0x1
 575 010e 36       		.byte	0x36
 576 010f 00000000 		.4byte	.LFB56
 577 0113 14000000 		.4byte	.LFE56-.LFB56
 578 0117 01       		.uleb128 0x1
 579 0118 9C       		.byte	0x9c
 580 0119 09       		.uleb128 0x9
 581 011a 1F000000 		.4byte	.LASF24
 582 011e 01       		.byte	0x1
ARM GAS  C:\Users\plod1602\AppData\Local\Temp\ccIuxMI8.s 			page 16


 583 011f 54       		.byte	0x54
 584 0120 00000000 		.4byte	.LFB57
 585 0124 0C000000 		.4byte	.LFE57-.LFB57
 586 0128 01       		.uleb128 0x1
 587 0129 9C       		.byte	0x9c
 588 012a 0A       		.uleb128 0xa
 589 012b 39000000 		.4byte	.LASF25
 590 012f 01       		.byte	0x1
 591 0130 6B       		.byte	0x6b
 592 0131 00000000 		.4byte	.LFB58
 593 0135 18000000 		.4byte	.LFE58-.LFB58
 594 0139 01       		.uleb128 0x1
 595 013a 9C       		.byte	0x9c
 596 013b 0B       		.uleb128 0xb
 597 013c 00000000 		.4byte	.LASF26
 598 0140 01       		.byte	0x1
 599 0141 88       		.byte	0x88
 600 0142 00000000 		.4byte	.LFB59
 601 0146 2C010000 		.4byte	.LFE59-.LFB59
 602 014a 01       		.uleb128 0x1
 603 014b 9C       		.byte	0x9c
 604 014c 5F010000 		.4byte	0x15f
 605 0150 0C       		.uleb128 0xc
 606 0151 34010000 		.4byte	.LASF28
 607 0155 01       		.byte	0x1
 608 0156 8A       		.byte	0x8a
 609 0157 81000000 		.4byte	0x81
 610 015b 02       		.uleb128 0x2
 611 015c 91       		.byte	0x91
 612 015d 77       		.sleb128 -9
 613 015e 00       		.byte	0
 614 015f 0B       		.uleb128 0xb
 615 0160 13000000 		.4byte	.LASF27
 616 0164 01       		.byte	0x1
 617 0165 D8       		.byte	0xd8
 618 0166 00000000 		.4byte	.LFB60
 619 016a 00010000 		.4byte	.LFE60-.LFB60
 620 016e 01       		.uleb128 0x1
 621 016f 9C       		.byte	0x9c
 622 0170 83010000 		.4byte	0x183
 623 0174 0C       		.uleb128 0xc
 624 0175 34010000 		.4byte	.LASF28
 625 0179 01       		.byte	0x1
 626 017a DA       		.byte	0xda
 627 017b 81000000 		.4byte	0x81
 628 017f 02       		.uleb128 0x2
 629 0180 91       		.byte	0x91
 630 0181 77       		.sleb128 -9
 631 0182 00       		.byte	0
 632 0183 0C       		.uleb128 0xc
 633 0184 5A010000 		.4byte	.LASF29
 634 0188 01       		.byte	0x1
 635 0189 22       		.byte	0x22
 636 018a F6000000 		.4byte	0xf6
 637 018e 05       		.uleb128 0x5
 638 018f 03       		.byte	0x3
 639 0190 00000000 		.4byte	UART_backup
ARM GAS  C:\Users\plod1602\AppData\Local\Temp\ccIuxMI8.s 			page 17


 640 0194 0D       		.uleb128 0xd
 641 0195 A2010000 		.4byte	.LASF30
 642 0199 05       		.byte	0x5
 643 019a 4E02     		.2byte	0x24e
 644 019c B8000000 		.4byte	0xb8
 645 01a0 0D       		.uleb128 0xd
 646 01a1 27010000 		.4byte	.LASF31
 647 01a5 06       		.byte	0x6
 648 01a6 1606     		.2byte	0x616
 649 01a8 AC010000 		.4byte	0x1ac
 650 01ac 06       		.uleb128 0x6
 651 01ad 76000000 		.4byte	0x76
 652 01b1 00       		.byte	0
 653              		.section	.debug_abbrev,"",%progbits
 654              	.Ldebug_abbrev0:
 655 0000 01       		.uleb128 0x1
 656 0001 11       		.uleb128 0x11
 657 0002 01       		.byte	0x1
 658 0003 25       		.uleb128 0x25
 659 0004 0E       		.uleb128 0xe
 660 0005 13       		.uleb128 0x13
 661 0006 0B       		.uleb128 0xb
 662 0007 03       		.uleb128 0x3
 663 0008 0E       		.uleb128 0xe
 664 0009 1B       		.uleb128 0x1b
 665 000a 0E       		.uleb128 0xe
 666 000b 55       		.uleb128 0x55
 667 000c 17       		.uleb128 0x17
 668 000d 11       		.uleb128 0x11
 669 000e 01       		.uleb128 0x1
 670 000f 10       		.uleb128 0x10
 671 0010 17       		.uleb128 0x17
 672 0011 00       		.byte	0
 673 0012 00       		.byte	0
 674 0013 02       		.uleb128 0x2
 675 0014 24       		.uleb128 0x24
 676 0015 00       		.byte	0
 677 0016 0B       		.uleb128 0xb
 678 0017 0B       		.uleb128 0xb
 679 0018 3E       		.uleb128 0x3e
 680 0019 0B       		.uleb128 0xb
 681 001a 03       		.uleb128 0x3
 682 001b 0E       		.uleb128 0xe
 683 001c 00       		.byte	0
 684 001d 00       		.byte	0
 685 001e 03       		.uleb128 0x3
 686 001f 16       		.uleb128 0x16
 687 0020 00       		.byte	0
 688 0021 03       		.uleb128 0x3
 689 0022 0E       		.uleb128 0xe
 690 0023 3A       		.uleb128 0x3a
 691 0024 0B       		.uleb128 0xb
 692 0025 3B       		.uleb128 0x3b
 693 0026 0B       		.uleb128 0xb
 694 0027 49       		.uleb128 0x49
 695 0028 13       		.uleb128 0x13
 696 0029 00       		.byte	0
ARM GAS  C:\Users\plod1602\AppData\Local\Temp\ccIuxMI8.s 			page 18


 697 002a 00       		.byte	0
 698 002b 04       		.uleb128 0x4
 699 002c 24       		.uleb128 0x24
 700 002d 00       		.byte	0
 701 002e 0B       		.uleb128 0xb
 702 002f 0B       		.uleb128 0xb
 703 0030 3E       		.uleb128 0x3e
 704 0031 0B       		.uleb128 0xb
 705 0032 03       		.uleb128 0x3
 706 0033 08       		.uleb128 0x8
 707 0034 00       		.byte	0
 708 0035 00       		.byte	0
 709 0036 05       		.uleb128 0x5
 710 0037 16       		.uleb128 0x16
 711 0038 00       		.byte	0
 712 0039 03       		.uleb128 0x3
 713 003a 0E       		.uleb128 0xe
 714 003b 3A       		.uleb128 0x3a
 715 003c 0B       		.uleb128 0xb
 716 003d 3B       		.uleb128 0x3b
 717 003e 05       		.uleb128 0x5
 718 003f 49       		.uleb128 0x49
 719 0040 13       		.uleb128 0x13
 720 0041 00       		.byte	0
 721 0042 00       		.byte	0
 722 0043 06       		.uleb128 0x6
 723 0044 35       		.uleb128 0x35
 724 0045 00       		.byte	0
 725 0046 49       		.uleb128 0x49
 726 0047 13       		.uleb128 0x13
 727 0048 00       		.byte	0
 728 0049 00       		.byte	0
 729 004a 07       		.uleb128 0x7
 730 004b 13       		.uleb128 0x13
 731 004c 01       		.byte	0x1
 732 004d 0B       		.uleb128 0xb
 733 004e 0B       		.uleb128 0xb
 734 004f 3A       		.uleb128 0x3a
 735 0050 0B       		.uleb128 0xb
 736 0051 3B       		.uleb128 0x3b
 737 0052 0B       		.uleb128 0xb
 738 0053 01       		.uleb128 0x1
 739 0054 13       		.uleb128 0x13
 740 0055 00       		.byte	0
 741 0056 00       		.byte	0
 742 0057 08       		.uleb128 0x8
 743 0058 0D       		.uleb128 0xd
 744 0059 00       		.byte	0
 745 005a 03       		.uleb128 0x3
 746 005b 0E       		.uleb128 0xe
 747 005c 3A       		.uleb128 0x3a
 748 005d 0B       		.uleb128 0xb
 749 005e 3B       		.uleb128 0x3b
 750 005f 0B       		.uleb128 0xb
 751 0060 49       		.uleb128 0x49
 752 0061 13       		.uleb128 0x13
 753 0062 38       		.uleb128 0x38
ARM GAS  C:\Users\plod1602\AppData\Local\Temp\ccIuxMI8.s 			page 19


 754 0063 0B       		.uleb128 0xb
 755 0064 00       		.byte	0
 756 0065 00       		.byte	0
 757 0066 09       		.uleb128 0x9
 758 0067 2E       		.uleb128 0x2e
 759 0068 00       		.byte	0
 760 0069 3F       		.uleb128 0x3f
 761 006a 19       		.uleb128 0x19
 762 006b 03       		.uleb128 0x3
 763 006c 0E       		.uleb128 0xe
 764 006d 3A       		.uleb128 0x3a
 765 006e 0B       		.uleb128 0xb
 766 006f 3B       		.uleb128 0x3b
 767 0070 0B       		.uleb128 0xb
 768 0071 27       		.uleb128 0x27
 769 0072 19       		.uleb128 0x19
 770 0073 11       		.uleb128 0x11
 771 0074 01       		.uleb128 0x1
 772 0075 12       		.uleb128 0x12
 773 0076 06       		.uleb128 0x6
 774 0077 40       		.uleb128 0x40
 775 0078 18       		.uleb128 0x18
 776 0079 9742     		.uleb128 0x2117
 777 007b 19       		.uleb128 0x19
 778 007c 00       		.byte	0
 779 007d 00       		.byte	0
 780 007e 0A       		.uleb128 0xa
 781 007f 2E       		.uleb128 0x2e
 782 0080 00       		.byte	0
 783 0081 3F       		.uleb128 0x3f
 784 0082 19       		.uleb128 0x19
 785 0083 03       		.uleb128 0x3
 786 0084 0E       		.uleb128 0xe
 787 0085 3A       		.uleb128 0x3a
 788 0086 0B       		.uleb128 0xb
 789 0087 3B       		.uleb128 0x3b
 790 0088 0B       		.uleb128 0xb
 791 0089 27       		.uleb128 0x27
 792 008a 19       		.uleb128 0x19
 793 008b 11       		.uleb128 0x11
 794 008c 01       		.uleb128 0x1
 795 008d 12       		.uleb128 0x12
 796 008e 06       		.uleb128 0x6
 797 008f 40       		.uleb128 0x40
 798 0090 18       		.uleb128 0x18
 799 0091 9642     		.uleb128 0x2116
 800 0093 19       		.uleb128 0x19
 801 0094 00       		.byte	0
 802 0095 00       		.byte	0
 803 0096 0B       		.uleb128 0xb
 804 0097 2E       		.uleb128 0x2e
 805 0098 01       		.byte	0x1
 806 0099 3F       		.uleb128 0x3f
 807 009a 19       		.uleb128 0x19
 808 009b 03       		.uleb128 0x3
 809 009c 0E       		.uleb128 0xe
 810 009d 3A       		.uleb128 0x3a
ARM GAS  C:\Users\plod1602\AppData\Local\Temp\ccIuxMI8.s 			page 20


 811 009e 0B       		.uleb128 0xb
 812 009f 3B       		.uleb128 0x3b
 813 00a0 0B       		.uleb128 0xb
 814 00a1 27       		.uleb128 0x27
 815 00a2 19       		.uleb128 0x19
 816 00a3 11       		.uleb128 0x11
 817 00a4 01       		.uleb128 0x1
 818 00a5 12       		.uleb128 0x12
 819 00a6 06       		.uleb128 0x6
 820 00a7 40       		.uleb128 0x40
 821 00a8 18       		.uleb128 0x18
 822 00a9 9642     		.uleb128 0x2116
 823 00ab 19       		.uleb128 0x19
 824 00ac 01       		.uleb128 0x1
 825 00ad 13       		.uleb128 0x13
 826 00ae 00       		.byte	0
 827 00af 00       		.byte	0
 828 00b0 0C       		.uleb128 0xc
 829 00b1 34       		.uleb128 0x34
 830 00b2 00       		.byte	0
 831 00b3 03       		.uleb128 0x3
 832 00b4 0E       		.uleb128 0xe
 833 00b5 3A       		.uleb128 0x3a
 834 00b6 0B       		.uleb128 0xb
 835 00b7 3B       		.uleb128 0x3b
 836 00b8 0B       		.uleb128 0xb
 837 00b9 49       		.uleb128 0x49
 838 00ba 13       		.uleb128 0x13
 839 00bb 02       		.uleb128 0x2
 840 00bc 18       		.uleb128 0x18
 841 00bd 00       		.byte	0
 842 00be 00       		.byte	0
 843 00bf 0D       		.uleb128 0xd
 844 00c0 34       		.uleb128 0x34
 845 00c1 00       		.byte	0
 846 00c2 03       		.uleb128 0x3
 847 00c3 0E       		.uleb128 0xe
 848 00c4 3A       		.uleb128 0x3a
 849 00c5 0B       		.uleb128 0xb
 850 00c6 3B       		.uleb128 0x3b
 851 00c7 05       		.uleb128 0x5
 852 00c8 49       		.uleb128 0x49
 853 00c9 13       		.uleb128 0x13
 854 00ca 3F       		.uleb128 0x3f
 855 00cb 19       		.uleb128 0x19
 856 00cc 3C       		.uleb128 0x3c
 857 00cd 19       		.uleb128 0x19
 858 00ce 00       		.byte	0
 859 00cf 00       		.byte	0
 860 00d0 00       		.byte	0
 861              		.section	.debug_aranges,"",%progbits
 862 0000 3C000000 		.4byte	0x3c
 863 0004 0200     		.2byte	0x2
 864 0006 00000000 		.4byte	.Ldebug_info0
 865 000a 04       		.byte	0x4
 866 000b 00       		.byte	0
 867 000c 0000     		.2byte	0
ARM GAS  C:\Users\plod1602\AppData\Local\Temp\ccIuxMI8.s 			page 21


 868 000e 0000     		.2byte	0
 869 0010 00000000 		.4byte	.LFB56
 870 0014 14000000 		.4byte	.LFE56-.LFB56
 871 0018 00000000 		.4byte	.LFB57
 872 001c 0C000000 		.4byte	.LFE57-.LFB57
 873 0020 00000000 		.4byte	.LFB58
 874 0024 18000000 		.4byte	.LFE58-.LFB58
 875 0028 00000000 		.4byte	.LFB59
 876 002c 2C010000 		.4byte	.LFE59-.LFB59
 877 0030 00000000 		.4byte	.LFB60
 878 0034 00010000 		.4byte	.LFE60-.LFB60
 879 0038 00000000 		.4byte	0
 880 003c 00000000 		.4byte	0
 881              		.section	.debug_ranges,"",%progbits
 882              	.Ldebug_ranges0:
 883 0000 00000000 		.4byte	.LFB56
 884 0004 14000000 		.4byte	.LFE56
 885 0008 00000000 		.4byte	.LFB57
 886 000c 0C000000 		.4byte	.LFE57
 887 0010 00000000 		.4byte	.LFB58
 888 0014 18000000 		.4byte	.LFE58
 889 0018 00000000 		.4byte	.LFB59
 890 001c 2C010000 		.4byte	.LFE59
 891 0020 00000000 		.4byte	.LFB60
 892 0024 00010000 		.4byte	.LFE60
 893 0028 00000000 		.4byte	0
 894 002c 00000000 		.4byte	0
 895              		.section	.debug_line,"",%progbits
 896              	.Ldebug_line0:
 897 0000 F5010000 		.section	.debug_str,"MS",%progbits,1
 897      02006D01 
 897      00000201 
 897      FB0E0D00 
 897      01010101 
 898              	.LASF26:
 899 0000 55415254 		.ascii	"UART_Suspend\000"
 899      5F537573 
 899      70656E64 
 899      00
 900              	.LASF17:
 901 000d 72656733 		.ascii	"reg32\000"
 901      3200
 902              	.LASF27:
 903 0013 55415254 		.ascii	"UART_Resume\000"
 903      5F526573 
 903      756D6500 
 904              	.LASF24:
 905 001f 55415254 		.ascii	"UART_SaveConfig\000"
 905      5F536176 
 905      65436F6E 
 905      66696700 
 906              	.LASF9:
 907 002f 5F5F696E 		.ascii	"__int32_t\000"
 907      7433325F 
 907      7400
 908              	.LASF25:
 909 0039 55415254 		.ascii	"UART_RestoreConfig\000"
ARM GAS  C:\Users\plod1602\AppData\Local\Temp\ccIuxMI8.s 			page 22


 909      5F526573 
 909      746F7265 
 909      436F6E66 
 909      696700
 910              	.LASF3:
 911 004c 73686F72 		.ascii	"short unsigned int\000"
 911      7420756E 
 911      7369676E 
 911      65642069 
 911      6E7400
 912              	.LASF13:
 913 005f 666C6F61 		.ascii	"float\000"
 913      7400
 914              	.LASF23:
 915 0065 55415254 		.ascii	"UART_DP_ISR\000"
 915      5F44505F 
 915      49535200 
 916              	.LASF16:
 917 0071 72656738 		.ascii	"reg8\000"
 917      00
 918              	.LASF32:
 919 0076 474E5520 		.ascii	"GNU C 4.8.4 20140526 (release) [ARM/embedded-4_8-br"
 919      4320342E 
 919      382E3420 
 919      32303134 
 919      30353236 
 920 00a9 616E6368 		.ascii	"anch revision 211358] -mcpu=cortex-m3 -mthumb -g -O"
 920      20726576 
 920      6973696F 
 920      6E203231 
 920      31333538 
 921 00dc 30202D66 		.ascii	"0 -ffunction-sections\000"
 921      66756E63 
 921      74696F6E 
 921      2D736563 
 921      74696F6E 
 922              	.LASF5:
 923 00f2 6C6F6E67 		.ascii	"long unsigned int\000"
 923      20756E73 
 923      69676E65 
 923      6420696E 
 923      7400
 924              	.LASF33:
 925 0104 2E5C4765 		.ascii	".\\Generated_Source\\PSoC5\\UART_pm.c\000"
 925      6E657261 
 925      7465645F 
 925      536F7572 
 925      63655C50 
 926              	.LASF31:
 927 0127 49544D5F 		.ascii	"ITM_RxBuffer\000"
 927      52784275 
 927      66666572 
 927      00
 928              	.LASF28:
 929 0134 656E6162 		.ascii	"enableInterrupts\000"
 929      6C65496E 
 929      74657272 
ARM GAS  C:\Users\plod1602\AppData\Local\Temp\ccIuxMI8.s 			page 23


 929      75707473 
 929      00
 930              	.LASF1:
 931 0145 756E7369 		.ascii	"unsigned char\000"
 931      676E6564 
 931      20636861 
 931      7200
 932              	.LASF14:
 933 0153 646F7562 		.ascii	"double\000"
 933      6C6500
 934              	.LASF29:
 935 015a 55415254 		.ascii	"UART_backup\000"
 935      5F626163 
 935      6B757000 
 936              	.LASF12:
 937 0166 75696E74 		.ascii	"uint32\000"
 937      333200
 938              	.LASF19:
 939 016d 656E6162 		.ascii	"enableState\000"
 939      6C655374 
 939      61746500 
 940              	.LASF8:
 941 0179 756E7369 		.ascii	"unsigned int\000"
 941      676E6564 
 941      20696E74 
 941      00
 942              	.LASF7:
 943 0186 6C6F6E67 		.ascii	"long long unsigned int\000"
 943      206C6F6E 
 943      6720756E 
 943      7369676E 
 943      65642069 
 944              	.LASF20:
 945 019d 6D6F6465 		.ascii	"mode\000"
 945      00
 946              	.LASF30:
 947 01a2 55415254 		.ascii	"UART_configuration\000"
 947      5F636F6E 
 947      66696775 
 947      72617469 
 947      6F6E00
 948              	.LASF10:
 949 01b5 696E7433 		.ascii	"int32_t\000"
 949      325F7400 
 950              	.LASF18:
 951 01bd 73697A65 		.ascii	"sizetype\000"
 951      74797065 
 951      00
 952              	.LASF6:
 953 01c6 6C6F6E67 		.ascii	"long long int\000"
 953      206C6F6E 
 953      6720696E 
 953      7400
 954              	.LASF15:
 955 01d4 63686172 		.ascii	"char\000"
 955      00
 956              	.LASF2:
ARM GAS  C:\Users\plod1602\AppData\Local\Temp\ccIuxMI8.s 			page 24


 957 01d9 73686F72 		.ascii	"short int\000"
 957      7420696E 
 957      7400
 958              	.LASF11:
 959 01e3 75696E74 		.ascii	"uint8\000"
 959      3800
 960              	.LASF4:
 961 01e9 6C6F6E67 		.ascii	"long int\000"
 961      20696E74 
 961      00
 962              	.LASF34:
 963 01f2 433A5C55 		.ascii	"C:\\Users\\plod1602\\Desktop\\TAC_2015-09-18\\TAC_P"
 963      73657273 
 963      5C706C6F 
 963      64313630 
 963      325C4465 
 964 0220 534F4335 		.ascii	"SOC5.cydsn\000"
 964      2E637964 
 964      736E00
 965              	.LASF22:
 966 022b 6C6F6E67 		.ascii	"long double\000"
 966      20646F75 
 966      626C6500 
 967              	.LASF0:
 968 0237 7369676E 		.ascii	"signed char\000"
 968      65642063 
 968      68617200 
 969              	.LASF21:
 970 0243 55415254 		.ascii	"UART_BACKUP_STRUCT\000"
 970      5F424143 
 970      4B55505F 
 970      53545255 
 970      435400
 971              		.ident	"GCC: (GNU Tools for ARM Embedded Processors) 4.8.4 20140526 (release) [ARM/embedded-4_8-br
