ARM GAS  C:\Users\plod1602\AppData\Local\Temp\cch3OT0y.s 			page 1


   1              		.syntax unified
   2              		.cpu cortex-m3
   3              		.fpu softvfp
   4              		.eabi_attribute 20, 1
   5              		.eabi_attribute 21, 1
   6              		.eabi_attribute 23, 3
   7              		.eabi_attribute 24, 1
   8              		.eabi_attribute 25, 1
   9              		.eabi_attribute 26, 1
  10              		.eabi_attribute 30, 6
  11              		.eabi_attribute 34, 1
  12              		.eabi_attribute 18, 4
  13              		.thumb
  14              		.file	"AgitatorControler.c"
  15              		.text
  16              	.Ltext0:
  17              		.cfi_sections	.debug_frame
  18              		.section	.text.changeAgitatorSpeed,"ax",%progbits
  19              		.align	2
  20              		.global	changeAgitatorSpeed
  21              		.thumb
  22              		.thumb_func
  23              		.type	changeAgitatorSpeed, %function
  24              	changeAgitatorSpeed:
  25              	.LFB56:
  26              		.file 1 ".\\AgitatorControler.c"
   1:.\AgitatorControler.c **** /* ========================================
   2:.\AgitatorControler.c ****  *
   3:.\AgitatorControler.c ****  * Copyright YOUR COMPANY, THE YEAR
   4:.\AgitatorControler.c ****  * All Rights Reserved
   5:.\AgitatorControler.c ****  * UNPUBLISHED, LICENSED SOFTWARE.
   6:.\AgitatorControler.c ****  *
   7:.\AgitatorControler.c ****  * CONFIDENTIAL AND PROPRIETARY INFORMATION
   8:.\AgitatorControler.c ****  * WHICH IS THE PROPERTY OF your company.
   9:.\AgitatorControler.c ****  *
  10:.\AgitatorControler.c ****  * ========================================
  11:.\AgitatorControler.c **** */
  12:.\AgitatorControler.c **** 
  13:.\AgitatorControler.c **** #include "AgitatorControler.h"
  14:.\AgitatorControler.c **** 
  15:.\AgitatorControler.c **** 
  16:.\AgitatorControler.c **** extern MC1_5Module  mc1_5Module [2];
  17:.\AgitatorControler.c **** 
  18:.\AgitatorControler.c **** 
  19:.\AgitatorControler.c **** void changeAgitatorSpeed(uint8 percentage, uint8 module)
  20:.\AgitatorControler.c **** {
  27              		.loc 1 20 0
  28              		.cfi_startproc
  29              		@ args = 0, pretend = 0, frame = 16
  30              		@ frame_needed = 1, uses_anonymous_args = 0
  31 0000 80B5     		push	{r7, lr}
  32              		.cfi_def_cfa_offset 8
  33              		.cfi_offset 7, -8
  34              		.cfi_offset 14, -4
  35 0002 84B0     		sub	sp, sp, #16
  36              		.cfi_def_cfa_offset 24
  37 0004 00AF     		add	r7, sp, #0
ARM GAS  C:\Users\plod1602\AppData\Local\Temp\cch3OT0y.s 			page 2


  38              		.cfi_def_cfa_register 7
  39 0006 0346     		mov	r3, r0
  40 0008 0A46     		mov	r2, r1
  41 000a FB71     		strb	r3, [r7, #7]
  42 000c 1346     		mov	r3, r2
  43 000e BB71     		strb	r3, [r7, #6]
  21:.\AgitatorControler.c ****     uint16 maxValue;
  22:.\AgitatorControler.c ****     uint16 toWrite;
  23:.\AgitatorControler.c ****     
  24:.\AgitatorControler.c ****     if(percentage > 100)  percentage = 100;
  44              		.loc 1 24 0
  45 0010 FB79     		ldrb	r3, [r7, #7]	@ zero_extendqisi2
  46 0012 642B     		cmp	r3, #100
  47 0014 01D9     		bls	.L6
  48              		.loc 1 24 0 is_stmt 0 discriminator 1
  49 0016 6423     		movs	r3, #100
  50 0018 FB71     		strb	r3, [r7, #7]
  51              	.L6:
  25:.\AgitatorControler.c ****     if(percentage < 0) percentage = 0;
  26:.\AgitatorControler.c ****     
  27:.\AgitatorControler.c ****     switch (module)
  52              		.loc 1 27 0 is_stmt 1
  53 001a BB79     		ldrb	r3, [r7, #6]	@ zero_extendqisi2
  54 001c 002B     		cmp	r3, #0
  55 001e 02D0     		beq	.L4
  56 0020 012B     		cmp	r3, #1
  57 0022 14D0     		beq	.L5
  58 0024 27E0     		b	.L3
  59              	.L4:
  60              	.LBB2:
  28:.\AgitatorControler.c ****     {
  29:.\AgitatorControler.c ****         case 0:
  30:.\AgitatorControler.c ****             maxValue = pwmAgitator_1_ReadPeriod();
  61              		.loc 1 30 0
  62 0026 FFF7FEFF 		bl	pwmAgitator_1_ReadPeriod
  63 002a 0346     		mov	r3, r0
  64 002c BB81     		strh	r3, [r7, #12]	@ movhi
  31:.\AgitatorControler.c ****             toWrite = (percentage*(maxValue/100));
  65              		.loc 1 31 0
  66 002e FB79     		ldrb	r3, [r7, #7]	@ zero_extendqisi2
  67 0030 9BB2     		uxth	r3, r3
  68 0032 BA89     		ldrh	r2, [r7, #12]
  69 0034 1749     		ldr	r1, .L7
  70 0036 A1FB0212 		umull	r1, r2, r1, r2
  71 003a 5209     		lsrs	r2, r2, #5
  72 003c 92B2     		uxth	r2, r2
  73 003e 02FB03F3 		mul	r3, r2, r3
  74 0042 FB81     		strh	r3, [r7, #14]	@ movhi
  32:.\AgitatorControler.c ****             pwmAgitator_1_WriteCompare(toWrite);
  75              		.loc 1 32 0
  76 0044 FB89     		ldrh	r3, [r7, #14]
  77 0046 1846     		mov	r0, r3
  78 0048 FFF7FEFF 		bl	pwmAgitator_1_WriteCompare
  33:.\AgitatorControler.c ****             break;
  79              		.loc 1 33 0
  80 004c 13E0     		b	.L3
  81              	.L5:
ARM GAS  C:\Users\plod1602\AppData\Local\Temp\cch3OT0y.s 			page 3


  34:.\AgitatorControler.c ****         case 1:
  35:.\AgitatorControler.c ****             maxValue = pwmAgitator_2_ReadPeriod();
  82              		.loc 1 35 0
  83 004e FFF7FEFF 		bl	pwmAgitator_2_ReadPeriod
  84 0052 0346     		mov	r3, r0
  85 0054 BB81     		strh	r3, [r7, #12]	@ movhi
  36:.\AgitatorControler.c ****             toWrite = (percentage*(maxValue/100));
  86              		.loc 1 36 0
  87 0056 FB79     		ldrb	r3, [r7, #7]	@ zero_extendqisi2
  88 0058 9BB2     		uxth	r3, r3
  89 005a BA89     		ldrh	r2, [r7, #12]
  90 005c 0D49     		ldr	r1, .L7
  91 005e A1FB0212 		umull	r1, r2, r1, r2
  92 0062 5209     		lsrs	r2, r2, #5
  93 0064 92B2     		uxth	r2, r2
  94 0066 02FB03F3 		mul	r3, r2, r3
  95 006a FB81     		strh	r3, [r7, #14]	@ movhi
  37:.\AgitatorControler.c ****             pwmAgitator_2_WriteCompare(toWrite);
  96              		.loc 1 37 0
  97 006c FB89     		ldrh	r3, [r7, #14]
  98 006e 1846     		mov	r0, r3
  99 0070 FFF7FEFF 		bl	pwmAgitator_2_WriteCompare
  38:.\AgitatorControler.c ****             break;
 100              		.loc 1 38 0
 101 0074 00BF     		nop
 102              	.L3:
 103              	.LBE2:
  39:.\AgitatorControler.c ****     }
  40:.\AgitatorControler.c ****     mc1_5Module [module].agitatorSpeed = toWrite;
 104              		.loc 1 40 0
 105 0076 BA79     		ldrb	r2, [r7, #6]	@ zero_extendqisi2
 106 0078 FB89     		ldrh	r3, [r7, #14]	@ movhi
 107 007a D8B2     		uxtb	r0, r3
 108 007c 0649     		ldr	r1, .L7+4
 109 007e 1346     		mov	r3, r2
 110 0080 9B00     		lsls	r3, r3, #2
 111 0082 1344     		add	r3, r3, r2
 112 0084 DB00     		lsls	r3, r3, #3
 113 0086 0B44     		add	r3, r3, r1
 114 0088 1033     		adds	r3, r3, #16
 115 008a 0246     		mov	r2, r0
 116 008c 1A70     		strb	r2, [r3]
  41:.\AgitatorControler.c **** }
 117              		.loc 1 41 0
 118 008e 1037     		adds	r7, r7, #16
 119              		.cfi_def_cfa_offset 8
 120 0090 BD46     		mov	sp, r7
 121              		.cfi_def_cfa_register 13
 122              		@ sp needed
 123 0092 80BD     		pop	{r7, pc}
 124              	.L8:
 125              		.align	2
 126              	.L7:
 127 0094 1F85EB51 		.word	1374389535
 128 0098 00000000 		.word	mc1_5Module
 129              		.cfi_endproc
 130              	.LFE56:
ARM GAS  C:\Users\plod1602\AppData\Local\Temp\cch3OT0y.s 			page 4


 131              		.size	changeAgitatorSpeed, .-changeAgitatorSpeed
 132              		.section	.text.changeAgitatorState,"ax",%progbits
 133              		.align	2
 134              		.global	changeAgitatorState
 135              		.thumb
 136              		.thumb_func
 137              		.type	changeAgitatorState, %function
 138              	changeAgitatorState:
 139              	.LFB57:
  42:.\AgitatorControler.c **** 
  43:.\AgitatorControler.c **** 
  44:.\AgitatorControler.c **** int8 changeAgitatorState(uint8 agitatorEnableState, uint8 module)
  45:.\AgitatorControler.c **** {    
 140              		.loc 1 45 0
 141              		.cfi_startproc
 142              		@ args = 0, pretend = 0, frame = 8
 143              		@ frame_needed = 1, uses_anonymous_args = 0
 144 0000 80B5     		push	{r7, lr}
 145              		.cfi_def_cfa_offset 8
 146              		.cfi_offset 7, -8
 147              		.cfi_offset 14, -4
 148 0002 82B0     		sub	sp, sp, #8
 149              		.cfi_def_cfa_offset 16
 150 0004 00AF     		add	r7, sp, #0
 151              		.cfi_def_cfa_register 7
 152 0006 0346     		mov	r3, r0
 153 0008 0A46     		mov	r2, r1
 154 000a FB71     		strb	r3, [r7, #7]
 155 000c 1346     		mov	r3, r2
 156 000e BB71     		strb	r3, [r7, #6]
  46:.\AgitatorControler.c ****     switch (module)
 157              		.loc 1 46 0
 158 0010 BB79     		ldrb	r3, [r7, #6]	@ zero_extendqisi2
 159 0012 002B     		cmp	r3, #0
 160 0014 02D0     		beq	.L11
 161 0016 012B     		cmp	r3, #1
 162 0018 05D0     		beq	.L12
 163 001a 09E0     		b	.L10
 164              	.L11:
 165              	.LBB3:
  47:.\AgitatorControler.c ****     {
  48:.\AgitatorControler.c ****         case 0:
  49:.\AgitatorControler.c ****             outputAgitator1_Enable_Write(agitatorEnableState);
 166              		.loc 1 49 0
 167 001c FB79     		ldrb	r3, [r7, #7]	@ zero_extendqisi2
 168 001e 1846     		mov	r0, r3
 169 0020 FFF7FEFF 		bl	outputAgitator1_Enable_Write
  50:.\AgitatorControler.c ****             break;
 170              		.loc 1 50 0
 171 0024 04E0     		b	.L10
 172              	.L12:
  51:.\AgitatorControler.c ****         case 1:
  52:.\AgitatorControler.c ****             outputAgitator2_Enable_Write(agitatorEnableState);
 173              		.loc 1 52 0
 174 0026 FB79     		ldrb	r3, [r7, #7]	@ zero_extendqisi2
 175 0028 1846     		mov	r0, r3
 176 002a FFF7FEFF 		bl	outputAgitator2_Enable_Write
ARM GAS  C:\Users\plod1602\AppData\Local\Temp\cch3OT0y.s 			page 5


  53:.\AgitatorControler.c ****             break;
 177              		.loc 1 53 0
 178 002e 00BF     		nop
 179              	.L10:
 180              	.LBE3:
  54:.\AgitatorControler.c ****     }
  55:.\AgitatorControler.c ****     mc1_5Module [module].agitatorState = agitatorEnableState;
 181              		.loc 1 55 0
 182 0030 BA79     		ldrb	r2, [r7, #6]	@ zero_extendqisi2
 183 0032 0749     		ldr	r1, .L14
 184 0034 1346     		mov	r3, r2
 185 0036 9B00     		lsls	r3, r3, #2
 186 0038 1344     		add	r3, r3, r2
 187 003a DB00     		lsls	r3, r3, #3
 188 003c 0B44     		add	r3, r3, r1
 189 003e 1033     		adds	r3, r3, #16
 190 0040 FA79     		ldrb	r2, [r7, #7]
 191 0042 5A70     		strb	r2, [r3, #1]
  56:.\AgitatorControler.c ****     return 1;
 192              		.loc 1 56 0
 193 0044 0123     		movs	r3, #1
 194 0046 5BB2     		sxtb	r3, r3
  57:.\AgitatorControler.c **** }
 195              		.loc 1 57 0
 196 0048 1846     		mov	r0, r3
 197 004a 0837     		adds	r7, r7, #8
 198              		.cfi_def_cfa_offset 8
 199 004c BD46     		mov	sp, r7
 200              		.cfi_def_cfa_register 13
 201              		@ sp needed
 202 004e 80BD     		pop	{r7, pc}
 203              	.L15:
 204              		.align	2
 205              	.L14:
 206 0050 00000000 		.word	mc1_5Module
 207              		.cfi_endproc
 208              	.LFE57:
 209              		.size	changeAgitatorState, .-changeAgitatorState
 210              		.text
 211              	.Letext0:
 212              		.file 2 "c:\\program files (x86)\\cypress\\psoc creator\\3.3\\psoc creator\\import\\gnu\\arm\\4.9.
 213              		.file 3 "c:\\program files (x86)\\cypress\\psoc creator\\3.3\\psoc creator\\import\\gnu\\arm\\4.9.
 214              		.file 4 "Generated_Source\\PSoC5/cytypes.h"
 215              		.file 5 ".\\Defines.h"
 216              		.file 6 "Generated_Source\\PSoC5/core_cm3.h"
 217              		.section	.debug_info,"",%progbits
 218              	.Ldebug_info0:
 219 0000 A8030000 		.4byte	0x3a8
 220 0004 0400     		.2byte	0x4
 221 0006 00000000 		.4byte	.Ldebug_abbrev0
 222 000a 04       		.byte	0x4
 223 000b 01       		.uleb128 0x1
 224 000c 71010000 		.4byte	.LASF70
 225 0010 01       		.byte	0x1
 226 0011 32040000 		.4byte	.LASF71
 227 0015 B1030000 		.4byte	.LASF72
 228 0019 00000000 		.4byte	.Ldebug_ranges0+0
ARM GAS  C:\Users\plod1602\AppData\Local\Temp\cch3OT0y.s 			page 6


 229 001d 00000000 		.4byte	0
 230 0021 00000000 		.4byte	.Ldebug_line0
 231 0025 02       		.uleb128 0x2
 232 0026 01       		.byte	0x1
 233 0027 06       		.byte	0x6
 234 0028 14010000 		.4byte	.LASF0
 235 002c 02       		.uleb128 0x2
 236 002d 01       		.byte	0x1
 237 002e 08       		.byte	0x8
 238 002f 76020000 		.4byte	.LASF1
 239 0033 02       		.uleb128 0x2
 240 0034 02       		.byte	0x2
 241 0035 05       		.byte	0x5
 242 0036 5A000000 		.4byte	.LASF2
 243 003a 02       		.uleb128 0x2
 244 003b 02       		.byte	0x2
 245 003c 07       		.byte	0x7
 246 003d 01030000 		.4byte	.LASF3
 247 0041 03       		.uleb128 0x3
 248 0042 89040000 		.4byte	.LASF9
 249 0046 02       		.byte	0x2
 250 0047 3F       		.byte	0x3f
 251 0048 4C000000 		.4byte	0x4c
 252 004c 02       		.uleb128 0x2
 253 004d 04       		.byte	0x4
 254 004e 05       		.byte	0x5
 255 004f 19030000 		.4byte	.LASF4
 256 0053 02       		.uleb128 0x2
 257 0054 04       		.byte	0x4
 258 0055 07       		.byte	0x7
 259 0056 20040000 		.4byte	.LASF5
 260 005a 02       		.uleb128 0x2
 261 005b 08       		.byte	0x8
 262 005c 05       		.byte	0x5
 263 005d 26010000 		.4byte	.LASF6
 264 0061 02       		.uleb128 0x2
 265 0062 08       		.byte	0x8
 266 0063 07       		.byte	0x7
 267 0064 93020000 		.4byte	.LASF7
 268 0068 04       		.uleb128 0x4
 269 0069 04       		.byte	0x4
 270 006a 05       		.byte	0x5
 271 006b 696E7400 		.ascii	"int\000"
 272 006f 02       		.uleb128 0x2
 273 0070 04       		.byte	0x4
 274 0071 07       		.byte	0x7
 275 0072 BB020000 		.4byte	.LASF8
 276 0076 03       		.uleb128 0x3
 277 0077 8B020000 		.4byte	.LASF10
 278 007b 03       		.byte	0x3
 279 007c 2C       		.byte	0x2c
 280 007d 41000000 		.4byte	0x41
 281 0081 03       		.uleb128 0x3
 282 0082 0E010000 		.4byte	.LASF11
 283 0086 04       		.byte	0x4
 284 0087 A1       		.byte	0xa1
 285 0088 2C000000 		.4byte	0x2c
ARM GAS  C:\Users\plod1602\AppData\Local\Temp\cch3OT0y.s 			page 7


 286 008c 03       		.uleb128 0x3
 287 008d E3000000 		.4byte	.LASF12
 288 0091 04       		.byte	0x4
 289 0092 A2       		.byte	0xa2
 290 0093 3A000000 		.4byte	0x3a
 291 0097 03       		.uleb128 0x3
 292 0098 51010000 		.4byte	.LASF13
 293 009c 04       		.byte	0x4
 294 009d A4       		.byte	0xa4
 295 009e 25000000 		.4byte	0x25
 296 00a2 03       		.uleb128 0x3
 297 00a3 08010000 		.4byte	.LASF14
 298 00a7 04       		.byte	0x4
 299 00a8 A5       		.byte	0xa5
 300 00a9 33000000 		.4byte	0x33
 301 00ad 02       		.uleb128 0x2
 302 00ae 04       		.byte	0x4
 303 00af 04       		.byte	0x4
 304 00b0 20010000 		.4byte	.LASF15
 305 00b4 02       		.uleb128 0x2
 306 00b5 08       		.byte	0x8
 307 00b6 04       		.byte	0x4
 308 00b7 48040000 		.4byte	.LASF16
 309 00bb 02       		.uleb128 0x2
 310 00bc 01       		.byte	0x1
 311 00bd 08       		.byte	0x8
 312 00be 14030000 		.4byte	.LASF17
 313 00c2 02       		.uleb128 0x2
 314 00c3 04       		.byte	0x4
 315 00c4 07       		.byte	0x7
 316 00c5 79000000 		.4byte	.LASF18
 317 00c9 02       		.uleb128 0x2
 318 00ca 08       		.byte	0x8
 319 00cb 04       		.byte	0x4
 320 00cc 4D020000 		.4byte	.LASF19
 321 00d0 05       		.uleb128 0x5
 322 00d1 01       		.byte	0x1
 323 00d2 05       		.byte	0x5
 324 00d3 64       		.byte	0x64
 325 00d4 E5000000 		.4byte	0xe5
 326 00d8 06       		.uleb128 0x6
 327 00d9 FF010000 		.4byte	.LASF20
 328 00dd 00       		.sleb128 0
 329 00de 06       		.uleb128 0x6
 330 00df 56010000 		.4byte	.LASF21
 331 00e3 01       		.sleb128 1
 332 00e4 00       		.byte	0
 333 00e5 03       		.uleb128 0x3
 334 00e6 F6000000 		.4byte	.LASF22
 335 00ea 05       		.byte	0x5
 336 00eb 64       		.byte	0x64
 337 00ec D0000000 		.4byte	0xd0
 338 00f0 05       		.uleb128 0x5
 339 00f1 01       		.byte	0x1
 340 00f2 05       		.byte	0x5
 341 00f3 65       		.byte	0x65
 342 00f4 05010000 		.4byte	0x105
ARM GAS  C:\Users\plod1602\AppData\Local\Temp\cch3OT0y.s 			page 8


 343 00f8 06       		.uleb128 0x6
 344 00f9 EA000000 		.4byte	.LASF23
 345 00fd 00       		.sleb128 0
 346 00fe 06       		.uleb128 0x6
 347 00ff 42020000 		.4byte	.LASF24
 348 0103 01       		.sleb128 1
 349 0104 00       		.byte	0
 350 0105 03       		.uleb128 0x3
 351 0106 7E030000 		.4byte	.LASF25
 352 010a 05       		.byte	0x5
 353 010b 65       		.byte	0x65
 354 010c F0000000 		.4byte	0xf0
 355 0110 05       		.uleb128 0x5
 356 0111 01       		.byte	0x1
 357 0112 05       		.byte	0x5
 358 0113 66       		.byte	0x66
 359 0114 25010000 		.4byte	0x125
 360 0118 06       		.uleb128 0x6
 361 0119 A8040000 		.4byte	.LASF26
 362 011d 00       		.sleb128 0
 363 011e 06       		.uleb128 0x6
 364 011f 43030000 		.4byte	.LASF27
 365 0123 01       		.sleb128 1
 366 0124 00       		.byte	0
 367 0125 03       		.uleb128 0x3
 368 0126 20000000 		.4byte	.LASF28
 369 012a 05       		.byte	0x5
 370 012b 66       		.byte	0x66
 371 012c 10010000 		.4byte	0x110
 372 0130 05       		.uleb128 0x5
 373 0131 01       		.byte	0x1
 374 0132 05       		.byte	0x5
 375 0133 67       		.byte	0x67
 376 0134 57010000 		.4byte	0x157
 377 0138 06       		.uleb128 0x6
 378 0139 AA020000 		.4byte	.LASF29
 379 013d 00       		.sleb128 0
 380 013e 06       		.uleb128 0x6
 381 013f C8040000 		.4byte	.LASF30
 382 0143 01       		.sleb128 1
 383 0144 06       		.uleb128 0x6
 384 0145 5F040000 		.4byte	.LASF31
 385 0149 02       		.sleb128 2
 386 014a 06       		.uleb128 0x6
 387 014b 22030000 		.4byte	.LASF32
 388 014f 03       		.sleb128 3
 389 0150 06       		.uleb128 0x6
 390 0151 C8020000 		.4byte	.LASF33
 391 0155 04       		.sleb128 4
 392 0156 00       		.byte	0
 393 0157 03       		.uleb128 0x3
 394 0158 00000000 		.4byte	.LASF34
 395 015c 05       		.byte	0x5
 396 015d 67       		.byte	0x67
 397 015e 30010000 		.4byte	0x130
 398 0162 05       		.uleb128 0x5
 399 0163 01       		.byte	0x1
ARM GAS  C:\Users\plod1602\AppData\Local\Temp\cch3OT0y.s 			page 9


 400 0164 05       		.byte	0x5
 401 0165 68       		.byte	0x68
 402 0166 7D010000 		.4byte	0x17d
 403 016a 06       		.uleb128 0x6
 404 016b 84020000 		.4byte	.LASF35
 405 016f 02       		.sleb128 2
 406 0170 06       		.uleb128 0x6
 407 0171 82000000 		.4byte	.LASF36
 408 0175 01       		.sleb128 1
 409 0176 06       		.uleb128 0x6
 410 0177 EB020000 		.4byte	.LASF37
 411 017b 00       		.sleb128 0
 412 017c 00       		.byte	0
 413 017d 03       		.uleb128 0x3
 414 017e 93040000 		.4byte	.LASF38
 415 0182 05       		.byte	0x5
 416 0183 68       		.byte	0x68
 417 0184 62010000 		.4byte	0x162
 418 0188 07       		.uleb128 0x7
 419 0189 28       		.byte	0x28
 420 018a 05       		.byte	0x5
 421 018b 6D       		.byte	0x6d
 422 018c 7E020000 		.4byte	0x27e
 423 0190 08       		.uleb128 0x8
 424 0191 66030000 		.4byte	.LASF39
 425 0195 05       		.byte	0x5
 426 0196 6F       		.byte	0x6f
 427 0197 8C000000 		.4byte	0x8c
 428 019b 00       		.byte	0
 429 019c 08       		.uleb128 0x8
 430 019d 7C040000 		.4byte	.LASF40
 431 01a1 05       		.byte	0x5
 432 01a2 71       		.byte	0x71
 433 01a3 25010000 		.4byte	0x125
 434 01a7 02       		.byte	0x2
 435 01a8 08       		.uleb128 0x8
 436 01a9 9F030000 		.4byte	.LASF41
 437 01ad 05       		.byte	0x5
 438 01ae 73       		.byte	0x73
 439 01af A2000000 		.4byte	0xa2
 440 01b3 04       		.byte	0x4
 441 01b4 08       		.uleb128 0x8
 442 01b5 8A000000 		.4byte	.LASF42
 443 01b9 05       		.byte	0x5
 444 01ba 74       		.byte	0x74
 445 01bb A2000000 		.4byte	0xa2
 446 01bf 06       		.byte	0x6
 447 01c0 08       		.uleb128 0x8
 448 01c1 4F040000 		.4byte	.LASF43
 449 01c5 05       		.byte	0x5
 450 01c6 75       		.byte	0x75
 451 01c7 57010000 		.4byte	0x157
 452 01cb 08       		.byte	0x8
 453 01cc 08       		.uleb128 0x8
 454 01cd F3040000 		.4byte	.LASF44
 455 01d1 05       		.byte	0x5
 456 01d2 76       		.byte	0x76
ARM GAS  C:\Users\plod1602\AppData\Local\Temp\cch3OT0y.s 			page 10


 457 01d3 7D010000 		.4byte	0x17d
 458 01d7 09       		.byte	0x9
 459 01d8 08       		.uleb128 0x8
 460 01d9 B8040000 		.4byte	.LASF45
 461 01dd 05       		.byte	0x5
 462 01de 78       		.byte	0x78
 463 01df 8C000000 		.4byte	0x8c
 464 01e3 0A       		.byte	0xa
 465 01e4 08       		.uleb128 0x8
 466 01e5 2D020000 		.4byte	.LASF46
 467 01e9 05       		.byte	0x5
 468 01ea 79       		.byte	0x79
 469 01eb 81000000 		.4byte	0x81
 470 01ef 0C       		.byte	0xc
 471 01f0 08       		.uleb128 0x8
 472 01f1 10020000 		.4byte	.LASF47
 473 01f5 05       		.byte	0x5
 474 01f6 7A       		.byte	0x7a
 475 01f7 81000000 		.4byte	0x81
 476 01fb 0D       		.byte	0xd
 477 01fc 08       		.uleb128 0x8
 478 01fd 11040000 		.4byte	.LASF48
 479 0201 05       		.byte	0x5
 480 0202 7B       		.byte	0x7b
 481 0203 8C000000 		.4byte	0x8c
 482 0207 0E       		.byte	0xe
 483 0208 08       		.uleb128 0x8
 484 0209 F3020000 		.4byte	.LASF49
 485 020d 05       		.byte	0x5
 486 020e 7D       		.byte	0x7d
 487 020f 81000000 		.4byte	0x81
 488 0213 10       		.byte	0x10
 489 0214 08       		.uleb128 0x8
 490 0215 64000000 		.4byte	.LASF50
 491 0219 05       		.byte	0x5
 492 021a 7E       		.byte	0x7e
 493 021b E5000000 		.4byte	0xe5
 494 021f 11       		.byte	0x11
 495 0220 08       		.uleb128 0x8
 496 0221 FE030000 		.4byte	.LASF51
 497 0225 05       		.byte	0x5
 498 0226 80       		.byte	0x80
 499 0227 81000000 		.4byte	0x81
 500 022b 12       		.byte	0x12
 501 022c 08       		.uleb128 0x8
 502 022d EA040000 		.4byte	.LASF52
 503 0231 05       		.byte	0x5
 504 0232 81       		.byte	0x81
 505 0233 05010000 		.4byte	0x105
 506 0237 13       		.byte	0x13
 507 0238 08       		.uleb128 0x8
 508 0239 31000000 		.4byte	.LASF53
 509 023d 05       		.byte	0x5
 510 023e 83       		.byte	0x83
 511 023f 8C000000 		.4byte	0x8c
 512 0243 14       		.byte	0x14
 513 0244 08       		.uleb128 0x8
ARM GAS  C:\Users\plod1602\AppData\Local\Temp\cch3OT0y.s 			page 11


 514 0245 46000000 		.4byte	.LASF54
 515 0249 05       		.byte	0x5
 516 024a 84       		.byte	0x84
 517 024b 8C000000 		.4byte	0x8c
 518 024f 16       		.byte	0x16
 519 0250 09       		.uleb128 0x9
 520 0251 6B7000   		.ascii	"kp\000"
 521 0254 05       		.byte	0x5
 522 0255 85       		.byte	0x85
 523 0256 AD000000 		.4byte	0xad
 524 025a 18       		.byte	0x18
 525 025b 09       		.uleb128 0x9
 526 025c 6B6900   		.ascii	"ki\000"
 527 025f 05       		.byte	0x5
 528 0260 85       		.byte	0x85
 529 0261 AD000000 		.4byte	0xad
 530 0265 1C       		.byte	0x1c
 531 0266 09       		.uleb128 0x9
 532 0267 6B6400   		.ascii	"kd\000"
 533 026a 05       		.byte	0x5
 534 026b 85       		.byte	0x85
 535 026c AD000000 		.4byte	0xad
 536 0270 20       		.byte	0x20
 537 0271 08       		.uleb128 0x8
 538 0272 34030000 		.4byte	.LASF55
 539 0276 05       		.byte	0x5
 540 0277 88       		.byte	0x88
 541 0278 AD000000 		.4byte	0xad
 542 027c 24       		.byte	0x24
 543 027d 00       		.byte	0
 544 027e 03       		.uleb128 0x3
 545 027f 70040000 		.4byte	.LASF56
 546 0283 05       		.byte	0x5
 547 0284 8A       		.byte	0x8a
 548 0285 88010000 		.4byte	0x188
 549 0289 0A       		.uleb128 0xa
 550 028a 8B030000 		.4byte	.LASF73
 551 028e 01       		.byte	0x1
 552 028f 13       		.byte	0x13
 553 0290 00000000 		.4byte	.LFB56
 554 0294 9C000000 		.4byte	.LFE56-.LFB56
 555 0298 01       		.uleb128 0x1
 556 0299 9C       		.byte	0x9c
 557 029a 21030000 		.4byte	0x321
 558 029e 0B       		.uleb128 0xb
 559 029f 66010000 		.4byte	.LASF57
 560 02a3 01       		.byte	0x1
 561 02a4 13       		.byte	0x13
 562 02a5 81000000 		.4byte	0x81
 563 02a9 02       		.uleb128 0x2
 564 02aa 91       		.byte	0x91
 565 02ab 6F       		.sleb128 -17
 566 02ac 0B       		.uleb128 0xb
 567 02ad 72000000 		.4byte	.LASF58
 568 02b1 01       		.byte	0x1
 569 02b2 13       		.byte	0x13
 570 02b3 81000000 		.4byte	0x81
ARM GAS  C:\Users\plod1602\AppData\Local\Temp\cch3OT0y.s 			page 12


 571 02b7 02       		.uleb128 0x2
 572 02b8 91       		.byte	0x91
 573 02b9 6E       		.sleb128 -18
 574 02ba 0C       		.uleb128 0xc
 575 02bb 24020000 		.4byte	.LASF59
 576 02bf 01       		.byte	0x1
 577 02c0 15       		.byte	0x15
 578 02c1 8C000000 		.4byte	0x8c
 579 02c5 02       		.uleb128 0x2
 580 02c6 91       		.byte	0x91
 581 02c7 74       		.sleb128 -12
 582 02c8 0C       		.uleb128 0xc
 583 02c9 E2040000 		.4byte	.LASF60
 584 02cd 01       		.byte	0x1
 585 02ce 16       		.byte	0x16
 586 02cf 8C000000 		.4byte	0x8c
 587 02d3 02       		.uleb128 0x2
 588 02d4 91       		.byte	0x91
 589 02d5 76       		.sleb128 -10
 590 02d6 0D       		.uleb128 0xd
 591 02d7 26000000 		.4byte	.LBB2
 592 02db 50000000 		.4byte	.LBE2-.LBB2
 593 02df 0E       		.uleb128 0xe
 594 02e0 9D000000 		.4byte	.LASF61
 595 02e4 01       		.byte	0x1
 596 02e5 1E       		.byte	0x1e
 597 02e6 68000000 		.4byte	0x68
 598 02ea F0020000 		.4byte	0x2f0
 599 02ee 0F       		.uleb128 0xf
 600 02ef 00       		.byte	0
 601 02f0 0E       		.uleb128 0xe
 602 02f1 E3030000 		.4byte	.LASF62
 603 02f5 01       		.byte	0x1
 604 02f6 20       		.byte	0x20
 605 02f7 68000000 		.4byte	0x68
 606 02fb 01030000 		.4byte	0x301
 607 02ff 0F       		.uleb128 0xf
 608 0300 00       		.byte	0
 609 0301 0E       		.uleb128 0xe
 610 0302 CA000000 		.4byte	.LASF63
 611 0306 01       		.byte	0x1
 612 0307 23       		.byte	0x23
 613 0308 68000000 		.4byte	0x68
 614 030c 12030000 		.4byte	0x312
 615 0310 0F       		.uleb128 0xf
 616 0311 00       		.byte	0
 617 0312 10       		.uleb128 0x10
 618 0313 D0020000 		.4byte	.LASF66
 619 0317 01       		.byte	0x1
 620 0318 25       		.byte	0x25
 621 0319 68000000 		.4byte	0x68
 622 031d 0F       		.uleb128 0xf
 623 031e 00       		.byte	0
 624 031f 00       		.byte	0
 625 0320 00       		.byte	0
 626 0321 11       		.uleb128 0x11
 627 0322 B6000000 		.4byte	.LASF74
ARM GAS  C:\Users\plod1602\AppData\Local\Temp\cch3OT0y.s 			page 13


 628 0326 01       		.byte	0x1
 629 0327 2C       		.byte	0x2c
 630 0328 97000000 		.4byte	0x97
 631 032c 00000000 		.4byte	.LFB57
 632 0330 54000000 		.4byte	.LFE57-.LFB57
 633 0334 01       		.uleb128 0x1
 634 0335 9C       		.byte	0x9c
 635 0336 7F030000 		.4byte	0x37f
 636 033a 0B       		.uleb128 0xb
 637 033b 52030000 		.4byte	.LASF64
 638 033f 01       		.byte	0x1
 639 0340 2C       		.byte	0x2c
 640 0341 81000000 		.4byte	0x81
 641 0345 02       		.uleb128 0x2
 642 0346 91       		.byte	0x91
 643 0347 77       		.sleb128 -9
 644 0348 0B       		.uleb128 0xb
 645 0349 72000000 		.4byte	.LASF58
 646 034d 01       		.byte	0x1
 647 034e 2C       		.byte	0x2c
 648 034f 81000000 		.4byte	0x81
 649 0353 02       		.uleb128 0x2
 650 0354 91       		.byte	0x91
 651 0355 76       		.sleb128 -10
 652 0356 0D       		.uleb128 0xd
 653 0357 1C000000 		.4byte	.LBB3
 654 035b 14000000 		.4byte	.LBE3-.LBB3
 655 035f 0E       		.uleb128 0xe
 656 0360 59020000 		.4byte	.LASF65
 657 0364 01       		.byte	0x1
 658 0365 31       		.byte	0x31
 659 0366 68000000 		.4byte	0x68
 660 036a 70030000 		.4byte	0x370
 661 036e 0F       		.uleb128 0xf
 662 036f 00       		.byte	0
 663 0370 10       		.uleb128 0x10
 664 0371 34010000 		.4byte	.LASF67
 665 0375 01       		.byte	0x1
 666 0376 34       		.byte	0x34
 667 0377 68000000 		.4byte	0x68
 668 037b 0F       		.uleb128 0xf
 669 037c 00       		.byte	0
 670 037d 00       		.byte	0
 671 037e 00       		.byte	0
 672 037f 12       		.uleb128 0x12
 673 0380 D5040000 		.4byte	.LASF68
 674 0384 06       		.byte	0x6
 675 0385 1606     		.2byte	0x616
 676 0387 8B030000 		.4byte	0x38b
 677 038b 13       		.uleb128 0x13
 678 038c 76000000 		.4byte	0x76
 679 0390 14       		.uleb128 0x14
 680 0391 7E020000 		.4byte	0x27e
 681 0395 A0030000 		.4byte	0x3a0
 682 0399 15       		.uleb128 0x15
 683 039a C2000000 		.4byte	0xc2
 684 039e 01       		.byte	0x1
ARM GAS  C:\Users\plod1602\AppData\Local\Temp\cch3OT0y.s 			page 14


 685 039f 00       		.byte	0
 686 03a0 16       		.uleb128 0x16
 687 03a1 14000000 		.4byte	.LASF69
 688 03a5 01       		.byte	0x1
 689 03a6 10       		.byte	0x10
 690 03a7 90030000 		.4byte	0x390
 691 03ab 00       		.byte	0
 692              		.section	.debug_abbrev,"",%progbits
 693              	.Ldebug_abbrev0:
 694 0000 01       		.uleb128 0x1
 695 0001 11       		.uleb128 0x11
 696 0002 01       		.byte	0x1
 697 0003 25       		.uleb128 0x25
 698 0004 0E       		.uleb128 0xe
 699 0005 13       		.uleb128 0x13
 700 0006 0B       		.uleb128 0xb
 701 0007 03       		.uleb128 0x3
 702 0008 0E       		.uleb128 0xe
 703 0009 1B       		.uleb128 0x1b
 704 000a 0E       		.uleb128 0xe
 705 000b 55       		.uleb128 0x55
 706 000c 17       		.uleb128 0x17
 707 000d 11       		.uleb128 0x11
 708 000e 01       		.uleb128 0x1
 709 000f 10       		.uleb128 0x10
 710 0010 17       		.uleb128 0x17
 711 0011 00       		.byte	0
 712 0012 00       		.byte	0
 713 0013 02       		.uleb128 0x2
 714 0014 24       		.uleb128 0x24
 715 0015 00       		.byte	0
 716 0016 0B       		.uleb128 0xb
 717 0017 0B       		.uleb128 0xb
 718 0018 3E       		.uleb128 0x3e
 719 0019 0B       		.uleb128 0xb
 720 001a 03       		.uleb128 0x3
 721 001b 0E       		.uleb128 0xe
 722 001c 00       		.byte	0
 723 001d 00       		.byte	0
 724 001e 03       		.uleb128 0x3
 725 001f 16       		.uleb128 0x16
 726 0020 00       		.byte	0
 727 0021 03       		.uleb128 0x3
 728 0022 0E       		.uleb128 0xe
 729 0023 3A       		.uleb128 0x3a
 730 0024 0B       		.uleb128 0xb
 731 0025 3B       		.uleb128 0x3b
 732 0026 0B       		.uleb128 0xb
 733 0027 49       		.uleb128 0x49
 734 0028 13       		.uleb128 0x13
 735 0029 00       		.byte	0
 736 002a 00       		.byte	0
 737 002b 04       		.uleb128 0x4
 738 002c 24       		.uleb128 0x24
 739 002d 00       		.byte	0
 740 002e 0B       		.uleb128 0xb
 741 002f 0B       		.uleb128 0xb
ARM GAS  C:\Users\plod1602\AppData\Local\Temp\cch3OT0y.s 			page 15


 742 0030 3E       		.uleb128 0x3e
 743 0031 0B       		.uleb128 0xb
 744 0032 03       		.uleb128 0x3
 745 0033 08       		.uleb128 0x8
 746 0034 00       		.byte	0
 747 0035 00       		.byte	0
 748 0036 05       		.uleb128 0x5
 749 0037 04       		.uleb128 0x4
 750 0038 01       		.byte	0x1
 751 0039 0B       		.uleb128 0xb
 752 003a 0B       		.uleb128 0xb
 753 003b 3A       		.uleb128 0x3a
 754 003c 0B       		.uleb128 0xb
 755 003d 3B       		.uleb128 0x3b
 756 003e 0B       		.uleb128 0xb
 757 003f 01       		.uleb128 0x1
 758 0040 13       		.uleb128 0x13
 759 0041 00       		.byte	0
 760 0042 00       		.byte	0
 761 0043 06       		.uleb128 0x6
 762 0044 28       		.uleb128 0x28
 763 0045 00       		.byte	0
 764 0046 03       		.uleb128 0x3
 765 0047 0E       		.uleb128 0xe
 766 0048 1C       		.uleb128 0x1c
 767 0049 0D       		.uleb128 0xd
 768 004a 00       		.byte	0
 769 004b 00       		.byte	0
 770 004c 07       		.uleb128 0x7
 771 004d 13       		.uleb128 0x13
 772 004e 01       		.byte	0x1
 773 004f 0B       		.uleb128 0xb
 774 0050 0B       		.uleb128 0xb
 775 0051 3A       		.uleb128 0x3a
 776 0052 0B       		.uleb128 0xb
 777 0053 3B       		.uleb128 0x3b
 778 0054 0B       		.uleb128 0xb
 779 0055 01       		.uleb128 0x1
 780 0056 13       		.uleb128 0x13
 781 0057 00       		.byte	0
 782 0058 00       		.byte	0
 783 0059 08       		.uleb128 0x8
 784 005a 0D       		.uleb128 0xd
 785 005b 00       		.byte	0
 786 005c 03       		.uleb128 0x3
 787 005d 0E       		.uleb128 0xe
 788 005e 3A       		.uleb128 0x3a
 789 005f 0B       		.uleb128 0xb
 790 0060 3B       		.uleb128 0x3b
 791 0061 0B       		.uleb128 0xb
 792 0062 49       		.uleb128 0x49
 793 0063 13       		.uleb128 0x13
 794 0064 38       		.uleb128 0x38
 795 0065 0B       		.uleb128 0xb
 796 0066 00       		.byte	0
 797 0067 00       		.byte	0
 798 0068 09       		.uleb128 0x9
ARM GAS  C:\Users\plod1602\AppData\Local\Temp\cch3OT0y.s 			page 16


 799 0069 0D       		.uleb128 0xd
 800 006a 00       		.byte	0
 801 006b 03       		.uleb128 0x3
 802 006c 08       		.uleb128 0x8
 803 006d 3A       		.uleb128 0x3a
 804 006e 0B       		.uleb128 0xb
 805 006f 3B       		.uleb128 0x3b
 806 0070 0B       		.uleb128 0xb
 807 0071 49       		.uleb128 0x49
 808 0072 13       		.uleb128 0x13
 809 0073 38       		.uleb128 0x38
 810 0074 0B       		.uleb128 0xb
 811 0075 00       		.byte	0
 812 0076 00       		.byte	0
 813 0077 0A       		.uleb128 0xa
 814 0078 2E       		.uleb128 0x2e
 815 0079 01       		.byte	0x1
 816 007a 3F       		.uleb128 0x3f
 817 007b 19       		.uleb128 0x19
 818 007c 03       		.uleb128 0x3
 819 007d 0E       		.uleb128 0xe
 820 007e 3A       		.uleb128 0x3a
 821 007f 0B       		.uleb128 0xb
 822 0080 3B       		.uleb128 0x3b
 823 0081 0B       		.uleb128 0xb
 824 0082 27       		.uleb128 0x27
 825 0083 19       		.uleb128 0x19
 826 0084 11       		.uleb128 0x11
 827 0085 01       		.uleb128 0x1
 828 0086 12       		.uleb128 0x12
 829 0087 06       		.uleb128 0x6
 830 0088 40       		.uleb128 0x40
 831 0089 18       		.uleb128 0x18
 832 008a 9642     		.uleb128 0x2116
 833 008c 19       		.uleb128 0x19
 834 008d 01       		.uleb128 0x1
 835 008e 13       		.uleb128 0x13
 836 008f 00       		.byte	0
 837 0090 00       		.byte	0
 838 0091 0B       		.uleb128 0xb
 839 0092 05       		.uleb128 0x5
 840 0093 00       		.byte	0
 841 0094 03       		.uleb128 0x3
 842 0095 0E       		.uleb128 0xe
 843 0096 3A       		.uleb128 0x3a
 844 0097 0B       		.uleb128 0xb
 845 0098 3B       		.uleb128 0x3b
 846 0099 0B       		.uleb128 0xb
 847 009a 49       		.uleb128 0x49
 848 009b 13       		.uleb128 0x13
 849 009c 02       		.uleb128 0x2
 850 009d 18       		.uleb128 0x18
 851 009e 00       		.byte	0
 852 009f 00       		.byte	0
 853 00a0 0C       		.uleb128 0xc
 854 00a1 34       		.uleb128 0x34
 855 00a2 00       		.byte	0
ARM GAS  C:\Users\plod1602\AppData\Local\Temp\cch3OT0y.s 			page 17


 856 00a3 03       		.uleb128 0x3
 857 00a4 0E       		.uleb128 0xe
 858 00a5 3A       		.uleb128 0x3a
 859 00a6 0B       		.uleb128 0xb
 860 00a7 3B       		.uleb128 0x3b
 861 00a8 0B       		.uleb128 0xb
 862 00a9 49       		.uleb128 0x49
 863 00aa 13       		.uleb128 0x13
 864 00ab 02       		.uleb128 0x2
 865 00ac 18       		.uleb128 0x18
 866 00ad 00       		.byte	0
 867 00ae 00       		.byte	0
 868 00af 0D       		.uleb128 0xd
 869 00b0 0B       		.uleb128 0xb
 870 00b1 01       		.byte	0x1
 871 00b2 11       		.uleb128 0x11
 872 00b3 01       		.uleb128 0x1
 873 00b4 12       		.uleb128 0x12
 874 00b5 06       		.uleb128 0x6
 875 00b6 00       		.byte	0
 876 00b7 00       		.byte	0
 877 00b8 0E       		.uleb128 0xe
 878 00b9 2E       		.uleb128 0x2e
 879 00ba 01       		.byte	0x1
 880 00bb 3F       		.uleb128 0x3f
 881 00bc 19       		.uleb128 0x19
 882 00bd 03       		.uleb128 0x3
 883 00be 0E       		.uleb128 0xe
 884 00bf 3A       		.uleb128 0x3a
 885 00c0 0B       		.uleb128 0xb
 886 00c1 3B       		.uleb128 0x3b
 887 00c2 0B       		.uleb128 0xb
 888 00c3 49       		.uleb128 0x49
 889 00c4 13       		.uleb128 0x13
 890 00c5 3C       		.uleb128 0x3c
 891 00c6 19       		.uleb128 0x19
 892 00c7 01       		.uleb128 0x1
 893 00c8 13       		.uleb128 0x13
 894 00c9 00       		.byte	0
 895 00ca 00       		.byte	0
 896 00cb 0F       		.uleb128 0xf
 897 00cc 18       		.uleb128 0x18
 898 00cd 00       		.byte	0
 899 00ce 00       		.byte	0
 900 00cf 00       		.byte	0
 901 00d0 10       		.uleb128 0x10
 902 00d1 2E       		.uleb128 0x2e
 903 00d2 01       		.byte	0x1
 904 00d3 3F       		.uleb128 0x3f
 905 00d4 19       		.uleb128 0x19
 906 00d5 03       		.uleb128 0x3
 907 00d6 0E       		.uleb128 0xe
 908 00d7 3A       		.uleb128 0x3a
 909 00d8 0B       		.uleb128 0xb
 910 00d9 3B       		.uleb128 0x3b
 911 00da 0B       		.uleb128 0xb
 912 00db 49       		.uleb128 0x49
ARM GAS  C:\Users\plod1602\AppData\Local\Temp\cch3OT0y.s 			page 18


 913 00dc 13       		.uleb128 0x13
 914 00dd 3C       		.uleb128 0x3c
 915 00de 19       		.uleb128 0x19
 916 00df 00       		.byte	0
 917 00e0 00       		.byte	0
 918 00e1 11       		.uleb128 0x11
 919 00e2 2E       		.uleb128 0x2e
 920 00e3 01       		.byte	0x1
 921 00e4 3F       		.uleb128 0x3f
 922 00e5 19       		.uleb128 0x19
 923 00e6 03       		.uleb128 0x3
 924 00e7 0E       		.uleb128 0xe
 925 00e8 3A       		.uleb128 0x3a
 926 00e9 0B       		.uleb128 0xb
 927 00ea 3B       		.uleb128 0x3b
 928 00eb 0B       		.uleb128 0xb
 929 00ec 27       		.uleb128 0x27
 930 00ed 19       		.uleb128 0x19
 931 00ee 49       		.uleb128 0x49
 932 00ef 13       		.uleb128 0x13
 933 00f0 11       		.uleb128 0x11
 934 00f1 01       		.uleb128 0x1
 935 00f2 12       		.uleb128 0x12
 936 00f3 06       		.uleb128 0x6
 937 00f4 40       		.uleb128 0x40
 938 00f5 18       		.uleb128 0x18
 939 00f6 9642     		.uleb128 0x2116
 940 00f8 19       		.uleb128 0x19
 941 00f9 01       		.uleb128 0x1
 942 00fa 13       		.uleb128 0x13
 943 00fb 00       		.byte	0
 944 00fc 00       		.byte	0
 945 00fd 12       		.uleb128 0x12
 946 00fe 34       		.uleb128 0x34
 947 00ff 00       		.byte	0
 948 0100 03       		.uleb128 0x3
 949 0101 0E       		.uleb128 0xe
 950 0102 3A       		.uleb128 0x3a
 951 0103 0B       		.uleb128 0xb
 952 0104 3B       		.uleb128 0x3b
 953 0105 05       		.uleb128 0x5
 954 0106 49       		.uleb128 0x49
 955 0107 13       		.uleb128 0x13
 956 0108 3F       		.uleb128 0x3f
 957 0109 19       		.uleb128 0x19
 958 010a 3C       		.uleb128 0x3c
 959 010b 19       		.uleb128 0x19
 960 010c 00       		.byte	0
 961 010d 00       		.byte	0
 962 010e 13       		.uleb128 0x13
 963 010f 35       		.uleb128 0x35
 964 0110 00       		.byte	0
 965 0111 49       		.uleb128 0x49
 966 0112 13       		.uleb128 0x13
 967 0113 00       		.byte	0
 968 0114 00       		.byte	0
 969 0115 14       		.uleb128 0x14
ARM GAS  C:\Users\plod1602\AppData\Local\Temp\cch3OT0y.s 			page 19


 970 0116 01       		.uleb128 0x1
 971 0117 01       		.byte	0x1
 972 0118 49       		.uleb128 0x49
 973 0119 13       		.uleb128 0x13
 974 011a 01       		.uleb128 0x1
 975 011b 13       		.uleb128 0x13
 976 011c 00       		.byte	0
 977 011d 00       		.byte	0
 978 011e 15       		.uleb128 0x15
 979 011f 21       		.uleb128 0x21
 980 0120 00       		.byte	0
 981 0121 49       		.uleb128 0x49
 982 0122 13       		.uleb128 0x13
 983 0123 2F       		.uleb128 0x2f
 984 0124 0B       		.uleb128 0xb
 985 0125 00       		.byte	0
 986 0126 00       		.byte	0
 987 0127 16       		.uleb128 0x16
 988 0128 34       		.uleb128 0x34
 989 0129 00       		.byte	0
 990 012a 03       		.uleb128 0x3
 991 012b 0E       		.uleb128 0xe
 992 012c 3A       		.uleb128 0x3a
 993 012d 0B       		.uleb128 0xb
 994 012e 3B       		.uleb128 0x3b
 995 012f 0B       		.uleb128 0xb
 996 0130 49       		.uleb128 0x49
 997 0131 13       		.uleb128 0x13
 998 0132 3F       		.uleb128 0x3f
 999 0133 19       		.uleb128 0x19
 1000 0134 3C       		.uleb128 0x3c
 1001 0135 19       		.uleb128 0x19
 1002 0136 00       		.byte	0
 1003 0137 00       		.byte	0
 1004 0138 00       		.byte	0
 1005              		.section	.debug_aranges,"",%progbits
 1006 0000 24000000 		.4byte	0x24
 1007 0004 0200     		.2byte	0x2
 1008 0006 00000000 		.4byte	.Ldebug_info0
 1009 000a 04       		.byte	0x4
 1010 000b 00       		.byte	0
 1011 000c 0000     		.2byte	0
 1012 000e 0000     		.2byte	0
 1013 0010 00000000 		.4byte	.LFB56
 1014 0014 9C000000 		.4byte	.LFE56-.LFB56
 1015 0018 00000000 		.4byte	.LFB57
 1016 001c 54000000 		.4byte	.LFE57-.LFB57
 1017 0020 00000000 		.4byte	0
 1018 0024 00000000 		.4byte	0
 1019              		.section	.debug_ranges,"",%progbits
 1020              	.Ldebug_ranges0:
 1021 0000 00000000 		.4byte	.LFB56
 1022 0004 9C000000 		.4byte	.LFE56
 1023 0008 00000000 		.4byte	.LFB57
 1024 000c 54000000 		.4byte	.LFE57
 1025 0010 00000000 		.4byte	0
 1026 0014 00000000 		.4byte	0
ARM GAS  C:\Users\plod1602\AppData\Local\Temp\cch3OT0y.s 			page 20


 1027              		.section	.debug_line,"",%progbits
 1028              	.Ldebug_line0:
 1029 0000 A4010000 		.section	.debug_str,"MS",%progbits,1
 1029      02006501 
 1029      00000201 
 1029      FB0E0D00 
 1029      01010101 
 1030              	.LASF34:
 1031 0000 54656D70 		.ascii	"TemperatureModeType\000"
 1031      65726174 
 1031      7572654D 
 1031      6F646554 
 1031      79706500 
 1032              	.LASF69:
 1033 0014 6D63315F 		.ascii	"mc1_5Module\000"
 1033      354D6F64 
 1033      756C6500 
 1034              	.LASF28:
 1035 0020 50656C74 		.ascii	"PeltierStateType\000"
 1035      69657253 
 1035      74617465 
 1035      54797065 
 1035      00
 1036              	.LASF53:
 1037 0031 74656D70 		.ascii	"temperatureLimitHigh\000"
 1037      65726174 
 1037      7572654C 
 1037      696D6974 
 1037      48696768 
 1038              	.LASF54:
 1039 0046 74656D70 		.ascii	"temperatureLimitLow\000"
 1039      65726174 
 1039      7572654C 
 1039      696D6974 
 1039      4C6F7700 
 1040              	.LASF2:
 1041 005a 73686F72 		.ascii	"short int\000"
 1041      7420696E 
 1041      7400
 1042              	.LASF50:
 1043 0064 61676974 		.ascii	"agitatorState\000"
 1043      61746F72 
 1043      53746174 
 1043      6500
 1044              	.LASF58:
 1045 0072 6D6F6475 		.ascii	"module\000"
 1045      6C6500
 1046              	.LASF18:
 1047 0079 73697A65 		.ascii	"sizetype\000"
 1047      74797065 
 1047      00
 1048              	.LASF36:
 1049 0082 436F6F6C 		.ascii	"Cooling\000"
 1049      696E6700 
 1050              	.LASF42:
 1051 008a 63757272 		.ascii	"currentTemperature\000"
 1051      656E7454 
ARM GAS  C:\Users\plod1602\AppData\Local\Temp\cch3OT0y.s 			page 21


 1051      656D7065 
 1051      72617475 
 1051      726500
 1052              	.LASF61:
 1053 009d 70776D41 		.ascii	"pwmAgitator_1_ReadPeriod\000"
 1053      67697461 
 1053      746F725F 
 1053      315F5265 
 1053      61645065 
 1054              	.LASF74:
 1055 00b6 6368616E 		.ascii	"changeAgitatorState\000"
 1055      67654167 
 1055      69746174 
 1055      6F725374 
 1055      61746500 
 1056              	.LASF63:
 1057 00ca 70776D41 		.ascii	"pwmAgitator_2_ReadPeriod\000"
 1057      67697461 
 1057      746F725F 
 1057      325F5265 
 1057      61645065 
 1058              	.LASF12:
 1059 00e3 75696E74 		.ascii	"uint16\000"
 1059      313600
 1060              	.LASF23:
 1061 00ea 66616E44 		.ascii	"fanDisabled\000"
 1061      69736162 
 1061      6C656400 
 1062              	.LASF22:
 1063 00f6 41676974 		.ascii	"AgitatorStateType\000"
 1063      61746F72 
 1063      53746174 
 1063      65547970 
 1063      6500
 1064              	.LASF14:
 1065 0108 696E7431 		.ascii	"int16\000"
 1065      3600
 1066              	.LASF11:
 1067 010e 75696E74 		.ascii	"uint8\000"
 1067      3800
 1068              	.LASF0:
 1069 0114 7369676E 		.ascii	"signed char\000"
 1069      65642063 
 1069      68617200 
 1070              	.LASF15:
 1071 0120 666C6F61 		.ascii	"float\000"
 1071      7400
 1072              	.LASF6:
 1073 0126 6C6F6E67 		.ascii	"long long int\000"
 1073      206C6F6E 
 1073      6720696E 
 1073      7400
 1074              	.LASF67:
 1075 0134 6F757470 		.ascii	"outputAgitator2_Enable_Write\000"
 1075      75744167 
 1075      69746174 
 1075      6F72325F 
ARM GAS  C:\Users\plod1602\AppData\Local\Temp\cch3OT0y.s 			page 22


 1075      456E6162 
 1076              	.LASF13:
 1077 0151 696E7438 		.ascii	"int8\000"
 1077      00
 1078              	.LASF21:
 1079 0156 61676974 		.ascii	"agitatorEnabled\000"
 1079      61746F72 
 1079      456E6162 
 1079      6C656400 
 1080              	.LASF57:
 1081 0166 70657263 		.ascii	"percentage\000"
 1081      656E7461 
 1081      676500
 1082              	.LASF70:
 1083 0171 474E5520 		.ascii	"GNU C 4.9.3 20150303 (release) [ARM/embedded-4_9-br"
 1083      4320342E 
 1083      392E3320 
 1083      32303135 
 1083      30333033 
 1084 01a4 616E6368 		.ascii	"anch revision 221220] -mcpu=cortex-m3 -mthumb -g -O"
 1084      20726576 
 1084      6973696F 
 1084      6E203232 
 1084      31323230 
 1085 01d7 30202D66 		.ascii	"0 -ffunction-sections -ffat-lto-objects\000"
 1085      66756E63 
 1085      74696F6E 
 1085      2D736563 
 1085      74696F6E 
 1086              	.LASF20:
 1087 01ff 61676974 		.ascii	"agitatorDisabled\000"
 1087      61746F72 
 1087      44697361 
 1087      626C6564 
 1087      00
 1088              	.LASF47:
 1089 0210 61637475 		.ascii	"actualPwmPercentage\000"
 1089      616C5077 
 1089      6D506572 
 1089      63656E74 
 1089      61676500 
 1090              	.LASF59:
 1091 0224 6D617856 		.ascii	"maxValue\000"
 1091      616C7565 
 1091      00
 1092              	.LASF46:
 1093 022d 64657369 		.ascii	"desiredPwmPercentage\000"
 1093      72656450 
 1093      776D5065 
 1093      7263656E 
 1093      74616765 
 1094              	.LASF24:
 1095 0242 66616E45 		.ascii	"fanEnabled\000"
 1095      6E61626C 
 1095      656400
 1096              	.LASF19:
 1097 024d 6C6F6E67 		.ascii	"long double\000"
ARM GAS  C:\Users\plod1602\AppData\Local\Temp\cch3OT0y.s 			page 23


 1097      20646F75 
 1097      626C6500 
 1098              	.LASF65:
 1099 0259 6F757470 		.ascii	"outputAgitator1_Enable_Write\000"
 1099      75744167 
 1099      69746174 
 1099      6F72315F 
 1099      456E6162 
 1100              	.LASF1:
 1101 0276 756E7369 		.ascii	"unsigned char\000"
 1101      676E6564 
 1101      20636861 
 1101      7200
 1102              	.LASF35:
 1103 0284 4E6F7453 		.ascii	"NotSet\000"
 1103      657400
 1104              	.LASF10:
 1105 028b 696E7433 		.ascii	"int32_t\000"
 1105      325F7400 
 1106              	.LASF7:
 1107 0293 6C6F6E67 		.ascii	"long long unsigned int\000"
 1107      206C6F6E 
 1107      6720756E 
 1107      7369676E 
 1107      65642069 
 1108              	.LASF29:
 1109 02aa 4D61696E 		.ascii	"Maintaining_heat\000"
 1109      7461696E 
 1109      696E675F 
 1109      68656174 
 1109      00
 1110              	.LASF8:
 1111 02bb 756E7369 		.ascii	"unsigned int\000"
 1111      676E6564 
 1111      20696E74 
 1111      00
 1112              	.LASF33:
 1113 02c8 57616974 		.ascii	"Waiting\000"
 1113      696E6700 
 1114              	.LASF66:
 1115 02d0 70776D41 		.ascii	"pwmAgitator_2_WriteCompare\000"
 1115      67697461 
 1115      746F725F 
 1115      325F5772 
 1115      69746543 
 1116              	.LASF37:
 1117 02eb 48656174 		.ascii	"Heating\000"
 1117      696E6700 
 1118              	.LASF49:
 1119 02f3 61676974 		.ascii	"agitatorSpeed\000"
 1119      61746F72 
 1119      53706565 
 1119      6400
 1120              	.LASF3:
 1121 0301 73686F72 		.ascii	"short unsigned int\000"
 1121      7420756E 
 1121      7369676E 
ARM GAS  C:\Users\plod1602\AppData\Local\Temp\cch3OT0y.s 			page 24


 1121      65642069 
 1121      6E7400
 1122              	.LASF17:
 1123 0314 63686172 		.ascii	"char\000"
 1123      00
 1124              	.LASF4:
 1125 0319 6C6F6E67 		.ascii	"long int\000"
 1125      20696E74 
 1125      00
 1126              	.LASF32:
 1127 0322 57616974 		.ascii	"Waiting_overshoot\000"
 1127      696E675F 
 1127      6F766572 
 1127      73686F6F 
 1127      7400
 1128              	.LASF55:
 1129 0334 54757262 		.ascii	"Turbidity_mean\000"
 1129      69646974 
 1129      795F6D65 
 1129      616E00
 1130              	.LASF27:
 1131 0343 70656C74 		.ascii	"peltierEnabled\000"
 1131      69657245 
 1131      6E61626C 
 1131      656400
 1132              	.LASF64:
 1133 0352 61676974 		.ascii	"agitatorEnableState\000"
 1133      61746F72 
 1133      456E6162 
 1133      6C655374 
 1133      61746500 
 1134              	.LASF39:
 1135 0366 6D617854 		.ascii	"maxTemperatureDeviation\000"
 1135      656D7065 
 1135      72617475 
 1135      72654465 
 1135      76696174 
 1136              	.LASF25:
 1137 037e 46616E53 		.ascii	"FanStateType\000"
 1137      74617465 
 1137      54797065 
 1137      00
 1138              	.LASF73:
 1139 038b 6368616E 		.ascii	"changeAgitatorSpeed\000"
 1139      67654167 
 1139      69746174 
 1139      6F725370 
 1139      65656400 
 1140              	.LASF41:
 1141 039f 74617267 		.ascii	"targetTemperature\000"
 1141      65745465 
 1141      6D706572 
 1141      61747572 
 1141      6500
 1142              	.LASF72:
 1143 03b1 433A5C55 		.ascii	"C:\\Users\\gaul2016\\Desktop\\MC1_5\\MC1_5_PSOC5.cy"
 1143      73657273 
ARM GAS  C:\Users\plod1602\AppData\Local\Temp\cch3OT0y.s 			page 25


 1143      5C676175 
 1143      6C323031 
 1143      365C4465 
 1144 03df 64736E00 		.ascii	"dsn\000"
 1145              	.LASF62:
 1146 03e3 70776D41 		.ascii	"pwmAgitator_1_WriteCompare\000"
 1146      67697461 
 1146      746F725F 
 1146      315F5772 
 1146      69746543 
 1147              	.LASF51:
 1148 03fe 66616E53 		.ascii	"fanSpeedPercentage\000"
 1148      70656564 
 1148      50657263 
 1148      656E7461 
 1148      676500
 1149              	.LASF48:
 1150 0411 70776D50 		.ascii	"pwmPeriodValue\000"
 1150      6572696F 
 1150      6456616C 
 1150      756500
 1151              	.LASF5:
 1152 0420 6C6F6E67 		.ascii	"long unsigned int\000"
 1152      20756E73 
 1152      69676E65 
 1152      6420696E 
 1152      7400
 1153              	.LASF71:
 1154 0432 2E5C4167 		.ascii	".\\AgitatorControler.c\000"
 1154      69746174 
 1154      6F72436F 
 1154      6E74726F 
 1154      6C65722E 
 1155              	.LASF16:
 1156 0448 646F7562 		.ascii	"double\000"
 1156      6C6500
 1157              	.LASF43:
 1158 044f 74656D70 		.ascii	"temperatureMode\000"
 1158      65726174 
 1158      7572654D 
 1158      6F646500 
 1159              	.LASF31:
 1160 045f 4D61696E 		.ascii	"Maintaining_cool\000"
 1160      7461696E 
 1160      696E675F 
 1160      636F6F6C 
 1160      00
 1161              	.LASF56:
 1162 0470 4D43315F 		.ascii	"MC1_5Module\000"
 1162      354D6F64 
 1162      756C6500 
 1163              	.LASF40:
 1164 047c 70656C74 		.ascii	"peltierState\000"
 1164      69657253 
 1164      74617465 
 1164      00
 1165              	.LASF9:
ARM GAS  C:\Users\plod1602\AppData\Local\Temp\cch3OT0y.s 			page 26


 1166 0489 5F5F696E 		.ascii	"__int32_t\000"
 1166      7433325F 
 1166      7400
 1167              	.LASF38:
 1168 0493 43757272 		.ascii	"CurrentDirectionType\000"
 1168      656E7444 
 1168      69726563 
 1168      74696F6E 
 1168      54797065 
 1169              	.LASF26:
 1170 04a8 70656C74 		.ascii	"peltierDisabled\000"
 1170      69657244 
 1170      69736162 
 1170      6C656400 
 1171              	.LASF45:
 1172 04b8 70776D43 		.ascii	"pwmCompareValue\000"
 1172      6F6D7061 
 1172      72655661 
 1172      6C756500 
 1173              	.LASF30:
 1174 04c8 57616974 		.ascii	"Waiting_drop\000"
 1174      696E675F 
 1174      64726F70 
 1174      00
 1175              	.LASF68:
 1176 04d5 49544D5F 		.ascii	"ITM_RxBuffer\000"
 1176      52784275 
 1176      66666572 
 1176      00
 1177              	.LASF60:
 1178 04e2 746F5772 		.ascii	"toWrite\000"
 1178      69746500 
 1179              	.LASF52:
 1180 04ea 66616E53 		.ascii	"fanState\000"
 1180      74617465 
 1180      00
 1181              	.LASF44:
 1182 04f3 63757272 		.ascii	"currentDirection\000"
 1182      656E7444 
 1182      69726563 
 1182      74696F6E 
 1182      00
 1183              		.ident	"GCC: (GNU Tools for ARM Embedded Processors) 4.9.3 20150303 (release) [ARM/embedded-4_9-br
