ARM GAS  C:\Users\Lois\AppData\Local\Temp\ccRJagFZ.s 			page 1


   1              		.syntax unified
   2              		.cpu cortex-m3
   3              		.fpu softvfp
   4              		.eabi_attribute 20, 1
   5              		.eabi_attribute 21, 1
   6              		.eabi_attribute 23, 3
   7              		.eabi_attribute 24, 1
   8              		.eabi_attribute 25, 1
   9              		.eabi_attribute 26, 1
  10              		.eabi_attribute 30, 6
  11              		.eabi_attribute 34, 1
  12              		.eabi_attribute 18, 4
  13              		.thumb
  14              		.file	"CAN_Communication.c"
  15              		.text
  16              	.Ltext0:
  17              		.cfi_sections	.debug_frame
  18              		.section	.text.getReceivedMessage,"ax",%progbits
  19              		.align	2
  20              		.global	getReceivedMessage
  21              		.thumb
  22              		.thumb_func
  23              		.type	getReceivedMessage, %function
  24              	getReceivedMessage:
  25              	.LFB56:
  26              		.file 1 ".\\CAN_Communication.c"
   1:.\CAN_Communication.c **** /* ========================================
   2:.\CAN_Communication.c ****  *
   3:.\CAN_Communication.c ****  * Copyright BioBot Instrumentation, 2015
   4:.\CAN_Communication.c ****  * All Rights Reserved
   5:.\CAN_Communication.c ****  * UNPUBLISHED, LICENSED SOFTWARE.
   6:.\CAN_Communication.c ****  *
   7:.\CAN_Communication.c ****  * CONFIDENTIAL AND PROPRIETARY INFORMATION
   8:.\CAN_Communication.c ****  * WHICH IS THE PROPERTY OF BioBot Instrumentation.
   9:.\CAN_Communication.c ****  *
  10:.\CAN_Communication.c ****  * WRITTEN BY : Philippe-Antoine Major &
  11:.\CAN_Communication.c ****  *              Louis-Vincent Major
  12:.\CAN_Communication.c ****  * ========================================
  13:.\CAN_Communication.c **** */
  14:.\CAN_Communication.c **** 
  15:.\CAN_Communication.c **** #include "CAN_Communication.h"
  16:.\CAN_Communication.c **** 
  17:.\CAN_Communication.c **** // Retrieve the messages in the order they were received by the master. (FIFO)
  18:.\CAN_Communication.c **** CAN_MSG getReceivedMessage()
  19:.\CAN_Communication.c **** {
  27              		.loc 1 19 0
  28              		.cfi_startproc
  29              		@ args = 0, pretend = 0, frame = 24
  30              		@ frame_needed = 1, uses_anonymous_args = 0
  31              		@ link register save eliminated.
  32 0000 90B4     		push	{r4, r7}
  33              		.cfi_def_cfa_offset 8
  34              		.cfi_offset 4, -8
  35              		.cfi_offset 7, -4
  36 0002 86B0     		sub	sp, sp, #24
  37              		.cfi_def_cfa_offset 32
  38 0004 00AF     		add	r7, sp, #0
ARM GAS  C:\Users\Lois\AppData\Local\Temp\ccRJagFZ.s 			page 2


  39              		.cfi_def_cfa_register 7
  40 0006 7860     		str	r0, [r7, #4]
  20:.\CAN_Communication.c ****     //struct RX_Msg msgToTreat = receivedMessages[msgToBeTreatedIndex];
  21:.\CAN_Communication.c ****     CAN_MSG msgToTreat = receivedMsgs[msgToBeTreatedIndex];
  41              		.loc 1 21 0
  42 0008 144B     		ldr	r3, .L3
  43 000a 1B68     		ldr	r3, [r3]
  44 000c 144A     		ldr	r2, .L3+4
  45 000e 1B01     		lsls	r3, r3, #4
  46 0010 1344     		add	r3, r3, r2
  47 0012 07F10804 		add	r4, r7, #8
  48 0016 0FCB     		ldmia	r3, {r0, r1, r2, r3}
  49 0018 84E80F00 		stmia	r4, {r0, r1, r2, r3}
  22:.\CAN_Communication.c ****    
  23:.\CAN_Communication.c ****     msgToBeTreatedIndex = (msgToBeTreatedIndex+1) % MAX_MSG_BUFFER_SIZE;
  50              		.loc 1 23 0
  51 001c 0F4B     		ldr	r3, .L3
  52 001e 1B68     		ldr	r3, [r3]
  53 0020 5A1C     		adds	r2, r3, #1
  54 0022 104B     		ldr	r3, .L3+8
  55 0024 83FB0213 		smull	r1, r3, r3, r2
  56 0028 1911     		asrs	r1, r3, #4
  57 002a D317     		asrs	r3, r2, #31
  58 002c CB1A     		subs	r3, r1, r3
  59 002e 3221     		movs	r1, #50
  60 0030 01FB03F3 		mul	r3, r1, r3
  61 0034 D31A     		subs	r3, r2, r3
  62 0036 094A     		ldr	r2, .L3
  63 0038 1360     		str	r3, [r2]
  24:.\CAN_Communication.c ****    
  25:.\CAN_Communication.c ****     // A message was treated, we decrement the counter of messages to be treated.
  26:.\CAN_Communication.c ****     messageToBeTreatedCount += -1;
  64              		.loc 1 26 0
  65 003a 0B4B     		ldr	r3, .L3+12
  66 003c 1B68     		ldr	r3, [r3]
  67 003e 013B     		subs	r3, r3, #1
  68 0040 094A     		ldr	r2, .L3+12
  69 0042 1360     		str	r3, [r2]
  27:.\CAN_Communication.c ****     
  28:.\CAN_Communication.c ****     return msgToTreat;
  70              		.loc 1 28 0
  71 0044 7B68     		ldr	r3, [r7, #4]
  72 0046 1C46     		mov	r4, r3
  73 0048 07F10803 		add	r3, r7, #8
  74 004c 0FCB     		ldmia	r3, {r0, r1, r2, r3}
  75 004e 84E80F00 		stmia	r4, {r0, r1, r2, r3}
  29:.\CAN_Communication.c **** }
  76              		.loc 1 29 0
  77 0052 7868     		ldr	r0, [r7, #4]
  78 0054 1837     		adds	r7, r7, #24
  79              		.cfi_def_cfa_offset 8
  80 0056 BD46     		mov	sp, r7
  81              		.cfi_def_cfa_register 13
  82              		@ sp needed
  83 0058 90BC     		pop	{r4, r7}
  84              		.cfi_restore 7
  85              		.cfi_restore 4
ARM GAS  C:\Users\Lois\AppData\Local\Temp\ccRJagFZ.s 			page 3


  86              		.cfi_def_cfa_offset 0
  87 005a 7047     		bx	lr
  88              	.L4:
  89              		.align	2
  90              	.L3:
  91 005c 00000000 		.word	msgToBeTreatedIndex
  92 0060 00000000 		.word	receivedMsgs
  93 0064 1F85EB51 		.word	1374389535
  94 0068 00000000 		.word	messageToBeTreatedCount
  95              		.cfi_endproc
  96              	.LFE56:
  97              		.size	getReceivedMessage, .-getReceivedMessage
  98              		.section	.text.sendMessage,"ax",%progbits
  99              		.align	2
 100              		.global	sendMessage
 101              		.thumb
 102              		.thumb_func
 103              		.type	sendMessage, %function
 104              	sendMessage:
 105              	.LFB57:
  30:.\CAN_Communication.c **** 
  31:.\CAN_Communication.c **** // Send a message on the CAN Bus.
  32:.\CAN_Communication.c **** int8 sendMessage(CAN_MSG* msgPtr, uint32 CAN_ID)
  33:.\CAN_Communication.c **** {
 106              		.loc 1 33 0
 107              		.cfi_startproc
 108              		@ args = 0, pretend = 0, frame = 24
 109              		@ frame_needed = 1, uses_anonymous_args = 0
 110 0000 80B5     		push	{r7, lr}
 111              		.cfi_def_cfa_offset 8
 112              		.cfi_offset 7, -8
 113              		.cfi_offset 14, -4
 114 0002 86B0     		sub	sp, sp, #24
 115              		.cfi_def_cfa_offset 32
 116 0004 00AF     		add	r7, sp, #0
 117              		.cfi_def_cfa_register 7
 118 0006 7860     		str	r0, [r7, #4]
 119 0008 3960     		str	r1, [r7]
  34:.\CAN_Communication.c ****     CAN_1_TX_MSG msgToSend;
  35:.\CAN_Communication.c ****     
  36:.\CAN_Communication.c ****     msgToSend.id = CAN_ID;   
 120              		.loc 1 36 0
 121 000a 3B68     		ldr	r3, [r7]
 122 000c FB60     		str	r3, [r7, #12]
  37:.\CAN_Communication.c ****     msgToSend.rtr = MSG_RTR;
 123              		.loc 1 37 0
 124 000e 0023     		movs	r3, #0
 125 0010 3B74     		strb	r3, [r7, #16]
  38:.\CAN_Communication.c ****     msgToSend.ide = MSG_IDE;
 126              		.loc 1 38 0
 127 0012 0023     		movs	r3, #0
 128 0014 7B74     		strb	r3, [r7, #17]
  39:.\CAN_Communication.c ****     msgToSend.irq = MSG_IRQ;
 129              		.loc 1 39 0
 130 0016 0023     		movs	r3, #0
 131 0018 FB74     		strb	r3, [r7, #19]
  40:.\CAN_Communication.c ****     msgToSend.msg = &msgPtr->msgBytes;
ARM GAS  C:\Users\Lois\AppData\Local\Temp\ccRJagFZ.s 			page 4


 132              		.loc 1 40 0
 133 001a 7B68     		ldr	r3, [r7, #4]
 134 001c 7B61     		str	r3, [r7, #20]
  41:.\CAN_Communication.c ****     msgToSend.dlc = msgPtr->DLC;
 135              		.loc 1 41 0
 136 001e 7B68     		ldr	r3, [r7, #4]
 137 0020 1B7A     		ldrb	r3, [r3, #8]	@ zero_extendqisi2
 138 0022 BB74     		strb	r3, [r7, #18]
  42:.\CAN_Communication.c ****     
  43:.\CAN_Communication.c ****     CAN_1_SendMsg(&msgToSend);
 139              		.loc 1 43 0
 140 0024 07F10C03 		add	r3, r7, #12
 141 0028 1846     		mov	r0, r3
 142 002a FFF7FEFF 		bl	CAN_1_SendMsg
  44:.\CAN_Communication.c ****     return 1;
 143              		.loc 1 44 0
 144 002e 0123     		movs	r3, #1
 145 0030 5BB2     		sxtb	r3, r3
  45:.\CAN_Communication.c **** }
 146              		.loc 1 45 0
 147 0032 1846     		mov	r0, r3
 148 0034 1837     		adds	r7, r7, #24
 149              		.cfi_def_cfa_offset 8
 150 0036 BD46     		mov	sp, r7
 151              		.cfi_def_cfa_register 13
 152              		@ sp needed
 153 0038 80BD     		pop	{r7, pc}
 154              		.cfi_endproc
 155              	.LFE57:
 156              		.size	sendMessage, .-sendMessage
 157 003a 00BF     		.section	.text.echoBackToMaster,"ax",%progbits
 158              		.align	2
 159              		.global	echoBackToMaster
 160              		.thumb
 161              		.thumb_func
 162              		.type	echoBackToMaster, %function
 163              	echoBackToMaster:
 164              	.LFB58:
  46:.\CAN_Communication.c **** 
  47:.\CAN_Communication.c **** int8 echoBackToMaster(CAN_MSG* msgPtr)
  48:.\CAN_Communication.c **** {
 165              		.loc 1 48 0
 166              		.cfi_startproc
 167              		@ args = 0, pretend = 0, frame = 24
 168              		@ frame_needed = 1, uses_anonymous_args = 0
 169 0000 80B5     		push	{r7, lr}
 170              		.cfi_def_cfa_offset 8
 171              		.cfi_offset 7, -8
 172              		.cfi_offset 14, -4
 173 0002 86B0     		sub	sp, sp, #24
 174              		.cfi_def_cfa_offset 32
 175 0004 00AF     		add	r7, sp, #0
 176              		.cfi_def_cfa_register 7
 177 0006 7860     		str	r0, [r7, #4]
  49:.\CAN_Communication.c ****     CAN_1_TX_MSG msgToSendBack;
  50:.\CAN_Communication.c ****     // Setting all the parameters for the message to send back.    
  51:.\CAN_Communication.c ****     msgToSendBack.id = MASTER_ID;
ARM GAS  C:\Users\Lois\AppData\Local\Temp\ccRJagFZ.s 			page 5


 178              		.loc 1 51 0
 179 0008 FF23     		movs	r3, #255
 180 000a FB60     		str	r3, [r7, #12]
  52:.\CAN_Communication.c ****     msgToSendBack.rtr = MSG_RTR;
 181              		.loc 1 52 0
 182 000c 0023     		movs	r3, #0
 183 000e 3B74     		strb	r3, [r7, #16]
  53:.\CAN_Communication.c ****     msgToSendBack.ide = MSG_IDE;
 184              		.loc 1 53 0
 185 0010 0023     		movs	r3, #0
 186 0012 7B74     		strb	r3, [r7, #17]
  54:.\CAN_Communication.c ****     msgToSendBack.irq = MSG_IRQ;
 187              		.loc 1 54 0
 188 0014 0023     		movs	r3, #0
 189 0016 FB74     		strb	r3, [r7, #19]
  55:.\CAN_Communication.c ****     msgToSendBack.dlc = msgPtr->DLC;
 190              		.loc 1 55 0
 191 0018 7B68     		ldr	r3, [r7, #4]
 192 001a 1B7A     		ldrb	r3, [r3, #8]	@ zero_extendqisi2
 193 001c BB74     		strb	r3, [r7, #18]
  56:.\CAN_Communication.c ****     msgToSendBack.msg = &msgPtr->msgBytes; 
 194              		.loc 1 56 0
 195 001e 7B68     		ldr	r3, [r7, #4]
 196 0020 7B61     		str	r3, [r7, #20]
  57:.\CAN_Communication.c ****     
  58:.\CAN_Communication.c ****     CAN_1_SendMsg(&msgToSendBack);
 197              		.loc 1 58 0
 198 0022 07F10C03 		add	r3, r7, #12
 199 0026 1846     		mov	r0, r3
 200 0028 FFF7FEFF 		bl	CAN_1_SendMsg
  59:.\CAN_Communication.c ****     
  60:.\CAN_Communication.c ****     return 1;
 201              		.loc 1 60 0
 202 002c 0123     		movs	r3, #1
 203 002e 5BB2     		sxtb	r3, r3
  61:.\CAN_Communication.c **** }
 204              		.loc 1 61 0
 205 0030 1846     		mov	r0, r3
 206 0032 1837     		adds	r7, r7, #24
 207              		.cfi_def_cfa_offset 8
 208 0034 BD46     		mov	sp, r7
 209              		.cfi_def_cfa_register 13
 210              		@ sp needed
 211 0036 80BD     		pop	{r7, pc}
 212              		.cfi_endproc
 213              	.LFE58:
 214              		.size	echoBackToMaster, .-echoBackToMaster
 215              		.text
 216              	.Letext0:
 217              		.file 2 "c:\\program files (x86)\\cypress\\psoc creator\\3.3\\psoc creator\\import\\gnu\\arm\\4.9.
 218              		.file 3 "c:\\program files (x86)\\cypress\\psoc creator\\3.3\\psoc creator\\import\\gnu\\arm\\4.9.
 219              		.file 4 "Generated_Source\\PSoC5/cytypes.h"
 220              		.file 5 "Generated_Source\\PSoC5/CAN_1.h"
 221              		.file 6 ".\\CAN_Communication.h"
 222              		.file 7 "Generated_Source\\PSoC5/core_cm3.h"
 223              		.section	.debug_info,"",%progbits
 224              	.Ldebug_info0:
ARM GAS  C:\Users\Lois\AppData\Local\Temp\ccRJagFZ.s 			page 6


 225 0000 75020000 		.4byte	0x275
 226 0004 0400     		.2byte	0x4
 227 0006 00000000 		.4byte	.Ldebug_abbrev0
 228 000a 04       		.byte	0x4
 229 000b 01       		.uleb128 0x1
 230 000c 36000000 		.4byte	.LASF36
 231 0010 01       		.byte	0x1
 232 0011 78010000 		.4byte	.LASF37
 233 0015 DA000000 		.4byte	.LASF38
 234 0019 00000000 		.4byte	.Ldebug_ranges0+0
 235 001d 00000000 		.4byte	0
 236 0021 00000000 		.4byte	.Ldebug_line0
 237 0025 02       		.uleb128 0x2
 238 0026 01       		.byte	0x1
 239 0027 06       		.byte	0x6
 240 0028 63020000 		.4byte	.LASF0
 241 002c 02       		.uleb128 0x2
 242 002d 01       		.byte	0x1
 243 002e 08       		.byte	0x8
 244 002f 0E010000 		.4byte	.LASF1
 245 0033 02       		.uleb128 0x2
 246 0034 02       		.byte	0x2
 247 0035 05       		.byte	0x5
 248 0036 C4000000 		.4byte	.LASF2
 249 003a 02       		.uleb128 0x2
 250 003b 02       		.byte	0x2
 251 003c 07       		.byte	0x7
 252 003d 30010000 		.4byte	.LASF3
 253 0041 03       		.uleb128 0x3
 254 0042 16000000 		.4byte	.LASF9
 255 0046 02       		.byte	0x2
 256 0047 3F       		.byte	0x3f
 257 0048 4C000000 		.4byte	0x4c
 258 004c 02       		.uleb128 0x2
 259 004d 04       		.byte	0x4
 260 004e 05       		.byte	0x5
 261 004f 20000000 		.4byte	.LASF4
 262 0053 02       		.uleb128 0x2
 263 0054 04       		.byte	0x4
 264 0055 07       		.byte	0x7
 265 0056 AD010000 		.4byte	.LASF5
 266 005a 02       		.uleb128 0x2
 267 005b 08       		.byte	0x8
 268 005c 05       		.byte	0x5
 269 005d 08020000 		.4byte	.LASF6
 270 0061 02       		.uleb128 0x2
 271 0062 08       		.byte	0x8
 272 0063 07       		.byte	0x7
 273 0064 CC010000 		.4byte	.LASF7
 274 0068 04       		.uleb128 0x4
 275 0069 04       		.byte	0x4
 276 006a 05       		.byte	0x5
 277 006b 696E7400 		.ascii	"int\000"
 278 006f 02       		.uleb128 0x2
 279 0070 04       		.byte	0x4
 280 0071 07       		.byte	0x7
 281 0072 BF010000 		.4byte	.LASF8
ARM GAS  C:\Users\Lois\AppData\Local\Temp\ccRJagFZ.s 			page 7


 282 0076 03       		.uleb128 0x3
 283 0077 F7010000 		.4byte	.LASF10
 284 007b 03       		.byte	0x3
 285 007c 2C       		.byte	0x2c
 286 007d 41000000 		.4byte	0x41
 287 0081 03       		.uleb128 0x3
 288 0082 39020000 		.4byte	.LASF11
 289 0086 04       		.byte	0x4
 290 0087 A1       		.byte	0xa1
 291 0088 2C000000 		.4byte	0x2c
 292 008c 03       		.uleb128 0x3
 293 008d A6010000 		.4byte	.LASF12
 294 0091 04       		.byte	0x4
 295 0092 A3       		.byte	0xa3
 296 0093 53000000 		.4byte	0x53
 297 0097 03       		.uleb128 0x3
 298 0098 A1010000 		.4byte	.LASF13
 299 009c 04       		.byte	0x4
 300 009d A4       		.byte	0xa4
 301 009e 25000000 		.4byte	0x25
 302 00a2 02       		.uleb128 0x2
 303 00a3 04       		.byte	0x4
 304 00a4 04       		.byte	0x4
 305 00a5 08010000 		.4byte	.LASF14
 306 00a9 02       		.uleb128 0x2
 307 00aa 08       		.byte	0x8
 308 00ab 04       		.byte	0x4
 309 00ac CE000000 		.4byte	.LASF15
 310 00b0 02       		.uleb128 0x2
 311 00b1 01       		.byte	0x1
 312 00b2 08       		.byte	0x8
 313 00b3 16020000 		.4byte	.LASF16
 314 00b7 02       		.uleb128 0x2
 315 00b8 04       		.byte	0x4
 316 00b9 07       		.byte	0x7
 317 00ba FF010000 		.4byte	.LASF17
 318 00be 02       		.uleb128 0x2
 319 00bf 08       		.byte	0x8
 320 00c0 04       		.byte	0x4
 321 00c1 57020000 		.4byte	.LASF18
 322 00c5 05       		.uleb128 0x5
 323 00c6 08       		.byte	0x8
 324 00c7 05       		.byte	0x5
 325 00c8 6F       		.byte	0x6f
 326 00c9 DA000000 		.4byte	0xda
 327 00cd 06       		.uleb128 0x6
 328 00ce D5000000 		.4byte	.LASF20
 329 00d2 05       		.byte	0x5
 330 00d3 71       		.byte	0x71
 331 00d4 DA000000 		.4byte	0xda
 332 00d8 00       		.byte	0
 333 00d9 00       		.byte	0
 334 00da 07       		.uleb128 0x7
 335 00db 81000000 		.4byte	0x81
 336 00df EA000000 		.4byte	0xea
 337 00e3 08       		.uleb128 0x8
 338 00e4 B7000000 		.4byte	0xb7
ARM GAS  C:\Users\Lois\AppData\Local\Temp\ccRJagFZ.s 			page 8


 339 00e8 07       		.byte	0x7
 340 00e9 00       		.byte	0
 341 00ea 03       		.uleb128 0x3
 342 00eb 1B020000 		.4byte	.LASF19
 343 00ef 05       		.byte	0x5
 344 00f0 72       		.byte	0x72
 345 00f1 C5000000 		.4byte	0xc5
 346 00f5 05       		.uleb128 0x5
 347 00f6 0C       		.byte	0xc
 348 00f7 05       		.byte	0x5
 349 00f8 81       		.byte	0x81
 350 00f9 45010000 		.4byte	0x145
 351 00fd 09       		.uleb128 0x9
 352 00fe 696400   		.ascii	"id\000"
 353 0101 05       		.byte	0x5
 354 0102 83       		.byte	0x83
 355 0103 8C000000 		.4byte	0x8c
 356 0107 00       		.byte	0
 357 0108 09       		.uleb128 0x9
 358 0109 72747200 		.ascii	"rtr\000"
 359 010d 05       		.byte	0x5
 360 010e 84       		.byte	0x84
 361 010f 81000000 		.4byte	0x81
 362 0113 04       		.byte	0x4
 363 0114 09       		.uleb128 0x9
 364 0115 69646500 		.ascii	"ide\000"
 365 0119 05       		.byte	0x5
 366 011a 85       		.byte	0x85
 367 011b 81000000 		.4byte	0x81
 368 011f 05       		.byte	0x5
 369 0120 09       		.uleb128 0x9
 370 0121 646C6300 		.ascii	"dlc\000"
 371 0125 05       		.byte	0x5
 372 0126 86       		.byte	0x86
 373 0127 81000000 		.4byte	0x81
 374 012b 06       		.byte	0x6
 375 012c 09       		.uleb128 0x9
 376 012d 69727100 		.ascii	"irq\000"
 377 0131 05       		.byte	0x5
 378 0132 87       		.byte	0x87
 379 0133 81000000 		.4byte	0x81
 380 0137 07       		.byte	0x7
 381 0138 09       		.uleb128 0x9
 382 0139 6D736700 		.ascii	"msg\000"
 383 013d 05       		.byte	0x5
 384 013e 8B       		.byte	0x8b
 385 013f 45010000 		.4byte	0x145
 386 0143 08       		.byte	0x8
 387 0144 00       		.byte	0
 388 0145 0A       		.uleb128 0xa
 389 0146 04       		.byte	0x4
 390 0147 EA000000 		.4byte	0xea
 391 014b 03       		.uleb128 0x3
 392 014c 29000000 		.4byte	.LASF21
 393 0150 05       		.byte	0x5
 394 0151 8C       		.byte	0x8c
 395 0152 F5000000 		.4byte	0xf5
ARM GAS  C:\Users\Lois\AppData\Local\Temp\ccRJagFZ.s 			page 9


 396 0156 05       		.uleb128 0x5
 397 0157 10       		.byte	0x10
 398 0158 06       		.byte	0x6
 399 0159 2A       		.byte	0x2a
 400 015a 83010000 		.4byte	0x183
 401 015e 06       		.uleb128 0x6
 402 015f 30020000 		.4byte	.LASF22
 403 0163 06       		.byte	0x6
 404 0164 2F       		.byte	0x2f
 405 0165 EA000000 		.4byte	0xea
 406 0169 00       		.byte	0
 407 016a 09       		.uleb128 0x9
 408 016b 444C4300 		.ascii	"DLC\000"
 409 016f 06       		.byte	0x6
 410 0170 30       		.byte	0x30
 411 0171 81000000 		.4byte	0x81
 412 0175 08       		.byte	0x8
 413 0176 06       		.uleb128 0x6
 414 0177 43010000 		.4byte	.LASF23
 415 017b 06       		.byte	0x6
 416 017c 31       		.byte	0x31
 417 017d 8C000000 		.4byte	0x8c
 418 0181 0C       		.byte	0xc
 419 0182 00       		.byte	0
 420 0183 03       		.uleb128 0x3
 421 0184 00000000 		.4byte	.LASF24
 422 0188 06       		.byte	0x6
 423 0189 32       		.byte	0x32
 424 018a 56010000 		.4byte	0x156
 425 018e 0B       		.uleb128 0xb
 426 018f 8E010000 		.4byte	.LASF25
 427 0193 01       		.byte	0x1
 428 0194 12       		.byte	0x12
 429 0195 83010000 		.4byte	0x183
 430 0199 00000000 		.4byte	.LFB56
 431 019d 6C000000 		.4byte	.LFE56-.LFB56
 432 01a1 01       		.uleb128 0x1
 433 01a2 9C       		.byte	0x9c
 434 01a3 B6010000 		.4byte	0x1b6
 435 01a7 0C       		.uleb128 0xc
 436 01a8 6D010000 		.4byte	.LASF28
 437 01ac 01       		.byte	0x1
 438 01ad 15       		.byte	0x15
 439 01ae 83010000 		.4byte	0x183
 440 01b2 02       		.uleb128 0x2
 441 01b3 91       		.byte	0x91
 442 01b4 68       		.sleb128 -24
 443 01b5 00       		.byte	0
 444 01b6 0D       		.uleb128 0xd
 445 01b7 61010000 		.4byte	.LASF26
 446 01bb 01       		.byte	0x1
 447 01bc 20       		.byte	0x20
 448 01bd 97000000 		.4byte	0x97
 449 01c1 00000000 		.4byte	.LFB57
 450 01c5 3A000000 		.4byte	.LFE57-.LFB57
 451 01c9 01       		.uleb128 0x1
 452 01ca 9C       		.byte	0x9c
ARM GAS  C:\Users\Lois\AppData\Local\Temp\ccRJagFZ.s 			page 10


 453 01cb FA010000 		.4byte	0x1fa
 454 01cf 0E       		.uleb128 0xe
 455 01d0 29010000 		.4byte	.LASF27
 456 01d4 01       		.byte	0x1
 457 01d5 20       		.byte	0x20
 458 01d6 FA010000 		.4byte	0x1fa
 459 01da 02       		.uleb128 0x2
 460 01db 91       		.byte	0x91
 461 01dc 64       		.sleb128 -28
 462 01dd 0E       		.uleb128 0xe
 463 01de 43010000 		.4byte	.LASF23
 464 01e2 01       		.byte	0x1
 465 01e3 20       		.byte	0x20
 466 01e4 8C000000 		.4byte	0x8c
 467 01e8 02       		.uleb128 0x2
 468 01e9 91       		.byte	0x91
 469 01ea 60       		.sleb128 -32
 470 01eb 0C       		.uleb128 0xc
 471 01ec 57010000 		.4byte	.LASF29
 472 01f0 01       		.byte	0x1
 473 01f1 22       		.byte	0x22
 474 01f2 4B010000 		.4byte	0x14b
 475 01f6 02       		.uleb128 0x2
 476 01f7 91       		.byte	0x91
 477 01f8 6C       		.sleb128 -20
 478 01f9 00       		.byte	0
 479 01fa 0A       		.uleb128 0xa
 480 01fb 04       		.byte	0x4
 481 01fc 83010000 		.4byte	0x183
 482 0200 0D       		.uleb128 0xd
 483 0201 6F020000 		.4byte	.LASF30
 484 0205 01       		.byte	0x1
 485 0206 2F       		.byte	0x2f
 486 0207 97000000 		.4byte	0x97
 487 020b 00000000 		.4byte	.LFB58
 488 020f 38000000 		.4byte	.LFE58-.LFB58
 489 0213 01       		.uleb128 0x1
 490 0214 9C       		.byte	0x9c
 491 0215 36020000 		.4byte	0x236
 492 0219 0E       		.uleb128 0xe
 493 021a 29010000 		.4byte	.LASF27
 494 021e 01       		.byte	0x1
 495 021f 2F       		.byte	0x2f
 496 0220 FA010000 		.4byte	0x1fa
 497 0224 02       		.uleb128 0x2
 498 0225 91       		.byte	0x91
 499 0226 64       		.sleb128 -28
 500 0227 0C       		.uleb128 0xc
 501 0228 08000000 		.4byte	.LASF31
 502 022c 01       		.byte	0x1
 503 022d 31       		.byte	0x31
 504 022e 4B010000 		.4byte	0x14b
 505 0232 02       		.uleb128 0x2
 506 0233 91       		.byte	0x91
 507 0234 6C       		.sleb128 -20
 508 0235 00       		.byte	0
 509 0236 0F       		.uleb128 0xf
ARM GAS  C:\Users\Lois\AppData\Local\Temp\ccRJagFZ.s 			page 11


 510 0237 4A010000 		.4byte	.LASF32
 511 023b 07       		.byte	0x7
 512 023c 1606     		.2byte	0x616
 513 023e 42020000 		.4byte	0x242
 514 0242 10       		.uleb128 0x10
 515 0243 76000000 		.4byte	0x76
 516 0247 11       		.uleb128 0x11
 517 0248 E3010000 		.4byte	.LASF33
 518 024c 06       		.byte	0x6
 519 024d 36       		.byte	0x36
 520 024e 68000000 		.4byte	0x68
 521 0252 11       		.uleb128 0x11
 522 0253 3F020000 		.4byte	.LASF34
 523 0257 06       		.byte	0x6
 524 0258 38       		.byte	0x38
 525 0259 68000000 		.4byte	0x68
 526 025d 07       		.uleb128 0x7
 527 025e 83010000 		.4byte	0x183
 528 0262 6D020000 		.4byte	0x26d
 529 0266 08       		.uleb128 0x8
 530 0267 B7000000 		.4byte	0xb7
 531 026b 31       		.byte	0x31
 532 026c 00       		.byte	0
 533 026d 11       		.uleb128 0x11
 534 026e 1C010000 		.4byte	.LASF35
 535 0272 06       		.byte	0x6
 536 0273 39       		.byte	0x39
 537 0274 5D020000 		.4byte	0x25d
 538 0278 00       		.byte	0
 539              		.section	.debug_abbrev,"",%progbits
 540              	.Ldebug_abbrev0:
 541 0000 01       		.uleb128 0x1
 542 0001 11       		.uleb128 0x11
 543 0002 01       		.byte	0x1
 544 0003 25       		.uleb128 0x25
 545 0004 0E       		.uleb128 0xe
 546 0005 13       		.uleb128 0x13
 547 0006 0B       		.uleb128 0xb
 548 0007 03       		.uleb128 0x3
 549 0008 0E       		.uleb128 0xe
 550 0009 1B       		.uleb128 0x1b
 551 000a 0E       		.uleb128 0xe
 552 000b 55       		.uleb128 0x55
 553 000c 17       		.uleb128 0x17
 554 000d 11       		.uleb128 0x11
 555 000e 01       		.uleb128 0x1
 556 000f 10       		.uleb128 0x10
 557 0010 17       		.uleb128 0x17
 558 0011 00       		.byte	0
 559 0012 00       		.byte	0
 560 0013 02       		.uleb128 0x2
 561 0014 24       		.uleb128 0x24
 562 0015 00       		.byte	0
 563 0016 0B       		.uleb128 0xb
 564 0017 0B       		.uleb128 0xb
 565 0018 3E       		.uleb128 0x3e
 566 0019 0B       		.uleb128 0xb
ARM GAS  C:\Users\Lois\AppData\Local\Temp\ccRJagFZ.s 			page 12


 567 001a 03       		.uleb128 0x3
 568 001b 0E       		.uleb128 0xe
 569 001c 00       		.byte	0
 570 001d 00       		.byte	0
 571 001e 03       		.uleb128 0x3
 572 001f 16       		.uleb128 0x16
 573 0020 00       		.byte	0
 574 0021 03       		.uleb128 0x3
 575 0022 0E       		.uleb128 0xe
 576 0023 3A       		.uleb128 0x3a
 577 0024 0B       		.uleb128 0xb
 578 0025 3B       		.uleb128 0x3b
 579 0026 0B       		.uleb128 0xb
 580 0027 49       		.uleb128 0x49
 581 0028 13       		.uleb128 0x13
 582 0029 00       		.byte	0
 583 002a 00       		.byte	0
 584 002b 04       		.uleb128 0x4
 585 002c 24       		.uleb128 0x24
 586 002d 00       		.byte	0
 587 002e 0B       		.uleb128 0xb
 588 002f 0B       		.uleb128 0xb
 589 0030 3E       		.uleb128 0x3e
 590 0031 0B       		.uleb128 0xb
 591 0032 03       		.uleb128 0x3
 592 0033 08       		.uleb128 0x8
 593 0034 00       		.byte	0
 594 0035 00       		.byte	0
 595 0036 05       		.uleb128 0x5
 596 0037 13       		.uleb128 0x13
 597 0038 01       		.byte	0x1
 598 0039 0B       		.uleb128 0xb
 599 003a 0B       		.uleb128 0xb
 600 003b 3A       		.uleb128 0x3a
 601 003c 0B       		.uleb128 0xb
 602 003d 3B       		.uleb128 0x3b
 603 003e 0B       		.uleb128 0xb
 604 003f 01       		.uleb128 0x1
 605 0040 13       		.uleb128 0x13
 606 0041 00       		.byte	0
 607 0042 00       		.byte	0
 608 0043 06       		.uleb128 0x6
 609 0044 0D       		.uleb128 0xd
 610 0045 00       		.byte	0
 611 0046 03       		.uleb128 0x3
 612 0047 0E       		.uleb128 0xe
 613 0048 3A       		.uleb128 0x3a
 614 0049 0B       		.uleb128 0xb
 615 004a 3B       		.uleb128 0x3b
 616 004b 0B       		.uleb128 0xb
 617 004c 49       		.uleb128 0x49
 618 004d 13       		.uleb128 0x13
 619 004e 38       		.uleb128 0x38
 620 004f 0B       		.uleb128 0xb
 621 0050 00       		.byte	0
 622 0051 00       		.byte	0
 623 0052 07       		.uleb128 0x7
ARM GAS  C:\Users\Lois\AppData\Local\Temp\ccRJagFZ.s 			page 13


 624 0053 01       		.uleb128 0x1
 625 0054 01       		.byte	0x1
 626 0055 49       		.uleb128 0x49
 627 0056 13       		.uleb128 0x13
 628 0057 01       		.uleb128 0x1
 629 0058 13       		.uleb128 0x13
 630 0059 00       		.byte	0
 631 005a 00       		.byte	0
 632 005b 08       		.uleb128 0x8
 633 005c 21       		.uleb128 0x21
 634 005d 00       		.byte	0
 635 005e 49       		.uleb128 0x49
 636 005f 13       		.uleb128 0x13
 637 0060 2F       		.uleb128 0x2f
 638 0061 0B       		.uleb128 0xb
 639 0062 00       		.byte	0
 640 0063 00       		.byte	0
 641 0064 09       		.uleb128 0x9
 642 0065 0D       		.uleb128 0xd
 643 0066 00       		.byte	0
 644 0067 03       		.uleb128 0x3
 645 0068 08       		.uleb128 0x8
 646 0069 3A       		.uleb128 0x3a
 647 006a 0B       		.uleb128 0xb
 648 006b 3B       		.uleb128 0x3b
 649 006c 0B       		.uleb128 0xb
 650 006d 49       		.uleb128 0x49
 651 006e 13       		.uleb128 0x13
 652 006f 38       		.uleb128 0x38
 653 0070 0B       		.uleb128 0xb
 654 0071 00       		.byte	0
 655 0072 00       		.byte	0
 656 0073 0A       		.uleb128 0xa
 657 0074 0F       		.uleb128 0xf
 658 0075 00       		.byte	0
 659 0076 0B       		.uleb128 0xb
 660 0077 0B       		.uleb128 0xb
 661 0078 49       		.uleb128 0x49
 662 0079 13       		.uleb128 0x13
 663 007a 00       		.byte	0
 664 007b 00       		.byte	0
 665 007c 0B       		.uleb128 0xb
 666 007d 2E       		.uleb128 0x2e
 667 007e 01       		.byte	0x1
 668 007f 3F       		.uleb128 0x3f
 669 0080 19       		.uleb128 0x19
 670 0081 03       		.uleb128 0x3
 671 0082 0E       		.uleb128 0xe
 672 0083 3A       		.uleb128 0x3a
 673 0084 0B       		.uleb128 0xb
 674 0085 3B       		.uleb128 0x3b
 675 0086 0B       		.uleb128 0xb
 676 0087 27       		.uleb128 0x27
 677 0088 19       		.uleb128 0x19
 678 0089 49       		.uleb128 0x49
 679 008a 13       		.uleb128 0x13
 680 008b 11       		.uleb128 0x11
ARM GAS  C:\Users\Lois\AppData\Local\Temp\ccRJagFZ.s 			page 14


 681 008c 01       		.uleb128 0x1
 682 008d 12       		.uleb128 0x12
 683 008e 06       		.uleb128 0x6
 684 008f 40       		.uleb128 0x40
 685 0090 18       		.uleb128 0x18
 686 0091 9742     		.uleb128 0x2117
 687 0093 19       		.uleb128 0x19
 688 0094 01       		.uleb128 0x1
 689 0095 13       		.uleb128 0x13
 690 0096 00       		.byte	0
 691 0097 00       		.byte	0
 692 0098 0C       		.uleb128 0xc
 693 0099 34       		.uleb128 0x34
 694 009a 00       		.byte	0
 695 009b 03       		.uleb128 0x3
 696 009c 0E       		.uleb128 0xe
 697 009d 3A       		.uleb128 0x3a
 698 009e 0B       		.uleb128 0xb
 699 009f 3B       		.uleb128 0x3b
 700 00a0 0B       		.uleb128 0xb
 701 00a1 49       		.uleb128 0x49
 702 00a2 13       		.uleb128 0x13
 703 00a3 02       		.uleb128 0x2
 704 00a4 18       		.uleb128 0x18
 705 00a5 00       		.byte	0
 706 00a6 00       		.byte	0
 707 00a7 0D       		.uleb128 0xd
 708 00a8 2E       		.uleb128 0x2e
 709 00a9 01       		.byte	0x1
 710 00aa 3F       		.uleb128 0x3f
 711 00ab 19       		.uleb128 0x19
 712 00ac 03       		.uleb128 0x3
 713 00ad 0E       		.uleb128 0xe
 714 00ae 3A       		.uleb128 0x3a
 715 00af 0B       		.uleb128 0xb
 716 00b0 3B       		.uleb128 0x3b
 717 00b1 0B       		.uleb128 0xb
 718 00b2 27       		.uleb128 0x27
 719 00b3 19       		.uleb128 0x19
 720 00b4 49       		.uleb128 0x49
 721 00b5 13       		.uleb128 0x13
 722 00b6 11       		.uleb128 0x11
 723 00b7 01       		.uleb128 0x1
 724 00b8 12       		.uleb128 0x12
 725 00b9 06       		.uleb128 0x6
 726 00ba 40       		.uleb128 0x40
 727 00bb 18       		.uleb128 0x18
 728 00bc 9642     		.uleb128 0x2116
 729 00be 19       		.uleb128 0x19
 730 00bf 01       		.uleb128 0x1
 731 00c0 13       		.uleb128 0x13
 732 00c1 00       		.byte	0
 733 00c2 00       		.byte	0
 734 00c3 0E       		.uleb128 0xe
 735 00c4 05       		.uleb128 0x5
 736 00c5 00       		.byte	0
 737 00c6 03       		.uleb128 0x3
ARM GAS  C:\Users\Lois\AppData\Local\Temp\ccRJagFZ.s 			page 15


 738 00c7 0E       		.uleb128 0xe
 739 00c8 3A       		.uleb128 0x3a
 740 00c9 0B       		.uleb128 0xb
 741 00ca 3B       		.uleb128 0x3b
 742 00cb 0B       		.uleb128 0xb
 743 00cc 49       		.uleb128 0x49
 744 00cd 13       		.uleb128 0x13
 745 00ce 02       		.uleb128 0x2
 746 00cf 18       		.uleb128 0x18
 747 00d0 00       		.byte	0
 748 00d1 00       		.byte	0
 749 00d2 0F       		.uleb128 0xf
 750 00d3 34       		.uleb128 0x34
 751 00d4 00       		.byte	0
 752 00d5 03       		.uleb128 0x3
 753 00d6 0E       		.uleb128 0xe
 754 00d7 3A       		.uleb128 0x3a
 755 00d8 0B       		.uleb128 0xb
 756 00d9 3B       		.uleb128 0x3b
 757 00da 05       		.uleb128 0x5
 758 00db 49       		.uleb128 0x49
 759 00dc 13       		.uleb128 0x13
 760 00dd 3F       		.uleb128 0x3f
 761 00de 19       		.uleb128 0x19
 762 00df 3C       		.uleb128 0x3c
 763 00e0 19       		.uleb128 0x19
 764 00e1 00       		.byte	0
 765 00e2 00       		.byte	0
 766 00e3 10       		.uleb128 0x10
 767 00e4 35       		.uleb128 0x35
 768 00e5 00       		.byte	0
 769 00e6 49       		.uleb128 0x49
 770 00e7 13       		.uleb128 0x13
 771 00e8 00       		.byte	0
 772 00e9 00       		.byte	0
 773 00ea 11       		.uleb128 0x11
 774 00eb 34       		.uleb128 0x34
 775 00ec 00       		.byte	0
 776 00ed 03       		.uleb128 0x3
 777 00ee 0E       		.uleb128 0xe
 778 00ef 3A       		.uleb128 0x3a
 779 00f0 0B       		.uleb128 0xb
 780 00f1 3B       		.uleb128 0x3b
 781 00f2 0B       		.uleb128 0xb
 782 00f3 49       		.uleb128 0x49
 783 00f4 13       		.uleb128 0x13
 784 00f5 3F       		.uleb128 0x3f
 785 00f6 19       		.uleb128 0x19
 786 00f7 3C       		.uleb128 0x3c
 787 00f8 19       		.uleb128 0x19
 788 00f9 00       		.byte	0
 789 00fa 00       		.byte	0
 790 00fb 00       		.byte	0
 791              		.section	.debug_aranges,"",%progbits
 792 0000 2C000000 		.4byte	0x2c
 793 0004 0200     		.2byte	0x2
 794 0006 00000000 		.4byte	.Ldebug_info0
ARM GAS  C:\Users\Lois\AppData\Local\Temp\ccRJagFZ.s 			page 16


 795 000a 04       		.byte	0x4
 796 000b 00       		.byte	0
 797 000c 0000     		.2byte	0
 798 000e 0000     		.2byte	0
 799 0010 00000000 		.4byte	.LFB56
 800 0014 6C000000 		.4byte	.LFE56-.LFB56
 801 0018 00000000 		.4byte	.LFB57
 802 001c 3A000000 		.4byte	.LFE57-.LFB57
 803 0020 00000000 		.4byte	.LFB58
 804 0024 38000000 		.4byte	.LFE58-.LFB58
 805 0028 00000000 		.4byte	0
 806 002c 00000000 		.4byte	0
 807              		.section	.debug_ranges,"",%progbits
 808              	.Ldebug_ranges0:
 809 0000 00000000 		.4byte	.LFB56
 810 0004 6C000000 		.4byte	.LFE56
 811 0008 00000000 		.4byte	.LFB57
 812 000c 3A000000 		.4byte	.LFE57
 813 0010 00000000 		.4byte	.LFB58
 814 0014 38000000 		.4byte	.LFE58
 815 0018 00000000 		.4byte	0
 816 001c 00000000 		.4byte	0
 817              		.section	.debug_line,"",%progbits
 818              	.Ldebug_line0:
 819 0000 C4010000 		.section	.debug_str,"MS",%progbits,1
 819      02007A01 
 819      00000201 
 819      FB0E0D00 
 819      01010101 
 820              	.LASF24:
 821 0000 43414E5F 		.ascii	"CAN_MSG\000"
 821      4D534700 
 822              	.LASF31:
 823 0008 6D736754 		.ascii	"msgToSendBack\000"
 823      6F53656E 
 823      64426163 
 823      6B00
 824              	.LASF9:
 825 0016 5F5F696E 		.ascii	"__int32_t\000"
 825      7433325F 
 825      7400
 826              	.LASF4:
 827 0020 6C6F6E67 		.ascii	"long int\000"
 827      20696E74 
 827      00
 828              	.LASF21:
 829 0029 43414E5F 		.ascii	"CAN_1_TX_MSG\000"
 829      315F5458 
 829      5F4D5347 
 829      00
 830              	.LASF36:
 831 0036 474E5520 		.ascii	"GNU C 4.9.3 20150303 (release) [ARM/embedded-4_9-br"
 831      4320342E 
 831      392E3320 
 831      32303135 
 831      30333033 
 832 0069 616E6368 		.ascii	"anch revision 221220] -mcpu=cortex-m3 -mthumb -g -O"
ARM GAS  C:\Users\Lois\AppData\Local\Temp\ccRJagFZ.s 			page 17


 832      20726576 
 832      6973696F 
 832      6E203232 
 832      31323230 
 833 009c 30202D66 		.ascii	"0 -ffunction-sections -ffat-lto-objects\000"
 833      66756E63 
 833      74696F6E 
 833      2D736563 
 833      74696F6E 
 834              	.LASF2:
 835 00c4 73686F72 		.ascii	"short int\000"
 835      7420696E 
 835      7400
 836              	.LASF15:
 837 00ce 646F7562 		.ascii	"double\000"
 837      6C6500
 838              	.LASF20:
 839 00d5 62797465 		.ascii	"byte\000"
 839      00
 840              	.LASF38:
 841 00da 433A5C55 		.ascii	"C:\\Users\\Lois\\Desktop\\MC1_5\\MC1_5_PSOC5.cydsn\000"
 841      73657273 
 841      5C4C6F69 
 841      735C4465 
 841      736B746F 
 842              	.LASF14:
 843 0108 666C6F61 		.ascii	"float\000"
 843      7400
 844              	.LASF1:
 845 010e 756E7369 		.ascii	"unsigned char\000"
 845      676E6564 
 845      20636861 
 845      7200
 846              	.LASF35:
 847 011c 72656365 		.ascii	"receivedMsgs\000"
 847      69766564 
 847      4D736773 
 847      00
 848              	.LASF27:
 849 0129 6D736750 		.ascii	"msgPtr\000"
 849      747200
 850              	.LASF3:
 851 0130 73686F72 		.ascii	"short unsigned int\000"
 851      7420756E 
 851      7369676E 
 851      65642069 
 851      6E7400
 852              	.LASF23:
 853 0143 43414E5F 		.ascii	"CAN_ID\000"
 853      494400
 854              	.LASF32:
 855 014a 49544D5F 		.ascii	"ITM_RxBuffer\000"
 855      52784275 
 855      66666572 
 855      00
 856              	.LASF29:
 857 0157 6D736754 		.ascii	"msgToSend\000"
ARM GAS  C:\Users\Lois\AppData\Local\Temp\ccRJagFZ.s 			page 18


 857      6F53656E 
 857      6400
 858              	.LASF26:
 859 0161 73656E64 		.ascii	"sendMessage\000"
 859      4D657373 
 859      61676500 
 860              	.LASF28:
 861 016d 6D736754 		.ascii	"msgToTreat\000"
 861      6F547265 
 861      617400
 862              	.LASF37:
 863 0178 2E5C4341 		.ascii	".\\CAN_Communication.c\000"
 863      4E5F436F 
 863      6D6D756E 
 863      69636174 
 863      696F6E2E 
 864              	.LASF25:
 865 018e 67657452 		.ascii	"getReceivedMessage\000"
 865      65636569 
 865      7665644D 
 865      65737361 
 865      676500
 866              	.LASF13:
 867 01a1 696E7438 		.ascii	"int8\000"
 867      00
 868              	.LASF12:
 869 01a6 75696E74 		.ascii	"uint32\000"
 869      333200
 870              	.LASF5:
 871 01ad 6C6F6E67 		.ascii	"long unsigned int\000"
 871      20756E73 
 871      69676E65 
 871      6420696E 
 871      7400
 872              	.LASF8:
 873 01bf 756E7369 		.ascii	"unsigned int\000"
 873      676E6564 
 873      20696E74 
 873      00
 874              	.LASF7:
 875 01cc 6C6F6E67 		.ascii	"long long unsigned int\000"
 875      206C6F6E 
 875      6720756E 
 875      7369676E 
 875      65642069 
 876              	.LASF33:
 877 01e3 6D736754 		.ascii	"msgToBeTreatedIndex\000"
 877      6F426554 
 877      72656174 
 877      6564496E 
 877      64657800 
 878              	.LASF10:
 879 01f7 696E7433 		.ascii	"int32_t\000"
 879      325F7400 
 880              	.LASF17:
 881 01ff 73697A65 		.ascii	"sizetype\000"
 881      74797065 
ARM GAS  C:\Users\Lois\AppData\Local\Temp\ccRJagFZ.s 			page 19


 881      00
 882              	.LASF6:
 883 0208 6C6F6E67 		.ascii	"long long int\000"
 883      206C6F6E 
 883      6720696E 
 883      7400
 884              	.LASF16:
 885 0216 63686172 		.ascii	"char\000"
 885      00
 886              	.LASF19:
 887 021b 43414E5F 		.ascii	"CAN_1_DATA_BYTES_MSG\000"
 887      315F4441 
 887      54415F42 
 887      59544553 
 887      5F4D5347 
 888              	.LASF22:
 889 0230 6D736742 		.ascii	"msgBytes\000"
 889      79746573 
 889      00
 890              	.LASF11:
 891 0239 75696E74 		.ascii	"uint8\000"
 891      3800
 892              	.LASF34:
 893 023f 6D657373 		.ascii	"messageToBeTreatedCount\000"
 893      61676554 
 893      6F426554 
 893      72656174 
 893      6564436F 
 894              	.LASF18:
 895 0257 6C6F6E67 		.ascii	"long double\000"
 895      20646F75 
 895      626C6500 
 896              	.LASF0:
 897 0263 7369676E 		.ascii	"signed char\000"
 897      65642063 
 897      68617200 
 898              	.LASF30:
 899 026f 6563686F 		.ascii	"echoBackToMaster\000"
 899      4261636B 
 899      546F4D61 
 899      73746572 
 899      00
 900              		.ident	"GCC: (GNU Tools for ARM Embedded Processors) 4.9.3 20150303 (release) [ARM/embedded-4_9-br
