ARM GAS  C:\Users\Lois\AppData\Local\Temp\ccZry6XQ.s 			page 1


   1              		.syntax unified
   2              		.cpu cortex-m3
   3              		.fpu softvfp
   4              		.eabi_attribute 20, 1
   5              		.eabi_attribute 21, 1
   6              		.eabi_attribute 23, 3
   7              		.eabi_attribute 24, 1
   8              		.eabi_attribute 25, 1
   9              		.eabi_attribute 26, 1
  10              		.eabi_attribute 30, 6
  11              		.eabi_attribute 34, 1
  12              		.eabi_attribute 18, 4
  13              		.thumb
  14              		.file	"CAN_1_INT.c"
  15              		.text
  16              	.Ltext0:
  17              		.cfi_sections	.debug_frame
  18              		.section	.text.CAN_1_BusOffIsr,"ax",%progbits
  19              		.align	2
  20              		.global	CAN_1_BusOffIsr
  21              		.thumb
  22              		.thumb_func
  23              		.type	CAN_1_BusOffIsr, %function
  24              	CAN_1_BusOffIsr:
  25              	.LFB0:
  26              		.file 1 ".\\Generated_Source\\PSoC5\\CAN_1_INT.c"
   1:.\Generated_Source\PSoC5/CAN_1_INT.c **** /*******************************************************************************
   2:.\Generated_Source\PSoC5/CAN_1_INT.c **** * File Name: CAN_1_INT.c
   3:.\Generated_Source\PSoC5/CAN_1_INT.c **** * Version 3.0
   4:.\Generated_Source\PSoC5/CAN_1_INT.c **** *
   5:.\Generated_Source\PSoC5/CAN_1_INT.c **** * Description:
   6:.\Generated_Source\PSoC5/CAN_1_INT.c **** *  This file contains Interrupt Service Routine (ISR) for CAN Component.
   7:.\Generated_Source\PSoC5/CAN_1_INT.c **** *  The Interrupt handlers functions are generated accordingly to the PSoC
   8:.\Generated_Source\PSoC5/CAN_1_INT.c **** *  Creator Customizer inputs.
   9:.\Generated_Source\PSoC5/CAN_1_INT.c **** *
  10:.\Generated_Source\PSoC5/CAN_1_INT.c **** * Note:
  11:.\Generated_Source\PSoC5/CAN_1_INT.c **** *  None
  12:.\Generated_Source\PSoC5/CAN_1_INT.c **** *
  13:.\Generated_Source\PSoC5/CAN_1_INT.c **** ********************************************************************************
  14:.\Generated_Source\PSoC5/CAN_1_INT.c **** * Copyright 2008-2015, Cypress Semiconductor Corporation.  All rights reserved.
  15:.\Generated_Source\PSoC5/CAN_1_INT.c **** * You may use this file only in accordance with the license, terms, conditions,
  16:.\Generated_Source\PSoC5/CAN_1_INT.c **** * disclaimers, and limitations in the end user license agreement accompanying
  17:.\Generated_Source\PSoC5/CAN_1_INT.c **** * the software package with which this file was provided.
  18:.\Generated_Source\PSoC5/CAN_1_INT.c **** *******************************************************************************/
  19:.\Generated_Source\PSoC5/CAN_1_INT.c **** 
  20:.\Generated_Source\PSoC5/CAN_1_INT.c **** #include "CAN_1.h"
  21:.\Generated_Source\PSoC5/CAN_1_INT.c **** 
  22:.\Generated_Source\PSoC5/CAN_1_INT.c **** 
  23:.\Generated_Source\PSoC5/CAN_1_INT.c **** /* `#START CAN_INT_C_CODE_DEFINITION` */
  24:.\Generated_Source\PSoC5/CAN_1_INT.c **** /* `#END` */
  25:.\Generated_Source\PSoC5/CAN_1_INT.c **** 
  26:.\Generated_Source\PSoC5/CAN_1_INT.c **** #if (CAN_1_ARB_LOST)
  27:.\Generated_Source\PSoC5/CAN_1_INT.c ****     /*******************************************************************************
  28:.\Generated_Source\PSoC5/CAN_1_INT.c ****     * FUNCTION NAME:   CAN_1_ArbLostIsr
  29:.\Generated_Source\PSoC5/CAN_1_INT.c ****     ********************************************************************************
  30:.\Generated_Source\PSoC5/CAN_1_INT.c ****     *
  31:.\Generated_Source\PSoC5/CAN_1_INT.c ****     * Summary:
ARM GAS  C:\Users\Lois\AppData\Local\Temp\ccZry6XQ.s 			page 2


  32:.\Generated_Source\PSoC5/CAN_1_INT.c ****     *  This function is entry point to Arbitration Lost Interrupt. Clears
  33:.\Generated_Source\PSoC5/CAN_1_INT.c ****     *  Arbitration Lost interrupt flag. Only generated if Arbitration Lost
  34:.\Generated_Source\PSoC5/CAN_1_INT.c ****     *  Interrupt enable in Customizer.
  35:.\Generated_Source\PSoC5/CAN_1_INT.c ****     *
  36:.\Generated_Source\PSoC5/CAN_1_INT.c ****     * Parameters:
  37:.\Generated_Source\PSoC5/CAN_1_INT.c ****     *  None.
  38:.\Generated_Source\PSoC5/CAN_1_INT.c ****     *
  39:.\Generated_Source\PSoC5/CAN_1_INT.c ****     * Return:
  40:.\Generated_Source\PSoC5/CAN_1_INT.c ****     *  None.
  41:.\Generated_Source\PSoC5/CAN_1_INT.c ****     *
  42:.\Generated_Source\PSoC5/CAN_1_INT.c ****     * Reentrant:
  43:.\Generated_Source\PSoC5/CAN_1_INT.c ****     *  Depends on Customer code.
  44:.\Generated_Source\PSoC5/CAN_1_INT.c ****     *
  45:.\Generated_Source\PSoC5/CAN_1_INT.c ****     *******************************************************************************/
  46:.\Generated_Source\PSoC5/CAN_1_INT.c ****     void CAN_1_ArbLostIsr(void) 
  47:.\Generated_Source\PSoC5/CAN_1_INT.c ****     {
  48:.\Generated_Source\PSoC5/CAN_1_INT.c ****         /* Clear Arbitration Lost flag */
  49:.\Generated_Source\PSoC5/CAN_1_INT.c ****         CAN_1_INT_SR_REG.byte[0u] = CAN_1_ARBITRATION_LOST_MASK;
  50:.\Generated_Source\PSoC5/CAN_1_INT.c **** 
  51:.\Generated_Source\PSoC5/CAN_1_INT.c ****         /* `#START ARBITRATION_LOST_ISR` */
  52:.\Generated_Source\PSoC5/CAN_1_INT.c **** 
  53:.\Generated_Source\PSoC5/CAN_1_INT.c ****         /* `#END` */
  54:.\Generated_Source\PSoC5/CAN_1_INT.c **** 
  55:.\Generated_Source\PSoC5/CAN_1_INT.c ****         #ifdef CAN_1_ARB_LOST_ISR_CALLBACK
  56:.\Generated_Source\PSoC5/CAN_1_INT.c ****             CAN_1_ArbLostIsr_Callback();
  57:.\Generated_Source\PSoC5/CAN_1_INT.c ****         #endif /* CAN_1_ARB_LOST_ISR_CALLBACK */
  58:.\Generated_Source\PSoC5/CAN_1_INT.c ****     }
  59:.\Generated_Source\PSoC5/CAN_1_INT.c **** #endif /* CAN_1_ARB_LOST */
  60:.\Generated_Source\PSoC5/CAN_1_INT.c **** 
  61:.\Generated_Source\PSoC5/CAN_1_INT.c **** 
  62:.\Generated_Source\PSoC5/CAN_1_INT.c **** #if (CAN_1_OVERLOAD)
  63:.\Generated_Source\PSoC5/CAN_1_INT.c ****     /*******************************************************************************
  64:.\Generated_Source\PSoC5/CAN_1_INT.c ****     * FUNCTION NAME:   CAN_1_OvrLdErrorIsr
  65:.\Generated_Source\PSoC5/CAN_1_INT.c ****     ********************************************************************************
  66:.\Generated_Source\PSoC5/CAN_1_INT.c ****     *
  67:.\Generated_Source\PSoC5/CAN_1_INT.c ****     * Summary:
  68:.\Generated_Source\PSoC5/CAN_1_INT.c ****     *  This function is entry point to Overload Error Interrupt. Clears Overload
  69:.\Generated_Source\PSoC5/CAN_1_INT.c ****     *  Error interrupt flag. Only generated if Overload Error Interrupt enable
  70:.\Generated_Source\PSoC5/CAN_1_INT.c ****     *  in Customizer.
  71:.\Generated_Source\PSoC5/CAN_1_INT.c ****     *
  72:.\Generated_Source\PSoC5/CAN_1_INT.c ****     * Parameters:
  73:.\Generated_Source\PSoC5/CAN_1_INT.c ****     *  None.
  74:.\Generated_Source\PSoC5/CAN_1_INT.c ****     *
  75:.\Generated_Source\PSoC5/CAN_1_INT.c ****     * Return:
  76:.\Generated_Source\PSoC5/CAN_1_INT.c ****     *  None.
  77:.\Generated_Source\PSoC5/CAN_1_INT.c ****     *
  78:.\Generated_Source\PSoC5/CAN_1_INT.c ****     * Reentrant:
  79:.\Generated_Source\PSoC5/CAN_1_INT.c ****     *  Depends on Customer code.
  80:.\Generated_Source\PSoC5/CAN_1_INT.c ****     *
  81:.\Generated_Source\PSoC5/CAN_1_INT.c ****     *******************************************************************************/
  82:.\Generated_Source\PSoC5/CAN_1_INT.c ****     void CAN_1_OvrLdErrorIsr(void) 
  83:.\Generated_Source\PSoC5/CAN_1_INT.c ****     {
  84:.\Generated_Source\PSoC5/CAN_1_INT.c ****         /* Clear Overload Error flag */
  85:.\Generated_Source\PSoC5/CAN_1_INT.c ****         CAN_1_INT_SR_REG.byte[0u] = CAN_1_OVERLOAD_ERROR_MASK;
  86:.\Generated_Source\PSoC5/CAN_1_INT.c **** 
  87:.\Generated_Source\PSoC5/CAN_1_INT.c ****         /* `#START OVER_LOAD_ERROR_ISR` */
  88:.\Generated_Source\PSoC5/CAN_1_INT.c **** 
ARM GAS  C:\Users\Lois\AppData\Local\Temp\ccZry6XQ.s 			page 3


  89:.\Generated_Source\PSoC5/CAN_1_INT.c ****         /* `#END` */
  90:.\Generated_Source\PSoC5/CAN_1_INT.c **** 
  91:.\Generated_Source\PSoC5/CAN_1_INT.c ****         #ifdef CAN_1_OVR_LD_ERROR_ISR_CALLBACK
  92:.\Generated_Source\PSoC5/CAN_1_INT.c ****             CAN_1_OvrLdErrorIsr_Callback();
  93:.\Generated_Source\PSoC5/CAN_1_INT.c ****         #endif /* CAN_1_OVR_LD_ERROR_ISR_CALLBACK */
  94:.\Generated_Source\PSoC5/CAN_1_INT.c ****     }
  95:.\Generated_Source\PSoC5/CAN_1_INT.c **** #endif /* CAN_1_OVERLOAD */
  96:.\Generated_Source\PSoC5/CAN_1_INT.c **** 
  97:.\Generated_Source\PSoC5/CAN_1_INT.c **** 
  98:.\Generated_Source\PSoC5/CAN_1_INT.c **** #if (CAN_1_BIT_ERR)
  99:.\Generated_Source\PSoC5/CAN_1_INT.c ****     /*******************************************************************************
 100:.\Generated_Source\PSoC5/CAN_1_INT.c ****     * FUNCTION NAME:   CAN_1_BitErrorIsr
 101:.\Generated_Source\PSoC5/CAN_1_INT.c ****     ********************************************************************************
 102:.\Generated_Source\PSoC5/CAN_1_INT.c ****     *
 103:.\Generated_Source\PSoC5/CAN_1_INT.c ****     * Summary:
 104:.\Generated_Source\PSoC5/CAN_1_INT.c ****     *  This function is entry point to Bit Error Interrupt. Clears Bit Error
 105:.\Generated_Source\PSoC5/CAN_1_INT.c ****     *  interrupt flag. Only generated if Bit Error Interrupt enable in Customizer.
 106:.\Generated_Source\PSoC5/CAN_1_INT.c ****     *
 107:.\Generated_Source\PSoC5/CAN_1_INT.c ****     * Parameters:
 108:.\Generated_Source\PSoC5/CAN_1_INT.c ****     *  None.
 109:.\Generated_Source\PSoC5/CAN_1_INT.c ****     *
 110:.\Generated_Source\PSoC5/CAN_1_INT.c ****     * Return:
 111:.\Generated_Source\PSoC5/CAN_1_INT.c ****     *  None.
 112:.\Generated_Source\PSoC5/CAN_1_INT.c ****     *
 113:.\Generated_Source\PSoC5/CAN_1_INT.c ****     * Reentrant:
 114:.\Generated_Source\PSoC5/CAN_1_INT.c ****     *  Depends on Customer code.
 115:.\Generated_Source\PSoC5/CAN_1_INT.c ****     *
 116:.\Generated_Source\PSoC5/CAN_1_INT.c ****     *******************************************************************************/
 117:.\Generated_Source\PSoC5/CAN_1_INT.c ****     void CAN_1_BitErrorIsr(void) 
 118:.\Generated_Source\PSoC5/CAN_1_INT.c ****     {
 119:.\Generated_Source\PSoC5/CAN_1_INT.c ****         /* Clear Bit Error flag */
 120:.\Generated_Source\PSoC5/CAN_1_INT.c ****         CAN_1_INT_SR_REG.byte[0u] = CAN_1_BIT_ERROR_MASK;
 121:.\Generated_Source\PSoC5/CAN_1_INT.c **** 
 122:.\Generated_Source\PSoC5/CAN_1_INT.c ****         /* `#START BIT_ERROR_ISR` */
 123:.\Generated_Source\PSoC5/CAN_1_INT.c **** 
 124:.\Generated_Source\PSoC5/CAN_1_INT.c ****         /* `#END` */
 125:.\Generated_Source\PSoC5/CAN_1_INT.c **** 
 126:.\Generated_Source\PSoC5/CAN_1_INT.c ****         #ifdef CAN_1_BIT_ERROR_ISR_CALLBACK
 127:.\Generated_Source\PSoC5/CAN_1_INT.c ****             CAN_1_BitErrorIsr_Callback();
 128:.\Generated_Source\PSoC5/CAN_1_INT.c ****         #endif /* CAN_1_BIT_ERROR_ISR_CALLBACK */
 129:.\Generated_Source\PSoC5/CAN_1_INT.c ****     }
 130:.\Generated_Source\PSoC5/CAN_1_INT.c **** #endif /* CAN_1_BIT_ERR */
 131:.\Generated_Source\PSoC5/CAN_1_INT.c **** 
 132:.\Generated_Source\PSoC5/CAN_1_INT.c **** 
 133:.\Generated_Source\PSoC5/CAN_1_INT.c **** #if (CAN_1_STUFF_ERR)
 134:.\Generated_Source\PSoC5/CAN_1_INT.c ****     /*******************************************************************************
 135:.\Generated_Source\PSoC5/CAN_1_INT.c ****     * FUNCTION NAME:   CAN_1_BitStuffErrorIsr
 136:.\Generated_Source\PSoC5/CAN_1_INT.c ****     ********************************************************************************
 137:.\Generated_Source\PSoC5/CAN_1_INT.c ****     *
 138:.\Generated_Source\PSoC5/CAN_1_INT.c ****     * Summary:
 139:.\Generated_Source\PSoC5/CAN_1_INT.c ****     *  This function is entry point to Bit Stuff Error Interrupt. Clears Bit Stuff
 140:.\Generated_Source\PSoC5/CAN_1_INT.c ****     *  Error interrupt flag. Only generated if Bit Stuff Error Interrupt enable
 141:.\Generated_Source\PSoC5/CAN_1_INT.c ****     *  in Customizer.
 142:.\Generated_Source\PSoC5/CAN_1_INT.c ****     *
 143:.\Generated_Source\PSoC5/CAN_1_INT.c ****     * Parameters:
 144:.\Generated_Source\PSoC5/CAN_1_INT.c ****     *  None.
 145:.\Generated_Source\PSoC5/CAN_1_INT.c ****     *
ARM GAS  C:\Users\Lois\AppData\Local\Temp\ccZry6XQ.s 			page 4


 146:.\Generated_Source\PSoC5/CAN_1_INT.c ****     * Return:
 147:.\Generated_Source\PSoC5/CAN_1_INT.c ****     *  None.
 148:.\Generated_Source\PSoC5/CAN_1_INT.c ****     *
 149:.\Generated_Source\PSoC5/CAN_1_INT.c ****     * Reentrant:
 150:.\Generated_Source\PSoC5/CAN_1_INT.c ****     *  Depends on Customer code.
 151:.\Generated_Source\PSoC5/CAN_1_INT.c ****     *
 152:.\Generated_Source\PSoC5/CAN_1_INT.c ****     *******************************************************************************/
 153:.\Generated_Source\PSoC5/CAN_1_INT.c ****     void CAN_1_BitStuffErrorIsr(void) 
 154:.\Generated_Source\PSoC5/CAN_1_INT.c ****     {
 155:.\Generated_Source\PSoC5/CAN_1_INT.c ****         /* Clear Stuff Error flag */
 156:.\Generated_Source\PSoC5/CAN_1_INT.c ****         CAN_1_INT_SR_REG.byte[0u] = CAN_1_STUFF_ERROR_MASK;
 157:.\Generated_Source\PSoC5/CAN_1_INT.c **** 
 158:.\Generated_Source\PSoC5/CAN_1_INT.c ****         /* `#START BIT_STUFF_ERROR_ISR` */
 159:.\Generated_Source\PSoC5/CAN_1_INT.c **** 
 160:.\Generated_Source\PSoC5/CAN_1_INT.c ****         /* `#END` */
 161:.\Generated_Source\PSoC5/CAN_1_INT.c **** 
 162:.\Generated_Source\PSoC5/CAN_1_INT.c ****         #ifdef CAN_1_BIT_STUFF_ERROR_ISR_CALLBACK
 163:.\Generated_Source\PSoC5/CAN_1_INT.c ****             CAN_1_BitStuffErrorIsr_Callback();
 164:.\Generated_Source\PSoC5/CAN_1_INT.c ****         #endif /* CAN_1_BIT_STUFF_ERROR_ISR_CALLBACK */
 165:.\Generated_Source\PSoC5/CAN_1_INT.c ****     }
 166:.\Generated_Source\PSoC5/CAN_1_INT.c **** #endif /* CAN_1_STUFF_ERR */
 167:.\Generated_Source\PSoC5/CAN_1_INT.c **** 
 168:.\Generated_Source\PSoC5/CAN_1_INT.c **** 
 169:.\Generated_Source\PSoC5/CAN_1_INT.c **** #if (CAN_1_ACK_ERR)
 170:.\Generated_Source\PSoC5/CAN_1_INT.c ****     /*******************************************************************************
 171:.\Generated_Source\PSoC5/CAN_1_INT.c ****     * FUNCTION NAME:   CAN_1_AckErrorIsr
 172:.\Generated_Source\PSoC5/CAN_1_INT.c ****     ********************************************************************************
 173:.\Generated_Source\PSoC5/CAN_1_INT.c ****     *
 174:.\Generated_Source\PSoC5/CAN_1_INT.c ****     * Summary:
 175:.\Generated_Source\PSoC5/CAN_1_INT.c ****     *  This function is entry point to Acknowledge Error Interrupt. Clears
 176:.\Generated_Source\PSoC5/CAN_1_INT.c ****     *  Acknowledge Error interrupt flag. Only generated if Acknowledge Error
 177:.\Generated_Source\PSoC5/CAN_1_INT.c ****     *  Interrupt enable in Customizer.
 178:.\Generated_Source\PSoC5/CAN_1_INT.c ****     *
 179:.\Generated_Source\PSoC5/CAN_1_INT.c ****     * Parameters:
 180:.\Generated_Source\PSoC5/CAN_1_INT.c ****     *  None.
 181:.\Generated_Source\PSoC5/CAN_1_INT.c ****     *
 182:.\Generated_Source\PSoC5/CAN_1_INT.c ****     * Return:
 183:.\Generated_Source\PSoC5/CAN_1_INT.c ****     *  None.
 184:.\Generated_Source\PSoC5/CAN_1_INT.c ****     *
 185:.\Generated_Source\PSoC5/CAN_1_INT.c ****     * Reentrant:
 186:.\Generated_Source\PSoC5/CAN_1_INT.c ****     *  Depends on Customer code.
 187:.\Generated_Source\PSoC5/CAN_1_INT.c ****     *
 188:.\Generated_Source\PSoC5/CAN_1_INT.c ****     *******************************************************************************/
 189:.\Generated_Source\PSoC5/CAN_1_INT.c ****     void CAN_1_AckErrorIsr(void) 
 190:.\Generated_Source\PSoC5/CAN_1_INT.c ****     {
 191:.\Generated_Source\PSoC5/CAN_1_INT.c ****         /* Clear Acknoledge Error flag */
 192:.\Generated_Source\PSoC5/CAN_1_INT.c ****         CAN_1_INT_SR_REG.byte[0u] = CAN_1_ACK_ERROR_MASK;
 193:.\Generated_Source\PSoC5/CAN_1_INT.c **** 
 194:.\Generated_Source\PSoC5/CAN_1_INT.c ****         /* `#START ACKNOWLEDGE_ERROR_ISR` */
 195:.\Generated_Source\PSoC5/CAN_1_INT.c **** 
 196:.\Generated_Source\PSoC5/CAN_1_INT.c ****         /* `#END` */
 197:.\Generated_Source\PSoC5/CAN_1_INT.c **** 
 198:.\Generated_Source\PSoC5/CAN_1_INT.c ****         #ifdef CAN_1_ACK_ERROR_ISR_CALLBACK
 199:.\Generated_Source\PSoC5/CAN_1_INT.c ****             CAN_1_AckErrorIsr_Callback();
 200:.\Generated_Source\PSoC5/CAN_1_INT.c ****         #endif /* CAN_1_ACK_ERROR_ISR_CALLBACK */
 201:.\Generated_Source\PSoC5/CAN_1_INT.c ****     }
 202:.\Generated_Source\PSoC5/CAN_1_INT.c **** #endif /* CAN_1_ACK_ERR */
ARM GAS  C:\Users\Lois\AppData\Local\Temp\ccZry6XQ.s 			page 5


 203:.\Generated_Source\PSoC5/CAN_1_INT.c **** 
 204:.\Generated_Source\PSoC5/CAN_1_INT.c **** 
 205:.\Generated_Source\PSoC5/CAN_1_INT.c **** #if (CAN_1_FORM_ERR)
 206:.\Generated_Source\PSoC5/CAN_1_INT.c ****     /*******************************************************************************
 207:.\Generated_Source\PSoC5/CAN_1_INT.c ****     * FUNCTION NAME:   CAN_1_MsgErrorIsr
 208:.\Generated_Source\PSoC5/CAN_1_INT.c ****     ********************************************************************************
 209:.\Generated_Source\PSoC5/CAN_1_INT.c ****     *
 210:.\Generated_Source\PSoC5/CAN_1_INT.c ****     * Summary:
 211:.\Generated_Source\PSoC5/CAN_1_INT.c ****     *  This function is entry point to Form Error Interrupt. Clears Form Error
 212:.\Generated_Source\PSoC5/CAN_1_INT.c ****     *  interrupt flag. Only generated if Form Error Interrupt enable in Customizer.
 213:.\Generated_Source\PSoC5/CAN_1_INT.c ****     *
 214:.\Generated_Source\PSoC5/CAN_1_INT.c ****     * Parameters:
 215:.\Generated_Source\PSoC5/CAN_1_INT.c ****     *  None.
 216:.\Generated_Source\PSoC5/CAN_1_INT.c ****     *
 217:.\Generated_Source\PSoC5/CAN_1_INT.c ****     * Return:
 218:.\Generated_Source\PSoC5/CAN_1_INT.c ****     *  None.
 219:.\Generated_Source\PSoC5/CAN_1_INT.c ****     *
 220:.\Generated_Source\PSoC5/CAN_1_INT.c ****     * Reentrant:
 221:.\Generated_Source\PSoC5/CAN_1_INT.c ****     *  Depends on Customer code.
 222:.\Generated_Source\PSoC5/CAN_1_INT.c ****     *
 223:.\Generated_Source\PSoC5/CAN_1_INT.c ****     *******************************************************************************/
 224:.\Generated_Source\PSoC5/CAN_1_INT.c ****     void CAN_1_MsgErrorIsr(void) 
 225:.\Generated_Source\PSoC5/CAN_1_INT.c ****     {
 226:.\Generated_Source\PSoC5/CAN_1_INT.c ****         /* Clear Form Error flag */
 227:.\Generated_Source\PSoC5/CAN_1_INT.c ****         CAN_1_INT_SR_REG.byte[0u] = CAN_1_FORM_ERROR_MASK;
 228:.\Generated_Source\PSoC5/CAN_1_INT.c **** 
 229:.\Generated_Source\PSoC5/CAN_1_INT.c ****         /* `#START MESSAGE_ERROR_ISR` */
 230:.\Generated_Source\PSoC5/CAN_1_INT.c **** 
 231:.\Generated_Source\PSoC5/CAN_1_INT.c ****         /* `#END` */
 232:.\Generated_Source\PSoC5/CAN_1_INT.c **** 
 233:.\Generated_Source\PSoC5/CAN_1_INT.c ****         #ifdef CAN_1_MSG_ERROR_ISR_CALLBACK
 234:.\Generated_Source\PSoC5/CAN_1_INT.c ****             CAN_1_MsgErrorIsr_Callback();
 235:.\Generated_Source\PSoC5/CAN_1_INT.c ****         #endif /* CAN_1_MSG_ERROR_ISR_CALLBACK */
 236:.\Generated_Source\PSoC5/CAN_1_INT.c ****     }
 237:.\Generated_Source\PSoC5/CAN_1_INT.c **** #endif /* CAN_1_FORM_ERR */
 238:.\Generated_Source\PSoC5/CAN_1_INT.c **** 
 239:.\Generated_Source\PSoC5/CAN_1_INT.c **** 
 240:.\Generated_Source\PSoC5/CAN_1_INT.c **** #if (CAN_1_CRC_ERR)
 241:.\Generated_Source\PSoC5/CAN_1_INT.c ****     /*******************************************************************************
 242:.\Generated_Source\PSoC5/CAN_1_INT.c ****     * FUNCTION NAME:   CAN_1_CrcErrorIsr
 243:.\Generated_Source\PSoC5/CAN_1_INT.c ****     ********************************************************************************
 244:.\Generated_Source\PSoC5/CAN_1_INT.c ****     *
 245:.\Generated_Source\PSoC5/CAN_1_INT.c ****     * Summary:
 246:.\Generated_Source\PSoC5/CAN_1_INT.c ****     *  This function is entry point to CRC Error Interrupt. Clears CRC Error
 247:.\Generated_Source\PSoC5/CAN_1_INT.c ****     *  interrupt flag. Only generated if CRC Error Interrupt enable in Customizer.
 248:.\Generated_Source\PSoC5/CAN_1_INT.c ****     *
 249:.\Generated_Source\PSoC5/CAN_1_INT.c ****     * Parameters:
 250:.\Generated_Source\PSoC5/CAN_1_INT.c ****     *  None.
 251:.\Generated_Source\PSoC5/CAN_1_INT.c ****     *
 252:.\Generated_Source\PSoC5/CAN_1_INT.c ****     * Return:
 253:.\Generated_Source\PSoC5/CAN_1_INT.c ****     *  None.
 254:.\Generated_Source\PSoC5/CAN_1_INT.c ****     *
 255:.\Generated_Source\PSoC5/CAN_1_INT.c ****     * Reentrant:
 256:.\Generated_Source\PSoC5/CAN_1_INT.c ****     *  Depends on Customer code.
 257:.\Generated_Source\PSoC5/CAN_1_INT.c ****     *
 258:.\Generated_Source\PSoC5/CAN_1_INT.c ****     *******************************************************************************/
 259:.\Generated_Source\PSoC5/CAN_1_INT.c ****     void CAN_1_CrcErrorIsr(void) 
ARM GAS  C:\Users\Lois\AppData\Local\Temp\ccZry6XQ.s 			page 6


 260:.\Generated_Source\PSoC5/CAN_1_INT.c ****     {
 261:.\Generated_Source\PSoC5/CAN_1_INT.c ****         /* Clear CRC Error flag */
 262:.\Generated_Source\PSoC5/CAN_1_INT.c ****         CAN_1_INT_SR_REG.byte[1u] = CAN_1_CRC_ERROR_MASK;
 263:.\Generated_Source\PSoC5/CAN_1_INT.c **** 
 264:.\Generated_Source\PSoC5/CAN_1_INT.c ****         /* `#START CRC_ERROR_ISR` */
 265:.\Generated_Source\PSoC5/CAN_1_INT.c **** 
 266:.\Generated_Source\PSoC5/CAN_1_INT.c ****         /* `#END` */
 267:.\Generated_Source\PSoC5/CAN_1_INT.c **** 
 268:.\Generated_Source\PSoC5/CAN_1_INT.c ****         #ifdef CAN_1_CRC_ERROR_ISR_CALLBACK
 269:.\Generated_Source\PSoC5/CAN_1_INT.c ****             CAN_1_CrcErrorIsr_Callback();
 270:.\Generated_Source\PSoC5/CAN_1_INT.c ****         #endif /* CAN_1_CRC_ERROR_ISR_CALLBACK */
 271:.\Generated_Source\PSoC5/CAN_1_INT.c ****     }
 272:.\Generated_Source\PSoC5/CAN_1_INT.c **** #endif /* CAN_1_CRC_ERR */
 273:.\Generated_Source\PSoC5/CAN_1_INT.c **** 
 274:.\Generated_Source\PSoC5/CAN_1_INT.c **** 
 275:.\Generated_Source\PSoC5/CAN_1_INT.c **** #if (CAN_1_BUS_OFF)
 276:.\Generated_Source\PSoC5/CAN_1_INT.c ****     /*******************************************************************************
 277:.\Generated_Source\PSoC5/CAN_1_INT.c ****     * FUNCTION NAME:   CAN_1_BusOffIsr
 278:.\Generated_Source\PSoC5/CAN_1_INT.c ****     ********************************************************************************
 279:.\Generated_Source\PSoC5/CAN_1_INT.c ****     *
 280:.\Generated_Source\PSoC5/CAN_1_INT.c ****     * Summary:
 281:.\Generated_Source\PSoC5/CAN_1_INT.c ****     *  This function is entry point to Bus Off Interrupt. Places CAN Component
 282:.\Generated_Source\PSoC5/CAN_1_INT.c ****     *  to Stop mode. Only generated if Bus Off Interrupt enable in Customizer.
 283:.\Generated_Source\PSoC5/CAN_1_INT.c ****     *  Recommended setting to enable this interrupt.
 284:.\Generated_Source\PSoC5/CAN_1_INT.c ****     *
 285:.\Generated_Source\PSoC5/CAN_1_INT.c ****     * Parameters:
 286:.\Generated_Source\PSoC5/CAN_1_INT.c ****     *  None.
 287:.\Generated_Source\PSoC5/CAN_1_INT.c ****     *
 288:.\Generated_Source\PSoC5/CAN_1_INT.c ****     * Return:
 289:.\Generated_Source\PSoC5/CAN_1_INT.c ****     *  None.
 290:.\Generated_Source\PSoC5/CAN_1_INT.c ****     *
 291:.\Generated_Source\PSoC5/CAN_1_INT.c ****     * Side Effects:
 292:.\Generated_Source\PSoC5/CAN_1_INT.c ****     *  Stops CAN component operation.
 293:.\Generated_Source\PSoC5/CAN_1_INT.c ****     *
 294:.\Generated_Source\PSoC5/CAN_1_INT.c ****     *******************************************************************************/
 295:.\Generated_Source\PSoC5/CAN_1_INT.c ****     void CAN_1_BusOffIsr(void) 
 296:.\Generated_Source\PSoC5/CAN_1_INT.c ****     {
  27              		.loc 1 296 0
  28              		.cfi_startproc
  29              		@ args = 0, pretend = 0, frame = 0
  30              		@ frame_needed = 1, uses_anonymous_args = 0
  31 0000 80B5     		push	{r7, lr}
  32              		.cfi_def_cfa_offset 8
  33              		.cfi_offset 7, -8
  34              		.cfi_offset 14, -4
  35 0002 00AF     		add	r7, sp, #0
  36              		.cfi_def_cfa_register 7
 297:.\Generated_Source\PSoC5/CAN_1_INT.c ****         /* Clear Bus Off flag */
 298:.\Generated_Source\PSoC5/CAN_1_INT.c ****         CAN_1_INT_SR_REG.byte[1u] = CAN_1_BUS_OFF_MASK;
  37              		.loc 1 298 0
  38 0004 034B     		ldr	r3, .L2
  39 0006 0222     		movs	r2, #2
  40 0008 5A70     		strb	r2, [r3, #1]
 299:.\Generated_Source\PSoC5/CAN_1_INT.c ****         (void) CAN_1_GlobalIntDisable();
  41              		.loc 1 299 0
  42 000a FFF7FEFF 		bl	CAN_1_GlobalIntDisable
 300:.\Generated_Source\PSoC5/CAN_1_INT.c **** 
ARM GAS  C:\Users\Lois\AppData\Local\Temp\ccZry6XQ.s 			page 7


 301:.\Generated_Source\PSoC5/CAN_1_INT.c ****         /* `#START BUS_OFF_ISR` */
 302:.\Generated_Source\PSoC5/CAN_1_INT.c **** 
 303:.\Generated_Source\PSoC5/CAN_1_INT.c ****         /* `#END` */
 304:.\Generated_Source\PSoC5/CAN_1_INT.c **** 
 305:.\Generated_Source\PSoC5/CAN_1_INT.c ****         #ifdef CAN_1_BUS_OFF_ISR_CALLBACK
 306:.\Generated_Source\PSoC5/CAN_1_INT.c ****             CAN_1_BusOffIsr_Callback();
 307:.\Generated_Source\PSoC5/CAN_1_INT.c ****         #endif /* CAN_1_BUS_OFF_ISR_CALLBACK */
 308:.\Generated_Source\PSoC5/CAN_1_INT.c **** 
 309:.\Generated_Source\PSoC5/CAN_1_INT.c ****         (void) CAN_1_Stop();
  43              		.loc 1 309 0
  44 000e FFF7FEFF 		bl	CAN_1_Stop
 310:.\Generated_Source\PSoC5/CAN_1_INT.c ****     }
  45              		.loc 1 310 0
  46 0012 80BD     		pop	{r7, pc}
  47              	.L3:
  48              		.align	2
  49              	.L2:
  50 0014 00A00040 		.word	1073782784
  51              		.cfi_endproc
  52              	.LFE0:
  53              		.size	CAN_1_BusOffIsr, .-CAN_1_BusOffIsr
  54              		.section	.text.CAN_1_MsgRXIsr,"ax",%progbits
  55              		.align	2
  56              		.global	CAN_1_MsgRXIsr
  57              		.thumb
  58              		.thumb_func
  59              		.type	CAN_1_MsgRXIsr, %function
  60              	CAN_1_MsgRXIsr:
  61              	.LFB1:
 311:.\Generated_Source\PSoC5/CAN_1_INT.c **** #endif /* CAN_1_BUS_OFF */
 312:.\Generated_Source\PSoC5/CAN_1_INT.c **** 
 313:.\Generated_Source\PSoC5/CAN_1_INT.c **** 
 314:.\Generated_Source\PSoC5/CAN_1_INT.c **** #if (CAN_1_RX_MSG_LOST)
 315:.\Generated_Source\PSoC5/CAN_1_INT.c ****     /*******************************************************************************
 316:.\Generated_Source\PSoC5/CAN_1_INT.c ****     * FUNCTION NAME:   CAN_1_MsgLostIsr
 317:.\Generated_Source\PSoC5/CAN_1_INT.c ****     ********************************************************************************
 318:.\Generated_Source\PSoC5/CAN_1_INT.c ****     *
 319:.\Generated_Source\PSoC5/CAN_1_INT.c ****     * Summary:
 320:.\Generated_Source\PSoC5/CAN_1_INT.c ****     *  This function is entry point to Message Lost Interrupt. Clears Message Lost
 321:.\Generated_Source\PSoC5/CAN_1_INT.c ****     *  interrupt flag. Only generated if Message Lost Interrupt enable in Customizer
 322:.\Generated_Source\PSoC5/CAN_1_INT.c ****     *
 323:.\Generated_Source\PSoC5/CAN_1_INT.c ****     * Parameters:
 324:.\Generated_Source\PSoC5/CAN_1_INT.c ****     *  None.
 325:.\Generated_Source\PSoC5/CAN_1_INT.c ****     *
 326:.\Generated_Source\PSoC5/CAN_1_INT.c ****     * Return:
 327:.\Generated_Source\PSoC5/CAN_1_INT.c ****     *  None.
 328:.\Generated_Source\PSoC5/CAN_1_INT.c ****     *
 329:.\Generated_Source\PSoC5/CAN_1_INT.c ****     * Reentrant:
 330:.\Generated_Source\PSoC5/CAN_1_INT.c ****     *  Depends on Customer code.
 331:.\Generated_Source\PSoC5/CAN_1_INT.c ****     *
 332:.\Generated_Source\PSoC5/CAN_1_INT.c ****     *******************************************************************************/
 333:.\Generated_Source\PSoC5/CAN_1_INT.c ****     void CAN_1_MsgLostIsr(void) 
 334:.\Generated_Source\PSoC5/CAN_1_INT.c ****     {
 335:.\Generated_Source\PSoC5/CAN_1_INT.c ****         /* Clear Receive Message Lost flag */
 336:.\Generated_Source\PSoC5/CAN_1_INT.c ****         CAN_1_INT_SR_REG.byte[1u] = CAN_1_RX_MSG_LOST_MASK;
 337:.\Generated_Source\PSoC5/CAN_1_INT.c **** 
 338:.\Generated_Source\PSoC5/CAN_1_INT.c ****         /* `#START MESSAGE_LOST_ISR` */
ARM GAS  C:\Users\Lois\AppData\Local\Temp\ccZry6XQ.s 			page 8


 339:.\Generated_Source\PSoC5/CAN_1_INT.c **** 
 340:.\Generated_Source\PSoC5/CAN_1_INT.c ****         /* `#END` */
 341:.\Generated_Source\PSoC5/CAN_1_INT.c **** 
 342:.\Generated_Source\PSoC5/CAN_1_INT.c ****         #ifdef CAN_1_MSG_LOST_ISR_CALLBACK
 343:.\Generated_Source\PSoC5/CAN_1_INT.c ****             CAN_1_MsgLostIsr_Callback();
 344:.\Generated_Source\PSoC5/CAN_1_INT.c ****         #endif /* CAN_1_MSG_LOST_ISR_CALLBACK */
 345:.\Generated_Source\PSoC5/CAN_1_INT.c ****     }
 346:.\Generated_Source\PSoC5/CAN_1_INT.c **** #endif /* CAN_1_RX_MSG_LOST */
 347:.\Generated_Source\PSoC5/CAN_1_INT.c **** 
 348:.\Generated_Source\PSoC5/CAN_1_INT.c **** 
 349:.\Generated_Source\PSoC5/CAN_1_INT.c **** #if (CAN_1_TX_MESSAGE)
 350:.\Generated_Source\PSoC5/CAN_1_INT.c ****     /*******************************************************************************
 351:.\Generated_Source\PSoC5/CAN_1_INT.c ****     * FUNCTION NAME:   CAN_1_MsgTXIsr
 352:.\Generated_Source\PSoC5/CAN_1_INT.c ****     ********************************************************************************
 353:.\Generated_Source\PSoC5/CAN_1_INT.c ****     *
 354:.\Generated_Source\PSoC5/CAN_1_INT.c ****     * Summary:
 355:.\Generated_Source\PSoC5/CAN_1_INT.c ****     *  This function is entry point to Transmit Message Interrupt. Clears Transmit
 356:.\Generated_Source\PSoC5/CAN_1_INT.c ****     *  Message interrupt flag. Only generated if Transmit Message Interrupt enable
 357:.\Generated_Source\PSoC5/CAN_1_INT.c ****     *  in Customizer.
 358:.\Generated_Source\PSoC5/CAN_1_INT.c ****     *
 359:.\Generated_Source\PSoC5/CAN_1_INT.c ****     * Parameters:
 360:.\Generated_Source\PSoC5/CAN_1_INT.c ****     *  None.
 361:.\Generated_Source\PSoC5/CAN_1_INT.c ****     *
 362:.\Generated_Source\PSoC5/CAN_1_INT.c ****     * Return:
 363:.\Generated_Source\PSoC5/CAN_1_INT.c ****     *  None.
 364:.\Generated_Source\PSoC5/CAN_1_INT.c ****     *
 365:.\Generated_Source\PSoC5/CAN_1_INT.c ****     * Reentrant:
 366:.\Generated_Source\PSoC5/CAN_1_INT.c ****     *  Depends on Customer code.
 367:.\Generated_Source\PSoC5/CAN_1_INT.c ****     *
 368:.\Generated_Source\PSoC5/CAN_1_INT.c ****     *******************************************************************************/
 369:.\Generated_Source\PSoC5/CAN_1_INT.c ****     void CAN_1_MsgTXIsr(void) 
 370:.\Generated_Source\PSoC5/CAN_1_INT.c ****     {
 371:.\Generated_Source\PSoC5/CAN_1_INT.c ****         /* Clear Transmit Message flag */
 372:.\Generated_Source\PSoC5/CAN_1_INT.c ****         CAN_1_INT_SR_REG.byte[1u] = CAN_1_TX_MESSAGE_MASK;
 373:.\Generated_Source\PSoC5/CAN_1_INT.c **** 
 374:.\Generated_Source\PSoC5/CAN_1_INT.c ****         /* `#START MESSAGE_TRANSMITTED_ISR` */
 375:.\Generated_Source\PSoC5/CAN_1_INT.c **** 
 376:.\Generated_Source\PSoC5/CAN_1_INT.c ****         /* `#END` */
 377:.\Generated_Source\PSoC5/CAN_1_INT.c **** 
 378:.\Generated_Source\PSoC5/CAN_1_INT.c ****         #ifdef CAN_1_MSG_TX_ISR_CALLBACK
 379:.\Generated_Source\PSoC5/CAN_1_INT.c ****             CAN_1_MsgTXIsr_Callback();
 380:.\Generated_Source\PSoC5/CAN_1_INT.c ****         #endif /* CAN_1_MSG_TX_ISR_CALLBACK */
 381:.\Generated_Source\PSoC5/CAN_1_INT.c ****     }
 382:.\Generated_Source\PSoC5/CAN_1_INT.c **** #endif /* CAN_1_TX_MESSAGE */
 383:.\Generated_Source\PSoC5/CAN_1_INT.c **** 
 384:.\Generated_Source\PSoC5/CAN_1_INT.c **** 
 385:.\Generated_Source\PSoC5/CAN_1_INT.c **** #if (CAN_1_RX_MESSAGE)
 386:.\Generated_Source\PSoC5/CAN_1_INT.c ****     /*******************************************************************************
 387:.\Generated_Source\PSoC5/CAN_1_INT.c ****     * FUNCTION NAME:   CAN_1_MsgRXIsr
 388:.\Generated_Source\PSoC5/CAN_1_INT.c ****     ********************************************************************************
 389:.\Generated_Source\PSoC5/CAN_1_INT.c ****     *
 390:.\Generated_Source\PSoC5/CAN_1_INT.c ****     * Summary:
 391:.\Generated_Source\PSoC5/CAN_1_INT.c ****     *  This function is entry point to Receive Message Interrupt. Clears Receive
 392:.\Generated_Source\PSoC5/CAN_1_INT.c ****     *  Message interrupt flag and call appropriate handlers for Basic and Full
 393:.\Generated_Source\PSoC5/CAN_1_INT.c ****     *  interrupt based mailboxes. Only generated if Receive Message Interrupt
 394:.\Generated_Source\PSoC5/CAN_1_INT.c ****     *  enable in Customizer. Recommended setting to enable this interrupt.
 395:.\Generated_Source\PSoC5/CAN_1_INT.c ****     *
ARM GAS  C:\Users\Lois\AppData\Local\Temp\ccZry6XQ.s 			page 9


 396:.\Generated_Source\PSoC5/CAN_1_INT.c ****     * Parameters:
 397:.\Generated_Source\PSoC5/CAN_1_INT.c ****     *  None.
 398:.\Generated_Source\PSoC5/CAN_1_INT.c ****     *
 399:.\Generated_Source\PSoC5/CAN_1_INT.c ****     * Return:
 400:.\Generated_Source\PSoC5/CAN_1_INT.c ****     *  None.
 401:.\Generated_Source\PSoC5/CAN_1_INT.c ****     *
 402:.\Generated_Source\PSoC5/CAN_1_INT.c ****     *******************************************************************************/
 403:.\Generated_Source\PSoC5/CAN_1_INT.c ****     void CAN_1_MsgRXIsr(void) 
 404:.\Generated_Source\PSoC5/CAN_1_INT.c ****     {
  62              		.loc 1 404 0
  63              		.cfi_startproc
  64              		@ args = 0, pretend = 0, frame = 8
  65              		@ frame_needed = 1, uses_anonymous_args = 0
  66 0000 80B5     		push	{r7, lr}
  67              		.cfi_def_cfa_offset 8
  68              		.cfi_offset 7, -8
  69              		.cfi_offset 14, -4
  70 0002 82B0     		sub	sp, sp, #8
  71              		.cfi_def_cfa_offset 16
  72 0004 00AF     		add	r7, sp, #0
  73              		.cfi_def_cfa_register 7
 405:.\Generated_Source\PSoC5/CAN_1_INT.c ****         uint8 mailboxNumber;
 406:.\Generated_Source\PSoC5/CAN_1_INT.c ****         uint16 shift = 0x01u;
  74              		.loc 1 406 0
  75 0006 0123     		movs	r3, #1
  76 0008 BB80     		strh	r3, [r7, #4]	@ movhi
 407:.\Generated_Source\PSoC5/CAN_1_INT.c **** 
 408:.\Generated_Source\PSoC5/CAN_1_INT.c ****         /* Clear Receive Message flag */
 409:.\Generated_Source\PSoC5/CAN_1_INT.c ****         CAN_1_INT_SR_REG.byte[1u] = CAN_1_RX_MESSAGE_MASK;
  77              		.loc 1 409 0
  78 000a 1B4B     		ldr	r3, .L12
  79 000c 1022     		movs	r2, #16
  80 000e 5A70     		strb	r2, [r3, #1]
 410:.\Generated_Source\PSoC5/CAN_1_INT.c **** 
 411:.\Generated_Source\PSoC5/CAN_1_INT.c ****         /* `#START MESSAGE_RECEIVE_ISR` */
 412:.\Generated_Source\PSoC5/CAN_1_INT.c **** 
 413:.\Generated_Source\PSoC5/CAN_1_INT.c ****         /* `#END` */
 414:.\Generated_Source\PSoC5/CAN_1_INT.c **** 
 415:.\Generated_Source\PSoC5/CAN_1_INT.c ****         #ifdef CAN_1_MSG_RX_ISR_CALLBACK
 416:.\Generated_Source\PSoC5/CAN_1_INT.c ****             CAN_1_MsgRXIsr_Callback();
 417:.\Generated_Source\PSoC5/CAN_1_INT.c ****         #endif /* CAN_1_MSG_RX_ISR_CALLBACK */
 418:.\Generated_Source\PSoC5/CAN_1_INT.c **** 
 419:.\Generated_Source\PSoC5/CAN_1_INT.c ****         for (mailboxNumber = 0u; mailboxNumber < CAN_1_NUMBER_OF_RX_MAILBOXES; mailboxNumber++)
  81              		.loc 1 419 0
  82 0010 0023     		movs	r3, #0
  83 0012 FB71     		strb	r3, [r7, #7]
  84 0014 29E0     		b	.L5
  85              	.L11:
 420:.\Generated_Source\PSoC5/CAN_1_INT.c ****         {
 421:.\Generated_Source\PSoC5/CAN_1_INT.c ****             if ((CY_GET_REG16((reg16 *) &CAN_1_BUF_SR_REG.byte[0u]) & shift) != 0u)
  86              		.loc 1 421 0
  87 0016 194B     		ldr	r3, .L12+4
  88 0018 1B88     		ldrh	r3, [r3]	@ movhi
  89 001a 9AB2     		uxth	r2, r3
  90 001c BB88     		ldrh	r3, [r7, #4]	@ movhi
  91 001e 1340     		ands	r3, r3, r2
  92 0020 9BB2     		uxth	r3, r3
ARM GAS  C:\Users\Lois\AppData\Local\Temp\ccZry6XQ.s 			page 10


  93 0022 002B     		cmp	r3, #0
  94 0024 1BD0     		beq	.L6
 422:.\Generated_Source\PSoC5/CAN_1_INT.c ****             {
 423:.\Generated_Source\PSoC5/CAN_1_INT.c ****                 if ((CAN_1_RX[mailboxNumber].rxcmd.byte[0u] & CAN_1_RX_INT_ENABLE_MASK) != 0u)
  95              		.loc 1 423 0
  96 0026 FB79     		ldrb	r3, [r7, #7]	@ zero_extendqisi2
  97 0028 5A01     		lsls	r2, r3, #5
  98 002a 154B     		ldr	r3, .L12+8
  99 002c 1344     		add	r3, r3, r2
 100 002e 1B78     		ldrb	r3, [r3]
 101 0030 DBB2     		uxtb	r3, r3
 102 0032 03F02003 		and	r3, r3, #32
 103 0036 002B     		cmp	r3, #0
 104 0038 11D0     		beq	.L6
 424:.\Generated_Source\PSoC5/CAN_1_INT.c ****                 {
 425:.\Generated_Source\PSoC5/CAN_1_INT.c ****                     if ((CAN_1_RX_MAILBOX_TYPE & shift) != 0u)
 105              		.loc 1 425 0
 106 003a BB88     		ldrh	r3, [r7, #4]	@ movhi
 107 003c 03F00103 		and	r3, r3, #1
 108 0040 9BB2     		uxth	r3, r3
 109 0042 002B     		cmp	r3, #0
 110 0044 07D0     		beq	.L7
 426:.\Generated_Source\PSoC5/CAN_1_INT.c ****                     {
 427:.\Generated_Source\PSoC5/CAN_1_INT.c ****                         /* RX Full mailboxes handler */
 428:.\Generated_Source\PSoC5/CAN_1_INT.c ****                         switch(mailboxNumber)
 111              		.loc 1 428 0
 112 0046 FB79     		ldrb	r3, [r7, #7]	@ zero_extendqisi2
 113 0048 002B     		cmp	r3, #0
 114 004a 00D0     		beq	.L9
 429:.\Generated_Source\PSoC5/CAN_1_INT.c ****                         {
 430:.\Generated_Source\PSoC5/CAN_1_INT.c ****                             case 0u : CAN_1_ReceiveMsg0();
 431:.\Generated_Source\PSoC5/CAN_1_INT.c ****                             break;
 432:.\Generated_Source\PSoC5/CAN_1_INT.c ****                             default:
 433:.\Generated_Source\PSoC5/CAN_1_INT.c ****                             break;
 115              		.loc 1 433 0
 116 004c 02E0     		b	.L10
 117              	.L9:
 430:.\Generated_Source\PSoC5/CAN_1_INT.c ****                             break;
 118              		.loc 1 430 0
 119 004e FFF7FEFF 		bl	CAN_1_ReceiveMsg0
 431:.\Generated_Source\PSoC5/CAN_1_INT.c ****                             default:
 120              		.loc 1 431 0
 121 0052 00BF     		nop
 122              	.L10:
 123 0054 03E0     		b	.L6
 124              	.L7:
 434:.\Generated_Source\PSoC5/CAN_1_INT.c ****                         }
 435:.\Generated_Source\PSoC5/CAN_1_INT.c ****                     }
 436:.\Generated_Source\PSoC5/CAN_1_INT.c ****                     else
 437:.\Generated_Source\PSoC5/CAN_1_INT.c ****                     {
 438:.\Generated_Source\PSoC5/CAN_1_INT.c ****                         /* RX Basic mailbox handler */
 439:.\Generated_Source\PSoC5/CAN_1_INT.c ****                         CAN_1_ReceiveMsg(mailboxNumber);
 125              		.loc 1 439 0
 126 0056 FB79     		ldrb	r3, [r7, #7]	@ zero_extendqisi2
 127 0058 1846     		mov	r0, r3
 128 005a FFF7FEFF 		bl	CAN_1_ReceiveMsg
 129              	.L6:
ARM GAS  C:\Users\Lois\AppData\Local\Temp\ccZry6XQ.s 			page 11


 440:.\Generated_Source\PSoC5/CAN_1_INT.c ****                     }
 441:.\Generated_Source\PSoC5/CAN_1_INT.c ****                 }
 442:.\Generated_Source\PSoC5/CAN_1_INT.c ****             }
 443:.\Generated_Source\PSoC5/CAN_1_INT.c ****             shift <<= 1u;
 130              		.loc 1 443 0 discriminator 2
 131 005e BB88     		ldrh	r3, [r7, #4]	@ movhi
 132 0060 5B00     		lsls	r3, r3, #1
 133 0062 BB80     		strh	r3, [r7, #4]	@ movhi
 419:.\Generated_Source\PSoC5/CAN_1_INT.c ****         {
 134              		.loc 1 419 0 discriminator 2
 135 0064 FB79     		ldrb	r3, [r7, #7]	@ zero_extendqisi2
 136 0066 0133     		adds	r3, r3, #1
 137 0068 FB71     		strb	r3, [r7, #7]
 138              	.L5:
 419:.\Generated_Source\PSoC5/CAN_1_INT.c ****         {
 139              		.loc 1 419 0 is_stmt 0 discriminator 1
 140 006a FB79     		ldrb	r3, [r7, #7]	@ zero_extendqisi2
 141 006c 0F2B     		cmp	r3, #15
 142 006e D2D9     		bls	.L11
 444:.\Generated_Source\PSoC5/CAN_1_INT.c ****         }
 445:.\Generated_Source\PSoC5/CAN_1_INT.c ****     }
 143              		.loc 1 445 0 is_stmt 1
 144 0070 0837     		adds	r7, r7, #8
 145              		.cfi_def_cfa_offset 8
 146 0072 BD46     		mov	sp, r7
 147              		.cfi_def_cfa_register 13
 148              		@ sp needed
 149 0074 80BD     		pop	{r7, pc}
 150              	.L13:
 151 0076 00BF     		.align	2
 152              	.L12:
 153 0078 00A00040 		.word	1073782784
 154 007c 08A00040 		.word	1073782792
 155 0080 A0A00040 		.word	1073782944
 156              		.cfi_endproc
 157              	.LFE1:
 158              		.size	CAN_1_MsgRXIsr, .-CAN_1_MsgRXIsr
 159              		.section	.text.CAN_1_ISR,"ax",%progbits
 160              		.align	2
 161              		.global	CAN_1_ISR
 162              		.thumb
 163              		.thumb_func
 164              		.type	CAN_1_ISR, %function
 165              	CAN_1_ISR:
 166              	.LFB2:
 446:.\Generated_Source\PSoC5/CAN_1_INT.c **** #endif /* CAN_1_RX_MESSAGE */
 447:.\Generated_Source\PSoC5/CAN_1_INT.c **** 
 448:.\Generated_Source\PSoC5/CAN_1_INT.c **** 
 449:.\Generated_Source\PSoC5/CAN_1_INT.c **** /*******************************************************************************
 450:.\Generated_Source\PSoC5/CAN_1_INT.c **** * Function Name: CAN_1_ISR
 451:.\Generated_Source\PSoC5/CAN_1_INT.c **** ********************************************************************************
 452:.\Generated_Source\PSoC5/CAN_1_INT.c **** *
 453:.\Generated_Source\PSoC5/CAN_1_INT.c **** * Summary:
 454:.\Generated_Source\PSoC5/CAN_1_INT.c **** *  This ISR is executed when CAN Core generates and interrupt on one of events:
 455:.\Generated_Source\PSoC5/CAN_1_INT.c **** *  Arb_lost, Overload, Bit_err, Stuff_err, Ack_err, Form_err, Crc_err,
 456:.\Generated_Source\PSoC5/CAN_1_INT.c **** *  Buss_off, Rx_msg_lost, Tx_msg or Rx_msg. The interrupt sources depends
 457:.\Generated_Source\PSoC5/CAN_1_INT.c **** *  on the Customizer inputs.
ARM GAS  C:\Users\Lois\AppData\Local\Temp\ccZry6XQ.s 			page 12


 458:.\Generated_Source\PSoC5/CAN_1_INT.c **** *
 459:.\Generated_Source\PSoC5/CAN_1_INT.c **** * Parameters:
 460:.\Generated_Source\PSoC5/CAN_1_INT.c **** *  None.
 461:.\Generated_Source\PSoC5/CAN_1_INT.c **** *
 462:.\Generated_Source\PSoC5/CAN_1_INT.c **** * Return:
 463:.\Generated_Source\PSoC5/CAN_1_INT.c **** *  None.
 464:.\Generated_Source\PSoC5/CAN_1_INT.c **** *
 465:.\Generated_Source\PSoC5/CAN_1_INT.c **** *******************************************************************************/
 466:.\Generated_Source\PSoC5/CAN_1_INT.c **** CY_ISR(CAN_1_ISR)
 467:.\Generated_Source\PSoC5/CAN_1_INT.c **** {
 167              		.loc 1 467 0
 168              		.cfi_startproc
 169              		@ args = 0, pretend = 0, frame = 0
 170              		@ frame_needed = 1, uses_anonymous_args = 0
 171 0000 80B5     		push	{r7, lr}
 172              		.cfi_def_cfa_offset 8
 173              		.cfi_offset 7, -8
 174              		.cfi_offset 14, -4
 175 0002 00AF     		add	r7, sp, #0
 176              		.cfi_def_cfa_register 7
 468:.\Generated_Source\PSoC5/CAN_1_INT.c ****     #ifdef CAN_1_ISR_INTERRUPT_CALLBACK
 469:.\Generated_Source\PSoC5/CAN_1_INT.c ****         CAN_1_ISR_InterruptCallback();
 470:.\Generated_Source\PSoC5/CAN_1_INT.c ****     #endif /* CAN_1_ISR_INTERRUPT_CALLBACK */
 471:.\Generated_Source\PSoC5/CAN_1_INT.c ****     
 472:.\Generated_Source\PSoC5/CAN_1_INT.c ****     /* Place your Interrupt code here. */
 473:.\Generated_Source\PSoC5/CAN_1_INT.c ****     /* `#START CAN_ISR` */
 474:.\Generated_Source\PSoC5/CAN_1_INT.c **** 
 475:.\Generated_Source\PSoC5/CAN_1_INT.c ****     /* `#END` */
 476:.\Generated_Source\PSoC5/CAN_1_INT.c ****     
 477:.\Generated_Source\PSoC5/CAN_1_INT.c ****     /* Arbitration */
 478:.\Generated_Source\PSoC5/CAN_1_INT.c ****     #if (CAN_1_ARB_LOST && (CAN_1_ARB_LOST_USE_HELPER || \
 479:.\Generated_Source\PSoC5/CAN_1_INT.c ****         (!CAN_1_ADVANCED_INTERRUPT_CFG)))
 480:.\Generated_Source\PSoC5/CAN_1_INT.c ****         if ((CAN_1_INT_SR_REG.byte[0u] & CAN_1_ARBITRATION_LOST_MASK) != 0u)
 481:.\Generated_Source\PSoC5/CAN_1_INT.c ****         {
 482:.\Generated_Source\PSoC5/CAN_1_INT.c ****             CAN_1_ArbLostIsr();
 483:.\Generated_Source\PSoC5/CAN_1_INT.c ****         }
 484:.\Generated_Source\PSoC5/CAN_1_INT.c ****     #endif /* CAN_1_ARB_LOST && CAN_1_ARB_LOST_USE_HELPER */
 485:.\Generated_Source\PSoC5/CAN_1_INT.c **** 
 486:.\Generated_Source\PSoC5/CAN_1_INT.c ****     /* Overload Error */
 487:.\Generated_Source\PSoC5/CAN_1_INT.c ****     #if (CAN_1_OVERLOAD && (CAN_1_OVERLOAD_USE_HELPER || \
 488:.\Generated_Source\PSoC5/CAN_1_INT.c ****         (!CAN_1_ADVANCED_INTERRUPT_CFG)))
 489:.\Generated_Source\PSoC5/CAN_1_INT.c ****         if ((CAN_1_INT_SR_REG.byte[0u] & CAN_1_OVERLOAD_ERROR_MASK) != 0u)
 490:.\Generated_Source\PSoC5/CAN_1_INT.c ****         {
 491:.\Generated_Source\PSoC5/CAN_1_INT.c ****             CAN_1_OvrLdErrorIsr();
 492:.\Generated_Source\PSoC5/CAN_1_INT.c ****         }
 493:.\Generated_Source\PSoC5/CAN_1_INT.c ****     #endif /* CAN_1_OVERLOAD && CAN_1_OVERLOAD_USE_HELPER */
 494:.\Generated_Source\PSoC5/CAN_1_INT.c **** 
 495:.\Generated_Source\PSoC5/CAN_1_INT.c ****     /* Bit Error */
 496:.\Generated_Source\PSoC5/CAN_1_INT.c ****     #if (CAN_1_BIT_ERR && (CAN_1_BIT_ERR_USE_HELPER || \
 497:.\Generated_Source\PSoC5/CAN_1_INT.c ****         (!CAN_1_ADVANCED_INTERRUPT_CFG)))
 498:.\Generated_Source\PSoC5/CAN_1_INT.c ****         if ((CAN_1_INT_SR_REG.byte[0u] & CAN_1_BIT_ERROR_MASK) != 0u)
 499:.\Generated_Source\PSoC5/CAN_1_INT.c ****         {
 500:.\Generated_Source\PSoC5/CAN_1_INT.c ****             CAN_1_BitErrorIsr();
 501:.\Generated_Source\PSoC5/CAN_1_INT.c ****         }
 502:.\Generated_Source\PSoC5/CAN_1_INT.c ****     #endif /* CAN_1_BIT_ERR && CAN_1_BIT_ERR_USE_HELPER */
 503:.\Generated_Source\PSoC5/CAN_1_INT.c **** 
 504:.\Generated_Source\PSoC5/CAN_1_INT.c ****     /* Bit Staff Error */
ARM GAS  C:\Users\Lois\AppData\Local\Temp\ccZry6XQ.s 			page 13


 505:.\Generated_Source\PSoC5/CAN_1_INT.c ****     #if (CAN_1_STUFF_ERR && (CAN_1_STUFF_ERR_USE_HELPER || \
 506:.\Generated_Source\PSoC5/CAN_1_INT.c ****         (!CAN_1_ADVANCED_INTERRUPT_CFG)))
 507:.\Generated_Source\PSoC5/CAN_1_INT.c ****         if ((CAN_1_INT_SR_REG.byte[0u] & CAN_1_STUFF_ERROR_MASK) != 0u)
 508:.\Generated_Source\PSoC5/CAN_1_INT.c ****         {
 509:.\Generated_Source\PSoC5/CAN_1_INT.c ****             CAN_1_BitStuffErrorIsr();
 510:.\Generated_Source\PSoC5/CAN_1_INT.c ****         }
 511:.\Generated_Source\PSoC5/CAN_1_INT.c ****     #endif /* CAN_1_STUFF_ERR && CAN_1_STUFF_ERR_USE_HELPER */
 512:.\Generated_Source\PSoC5/CAN_1_INT.c **** 
 513:.\Generated_Source\PSoC5/CAN_1_INT.c ****     /* ACK Error */
 514:.\Generated_Source\PSoC5/CAN_1_INT.c ****     #if (CAN_1_ACK_ERR && (CAN_1_ACK_ERR_USE_HELPER || \
 515:.\Generated_Source\PSoC5/CAN_1_INT.c ****         (!CAN_1_ADVANCED_INTERRUPT_CFG)))
 516:.\Generated_Source\PSoC5/CAN_1_INT.c ****         if ((CAN_1_INT_SR_REG.byte[0u] & CAN_1_ACK_ERROR_MASK) != 0u)
 517:.\Generated_Source\PSoC5/CAN_1_INT.c ****         {
 518:.\Generated_Source\PSoC5/CAN_1_INT.c ****             CAN_1_AckErrorIsr();
 519:.\Generated_Source\PSoC5/CAN_1_INT.c ****         }
 520:.\Generated_Source\PSoC5/CAN_1_INT.c ****     #endif /* CAN_1_ACK_ERR && CAN_1_ACK_ERR_USE_HELPER */
 521:.\Generated_Source\PSoC5/CAN_1_INT.c **** 
 522:.\Generated_Source\PSoC5/CAN_1_INT.c ****     /* Form(msg) Error */
 523:.\Generated_Source\PSoC5/CAN_1_INT.c ****     #if (CAN_1_FORM_ERR && (CAN_1_FORM_ERR_USE_HELPER || \
 524:.\Generated_Source\PSoC5/CAN_1_INT.c ****         (!CAN_1_ADVANCED_INTERRUPT_CFG)))
 525:.\Generated_Source\PSoC5/CAN_1_INT.c ****         if ((CAN_1_INT_SR_REG.byte[0u] & CAN_1_FORM_ERROR_MASK) != 0u)
 526:.\Generated_Source\PSoC5/CAN_1_INT.c ****         {
 527:.\Generated_Source\PSoC5/CAN_1_INT.c ****             CAN_1_MsgErrorIsr();
 528:.\Generated_Source\PSoC5/CAN_1_INT.c ****         }
 529:.\Generated_Source\PSoC5/CAN_1_INT.c ****     #endif /* CAN_1_FORM_ERR && CAN_1_FORM_ERR_USE_HELPER */
 530:.\Generated_Source\PSoC5/CAN_1_INT.c **** 
 531:.\Generated_Source\PSoC5/CAN_1_INT.c ****     /* CRC Error */
 532:.\Generated_Source\PSoC5/CAN_1_INT.c ****     #if (CAN_1_CRC_ERR && (CAN_1_CRC_ERR_USE_HELPER || \
 533:.\Generated_Source\PSoC5/CAN_1_INT.c ****         (!CAN_1_ADVANCED_INTERRUPT_CFG)))
 534:.\Generated_Source\PSoC5/CAN_1_INT.c ****         if ((CAN_1_INT_SR_REG.byte[1u] & CAN_1_CRC_ERROR_MASK) != 0u)
 535:.\Generated_Source\PSoC5/CAN_1_INT.c ****         {
 536:.\Generated_Source\PSoC5/CAN_1_INT.c ****             CAN_1_CrcErrorIsr();
 537:.\Generated_Source\PSoC5/CAN_1_INT.c ****         }
 538:.\Generated_Source\PSoC5/CAN_1_INT.c ****     #endif /* CAN_1_CRC_ERR && CAN_1_CRC_ERR_USE_HELPER */
 539:.\Generated_Source\PSoC5/CAN_1_INT.c **** 
 540:.\Generated_Source\PSoC5/CAN_1_INT.c ****     /* Bus Off state */
 541:.\Generated_Source\PSoC5/CAN_1_INT.c ****     #if (CAN_1_BUS_OFF && (CAN_1_BUS_OFF_USE_HELPER || \
 542:.\Generated_Source\PSoC5/CAN_1_INT.c ****         (!CAN_1_ADVANCED_INTERRUPT_CFG)))
 543:.\Generated_Source\PSoC5/CAN_1_INT.c ****         if ((CAN_1_INT_SR_REG.byte[1u] & CAN_1_BUS_OFF_MASK) != 0u)
 177              		.loc 1 543 0
 178 0004 094B     		ldr	r3, .L17
 179 0006 5B78     		ldrb	r3, [r3, #1]
 180 0008 DBB2     		uxtb	r3, r3
 181 000a 03F00203 		and	r3, r3, #2
 182 000e 002B     		cmp	r3, #0
 183 0010 01D0     		beq	.L15
 544:.\Generated_Source\PSoC5/CAN_1_INT.c ****         {
 545:.\Generated_Source\PSoC5/CAN_1_INT.c ****             CAN_1_BusOffIsr();
 184              		.loc 1 545 0
 185 0012 FFF7FEFF 		bl	CAN_1_BusOffIsr
 186              	.L15:
 546:.\Generated_Source\PSoC5/CAN_1_INT.c ****         }
 547:.\Generated_Source\PSoC5/CAN_1_INT.c ****     #endif /* CAN_1_BUS_OFF && CAN_1_BUS_OFF_USE_HELPER */
 548:.\Generated_Source\PSoC5/CAN_1_INT.c **** 
 549:.\Generated_Source\PSoC5/CAN_1_INT.c ****     /* Message Lost */
 550:.\Generated_Source\PSoC5/CAN_1_INT.c ****     #if (CAN_1_RX_MSG_LOST && (CAN_1_RX_MSG_LOST_USE_HELPER || \
 551:.\Generated_Source\PSoC5/CAN_1_INT.c ****         (!CAN_1_ADVANCED_INTERRUPT_CFG)))
ARM GAS  C:\Users\Lois\AppData\Local\Temp\ccZry6XQ.s 			page 14


 552:.\Generated_Source\PSoC5/CAN_1_INT.c ****         if ((CAN_1_INT_SR_REG.byte[1u] & CAN_1_RX_MSG_LOST_MASK) != 0u)
 553:.\Generated_Source\PSoC5/CAN_1_INT.c ****         {
 554:.\Generated_Source\PSoC5/CAN_1_INT.c ****             CAN_1_MsgLostIsr();
 555:.\Generated_Source\PSoC5/CAN_1_INT.c ****         }
 556:.\Generated_Source\PSoC5/CAN_1_INT.c ****     #endif /* CAN_1_RX_MSG_LOST && CAN_1_RX_MSG_LOST_USE_HELPER */
 557:.\Generated_Source\PSoC5/CAN_1_INT.c **** 
 558:.\Generated_Source\PSoC5/CAN_1_INT.c ****     /* TX Message Send */
 559:.\Generated_Source\PSoC5/CAN_1_INT.c ****     #if (CAN_1_TX_MESSAGE && (CAN_1_TX_MESSAGE_USE_HELPER || \
 560:.\Generated_Source\PSoC5/CAN_1_INT.c ****         (!CAN_1_ADVANCED_INTERRUPT_CFG)))
 561:.\Generated_Source\PSoC5/CAN_1_INT.c ****         if ((CAN_1_INT_SR_REG.byte[1u] & CAN_1_TX_MESSAGE_MASK) != 0u)
 562:.\Generated_Source\PSoC5/CAN_1_INT.c ****         {
 563:.\Generated_Source\PSoC5/CAN_1_INT.c ****             CAN_1_MsgTXIsr();
 564:.\Generated_Source\PSoC5/CAN_1_INT.c ****         }
 565:.\Generated_Source\PSoC5/CAN_1_INT.c ****     #endif /* CAN_1_TX_MESSAGE && CAN_1_TX_MESSAGE_USE_HELPER */
 566:.\Generated_Source\PSoC5/CAN_1_INT.c **** 
 567:.\Generated_Source\PSoC5/CAN_1_INT.c ****     /* RX Message Available */
 568:.\Generated_Source\PSoC5/CAN_1_INT.c ****     #if (CAN_1_RX_MESSAGE && (CAN_1_RX_MESSAGE_USE_HELPER || \
 569:.\Generated_Source\PSoC5/CAN_1_INT.c ****         (!CAN_1_ADVANCED_INTERRUPT_CFG)))
 570:.\Generated_Source\PSoC5/CAN_1_INT.c ****         if ((CAN_1_INT_SR_REG.byte[1u] & CAN_1_RX_MESSAGE_MASK) != 0u)
 187              		.loc 1 570 0
 188 0016 054B     		ldr	r3, .L17
 189 0018 5B78     		ldrb	r3, [r3, #1]
 190 001a DBB2     		uxtb	r3, r3
 191 001c 03F01003 		and	r3, r3, #16
 192 0020 002B     		cmp	r3, #0
 193 0022 01D0     		beq	.L14
 571:.\Generated_Source\PSoC5/CAN_1_INT.c ****         {
 572:.\Generated_Source\PSoC5/CAN_1_INT.c ****             CAN_1_MsgRXIsr();
 194              		.loc 1 572 0
 195 0024 FFF7FEFF 		bl	CAN_1_MsgRXIsr
 196              	.L14:
 573:.\Generated_Source\PSoC5/CAN_1_INT.c ****         }
 574:.\Generated_Source\PSoC5/CAN_1_INT.c ****     #endif /* CAN_1_RX_MESSAGE && CAN_1_RX_MESSAGE_USE_HELPER */
 575:.\Generated_Source\PSoC5/CAN_1_INT.c **** }
 197              		.loc 1 575 0
 198 0028 80BD     		pop	{r7, pc}
 199              	.L18:
 200 002a 00BF     		.align	2
 201              	.L17:
 202 002c 00A00040 		.word	1073782784
 203              		.cfi_endproc
 204              	.LFE2:
 205              		.size	CAN_1_ISR, .-CAN_1_ISR
 206              		.text
 207              	.Letext0:
 208              		.file 2 ".\\Generated_Source\\PSoC5\\cytypes.h"
 209              		.file 3 ".\\Generated_Source\\PSoC5\\CAN_1.h"
 210              		.section	.debug_info,"",%progbits
 211              	.Ldebug_info0:
 212 0000 E7010000 		.4byte	0x1e7
 213 0004 0400     		.2byte	0x4
 214 0006 00000000 		.4byte	.Ldebug_abbrev0
 215 000a 04       		.byte	0x4
 216 000b 01       		.uleb128 0x1
 217 000c D6000000 		.4byte	.LASF32
 218 0010 01       		.byte	0x1
 219 0011 6B010000 		.4byte	.LASF33
ARM GAS  C:\Users\Lois\AppData\Local\Temp\ccZry6XQ.s 			page 15


 220 0015 53000000 		.4byte	.LASF34
 221 0019 00000000 		.4byte	.Ldebug_ranges0+0
 222 001d 00000000 		.4byte	0
 223 0021 00000000 		.4byte	.Ldebug_line0
 224 0025 02       		.uleb128 0x2
 225 0026 01       		.byte	0x1
 226 0027 06       		.byte	0x6
 227 0028 28020000 		.4byte	.LASF0
 228 002c 02       		.uleb128 0x2
 229 002d 01       		.byte	0x1
 230 002e 08       		.byte	0x8
 231 002f 9B000000 		.4byte	.LASF1
 232 0033 02       		.uleb128 0x2
 233 0034 02       		.byte	0x2
 234 0035 05       		.byte	0x5
 235 0036 FA010000 		.4byte	.LASF2
 236 003a 02       		.uleb128 0x2
 237 003b 02       		.byte	0x2
 238 003c 07       		.byte	0x7
 239 003d 2D000000 		.4byte	.LASF3
 240 0041 02       		.uleb128 0x2
 241 0042 04       		.byte	0x4
 242 0043 05       		.byte	0x5
 243 0044 19020000 		.4byte	.LASF4
 244 0048 02       		.uleb128 0x2
 245 0049 04       		.byte	0x4
 246 004a 07       		.byte	0x7
 247 004b BE000000 		.4byte	.LASF5
 248 004f 02       		.uleb128 0x2
 249 0050 08       		.byte	0x8
 250 0051 05       		.byte	0x5
 251 0052 E7010000 		.4byte	.LASF6
 252 0056 02       		.uleb128 0x2
 253 0057 08       		.byte	0x8
 254 0058 07       		.byte	0x7
 255 0059 B5010000 		.4byte	.LASF7
 256 005d 03       		.uleb128 0x3
 257 005e 04       		.byte	0x4
 258 005f 05       		.byte	0x5
 259 0060 696E7400 		.ascii	"int\000"
 260 0064 02       		.uleb128 0x2
 261 0065 04       		.byte	0x4
 262 0066 07       		.byte	0x7
 263 0067 A8010000 		.4byte	.LASF8
 264 006b 04       		.uleb128 0x4
 265 006c D0000000 		.4byte	.LASF9
 266 0070 02       		.byte	0x2
 267 0071 A1       		.byte	0xa1
 268 0072 2C000000 		.4byte	0x2c
 269 0076 04       		.uleb128 0x4
 270 0077 90010000 		.4byte	.LASF10
 271 007b 02       		.byte	0x2
 272 007c A2       		.byte	0xa2
 273 007d 3A000000 		.4byte	0x3a
 274 0081 02       		.uleb128 0x2
 275 0082 04       		.byte	0x4
 276 0083 04       		.byte	0x4
ARM GAS  C:\Users\Lois\AppData\Local\Temp\ccZry6XQ.s 			page 16


 277 0084 22020000 		.4byte	.LASF11
 278 0088 02       		.uleb128 0x2
 279 0089 08       		.byte	0x8
 280 008a 04       		.byte	0x4
 281 008b 64010000 		.4byte	.LASF12
 282 008f 02       		.uleb128 0x2
 283 0090 01       		.byte	0x1
 284 0091 08       		.byte	0x8
 285 0092 F5010000 		.4byte	.LASF13
 286 0096 05       		.uleb128 0x5
 287 0097 D2010000 		.4byte	.LASF14
 288 009b 02       		.byte	0x2
 289 009c 4B01     		.2byte	0x14b
 290 009e A2000000 		.4byte	0xa2
 291 00a2 06       		.uleb128 0x6
 292 00a3 6B000000 		.4byte	0x6b
 293 00a7 05       		.uleb128 0x5
 294 00a8 00000000 		.4byte	.LASF15
 295 00ac 02       		.byte	0x2
 296 00ad 4C01     		.2byte	0x14c
 297 00af B3000000 		.4byte	0xb3
 298 00b3 06       		.uleb128 0x6
 299 00b4 76000000 		.4byte	0x76
 300 00b8 02       		.uleb128 0x2
 301 00b9 04       		.byte	0x4
 302 00ba 07       		.byte	0x7
 303 00bb D7010000 		.4byte	.LASF16
 304 00bf 07       		.uleb128 0x7
 305 00c0 08       		.byte	0x8
 306 00c1 03       		.byte	0x3
 307 00c2 75       		.byte	0x75
 308 00c3 D4000000 		.4byte	0xd4
 309 00c7 08       		.uleb128 0x8
 310 00c8 40000000 		.4byte	.LASF18
 311 00cc 03       		.byte	0x3
 312 00cd 77       		.byte	0x77
 313 00ce E4000000 		.4byte	0xe4
 314 00d2 00       		.byte	0
 315 00d3 00       		.byte	0
 316 00d4 09       		.uleb128 0x9
 317 00d5 96000000 		.4byte	0x96
 318 00d9 E4000000 		.4byte	0xe4
 319 00dd 0A       		.uleb128 0xa
 320 00de B8000000 		.4byte	0xb8
 321 00e2 07       		.byte	0x7
 322 00e3 00       		.byte	0
 323 00e4 06       		.uleb128 0x6
 324 00e5 D4000000 		.4byte	0xd4
 325 00e9 04       		.uleb128 0x4
 326 00ea 97010000 		.4byte	.LASF17
 327 00ee 03       		.byte	0x3
 328 00ef 78       		.byte	0x78
 329 00f0 BF000000 		.4byte	0xbf
 330 00f4 07       		.uleb128 0x7
 331 00f5 04       		.byte	0x4
 332 00f6 03       		.byte	0x3
 333 00f7 7B       		.byte	0x7b
ARM GAS  C:\Users\Lois\AppData\Local\Temp\ccZry6XQ.s 			page 17


 334 00f8 09010000 		.4byte	0x109
 335 00fc 08       		.uleb128 0x8
 336 00fd 40000000 		.4byte	.LASF18
 337 0101 03       		.byte	0x3
 338 0102 7D       		.byte	0x7d
 339 0103 19010000 		.4byte	0x119
 340 0107 00       		.byte	0
 341 0108 00       		.byte	0
 342 0109 09       		.uleb128 0x9
 343 010a 96000000 		.4byte	0x96
 344 010e 19010000 		.4byte	0x119
 345 0112 0A       		.uleb128 0xa
 346 0113 B8000000 		.4byte	0xb8
 347 0117 03       		.byte	0x3
 348 0118 00       		.byte	0
 349 0119 06       		.uleb128 0x6
 350 011a 09010000 		.4byte	0x109
 351 011e 04       		.uleb128 0x4
 352 011f 06000000 		.4byte	.LASF19
 353 0123 03       		.byte	0x3
 354 0124 7E       		.byte	0x7e
 355 0125 F4000000 		.4byte	0xf4
 356 0129 07       		.uleb128 0x7
 357 012a 20       		.byte	0x20
 358 012b 03       		.byte	0x3
 359 012c A0       		.byte	0xa0
 360 012d 86010000 		.4byte	0x186
 361 0131 08       		.uleb128 0x8
 362 0132 CC010000 		.4byte	.LASF20
 363 0136 03       		.byte	0x3
 364 0137 A2       		.byte	0xa2
 365 0138 1E010000 		.4byte	0x11e
 366 013c 00       		.byte	0
 367 013d 08       		.uleb128 0x8
 368 013e A9000000 		.4byte	.LASF21
 369 0142 03       		.byte	0x3
 370 0143 A3       		.byte	0xa3
 371 0144 1E010000 		.4byte	0x11e
 372 0148 04       		.byte	0x4
 373 0149 08       		.uleb128 0x8
 374 014a 45000000 		.4byte	.LASF22
 375 014e 03       		.byte	0x3
 376 014f A4       		.byte	0xa4
 377 0150 E9000000 		.4byte	0xe9
 378 0154 08       		.byte	0x8
 379 0155 08       		.uleb128 0x8
 380 0156 19000000 		.4byte	.LASF23
 381 015a 03       		.byte	0x3
 382 015b A5       		.byte	0xa5
 383 015c 1E010000 		.4byte	0x11e
 384 0160 10       		.byte	0x10
 385 0161 08       		.uleb128 0x8
 386 0162 04020000 		.4byte	.LASF24
 387 0166 03       		.byte	0x3
 388 0167 A6       		.byte	0xa6
 389 0168 1E010000 		.4byte	0x11e
 390 016c 14       		.byte	0x14
ARM GAS  C:\Users\Lois\AppData\Local\Temp\ccZry6XQ.s 			page 18


 391 016d 08       		.uleb128 0x8
 392 016e E0010000 		.4byte	.LASF25
 393 0172 03       		.byte	0x3
 394 0173 A7       		.byte	0xa7
 395 0174 1E010000 		.4byte	0x11e
 396 0178 18       		.byte	0x18
 397 0179 08       		.uleb128 0x8
 398 017a 4C000000 		.4byte	.LASF26
 399 017e 03       		.byte	0x3
 400 017f A8       		.byte	0xa8
 401 0180 1E010000 		.4byte	0x11e
 402 0184 1C       		.byte	0x1c
 403 0185 00       		.byte	0
 404 0186 04       		.uleb128 0x4
 405 0187 AE000000 		.4byte	.LASF27
 406 018b 03       		.byte	0x3
 407 018c A9       		.byte	0xa9
 408 018d 29010000 		.4byte	0x129
 409 0191 0B       		.uleb128 0xb
 410 0192 8B000000 		.4byte	.LASF30
 411 0196 01       		.byte	0x1
 412 0197 2701     		.2byte	0x127
 413 0199 00000000 		.4byte	.LFB0
 414 019d 18000000 		.4byte	.LFE0-.LFB0
 415 01a1 01       		.uleb128 0x1
 416 01a2 9C       		.byte	0x9c
 417 01a3 0C       		.uleb128 0xc
 418 01a4 0A020000 		.4byte	.LASF35
 419 01a8 01       		.byte	0x1
 420 01a9 9301     		.2byte	0x193
 421 01ab 00000000 		.4byte	.LFB1
 422 01af 84000000 		.4byte	.LFE1-.LFB1
 423 01b3 01       		.uleb128 0x1
 424 01b4 9C       		.byte	0x9c
 425 01b5 D8010000 		.4byte	0x1d8
 426 01b9 0D       		.uleb128 0xd
 427 01ba 1F000000 		.4byte	.LASF28
 428 01be 01       		.byte	0x1
 429 01bf 9501     		.2byte	0x195
 430 01c1 6B000000 		.4byte	0x6b
 431 01c5 02       		.uleb128 0x2
 432 01c6 91       		.byte	0x91
 433 01c7 77       		.sleb128 -9
 434 01c8 0D       		.uleb128 0xd
 435 01c9 13000000 		.4byte	.LASF29
 436 01cd 01       		.byte	0x1
 437 01ce 9601     		.2byte	0x196
 438 01d0 76000000 		.4byte	0x76
 439 01d4 02       		.uleb128 0x2
 440 01d5 91       		.byte	0x91
 441 01d6 74       		.sleb128 -12
 442 01d7 00       		.byte	0
 443 01d8 0B       		.uleb128 0xb
 444 01d9 81000000 		.4byte	.LASF31
 445 01dd 01       		.byte	0x1
 446 01de D201     		.2byte	0x1d2
 447 01e0 00000000 		.4byte	.LFB2
ARM GAS  C:\Users\Lois\AppData\Local\Temp\ccZry6XQ.s 			page 19


 448 01e4 30000000 		.4byte	.LFE2-.LFB2
 449 01e8 01       		.uleb128 0x1
 450 01e9 9C       		.byte	0x9c
 451 01ea 00       		.byte	0
 452              		.section	.debug_abbrev,"",%progbits
 453              	.Ldebug_abbrev0:
 454 0000 01       		.uleb128 0x1
 455 0001 11       		.uleb128 0x11
 456 0002 01       		.byte	0x1
 457 0003 25       		.uleb128 0x25
 458 0004 0E       		.uleb128 0xe
 459 0005 13       		.uleb128 0x13
 460 0006 0B       		.uleb128 0xb
 461 0007 03       		.uleb128 0x3
 462 0008 0E       		.uleb128 0xe
 463 0009 1B       		.uleb128 0x1b
 464 000a 0E       		.uleb128 0xe
 465 000b 55       		.uleb128 0x55
 466 000c 17       		.uleb128 0x17
 467 000d 11       		.uleb128 0x11
 468 000e 01       		.uleb128 0x1
 469 000f 10       		.uleb128 0x10
 470 0010 17       		.uleb128 0x17
 471 0011 00       		.byte	0
 472 0012 00       		.byte	0
 473 0013 02       		.uleb128 0x2
 474 0014 24       		.uleb128 0x24
 475 0015 00       		.byte	0
 476 0016 0B       		.uleb128 0xb
 477 0017 0B       		.uleb128 0xb
 478 0018 3E       		.uleb128 0x3e
 479 0019 0B       		.uleb128 0xb
 480 001a 03       		.uleb128 0x3
 481 001b 0E       		.uleb128 0xe
 482 001c 00       		.byte	0
 483 001d 00       		.byte	0
 484 001e 03       		.uleb128 0x3
 485 001f 24       		.uleb128 0x24
 486 0020 00       		.byte	0
 487 0021 0B       		.uleb128 0xb
 488 0022 0B       		.uleb128 0xb
 489 0023 3E       		.uleb128 0x3e
 490 0024 0B       		.uleb128 0xb
 491 0025 03       		.uleb128 0x3
 492 0026 08       		.uleb128 0x8
 493 0027 00       		.byte	0
 494 0028 00       		.byte	0
 495 0029 04       		.uleb128 0x4
 496 002a 16       		.uleb128 0x16
 497 002b 00       		.byte	0
 498 002c 03       		.uleb128 0x3
 499 002d 0E       		.uleb128 0xe
 500 002e 3A       		.uleb128 0x3a
 501 002f 0B       		.uleb128 0xb
 502 0030 3B       		.uleb128 0x3b
 503 0031 0B       		.uleb128 0xb
 504 0032 49       		.uleb128 0x49
ARM GAS  C:\Users\Lois\AppData\Local\Temp\ccZry6XQ.s 			page 20


 505 0033 13       		.uleb128 0x13
 506 0034 00       		.byte	0
 507 0035 00       		.byte	0
 508 0036 05       		.uleb128 0x5
 509 0037 16       		.uleb128 0x16
 510 0038 00       		.byte	0
 511 0039 03       		.uleb128 0x3
 512 003a 0E       		.uleb128 0xe
 513 003b 3A       		.uleb128 0x3a
 514 003c 0B       		.uleb128 0xb
 515 003d 3B       		.uleb128 0x3b
 516 003e 05       		.uleb128 0x5
 517 003f 49       		.uleb128 0x49
 518 0040 13       		.uleb128 0x13
 519 0041 00       		.byte	0
 520 0042 00       		.byte	0
 521 0043 06       		.uleb128 0x6
 522 0044 35       		.uleb128 0x35
 523 0045 00       		.byte	0
 524 0046 49       		.uleb128 0x49
 525 0047 13       		.uleb128 0x13
 526 0048 00       		.byte	0
 527 0049 00       		.byte	0
 528 004a 07       		.uleb128 0x7
 529 004b 13       		.uleb128 0x13
 530 004c 01       		.byte	0x1
 531 004d 0B       		.uleb128 0xb
 532 004e 0B       		.uleb128 0xb
 533 004f 3A       		.uleb128 0x3a
 534 0050 0B       		.uleb128 0xb
 535 0051 3B       		.uleb128 0x3b
 536 0052 0B       		.uleb128 0xb
 537 0053 01       		.uleb128 0x1
 538 0054 13       		.uleb128 0x13
 539 0055 00       		.byte	0
 540 0056 00       		.byte	0
 541 0057 08       		.uleb128 0x8
 542 0058 0D       		.uleb128 0xd
 543 0059 00       		.byte	0
 544 005a 03       		.uleb128 0x3
 545 005b 0E       		.uleb128 0xe
 546 005c 3A       		.uleb128 0x3a
 547 005d 0B       		.uleb128 0xb
 548 005e 3B       		.uleb128 0x3b
 549 005f 0B       		.uleb128 0xb
 550 0060 49       		.uleb128 0x49
 551 0061 13       		.uleb128 0x13
 552 0062 38       		.uleb128 0x38
 553 0063 0B       		.uleb128 0xb
 554 0064 00       		.byte	0
 555 0065 00       		.byte	0
 556 0066 09       		.uleb128 0x9
 557 0067 01       		.uleb128 0x1
 558 0068 01       		.byte	0x1
 559 0069 49       		.uleb128 0x49
 560 006a 13       		.uleb128 0x13
 561 006b 01       		.uleb128 0x1
ARM GAS  C:\Users\Lois\AppData\Local\Temp\ccZry6XQ.s 			page 21


 562 006c 13       		.uleb128 0x13
 563 006d 00       		.byte	0
 564 006e 00       		.byte	0
 565 006f 0A       		.uleb128 0xa
 566 0070 21       		.uleb128 0x21
 567 0071 00       		.byte	0
 568 0072 49       		.uleb128 0x49
 569 0073 13       		.uleb128 0x13
 570 0074 2F       		.uleb128 0x2f
 571 0075 0B       		.uleb128 0xb
 572 0076 00       		.byte	0
 573 0077 00       		.byte	0
 574 0078 0B       		.uleb128 0xb
 575 0079 2E       		.uleb128 0x2e
 576 007a 00       		.byte	0
 577 007b 3F       		.uleb128 0x3f
 578 007c 19       		.uleb128 0x19
 579 007d 03       		.uleb128 0x3
 580 007e 0E       		.uleb128 0xe
 581 007f 3A       		.uleb128 0x3a
 582 0080 0B       		.uleb128 0xb
 583 0081 3B       		.uleb128 0x3b
 584 0082 05       		.uleb128 0x5
 585 0083 27       		.uleb128 0x27
 586 0084 19       		.uleb128 0x19
 587 0085 11       		.uleb128 0x11
 588 0086 01       		.uleb128 0x1
 589 0087 12       		.uleb128 0x12
 590 0088 06       		.uleb128 0x6
 591 0089 40       		.uleb128 0x40
 592 008a 18       		.uleb128 0x18
 593 008b 9642     		.uleb128 0x2116
 594 008d 19       		.uleb128 0x19
 595 008e 00       		.byte	0
 596 008f 00       		.byte	0
 597 0090 0C       		.uleb128 0xc
 598 0091 2E       		.uleb128 0x2e
 599 0092 01       		.byte	0x1
 600 0093 3F       		.uleb128 0x3f
 601 0094 19       		.uleb128 0x19
 602 0095 03       		.uleb128 0x3
 603 0096 0E       		.uleb128 0xe
 604 0097 3A       		.uleb128 0x3a
 605 0098 0B       		.uleb128 0xb
 606 0099 3B       		.uleb128 0x3b
 607 009a 05       		.uleb128 0x5
 608 009b 27       		.uleb128 0x27
 609 009c 19       		.uleb128 0x19
 610 009d 11       		.uleb128 0x11
 611 009e 01       		.uleb128 0x1
 612 009f 12       		.uleb128 0x12
 613 00a0 06       		.uleb128 0x6
 614 00a1 40       		.uleb128 0x40
 615 00a2 18       		.uleb128 0x18
 616 00a3 9642     		.uleb128 0x2116
 617 00a5 19       		.uleb128 0x19
 618 00a6 01       		.uleb128 0x1
ARM GAS  C:\Users\Lois\AppData\Local\Temp\ccZry6XQ.s 			page 22


 619 00a7 13       		.uleb128 0x13
 620 00a8 00       		.byte	0
 621 00a9 00       		.byte	0
 622 00aa 0D       		.uleb128 0xd
 623 00ab 34       		.uleb128 0x34
 624 00ac 00       		.byte	0
 625 00ad 03       		.uleb128 0x3
 626 00ae 0E       		.uleb128 0xe
 627 00af 3A       		.uleb128 0x3a
 628 00b0 0B       		.uleb128 0xb
 629 00b1 3B       		.uleb128 0x3b
 630 00b2 05       		.uleb128 0x5
 631 00b3 49       		.uleb128 0x49
 632 00b4 13       		.uleb128 0x13
 633 00b5 02       		.uleb128 0x2
 634 00b6 18       		.uleb128 0x18
 635 00b7 00       		.byte	0
 636 00b8 00       		.byte	0
 637 00b9 00       		.byte	0
 638              		.section	.debug_aranges,"",%progbits
 639 0000 2C000000 		.4byte	0x2c
 640 0004 0200     		.2byte	0x2
 641 0006 00000000 		.4byte	.Ldebug_info0
 642 000a 04       		.byte	0x4
 643 000b 00       		.byte	0
 644 000c 0000     		.2byte	0
 645 000e 0000     		.2byte	0
 646 0010 00000000 		.4byte	.LFB0
 647 0014 18000000 		.4byte	.LFE0-.LFB0
 648 0018 00000000 		.4byte	.LFB1
 649 001c 84000000 		.4byte	.LFE1-.LFB1
 650 0020 00000000 		.4byte	.LFB2
 651 0024 30000000 		.4byte	.LFE2-.LFB2
 652 0028 00000000 		.4byte	0
 653 002c 00000000 		.4byte	0
 654              		.section	.debug_ranges,"",%progbits
 655              	.Ldebug_ranges0:
 656 0000 00000000 		.4byte	.LFB0
 657 0004 18000000 		.4byte	.LFE0
 658 0008 00000000 		.4byte	.LFB1
 659 000c 84000000 		.4byte	.LFE1
 660 0010 00000000 		.4byte	.LFB2
 661 0014 30000000 		.4byte	.LFE2
 662 0018 00000000 		.4byte	0
 663 001c 00000000 		.4byte	0
 664              		.section	.debug_line,"",%progbits
 665              	.Ldebug_line0:
 666 0000 BC000000 		.section	.debug_str,"MS",%progbits,1
 666      02005300 
 666      00000201 
 666      FB0E0D00 
 666      01010101 
 667              	.LASF15:
 668 0000 72656731 		.ascii	"reg16\000"
 668      3600
 669              	.LASF19:
 670 0006 43414E5F 		.ascii	"CAN_1_REG_32\000"
ARM GAS  C:\Users\Lois\AppData\Local\Temp\ccZry6XQ.s 			page 23


 670      315F5245 
 670      475F3332 
 670      00
 671              	.LASF29:
 672 0013 73686966 		.ascii	"shift\000"
 672      7400
 673              	.LASF23:
 674 0019 7278616D 		.ascii	"rxamr\000"
 674      7200
 675              	.LASF28:
 676 001f 6D61696C 		.ascii	"mailboxNumber\000"
 676      626F784E 
 676      756D6265 
 676      7200
 677              	.LASF3:
 678 002d 73686F72 		.ascii	"short unsigned int\000"
 678      7420756E 
 678      7369676E 
 678      65642069 
 678      6E7400
 679              	.LASF18:
 680 0040 62797465 		.ascii	"byte\000"
 680      00
 681              	.LASF22:
 682 0045 72786461 		.ascii	"rxdata\000"
 682      746100
 683              	.LASF26:
 684 004c 72786163 		.ascii	"rxacrd\000"
 684      726400
 685              	.LASF34:
 686 0053 433A5C55 		.ascii	"C:\\Users\\Lois\\Desktop\\MC1_5\\MC1_5_PSOC5.cydsn\000"
 686      73657273 
 686      5C4C6F69 
 686      735C4465 
 686      736B746F 
 687              	.LASF31:
 688 0081 43414E5F 		.ascii	"CAN_1_ISR\000"
 688      315F4953 
 688      5200
 689              	.LASF30:
 690 008b 43414E5F 		.ascii	"CAN_1_BusOffIsr\000"
 690      315F4275 
 690      734F6666 
 690      49737200 
 691              	.LASF1:
 692 009b 756E7369 		.ascii	"unsigned char\000"
 692      676E6564 
 692      20636861 
 692      7200
 693              	.LASF21:
 694 00a9 72786964 		.ascii	"rxid\000"
 694      00
 695              	.LASF27:
 696 00ae 43414E5F 		.ascii	"CAN_1_RX_STRUCT\000"
 696      315F5258 
 696      5F535452 
 696      55435400 
ARM GAS  C:\Users\Lois\AppData\Local\Temp\ccZry6XQ.s 			page 24


 697              	.LASF5:
 698 00be 6C6F6E67 		.ascii	"long unsigned int\000"
 698      20756E73 
 698      69676E65 
 698      6420696E 
 698      7400
 699              	.LASF9:
 700 00d0 75696E74 		.ascii	"uint8\000"
 700      3800
 701              	.LASF32:
 702 00d6 474E5520 		.ascii	"GNU C 4.9.3 20150303 (release) [ARM/embedded-4_9-br"
 702      4320342E 
 702      392E3320 
 702      32303135 
 702      30333033 
 703 0109 616E6368 		.ascii	"anch revision 221220] -mcpu=cortex-m3 -mthumb -g -O"
 703      20726576 
 703      6973696F 
 703      6E203232 
 703      31323230 
 704 013c 30202D66 		.ascii	"0 -ffunction-sections -ffat-lto-objects\000"
 704      66756E63 
 704      74696F6E 
 704      2D736563 
 704      74696F6E 
 705              	.LASF12:
 706 0164 646F7562 		.ascii	"double\000"
 706      6C6500
 707              	.LASF33:
 708 016b 2E5C4765 		.ascii	".\\Generated_Source\\PSoC5\\CAN_1_INT.c\000"
 708      6E657261 
 708      7465645F 
 708      536F7572 
 708      63655C50 
 709              	.LASF10:
 710 0190 75696E74 		.ascii	"uint16\000"
 710      313600
 711              	.LASF17:
 712 0197 43414E5F 		.ascii	"CAN_1_DATA_BYTES\000"
 712      315F4441 
 712      54415F42 
 712      59544553 
 712      00
 713              	.LASF8:
 714 01a8 756E7369 		.ascii	"unsigned int\000"
 714      676E6564 
 714      20696E74 
 714      00
 715              	.LASF7:
 716 01b5 6C6F6E67 		.ascii	"long long unsigned int\000"
 716      206C6F6E 
 716      6720756E 
 716      7369676E 
 716      65642069 
 717              	.LASF20:
 718 01cc 7278636D 		.ascii	"rxcmd\000"
 718      6400
ARM GAS  C:\Users\Lois\AppData\Local\Temp\ccZry6XQ.s 			page 25


 719              	.LASF14:
 720 01d2 72656738 		.ascii	"reg8\000"
 720      00
 721              	.LASF16:
 722 01d7 73697A65 		.ascii	"sizetype\000"
 722      74797065 
 722      00
 723              	.LASF25:
 724 01e0 7278616D 		.ascii	"rxamrd\000"
 724      726400
 725              	.LASF6:
 726 01e7 6C6F6E67 		.ascii	"long long int\000"
 726      206C6F6E 
 726      6720696E 
 726      7400
 727              	.LASF13:
 728 01f5 63686172 		.ascii	"char\000"
 728      00
 729              	.LASF2:
 730 01fa 73686F72 		.ascii	"short int\000"
 730      7420696E 
 730      7400
 731              	.LASF24:
 732 0204 72786163 		.ascii	"rxacr\000"
 732      7200
 733              	.LASF35:
 734 020a 43414E5F 		.ascii	"CAN_1_MsgRXIsr\000"
 734      315F4D73 
 734      67525849 
 734      737200
 735              	.LASF4:
 736 0219 6C6F6E67 		.ascii	"long int\000"
 736      20696E74 
 736      00
 737              	.LASF11:
 738 0222 666C6F61 		.ascii	"float\000"
 738      7400
 739              	.LASF0:
 740 0228 7369676E 		.ascii	"signed char\000"
 740      65642063 
 740      68617200 
 741              		.ident	"GCC: (GNU Tools for ARM Embedded Processors) 4.9.3 20150303 (release) [ARM/embedded-4_9-br
