ARM GAS  C:\Users\Lois\AppData\Local\Temp\ccAf33BE.s 			page 1


   1              		.syntax unified
   2              		.cpu cortex-m3
   3              		.fpu softvfp
   4              		.eabi_attribute 20, 1
   5              		.eabi_attribute 21, 1
   6              		.eabi_attribute 23, 3
   7              		.eabi_attribute 24, 1
   8              		.eabi_attribute 25, 1
   9              		.eabi_attribute 26, 1
  10              		.eabi_attribute 30, 6
  11              		.eabi_attribute 34, 1
  12              		.eabi_attribute 18, 4
  13              		.thumb
  14              		.file	"FanControler.c"
  15              		.text
  16              	.Ltext0:
  17              		.cfi_sections	.debug_frame
  18              		.section	.text.changeFanSpeed,"ax",%progbits
  19              		.align	2
  20              		.global	changeFanSpeed
  21              		.thumb
  22              		.thumb_func
  23              		.type	changeFanSpeed, %function
  24              	changeFanSpeed:
  25              	.LFB56:
  26              		.file 1 ".\\FanControler.c"
   1:.\FanControler.c **** /* ========================================
   2:.\FanControler.c ****  *
   3:.\FanControler.c ****  * Copyright YOUR COMPANY, THE YEAR
   4:.\FanControler.c ****  * All Rights Reserved
   5:.\FanControler.c ****  * UNPUBLISHED, LICENSED SOFTWARE.
   6:.\FanControler.c ****  *
   7:.\FanControler.c ****  * CONFIDENTIAL AND PROPRIETARY INFORMATION
   8:.\FanControler.c ****  * WHICH IS THE PROPERTY OF your company.
   9:.\FanControler.c ****  *
  10:.\FanControler.c ****  * ========================================
  11:.\FanControler.c **** */
  12:.\FanControler.c **** 
  13:.\FanControler.c **** #include "FanControler.h"
  14:.\FanControler.c **** 
  15:.\FanControler.c **** 
  16:.\FanControler.c **** extern MC1_5Module  mc1_5Module [2];
  17:.\FanControler.c **** 
  18:.\FanControler.c **** 
  19:.\FanControler.c **** void changeFanSpeed(uint8 desiredPercentage, uint8 module)
  20:.\FanControler.c **** {
  27              		.loc 1 20 0
  28              		.cfi_startproc
  29              		@ args = 0, pretend = 0, frame = 16
  30              		@ frame_needed = 1, uses_anonymous_args = 0
  31 0000 80B5     		push	{r7, lr}
  32              		.cfi_def_cfa_offset 8
  33              		.cfi_offset 7, -8
  34              		.cfi_offset 14, -4
  35 0002 84B0     		sub	sp, sp, #16
  36              		.cfi_def_cfa_offset 24
  37 0004 00AF     		add	r7, sp, #0
ARM GAS  C:\Users\Lois\AppData\Local\Temp\ccAf33BE.s 			page 2


  38              		.cfi_def_cfa_register 7
  39 0006 0346     		mov	r3, r0
  40 0008 0A46     		mov	r2, r1
  41 000a FB71     		strb	r3, [r7, #7]
  42 000c 1346     		mov	r3, r2
  43 000e BB71     		strb	r3, [r7, #6]
  21:.\FanControler.c ****     uint8 maxValue;
  22:.\FanControler.c ****     uint8 toWrite;
  23:.\FanControler.c ****     
  24:.\FanControler.c ****     if(desiredPercentage > 2)
  44              		.loc 1 24 0
  45 0010 FB79     		ldrb	r3, [r7, #7]	@ zero_extendqisi2
  46 0012 022B     		cmp	r3, #2
  47 0014 2BD9     		bls	.L2
  25:.\FanControler.c ****     {
  26:.\FanControler.c ****         switch (module)
  48              		.loc 1 26 0
  49 0016 BB79     		ldrb	r3, [r7, #6]	@ zero_extendqisi2
  50 0018 002B     		cmp	r3, #0
  51 001a 02D0     		beq	.L3
  52 001c 012B     		cmp	r3, #1
  53 001e 13D0     		beq	.L4
  54 0020 25E0     		b	.L2
  55              	.L3:
  27:.\FanControler.c ****         {
  28:.\FanControler.c ****             case (0):
  29:.\FanControler.c ****                 maxValue = pwmFan_1_ReadPeriod();
  56              		.loc 1 29 0
  57 0022 FFF7FEFF 		bl	pwmFan_1_ReadPeriod
  58 0026 0346     		mov	r3, r0
  59 0028 FB73     		strb	r3, [r7, #15]
  30:.\FanControler.c ****                 toWrite = (desiredPercentage*(maxValue/100));
  60              		.loc 1 30 0
  61 002a FB7B     		ldrb	r3, [r7, #15]	@ zero_extendqisi2
  62 002c 164A     		ldr	r2, .L5
  63 002e A2FB0323 		umull	r2, r3, r2, r3
  64 0032 5B09     		lsrs	r3, r3, #5
  65 0034 DBB2     		uxtb	r3, r3
  66 0036 FA79     		ldrb	r2, [r7, #7]
  67 0038 02FB03F3 		mul	r3, r2, r3
  68 003c BB73     		strb	r3, [r7, #14]
  31:.\FanControler.c ****                 pwmFan_1_WriteCompare(toWrite);
  69              		.loc 1 31 0
  70 003e BB7B     		ldrb	r3, [r7, #14]	@ zero_extendqisi2
  71 0040 1846     		mov	r0, r3
  72 0042 FFF7FEFF 		bl	pwmFan_1_WriteCompare
  32:.\FanControler.c ****                 break; 
  73              		.loc 1 32 0
  74 0046 12E0     		b	.L2
  75              	.L4:
  33:.\FanControler.c ****             case (1):
  34:.\FanControler.c ****                 maxValue = pwmFan_2_ReadPeriod();
  76              		.loc 1 34 0
  77 0048 FFF7FEFF 		bl	pwmFan_2_ReadPeriod
  78 004c 0346     		mov	r3, r0
  79 004e FB73     		strb	r3, [r7, #15]
  35:.\FanControler.c ****                 toWrite = (desiredPercentage*(maxValue/100));
ARM GAS  C:\Users\Lois\AppData\Local\Temp\ccAf33BE.s 			page 3


  80              		.loc 1 35 0
  81 0050 FB7B     		ldrb	r3, [r7, #15]	@ zero_extendqisi2
  82 0052 0D4A     		ldr	r2, .L5
  83 0054 A2FB0323 		umull	r2, r3, r2, r3
  84 0058 5B09     		lsrs	r3, r3, #5
  85 005a DBB2     		uxtb	r3, r3
  86 005c FA79     		ldrb	r2, [r7, #7]
  87 005e 02FB03F3 		mul	r3, r2, r3
  88 0062 BB73     		strb	r3, [r7, #14]
  36:.\FanControler.c ****                 pwmFan_2_WriteCompare(toWrite);
  89              		.loc 1 36 0
  90 0064 BB7B     		ldrb	r3, [r7, #14]	@ zero_extendqisi2
  91 0066 1846     		mov	r0, r3
  92 0068 FFF7FEFF 		bl	pwmFan_2_WriteCompare
  37:.\FanControler.c ****                 break;
  93              		.loc 1 37 0
  94 006c 00BF     		nop
  95              	.L2:
  38:.\FanControler.c ****         }
  39:.\FanControler.c ****     }
  40:.\FanControler.c ****     mc1_5Module [module].fanSpeedPercentage = desiredPercentage;
  96              		.loc 1 40 0
  97 006e BB79     		ldrb	r3, [r7, #6]	@ zero_extendqisi2
  98 0070 064A     		ldr	r2, .L5+4
  99 0072 2C21     		movs	r1, #44
 100 0074 01FB03F3 		mul	r3, r1, r3
 101 0078 1344     		add	r3, r3, r2
 102 007a 1833     		adds	r3, r3, #24
 103 007c FA79     		ldrb	r2, [r7, #7]
 104 007e 1A70     		strb	r2, [r3]
  41:.\FanControler.c **** }
 105              		.loc 1 41 0
 106 0080 1037     		adds	r7, r7, #16
 107              		.cfi_def_cfa_offset 8
 108 0082 BD46     		mov	sp, r7
 109              		.cfi_def_cfa_register 13
 110              		@ sp needed
 111 0084 80BD     		pop	{r7, pc}
 112              	.L6:
 113 0086 00BF     		.align	2
 114              	.L5:
 115 0088 1F85EB51 		.word	1374389535
 116 008c 00000000 		.word	mc1_5Module
 117              		.cfi_endproc
 118              	.LFE56:
 119              		.size	changeFanSpeed, .-changeFanSpeed
 120              		.section	.text.changeFanState,"ax",%progbits
 121              		.align	2
 122              		.global	changeFanState
 123              		.thumb
 124              		.thumb_func
 125              		.type	changeFanState, %function
 126              	changeFanState:
 127              	.LFB57:
  42:.\FanControler.c **** 
  43:.\FanControler.c **** 
  44:.\FanControler.c **** int8 changeFanState(uint8 fanEnableState, uint8 module)
ARM GAS  C:\Users\Lois\AppData\Local\Temp\ccAf33BE.s 			page 4


  45:.\FanControler.c **** {
 128              		.loc 1 45 0
 129              		.cfi_startproc
 130              		@ args = 0, pretend = 0, frame = 8
 131              		@ frame_needed = 1, uses_anonymous_args = 0
 132 0000 80B5     		push	{r7, lr}
 133              		.cfi_def_cfa_offset 8
 134              		.cfi_offset 7, -8
 135              		.cfi_offset 14, -4
 136 0002 82B0     		sub	sp, sp, #8
 137              		.cfi_def_cfa_offset 16
 138 0004 00AF     		add	r7, sp, #0
 139              		.cfi_def_cfa_register 7
 140 0006 0346     		mov	r3, r0
 141 0008 0A46     		mov	r2, r1
 142 000a FB71     		strb	r3, [r7, #7]
 143 000c 1346     		mov	r3, r2
 144 000e BB71     		strb	r3, [r7, #6]
  46:.\FanControler.c ****     switch (module)
 145              		.loc 1 46 0
 146 0010 BB79     		ldrb	r3, [r7, #6]	@ zero_extendqisi2
 147 0012 002B     		cmp	r3, #0
 148 0014 02D0     		beq	.L9
 149 0016 012B     		cmp	r3, #1
 150 0018 05D0     		beq	.L10
 151 001a 09E0     		b	.L8
 152              	.L9:
  47:.\FanControler.c ****     {
  48:.\FanControler.c ****         case (0):
  49:.\FanControler.c ****             fanPeltier1_Enable_Write(fanEnableState);            
 153              		.loc 1 49 0
 154 001c FB79     		ldrb	r3, [r7, #7]	@ zero_extendqisi2
 155 001e 1846     		mov	r0, r3
 156 0020 FFF7FEFF 		bl	fanPeltier1_Enable_Write
  50:.\FanControler.c ****             break;
 157              		.loc 1 50 0
 158 0024 04E0     		b	.L8
 159              	.L10:
  51:.\FanControler.c ****         case (1):
  52:.\FanControler.c ****             fanPeltier2_Enable_Write(fanEnableState);
 160              		.loc 1 52 0
 161 0026 FB79     		ldrb	r3, [r7, #7]	@ zero_extendqisi2
 162 0028 1846     		mov	r0, r3
 163 002a FFF7FEFF 		bl	fanPeltier2_Enable_Write
  53:.\FanControler.c ****             break;
 164              		.loc 1 53 0
 165 002e 00BF     		nop
 166              	.L8:
  54:.\FanControler.c ****     }
  55:.\FanControler.c ****     
  56:.\FanControler.c ****     mc1_5Module [module].fanState = fanEnableState;
 167              		.loc 1 56 0
 168 0030 BB79     		ldrb	r3, [r7, #6]	@ zero_extendqisi2
 169 0032 074A     		ldr	r2, .L12
 170 0034 2C21     		movs	r1, #44
 171 0036 01FB03F3 		mul	r3, r1, r3
 172 003a 1344     		add	r3, r3, r2
ARM GAS  C:\Users\Lois\AppData\Local\Temp\ccAf33BE.s 			page 5


 173 003c 1833     		adds	r3, r3, #24
 174 003e FA79     		ldrb	r2, [r7, #7]
 175 0040 5A70     		strb	r2, [r3, #1]
  57:.\FanControler.c ****     return 1;
 176              		.loc 1 57 0
 177 0042 0123     		movs	r3, #1
 178 0044 5BB2     		sxtb	r3, r3
  58:.\FanControler.c **** }
 179              		.loc 1 58 0
 180 0046 1846     		mov	r0, r3
 181 0048 0837     		adds	r7, r7, #8
 182              		.cfi_def_cfa_offset 8
 183 004a BD46     		mov	sp, r7
 184              		.cfi_def_cfa_register 13
 185              		@ sp needed
 186 004c 80BD     		pop	{r7, pc}
 187              	.L13:
 188 004e 00BF     		.align	2
 189              	.L12:
 190 0050 00000000 		.word	mc1_5Module
 191              		.cfi_endproc
 192              	.LFE57:
 193              		.size	changeFanState, .-changeFanState
 194              		.text
 195              	.Letext0:
 196              		.file 2 "c:\\program files (x86)\\cypress\\psoc creator\\3.3\\psoc creator\\import\\gnu\\arm\\4.9.
 197              		.file 3 "c:\\program files (x86)\\cypress\\psoc creator\\3.3\\psoc creator\\import\\gnu\\arm\\4.9.
 198              		.file 4 "Generated_Source\\PSoC5/cytypes.h"
 199              		.file 5 ".\\Defines.h"
 200              		.file 6 "Generated_Source\\PSoC5/core_cm3.h"
 201              		.section	.debug_info,"",%progbits
 202              	.Ldebug_info0:
 203 0000 2A030000 		.4byte	0x32a
 204 0004 0400     		.2byte	0x4
 205 0006 00000000 		.4byte	.Ldebug_abbrev0
 206 000a 04       		.byte	0x4
 207 000b 01       		.uleb128 0x1
 208 000c 3B010000 		.4byte	.LASF63
 209 0010 01       		.byte	0x1
 210 0011 A1000000 		.4byte	.LASF64
 211 0015 B2000000 		.4byte	.LASF65
 212 0019 00000000 		.4byte	.Ldebug_ranges0+0
 213 001d 00000000 		.4byte	0
 214 0021 00000000 		.4byte	.Ldebug_line0
 215 0025 02       		.uleb128 0x2
 216 0026 01       		.byte	0x1
 217 0027 06       		.byte	0x6
 218 0028 02010000 		.4byte	.LASF0
 219 002c 02       		.uleb128 0x2
 220 002d 01       		.byte	0x1
 221 002e 08       		.byte	0x8
 222 002f 23020000 		.4byte	.LASF1
 223 0033 02       		.uleb128 0x2
 224 0034 02       		.byte	0x2
 225 0035 05       		.byte	0x5
 226 0036 5A000000 		.4byte	.LASF2
 227 003a 02       		.uleb128 0x2
ARM GAS  C:\Users\Lois\AppData\Local\Temp\ccAf33BE.s 			page 6


 228 003b 02       		.byte	0x2
 229 003c 07       		.byte	0x7
 230 003d DD030000 		.4byte	.LASF3
 231 0041 03       		.uleb128 0x3
 232 0042 9F030000 		.4byte	.LASF9
 233 0046 02       		.byte	0x2
 234 0047 3F       		.byte	0x3f
 235 0048 4C000000 		.4byte	0x4c
 236 004c 02       		.uleb128 0x2
 237 004d 04       		.byte	0x4
 238 004e 05       		.byte	0x5
 239 004f B9020000 		.4byte	.LASF4
 240 0053 02       		.uleb128 0x2
 241 0054 04       		.byte	0x4
 242 0055 07       		.byte	0x7
 243 0056 4C030000 		.4byte	.LASF5
 244 005a 02       		.uleb128 0x2
 245 005b 08       		.byte	0x8
 246 005c 05       		.byte	0x5
 247 005d 14010000 		.4byte	.LASF6
 248 0061 02       		.uleb128 0x2
 249 0062 08       		.byte	0x8
 250 0063 07       		.byte	0x7
 251 0064 44020000 		.4byte	.LASF7
 252 0068 04       		.uleb128 0x4
 253 0069 04       		.byte	0x4
 254 006a 05       		.byte	0x5
 255 006b 696E7400 		.ascii	"int\000"
 256 006f 02       		.uleb128 0x2
 257 0070 04       		.byte	0x4
 258 0071 07       		.byte	0x7
 259 0072 6C020000 		.4byte	.LASF8
 260 0076 03       		.uleb128 0x3
 261 0077 D4020000 		.4byte	.LASF10
 262 007b 03       		.byte	0x3
 263 007c 2C       		.byte	0x2c
 264 007d 41000000 		.4byte	0x41
 265 0081 03       		.uleb128 0x3
 266 0082 ED000000 		.4byte	.LASF11
 267 0086 04       		.byte	0x4
 268 0087 A1       		.byte	0xa1
 269 0088 2C000000 		.4byte	0x2c
 270 008c 03       		.uleb128 0x3
 271 008d E0000000 		.4byte	.LASF12
 272 0091 04       		.byte	0x4
 273 0092 A2       		.byte	0xa2
 274 0093 3A000000 		.4byte	0x3a
 275 0097 03       		.uleb128 0x3
 276 0098 22010000 		.4byte	.LASF13
 277 009c 04       		.byte	0x4
 278 009d A4       		.byte	0xa4
 279 009e 25000000 		.4byte	0x25
 280 00a2 03       		.uleb128 0x3
 281 00a3 E7000000 		.4byte	.LASF14
 282 00a7 04       		.byte	0x4
 283 00a8 A5       		.byte	0xa5
 284 00a9 33000000 		.4byte	0x33
ARM GAS  C:\Users\Lois\AppData\Local\Temp\ccAf33BE.s 			page 7


 285 00ad 02       		.uleb128 0x2
 286 00ae 04       		.byte	0x4
 287 00af 04       		.byte	0x4
 288 00b0 0E010000 		.4byte	.LASF15
 289 00b4 02       		.uleb128 0x2
 290 00b5 08       		.byte	0x8
 291 00b6 04       		.byte	0x4
 292 00b7 5E030000 		.4byte	.LASF16
 293 00bb 02       		.uleb128 0x2
 294 00bc 01       		.byte	0x1
 295 00bd 08       		.byte	0x8
 296 00be 36010000 		.4byte	.LASF17
 297 00c2 02       		.uleb128 0x2
 298 00c3 04       		.byte	0x4
 299 00c4 07       		.byte	0x7
 300 00c5 6B000000 		.4byte	.LASF18
 301 00c9 02       		.uleb128 0x2
 302 00ca 08       		.byte	0x8
 303 00cb 04       		.byte	0x4
 304 00cc 17020000 		.4byte	.LASF19
 305 00d0 05       		.uleb128 0x5
 306 00d1 01       		.byte	0x1
 307 00d2 05       		.byte	0x5
 308 00d3 65       		.byte	0x65
 309 00d4 E5000000 		.4byte	0xe5
 310 00d8 06       		.uleb128 0x6
 311 00d9 0D040000 		.4byte	.LASF20
 312 00dd 00       		.sleb128 0
 313 00de 06       		.uleb128 0x6
 314 00df 91020000 		.4byte	.LASF21
 315 00e3 01       		.sleb128 1
 316 00e4 00       		.byte	0
 317 00e5 03       		.uleb128 0x3
 318 00e6 41040000 		.4byte	.LASF22
 319 00ea 05       		.byte	0x5
 320 00eb 65       		.byte	0x65
 321 00ec D0000000 		.4byte	0xd0
 322 00f0 05       		.uleb128 0x5
 323 00f1 01       		.byte	0x1
 324 00f2 05       		.byte	0x5
 325 00f3 67       		.byte	0x67
 326 00f4 05010000 		.4byte	0x105
 327 00f8 06       		.uleb128 0x6
 328 00f9 38020000 		.4byte	.LASF23
 329 00fd 00       		.sleb128 0
 330 00fe 06       		.uleb128 0x6
 331 00ff 0C020000 		.4byte	.LASF24
 332 0103 01       		.sleb128 1
 333 0104 00       		.byte	0
 334 0105 03       		.uleb128 0x3
 335 0106 03030000 		.4byte	.LASF25
 336 010a 05       		.byte	0x5
 337 010b 67       		.byte	0x67
 338 010c F0000000 		.4byte	0xf0
 339 0110 05       		.uleb128 0x5
 340 0111 01       		.byte	0x1
 341 0112 05       		.byte	0x5
ARM GAS  C:\Users\Lois\AppData\Local\Temp\ccAf33BE.s 			page 8


 342 0113 68       		.byte	0x68
 343 0114 25010000 		.4byte	0x125
 344 0118 06       		.uleb128 0x6
 345 0119 BE030000 		.4byte	.LASF26
 346 011d 00       		.sleb128 0
 347 011e 06       		.uleb128 0x6
 348 011f DC020000 		.4byte	.LASF27
 349 0123 01       		.sleb128 1
 350 0124 00       		.byte	0
 351 0125 03       		.uleb128 0x3
 352 0126 20000000 		.4byte	.LASF28
 353 012a 05       		.byte	0x5
 354 012b 68       		.byte	0x68
 355 012c 10010000 		.4byte	0x110
 356 0130 05       		.uleb128 0x5
 357 0131 01       		.byte	0x1
 358 0132 05       		.byte	0x5
 359 0133 69       		.byte	0x69
 360 0134 57010000 		.4byte	0x157
 361 0138 06       		.uleb128 0x6
 362 0139 5B020000 		.4byte	.LASF29
 363 013d 00       		.sleb128 0
 364 013e 06       		.uleb128 0x6
 365 013f 00040000 		.4byte	.LASF30
 366 0143 01       		.sleb128 1
 367 0144 06       		.uleb128 0x6
 368 0145 75030000 		.4byte	.LASF31
 369 0149 02       		.sleb128 2
 370 014a 06       		.uleb128 0x6
 371 014b C2020000 		.4byte	.LASF32
 372 014f 03       		.sleb128 3
 373 0150 06       		.uleb128 0x6
 374 0151 22030000 		.4byte	.LASF33
 375 0155 04       		.sleb128 4
 376 0156 00       		.byte	0
 377 0157 03       		.uleb128 0x3
 378 0158 00000000 		.4byte	.LASF34
 379 015c 05       		.byte	0x5
 380 015d 69       		.byte	0x69
 381 015e 30010000 		.4byte	0x130
 382 0162 05       		.uleb128 0x5
 383 0163 01       		.byte	0x1
 384 0164 05       		.byte	0x5
 385 0165 6A       		.byte	0x6a
 386 0166 7D010000 		.4byte	0x17d
 387 016a 06       		.uleb128 0x6
 388 016b 31020000 		.4byte	.LASF35
 389 016f 02       		.sleb128 2
 390 0170 06       		.uleb128 0x6
 391 0171 86000000 		.4byte	.LASF36
 392 0175 01       		.sleb128 1
 393 0176 06       		.uleb128 0x6
 394 0177 89020000 		.4byte	.LASF37
 395 017b 00       		.sleb128 0
 396 017c 00       		.byte	0
 397 017d 03       		.uleb128 0x3
 398 017e A9030000 		.4byte	.LASF38
ARM GAS  C:\Users\Lois\AppData\Local\Temp\ccAf33BE.s 			page 9


 399 0182 05       		.byte	0x5
 400 0183 6A       		.byte	0x6a
 401 0184 62010000 		.4byte	0x162
 402 0188 07       		.uleb128 0x7
 403 0189 2C       		.byte	0x2c
 404 018a 05       		.byte	0x5
 405 018b 6F       		.byte	0x6f
 406 018c 72020000 		.4byte	0x272
 407 0190 08       		.uleb128 0x8
 408 0191 EB020000 		.4byte	.LASF39
 409 0195 05       		.byte	0x5
 410 0196 71       		.byte	0x71
 411 0197 8C000000 		.4byte	0x8c
 412 019b 00       		.byte	0
 413 019c 08       		.uleb128 0x8
 414 019d 92030000 		.4byte	.LASF40
 415 01a1 05       		.byte	0x5
 416 01a2 73       		.byte	0x73
 417 01a3 25010000 		.4byte	0x125
 418 01a7 02       		.byte	0x2
 419 01a8 08       		.uleb128 0x8
 420 01a9 10030000 		.4byte	.LASF41
 421 01ad 05       		.byte	0x5
 422 01ae 75       		.byte	0x75
 423 01af A2000000 		.4byte	0xa2
 424 01b3 04       		.byte	0x4
 425 01b4 08       		.uleb128 0x8
 426 01b5 8E000000 		.4byte	.LASF42
 427 01b9 05       		.byte	0x5
 428 01ba 76       		.byte	0x76
 429 01bb A2000000 		.4byte	0xa2
 430 01bf 06       		.byte	0x6
 431 01c0 08       		.uleb128 0x8
 432 01c1 65030000 		.4byte	.LASF43
 433 01c5 05       		.byte	0x5
 434 01c6 77       		.byte	0x77
 435 01c7 57010000 		.4byte	0x157
 436 01cb 08       		.byte	0x8
 437 01cc 08       		.uleb128 0x8
 438 01cd E6010000 		.4byte	.LASF44
 439 01d1 05       		.byte	0x5
 440 01d2 78       		.byte	0x78
 441 01d3 7D010000 		.4byte	0x17d
 442 01d7 09       		.byte	0x9
 443 01d8 08       		.uleb128 0x8
 444 01d9 F0030000 		.4byte	.LASF45
 445 01dd 05       		.byte	0x5
 446 01de 7A       		.byte	0x7a
 447 01df 8C000000 		.4byte	0x8c
 448 01e3 0A       		.byte	0xa
 449 01e4 08       		.uleb128 0x8
 450 01e5 F7010000 		.4byte	.LASF46
 451 01e9 05       		.byte	0x5
 452 01ea 7B       		.byte	0x7b
 453 01eb 81000000 		.4byte	0x81
 454 01ef 0C       		.byte	0xc
 455 01f0 08       		.uleb128 0x8
ARM GAS  C:\Users\Lois\AppData\Local\Temp\ccAf33BE.s 			page 10


 456 01f1 C9010000 		.4byte	.LASF47
 457 01f5 05       		.byte	0x5
 458 01f6 7C       		.byte	0x7c
 459 01f7 81000000 		.4byte	0x81
 460 01fb 0D       		.byte	0xd
 461 01fc 08       		.uleb128 0x8
 462 01fd 3D030000 		.4byte	.LASF48
 463 0201 05       		.byte	0x5
 464 0202 7D       		.byte	0x7d
 465 0203 8C000000 		.4byte	0x8c
 466 0207 0E       		.byte	0xe
 467 0208 08       		.uleb128 0x8
 468 0209 A6020000 		.4byte	.LASF49
 469 020d 05       		.byte	0x5
 470 020e 7F       		.byte	0x7f
 471 020f E5000000 		.4byte	0xe5
 472 0213 10       		.byte	0x10
 473 0214 08       		.uleb128 0x8
 474 0215 79020000 		.4byte	.LASF50
 475 0219 05       		.byte	0x5
 476 021a 80       		.byte	0x80
 477 021b 68000000 		.4byte	0x68
 478 021f 14       		.byte	0x14
 479 0220 08       		.uleb128 0x8
 480 0221 2A030000 		.4byte	.LASF51
 481 0225 05       		.byte	0x5
 482 0226 82       		.byte	0x82
 483 0227 81000000 		.4byte	0x81
 484 022b 18       		.byte	0x18
 485 022c 08       		.uleb128 0x8
 486 022d 38040000 		.4byte	.LASF52
 487 0231 05       		.byte	0x5
 488 0232 83       		.byte	0x83
 489 0233 05010000 		.4byte	0x105
 490 0237 19       		.byte	0x19
 491 0238 08       		.uleb128 0x8
 492 0239 31000000 		.4byte	.LASF53
 493 023d 05       		.byte	0x5
 494 023e 85       		.byte	0x85
 495 023f 8C000000 		.4byte	0x8c
 496 0243 1A       		.byte	0x1a
 497 0244 08       		.uleb128 0x8
 498 0245 46000000 		.4byte	.LASF54
 499 0249 05       		.byte	0x5
 500 024a 86       		.byte	0x86
 501 024b 8C000000 		.4byte	0x8c
 502 024f 1C       		.byte	0x1c
 503 0250 09       		.uleb128 0x9
 504 0251 6B7000   		.ascii	"kp\000"
 505 0254 05       		.byte	0x5
 506 0255 87       		.byte	0x87
 507 0256 AD000000 		.4byte	0xad
 508 025a 20       		.byte	0x20
 509 025b 09       		.uleb128 0x9
 510 025c 6B6900   		.ascii	"ki\000"
 511 025f 05       		.byte	0x5
 512 0260 87       		.byte	0x87
ARM GAS  C:\Users\Lois\AppData\Local\Temp\ccAf33BE.s 			page 11


 513 0261 AD000000 		.4byte	0xad
 514 0265 24       		.byte	0x24
 515 0266 09       		.uleb128 0x9
 516 0267 6B6400   		.ascii	"kd\000"
 517 026a 05       		.byte	0x5
 518 026b 87       		.byte	0x87
 519 026c AD000000 		.4byte	0xad
 520 0270 28       		.byte	0x28
 521 0271 00       		.byte	0
 522 0272 03       		.uleb128 0x3
 523 0273 86030000 		.4byte	.LASF55
 524 0277 05       		.byte	0x5
 525 0278 89       		.byte	0x89
 526 0279 88010000 		.4byte	0x188
 527 027d 0A       		.uleb128 0xa
 528 027e CE030000 		.4byte	.LASF66
 529 0282 01       		.byte	0x1
 530 0283 13       		.byte	0x13
 531 0284 00000000 		.4byte	.LFB56
 532 0288 90000000 		.4byte	.LFE56-.LFB56
 533 028c 01       		.uleb128 0x1
 534 028d 9C       		.byte	0x9c
 535 028e CB020000 		.4byte	0x2cb
 536 0292 0B       		.uleb128 0xb
 537 0293 74000000 		.4byte	.LASF56
 538 0297 01       		.byte	0x1
 539 0298 13       		.byte	0x13
 540 0299 81000000 		.4byte	0x81
 541 029d 02       		.uleb128 0x2
 542 029e 91       		.byte	0x91
 543 029f 6F       		.sleb128 -17
 544 02a0 0B       		.uleb128 0xb
 545 02a1 64000000 		.4byte	.LASF57
 546 02a5 01       		.byte	0x1
 547 02a6 13       		.byte	0x13
 548 02a7 81000000 		.4byte	0x81
 549 02ab 02       		.uleb128 0x2
 550 02ac 91       		.byte	0x91
 551 02ad 6E       		.sleb128 -18
 552 02ae 0C       		.uleb128 0xc
 553 02af DD010000 		.4byte	.LASF58
 554 02b3 01       		.byte	0x1
 555 02b4 15       		.byte	0x15
 556 02b5 81000000 		.4byte	0x81
 557 02b9 02       		.uleb128 0x2
 558 02ba 91       		.byte	0x91
 559 02bb 77       		.sleb128 -9
 560 02bc 0C       		.uleb128 0xc
 561 02bd 30040000 		.4byte	.LASF59
 562 02c1 01       		.byte	0x1
 563 02c2 16       		.byte	0x16
 564 02c3 81000000 		.4byte	0x81
 565 02c7 02       		.uleb128 0x2
 566 02c8 91       		.byte	0x91
 567 02c9 76       		.sleb128 -10
 568 02ca 00       		.byte	0
 569 02cb 0D       		.uleb128 0xd
ARM GAS  C:\Users\Lois\AppData\Local\Temp\ccAf33BE.s 			page 12


 570 02cc 27010000 		.4byte	.LASF67
 571 02d0 01       		.byte	0x1
 572 02d1 2C       		.byte	0x2c
 573 02d2 97000000 		.4byte	0x97
 574 02d6 00000000 		.4byte	.LFB57
 575 02da 54000000 		.4byte	.LFE57-.LFB57
 576 02de 01       		.uleb128 0x1
 577 02df 9C       		.byte	0x9c
 578 02e0 01030000 		.4byte	0x301
 579 02e4 0B       		.uleb128 0xb
 580 02e5 F3000000 		.4byte	.LASF60
 581 02e9 01       		.byte	0x1
 582 02ea 2C       		.byte	0x2c
 583 02eb 81000000 		.4byte	0x81
 584 02ef 02       		.uleb128 0x2
 585 02f0 91       		.byte	0x91
 586 02f1 77       		.sleb128 -9
 587 02f2 0B       		.uleb128 0xb
 588 02f3 64000000 		.4byte	.LASF57
 589 02f7 01       		.byte	0x1
 590 02f8 2C       		.byte	0x2c
 591 02f9 81000000 		.4byte	0x81
 592 02fd 02       		.uleb128 0x2
 593 02fe 91       		.byte	0x91
 594 02ff 76       		.sleb128 -10
 595 0300 00       		.byte	0
 596 0301 0E       		.uleb128 0xe
 597 0302 23040000 		.4byte	.LASF61
 598 0306 06       		.byte	0x6
 599 0307 1606     		.2byte	0x616
 600 0309 0D030000 		.4byte	0x30d
 601 030d 0F       		.uleb128 0xf
 602 030e 76000000 		.4byte	0x76
 603 0312 10       		.uleb128 0x10
 604 0313 72020000 		.4byte	0x272
 605 0317 22030000 		.4byte	0x322
 606 031b 11       		.uleb128 0x11
 607 031c C2000000 		.4byte	0xc2
 608 0320 01       		.byte	0x1
 609 0321 00       		.byte	0
 610 0322 12       		.uleb128 0x12
 611 0323 14000000 		.4byte	.LASF62
 612 0327 01       		.byte	0x1
 613 0328 10       		.byte	0x10
 614 0329 12030000 		.4byte	0x312
 615 032d 00       		.byte	0
 616              		.section	.debug_abbrev,"",%progbits
 617              	.Ldebug_abbrev0:
 618 0000 01       		.uleb128 0x1
 619 0001 11       		.uleb128 0x11
 620 0002 01       		.byte	0x1
 621 0003 25       		.uleb128 0x25
 622 0004 0E       		.uleb128 0xe
 623 0005 13       		.uleb128 0x13
 624 0006 0B       		.uleb128 0xb
 625 0007 03       		.uleb128 0x3
 626 0008 0E       		.uleb128 0xe
ARM GAS  C:\Users\Lois\AppData\Local\Temp\ccAf33BE.s 			page 13


 627 0009 1B       		.uleb128 0x1b
 628 000a 0E       		.uleb128 0xe
 629 000b 55       		.uleb128 0x55
 630 000c 17       		.uleb128 0x17
 631 000d 11       		.uleb128 0x11
 632 000e 01       		.uleb128 0x1
 633 000f 10       		.uleb128 0x10
 634 0010 17       		.uleb128 0x17
 635 0011 00       		.byte	0
 636 0012 00       		.byte	0
 637 0013 02       		.uleb128 0x2
 638 0014 24       		.uleb128 0x24
 639 0015 00       		.byte	0
 640 0016 0B       		.uleb128 0xb
 641 0017 0B       		.uleb128 0xb
 642 0018 3E       		.uleb128 0x3e
 643 0019 0B       		.uleb128 0xb
 644 001a 03       		.uleb128 0x3
 645 001b 0E       		.uleb128 0xe
 646 001c 00       		.byte	0
 647 001d 00       		.byte	0
 648 001e 03       		.uleb128 0x3
 649 001f 16       		.uleb128 0x16
 650 0020 00       		.byte	0
 651 0021 03       		.uleb128 0x3
 652 0022 0E       		.uleb128 0xe
 653 0023 3A       		.uleb128 0x3a
 654 0024 0B       		.uleb128 0xb
 655 0025 3B       		.uleb128 0x3b
 656 0026 0B       		.uleb128 0xb
 657 0027 49       		.uleb128 0x49
 658 0028 13       		.uleb128 0x13
 659 0029 00       		.byte	0
 660 002a 00       		.byte	0
 661 002b 04       		.uleb128 0x4
 662 002c 24       		.uleb128 0x24
 663 002d 00       		.byte	0
 664 002e 0B       		.uleb128 0xb
 665 002f 0B       		.uleb128 0xb
 666 0030 3E       		.uleb128 0x3e
 667 0031 0B       		.uleb128 0xb
 668 0032 03       		.uleb128 0x3
 669 0033 08       		.uleb128 0x8
 670 0034 00       		.byte	0
 671 0035 00       		.byte	0
 672 0036 05       		.uleb128 0x5
 673 0037 04       		.uleb128 0x4
 674 0038 01       		.byte	0x1
 675 0039 0B       		.uleb128 0xb
 676 003a 0B       		.uleb128 0xb
 677 003b 3A       		.uleb128 0x3a
 678 003c 0B       		.uleb128 0xb
 679 003d 3B       		.uleb128 0x3b
 680 003e 0B       		.uleb128 0xb
 681 003f 01       		.uleb128 0x1
 682 0040 13       		.uleb128 0x13
 683 0041 00       		.byte	0
ARM GAS  C:\Users\Lois\AppData\Local\Temp\ccAf33BE.s 			page 14


 684 0042 00       		.byte	0
 685 0043 06       		.uleb128 0x6
 686 0044 28       		.uleb128 0x28
 687 0045 00       		.byte	0
 688 0046 03       		.uleb128 0x3
 689 0047 0E       		.uleb128 0xe
 690 0048 1C       		.uleb128 0x1c
 691 0049 0D       		.uleb128 0xd
 692 004a 00       		.byte	0
 693 004b 00       		.byte	0
 694 004c 07       		.uleb128 0x7
 695 004d 13       		.uleb128 0x13
 696 004e 01       		.byte	0x1
 697 004f 0B       		.uleb128 0xb
 698 0050 0B       		.uleb128 0xb
 699 0051 3A       		.uleb128 0x3a
 700 0052 0B       		.uleb128 0xb
 701 0053 3B       		.uleb128 0x3b
 702 0054 0B       		.uleb128 0xb
 703 0055 01       		.uleb128 0x1
 704 0056 13       		.uleb128 0x13
 705 0057 00       		.byte	0
 706 0058 00       		.byte	0
 707 0059 08       		.uleb128 0x8
 708 005a 0D       		.uleb128 0xd
 709 005b 00       		.byte	0
 710 005c 03       		.uleb128 0x3
 711 005d 0E       		.uleb128 0xe
 712 005e 3A       		.uleb128 0x3a
 713 005f 0B       		.uleb128 0xb
 714 0060 3B       		.uleb128 0x3b
 715 0061 0B       		.uleb128 0xb
 716 0062 49       		.uleb128 0x49
 717 0063 13       		.uleb128 0x13
 718 0064 38       		.uleb128 0x38
 719 0065 0B       		.uleb128 0xb
 720 0066 00       		.byte	0
 721 0067 00       		.byte	0
 722 0068 09       		.uleb128 0x9
 723 0069 0D       		.uleb128 0xd
 724 006a 00       		.byte	0
 725 006b 03       		.uleb128 0x3
 726 006c 08       		.uleb128 0x8
 727 006d 3A       		.uleb128 0x3a
 728 006e 0B       		.uleb128 0xb
 729 006f 3B       		.uleb128 0x3b
 730 0070 0B       		.uleb128 0xb
 731 0071 49       		.uleb128 0x49
 732 0072 13       		.uleb128 0x13
 733 0073 38       		.uleb128 0x38
 734 0074 0B       		.uleb128 0xb
 735 0075 00       		.byte	0
 736 0076 00       		.byte	0
 737 0077 0A       		.uleb128 0xa
 738 0078 2E       		.uleb128 0x2e
 739 0079 01       		.byte	0x1
 740 007a 3F       		.uleb128 0x3f
ARM GAS  C:\Users\Lois\AppData\Local\Temp\ccAf33BE.s 			page 15


 741 007b 19       		.uleb128 0x19
 742 007c 03       		.uleb128 0x3
 743 007d 0E       		.uleb128 0xe
 744 007e 3A       		.uleb128 0x3a
 745 007f 0B       		.uleb128 0xb
 746 0080 3B       		.uleb128 0x3b
 747 0081 0B       		.uleb128 0xb
 748 0082 27       		.uleb128 0x27
 749 0083 19       		.uleb128 0x19
 750 0084 11       		.uleb128 0x11
 751 0085 01       		.uleb128 0x1
 752 0086 12       		.uleb128 0x12
 753 0087 06       		.uleb128 0x6
 754 0088 40       		.uleb128 0x40
 755 0089 18       		.uleb128 0x18
 756 008a 9642     		.uleb128 0x2116
 757 008c 19       		.uleb128 0x19
 758 008d 01       		.uleb128 0x1
 759 008e 13       		.uleb128 0x13
 760 008f 00       		.byte	0
 761 0090 00       		.byte	0
 762 0091 0B       		.uleb128 0xb
 763 0092 05       		.uleb128 0x5
 764 0093 00       		.byte	0
 765 0094 03       		.uleb128 0x3
 766 0095 0E       		.uleb128 0xe
 767 0096 3A       		.uleb128 0x3a
 768 0097 0B       		.uleb128 0xb
 769 0098 3B       		.uleb128 0x3b
 770 0099 0B       		.uleb128 0xb
 771 009a 49       		.uleb128 0x49
 772 009b 13       		.uleb128 0x13
 773 009c 02       		.uleb128 0x2
 774 009d 18       		.uleb128 0x18
 775 009e 00       		.byte	0
 776 009f 00       		.byte	0
 777 00a0 0C       		.uleb128 0xc
 778 00a1 34       		.uleb128 0x34
 779 00a2 00       		.byte	0
 780 00a3 03       		.uleb128 0x3
 781 00a4 0E       		.uleb128 0xe
 782 00a5 3A       		.uleb128 0x3a
 783 00a6 0B       		.uleb128 0xb
 784 00a7 3B       		.uleb128 0x3b
 785 00a8 0B       		.uleb128 0xb
 786 00a9 49       		.uleb128 0x49
 787 00aa 13       		.uleb128 0x13
 788 00ab 02       		.uleb128 0x2
 789 00ac 18       		.uleb128 0x18
 790 00ad 00       		.byte	0
 791 00ae 00       		.byte	0
 792 00af 0D       		.uleb128 0xd
 793 00b0 2E       		.uleb128 0x2e
 794 00b1 01       		.byte	0x1
 795 00b2 3F       		.uleb128 0x3f
 796 00b3 19       		.uleb128 0x19
 797 00b4 03       		.uleb128 0x3
ARM GAS  C:\Users\Lois\AppData\Local\Temp\ccAf33BE.s 			page 16


 798 00b5 0E       		.uleb128 0xe
 799 00b6 3A       		.uleb128 0x3a
 800 00b7 0B       		.uleb128 0xb
 801 00b8 3B       		.uleb128 0x3b
 802 00b9 0B       		.uleb128 0xb
 803 00ba 27       		.uleb128 0x27
 804 00bb 19       		.uleb128 0x19
 805 00bc 49       		.uleb128 0x49
 806 00bd 13       		.uleb128 0x13
 807 00be 11       		.uleb128 0x11
 808 00bf 01       		.uleb128 0x1
 809 00c0 12       		.uleb128 0x12
 810 00c1 06       		.uleb128 0x6
 811 00c2 40       		.uleb128 0x40
 812 00c3 18       		.uleb128 0x18
 813 00c4 9642     		.uleb128 0x2116
 814 00c6 19       		.uleb128 0x19
 815 00c7 01       		.uleb128 0x1
 816 00c8 13       		.uleb128 0x13
 817 00c9 00       		.byte	0
 818 00ca 00       		.byte	0
 819 00cb 0E       		.uleb128 0xe
 820 00cc 34       		.uleb128 0x34
 821 00cd 00       		.byte	0
 822 00ce 03       		.uleb128 0x3
 823 00cf 0E       		.uleb128 0xe
 824 00d0 3A       		.uleb128 0x3a
 825 00d1 0B       		.uleb128 0xb
 826 00d2 3B       		.uleb128 0x3b
 827 00d3 05       		.uleb128 0x5
 828 00d4 49       		.uleb128 0x49
 829 00d5 13       		.uleb128 0x13
 830 00d6 3F       		.uleb128 0x3f
 831 00d7 19       		.uleb128 0x19
 832 00d8 3C       		.uleb128 0x3c
 833 00d9 19       		.uleb128 0x19
 834 00da 00       		.byte	0
 835 00db 00       		.byte	0
 836 00dc 0F       		.uleb128 0xf
 837 00dd 35       		.uleb128 0x35
 838 00de 00       		.byte	0
 839 00df 49       		.uleb128 0x49
 840 00e0 13       		.uleb128 0x13
 841 00e1 00       		.byte	0
 842 00e2 00       		.byte	0
 843 00e3 10       		.uleb128 0x10
 844 00e4 01       		.uleb128 0x1
 845 00e5 01       		.byte	0x1
 846 00e6 49       		.uleb128 0x49
 847 00e7 13       		.uleb128 0x13
 848 00e8 01       		.uleb128 0x1
 849 00e9 13       		.uleb128 0x13
 850 00ea 00       		.byte	0
 851 00eb 00       		.byte	0
 852 00ec 11       		.uleb128 0x11
 853 00ed 21       		.uleb128 0x21
 854 00ee 00       		.byte	0
ARM GAS  C:\Users\Lois\AppData\Local\Temp\ccAf33BE.s 			page 17


 855 00ef 49       		.uleb128 0x49
 856 00f0 13       		.uleb128 0x13
 857 00f1 2F       		.uleb128 0x2f
 858 00f2 0B       		.uleb128 0xb
 859 00f3 00       		.byte	0
 860 00f4 00       		.byte	0
 861 00f5 12       		.uleb128 0x12
 862 00f6 34       		.uleb128 0x34
 863 00f7 00       		.byte	0
 864 00f8 03       		.uleb128 0x3
 865 00f9 0E       		.uleb128 0xe
 866 00fa 3A       		.uleb128 0x3a
 867 00fb 0B       		.uleb128 0xb
 868 00fc 3B       		.uleb128 0x3b
 869 00fd 0B       		.uleb128 0xb
 870 00fe 49       		.uleb128 0x49
 871 00ff 13       		.uleb128 0x13
 872 0100 3F       		.uleb128 0x3f
 873 0101 19       		.uleb128 0x19
 874 0102 3C       		.uleb128 0x3c
 875 0103 19       		.uleb128 0x19
 876 0104 00       		.byte	0
 877 0105 00       		.byte	0
 878 0106 00       		.byte	0
 879              		.section	.debug_aranges,"",%progbits
 880 0000 24000000 		.4byte	0x24
 881 0004 0200     		.2byte	0x2
 882 0006 00000000 		.4byte	.Ldebug_info0
 883 000a 04       		.byte	0x4
 884 000b 00       		.byte	0
 885 000c 0000     		.2byte	0
 886 000e 0000     		.2byte	0
 887 0010 00000000 		.4byte	.LFB56
 888 0014 90000000 		.4byte	.LFE56-.LFB56
 889 0018 00000000 		.4byte	.LFB57
 890 001c 54000000 		.4byte	.LFE57-.LFB57
 891 0020 00000000 		.4byte	0
 892 0024 00000000 		.4byte	0
 893              		.section	.debug_ranges,"",%progbits
 894              	.Ldebug_ranges0:
 895 0000 00000000 		.4byte	.LFB56
 896 0004 90000000 		.4byte	.LFE56
 897 0008 00000000 		.4byte	.LFB57
 898 000c 54000000 		.4byte	.LFE57
 899 0010 00000000 		.4byte	0
 900 0014 00000000 		.4byte	0
 901              		.section	.debug_line,"",%progbits
 902              	.Ldebug_line0:
 903 0000 98010000 		.section	.debug_str,"MS",%progbits,1
 903      02006001 
 903      00000201 
 903      FB0E0D00 
 903      01010101 
 904              	.LASF34:
 905 0000 54656D70 		.ascii	"TemperatureModeType\000"
 905      65726174 
 905      7572654D 
ARM GAS  C:\Users\Lois\AppData\Local\Temp\ccAf33BE.s 			page 18


 905      6F646554 
 905      79706500 
 906              	.LASF62:
 907 0014 6D63315F 		.ascii	"mc1_5Module\000"
 907      354D6F64 
 907      756C6500 
 908              	.LASF28:
 909 0020 50656C74 		.ascii	"PeltierStateType\000"
 909      69657253 
 909      74617465 
 909      54797065 
 909      00
 910              	.LASF53:
 911 0031 74656D70 		.ascii	"temperatureLimitHigh\000"
 911      65726174 
 911      7572654C 
 911      696D6974 
 911      48696768 
 912              	.LASF54:
 913 0046 74656D70 		.ascii	"temperatureLimitLow\000"
 913      65726174 
 913      7572654C 
 913      696D6974 
 913      4C6F7700 
 914              	.LASF2:
 915 005a 73686F72 		.ascii	"short int\000"
 915      7420696E 
 915      7400
 916              	.LASF57:
 917 0064 6D6F6475 		.ascii	"module\000"
 917      6C6500
 918              	.LASF18:
 919 006b 73697A65 		.ascii	"sizetype\000"
 919      74797065 
 919      00
 920              	.LASF56:
 921 0074 64657369 		.ascii	"desiredPercentage\000"
 921      72656450 
 921      65726365 
 921      6E746167 
 921      6500
 922              	.LASF36:
 923 0086 436F6F6C 		.ascii	"Cooling\000"
 923      696E6700 
 924              	.LASF42:
 925 008e 63757272 		.ascii	"currentTemperature\000"
 925      656E7454 
 925      656D7065 
 925      72617475 
 925      726500
 926              	.LASF64:
 927 00a1 2E5C4661 		.ascii	".\\FanControler.c\000"
 927      6E436F6E 
 927      74726F6C 
 927      65722E63 
 927      00
 928              	.LASF65:
ARM GAS  C:\Users\Lois\AppData\Local\Temp\ccAf33BE.s 			page 19


 929 00b2 433A5C55 		.ascii	"C:\\Users\\Lois\\Desktop\\MC1_5\\MC1_5_PSOC5.cydsn\000"
 929      73657273 
 929      5C4C6F69 
 929      735C4465 
 929      736B746F 
 930              	.LASF12:
 931 00e0 75696E74 		.ascii	"uint16\000"
 931      313600
 932              	.LASF14:
 933 00e7 696E7431 		.ascii	"int16\000"
 933      3600
 934              	.LASF11:
 935 00ed 75696E74 		.ascii	"uint8\000"
 935      3800
 936              	.LASF60:
 937 00f3 66616E45 		.ascii	"fanEnableState\000"
 937      6E61626C 
 937      65537461 
 937      746500
 938              	.LASF0:
 939 0102 7369676E 		.ascii	"signed char\000"
 939      65642063 
 939      68617200 
 940              	.LASF15:
 941 010e 666C6F61 		.ascii	"float\000"
 941      7400
 942              	.LASF6:
 943 0114 6C6F6E67 		.ascii	"long long int\000"
 943      206C6F6E 
 943      6720696E 
 943      7400
 944              	.LASF13:
 945 0122 696E7438 		.ascii	"int8\000"
 945      00
 946              	.LASF67:
 947 0127 6368616E 		.ascii	"changeFanState\000"
 947      67654661 
 947      6E537461 
 947      746500
 948              	.LASF17:
 949 0136 63686172 		.ascii	"char\000"
 949      00
 950              	.LASF63:
 951 013b 474E5520 		.ascii	"GNU C 4.9.3 20150303 (release) [ARM/embedded-4_9-br"
 951      4320342E 
 951      392E3320 
 951      32303135 
 951      30333033 
 952 016e 616E6368 		.ascii	"anch revision 221220] -mcpu=cortex-m3 -mthumb -g -O"
 952      20726576 
 952      6973696F 
 952      6E203232 
 952      31323230 
 953 01a1 30202D66 		.ascii	"0 -ffunction-sections -ffat-lto-objects\000"
 953      66756E63 
 953      74696F6E 
 953      2D736563 
ARM GAS  C:\Users\Lois\AppData\Local\Temp\ccAf33BE.s 			page 20


 953      74696F6E 
 954              	.LASF47:
 955 01c9 61637475 		.ascii	"actualPwmPercentage\000"
 955      616C5077 
 955      6D506572 
 955      63656E74 
 955      61676500 
 956              	.LASF58:
 957 01dd 6D617856 		.ascii	"maxValue\000"
 957      616C7565 
 957      00
 958              	.LASF44:
 959 01e6 63757272 		.ascii	"currentDirection\000"
 959      656E7444 
 959      69726563 
 959      74696F6E 
 959      00
 960              	.LASF46:
 961 01f7 64657369 		.ascii	"desiredPwmPercentage\000"
 961      72656450 
 961      776D5065 
 961      7263656E 
 961      74616765 
 962              	.LASF24:
 963 020c 66616E45 		.ascii	"fanEnabled\000"
 963      6E61626C 
 963      656400
 964              	.LASF19:
 965 0217 6C6F6E67 		.ascii	"long double\000"
 965      20646F75 
 965      626C6500 
 966              	.LASF1:
 967 0223 756E7369 		.ascii	"unsigned char\000"
 967      676E6564 
 967      20636861 
 967      7200
 968              	.LASF35:
 969 0231 4E6F7453 		.ascii	"NotSet\000"
 969      657400
 970              	.LASF23:
 971 0238 66616E44 		.ascii	"fanDisabled\000"
 971      69736162 
 971      6C656400 
 972              	.LASF7:
 973 0244 6C6F6E67 		.ascii	"long long unsigned int\000"
 973      206C6F6E 
 973      6720756E 
 973      7369676E 
 973      65642069 
 974              	.LASF29:
 975 025b 4D61696E 		.ascii	"Maintaining_heat\000"
 975      7461696E 
 975      696E675F 
 975      68656174 
 975      00
 976              	.LASF8:
 977 026c 756E7369 		.ascii	"unsigned int\000"
ARM GAS  C:\Users\Lois\AppData\Local\Temp\ccAf33BE.s 			page 21


 977      676E6564 
 977      20696E74 
 977      00
 978              	.LASF50:
 979 0279 73746570 		.ascii	"stepperPosition\000"
 979      70657250 
 979      6F736974 
 979      696F6E00 
 980              	.LASF37:
 981 0289 48656174 		.ascii	"Heating\000"
 981      696E6700 
 982              	.LASF21:
 983 0291 6D61676E 		.ascii	"magnetisationEnabled\000"
 983      65746973 
 983      6174696F 
 983      6E456E61 
 983      626C6564 
 984              	.LASF49:
 985 02a6 6D61676E 		.ascii	"magnetisationState\000"
 985      65746973 
 985      6174696F 
 985      6E537461 
 985      746500
 986              	.LASF4:
 987 02b9 6C6F6E67 		.ascii	"long int\000"
 987      20696E74 
 987      00
 988              	.LASF32:
 989 02c2 57616974 		.ascii	"Waiting_overshoot\000"
 989      696E675F 
 989      6F766572 
 989      73686F6F 
 989      7400
 990              	.LASF10:
 991 02d4 696E7433 		.ascii	"int32_t\000"
 991      325F7400 
 992              	.LASF27:
 993 02dc 70656C74 		.ascii	"peltierEnabled\000"
 993      69657245 
 993      6E61626C 
 993      656400
 994              	.LASF39:
 995 02eb 6D617854 		.ascii	"maxTemperatureDeviation\000"
 995      656D7065 
 995      72617475 
 995      72654465 
 995      76696174 
 996              	.LASF25:
 997 0303 46616E53 		.ascii	"FanStateType\000"
 997      74617465 
 997      54797065 
 997      00
 998              	.LASF41:
 999 0310 74617267 		.ascii	"targetTemperature\000"
 999      65745465 
 999      6D706572 
 999      61747572 
ARM GAS  C:\Users\Lois\AppData\Local\Temp\ccAf33BE.s 			page 22


 999      6500
 1000              	.LASF33:
 1001 0322 57616974 		.ascii	"Waiting\000"
 1001      696E6700 
 1002              	.LASF51:
 1003 032a 66616E53 		.ascii	"fanSpeedPercentage\000"
 1003      70656564 
 1003      50657263 
 1003      656E7461 
 1003      676500
 1004              	.LASF48:
 1005 033d 70776D50 		.ascii	"pwmPeriodValue\000"
 1005      6572696F 
 1005      6456616C 
 1005      756500
 1006              	.LASF5:
 1007 034c 6C6F6E67 		.ascii	"long unsigned int\000"
 1007      20756E73 
 1007      69676E65 
 1007      6420696E 
 1007      7400
 1008              	.LASF16:
 1009 035e 646F7562 		.ascii	"double\000"
 1009      6C6500
 1010              	.LASF43:
 1011 0365 74656D70 		.ascii	"temperatureMode\000"
 1011      65726174 
 1011      7572654D 
 1011      6F646500 
 1012              	.LASF31:
 1013 0375 4D61696E 		.ascii	"Maintaining_cool\000"
 1013      7461696E 
 1013      696E675F 
 1013      636F6F6C 
 1013      00
 1014              	.LASF55:
 1015 0386 4D43315F 		.ascii	"MC1_5Module\000"
 1015      354D6F64 
 1015      756C6500 
 1016              	.LASF40:
 1017 0392 70656C74 		.ascii	"peltierState\000"
 1017      69657253 
 1017      74617465 
 1017      00
 1018              	.LASF9:
 1019 039f 5F5F696E 		.ascii	"__int32_t\000"
 1019      7433325F 
 1019      7400
 1020              	.LASF38:
 1021 03a9 43757272 		.ascii	"CurrentDirectionType\000"
 1021      656E7444 
 1021      69726563 
 1021      74696F6E 
 1021      54797065 
 1022              	.LASF26:
 1023 03be 70656C74 		.ascii	"peltierDisabled\000"
 1023      69657244 
ARM GAS  C:\Users\Lois\AppData\Local\Temp\ccAf33BE.s 			page 23


 1023      69736162 
 1023      6C656400 
 1024              	.LASF66:
 1025 03ce 6368616E 		.ascii	"changeFanSpeed\000"
 1025      67654661 
 1025      6E537065 
 1025      656400
 1026              	.LASF3:
 1027 03dd 73686F72 		.ascii	"short unsigned int\000"
 1027      7420756E 
 1027      7369676E 
 1027      65642069 
 1027      6E7400
 1028              	.LASF45:
 1029 03f0 70776D43 		.ascii	"pwmCompareValue\000"
 1029      6F6D7061 
 1029      72655661 
 1029      6C756500 
 1030              	.LASF30:
 1031 0400 57616974 		.ascii	"Waiting_drop\000"
 1031      696E675F 
 1031      64726F70 
 1031      00
 1032              	.LASF20:
 1033 040d 6D61676E 		.ascii	"magnetisationDisabled\000"
 1033      65746973 
 1033      6174696F 
 1033      6E446973 
 1033      61626C65 
 1034              	.LASF61:
 1035 0423 49544D5F 		.ascii	"ITM_RxBuffer\000"
 1035      52784275 
 1035      66666572 
 1035      00
 1036              	.LASF59:
 1037 0430 746F5772 		.ascii	"toWrite\000"
 1037      69746500 
 1038              	.LASF52:
 1039 0438 66616E53 		.ascii	"fanState\000"
 1039      74617465 
 1039      00
 1040              	.LASF22:
 1041 0441 4D61676E 		.ascii	"MagnetisationStateType\000"
 1041      65746973 
 1041      6174696F 
 1041      6E537461 
 1041      74655479 
 1042              		.ident	"GCC: (GNU Tools for ARM Embedded Processors) 4.9.3 20150303 (release) [ARM/embedded-4_9-br
