ARM GAS  C:\Users\Lois\AppData\Local\Temp\ccrUcCnm.s 			page 1


   1              		.syntax unified
   2              		.cpu cortex-m3
   3              		.fpu softvfp
   4              		.eabi_attribute 20, 1
   5              		.eabi_attribute 21, 1
   6              		.eabi_attribute 23, 3
   7              		.eabi_attribute 24, 1
   8              		.eabi_attribute 25, 1
   9              		.eabi_attribute 26, 1
  10              		.eabi_attribute 30, 6
  11              		.eabi_attribute 34, 1
  12              		.eabi_attribute 18, 4
  13              		.thumb
  14              		.file	"MagnetisationController.c"
  15              		.text
  16              	.Ltext0:
  17              		.cfi_sections	.debug_frame
  18              		.section	.text.updateMagnetisation,"ax",%progbits
  19              		.align	2
  20              		.global	updateMagnetisation
  21              		.thumb
  22              		.thumb_func
  23              		.type	updateMagnetisation, %function
  24              	updateMagnetisation:
  25              	.LFB56:
  26              		.file 1 ".\\MagnetisationController.c"
   1:.\MagnetisationController.c **** /* ========================================
   2:.\MagnetisationController.c ****  *
   3:.\MagnetisationController.c ****  * Copyright YOUR COMPANY, THE YEAR
   4:.\MagnetisationController.c ****  * All Rights Reserved
   5:.\MagnetisationController.c ****  * UNPUBLISHED, LICENSED SOFTWARE.
   6:.\MagnetisationController.c ****  *
   7:.\MagnetisationController.c ****  * CONFIDENTIAL AND PROPRIETARY INFORMATION
   8:.\MagnetisationController.c ****  * WHICH IS THE PROPERTY OF your company.
   9:.\MagnetisationController.c ****  *
  10:.\MagnetisationController.c ****  * ========================================
  11:.\MagnetisationController.c **** */
  12:.\MagnetisationController.c **** 
  13:.\MagnetisationController.c **** #include "MagnetisationController.h"
  14:.\MagnetisationController.c **** 
  15:.\MagnetisationController.c **** extern MC1_5Module  mc1_5Module[2];
  16:.\MagnetisationController.c **** 
  17:.\MagnetisationController.c **** uint8 updateMagnetisation(uint8 module)
  18:.\MagnetisationController.c **** {
  27              		.loc 1 18 0
  28              		.cfi_startproc
  29              		@ args = 0, pretend = 0, frame = 8
  30              		@ frame_needed = 1, uses_anonymous_args = 0
  31 0000 80B5     		push	{r7, lr}
  32              		.cfi_def_cfa_offset 8
  33              		.cfi_offset 7, -8
  34              		.cfi_offset 14, -4
  35 0002 82B0     		sub	sp, sp, #8
  36              		.cfi_def_cfa_offset 16
  37 0004 00AF     		add	r7, sp, #0
  38              		.cfi_def_cfa_register 7
  39 0006 0346     		mov	r3, r0
ARM GAS  C:\Users\Lois\AppData\Local\Temp\ccrUcCnm.s 			page 2


  40 0008 FB71     		strb	r3, [r7, #7]
  19:.\MagnetisationController.c ****     if(mc1_5Module[module].magnetisationState == magnetisationDisabled && mc1_5Module[module].stepp
  41              		.loc 1 19 0
  42 000a FB79     		ldrb	r3, [r7, #7]	@ zero_extendqisi2
  43 000c 504A     		ldr	r2, .L8
  44 000e 2C21     		movs	r1, #44
  45 0010 01FB03F3 		mul	r3, r1, r3
  46 0014 1344     		add	r3, r3, r2
  47 0016 1033     		adds	r3, r3, #16
  48 0018 1B78     		ldrb	r3, [r3]	@ zero_extendqisi2
  49 001a 002B     		cmp	r3, #0
  50 001c 1AD1     		bne	.L2
  51              		.loc 1 19 0 is_stmt 0 discriminator 1
  52 001e FB79     		ldrb	r3, [r7, #7]	@ zero_extendqisi2
  53 0020 4B4A     		ldr	r2, .L8
  54 0022 2C21     		movs	r1, #44
  55 0024 01FB03F3 		mul	r3, r1, r3
  56 0028 1344     		add	r3, r3, r2
  57 002a 1033     		adds	r3, r3, #16
  58 002c 5B68     		ldr	r3, [r3, #4]
  59 002e 002B     		cmp	r3, #0
  60 0030 10DD     		ble	.L2
  20:.\MagnetisationController.c ****     {
  21:.\MagnetisationController.c ****         mc1_5Module[module].stepperPosition--;
  61              		.loc 1 21 0 is_stmt 1
  62 0032 FB79     		ldrb	r3, [r7, #7]	@ zero_extendqisi2
  63 0034 4649     		ldr	r1, .L8
  64 0036 2C22     		movs	r2, #44
  65 0038 02FB03F2 		mul	r2, r2, r3
  66 003c 0A44     		add	r2, r2, r1
  67 003e 1032     		adds	r2, r2, #16
  68 0040 5268     		ldr	r2, [r2, #4]
  69 0042 013A     		subs	r2, r2, #1
  70 0044 4249     		ldr	r1, .L8
  71 0046 2C20     		movs	r0, #44
  72 0048 00FB03F3 		mul	r3, r0, r3
  73 004c 0B44     		add	r3, r3, r1
  74 004e 1033     		adds	r3, r3, #16
  75 0050 5A60     		str	r2, [r3, #4]
  76 0052 57E0     		b	.L3
  77              	.L2:
  22:.\MagnetisationController.c ****     }
  23:.\MagnetisationController.c ****     else if(mc1_5Module[module].magnetisationState == magnetisationDisabled && mc1_5Module[module].
  78              		.loc 1 23 0
  79 0054 FB79     		ldrb	r3, [r7, #7]	@ zero_extendqisi2
  80 0056 3E4A     		ldr	r2, .L8
  81 0058 2C21     		movs	r1, #44
  82 005a 01FB03F3 		mul	r3, r1, r3
  83 005e 1344     		add	r3, r3, r2
  84 0060 1033     		adds	r3, r3, #16
  85 0062 1B78     		ldrb	r3, [r3]	@ zero_extendqisi2
  86 0064 002B     		cmp	r3, #0
  87 0066 0ED1     		bne	.L4
  88              		.loc 1 23 0 is_stmt 0 discriminator 1
  89 0068 FB79     		ldrb	r3, [r7, #7]	@ zero_extendqisi2
  90 006a 394A     		ldr	r2, .L8
  91 006c 2C21     		movs	r1, #44
ARM GAS  C:\Users\Lois\AppData\Local\Temp\ccrUcCnm.s 			page 3


  92 006e 01FB03F3 		mul	r3, r1, r3
  93 0072 1344     		add	r3, r3, r2
  94 0074 1033     		adds	r3, r3, #16
  95 0076 5B68     		ldr	r3, [r3, #4]
  96 0078 002B     		cmp	r3, #0
  97 007a 04DC     		bgt	.L4
  24:.\MagnetisationController.c ****     {
  25:.\MagnetisationController.c ****         Stop(module);
  98              		.loc 1 25 0 is_stmt 1
  99 007c FB79     		ldrb	r3, [r7, #7]	@ zero_extendqisi2
 100 007e 1846     		mov	r0, r3
 101 0080 FFF7FEFF 		bl	Stop
 102 0084 3EE0     		b	.L3
 103              	.L4:
  26:.\MagnetisationController.c ****     }
  27:.\MagnetisationController.c ****     else if(mc1_5Module[module].magnetisationState == magnetisationEnabled && mc1_5Module[module].s
 104              		.loc 1 27 0
 105 0086 FB79     		ldrb	r3, [r7, #7]	@ zero_extendqisi2
 106 0088 314A     		ldr	r2, .L8
 107 008a 2C21     		movs	r1, #44
 108 008c 01FB03F3 		mul	r3, r1, r3
 109 0090 1344     		add	r3, r3, r2
 110 0092 1033     		adds	r3, r3, #16
 111 0094 1B78     		ldrb	r3, [r3]	@ zero_extendqisi2
 112 0096 012B     		cmp	r3, #1
 113 0098 1BD1     		bne	.L5
 114              		.loc 1 27 0 is_stmt 0 discriminator 1
 115 009a FB79     		ldrb	r3, [r7, #7]	@ zero_extendqisi2
 116 009c 2C4A     		ldr	r2, .L8
 117 009e 2C21     		movs	r1, #44
 118 00a0 01FB03F3 		mul	r3, r1, r3
 119 00a4 1344     		add	r3, r3, r2
 120 00a6 1033     		adds	r3, r3, #16
 121 00a8 5B68     		ldr	r3, [r3, #4]
 122 00aa B3F57A6F 		cmp	r3, #4000
 123 00ae 10DA     		bge	.L5
  28:.\MagnetisationController.c ****     {
  29:.\MagnetisationController.c ****         mc1_5Module[module].stepperPosition++;
 124              		.loc 1 29 0 is_stmt 1
 125 00b0 FB79     		ldrb	r3, [r7, #7]	@ zero_extendqisi2
 126 00b2 2749     		ldr	r1, .L8
 127 00b4 2C22     		movs	r2, #44
 128 00b6 02FB03F2 		mul	r2, r2, r3
 129 00ba 0A44     		add	r2, r2, r1
 130 00bc 1032     		adds	r2, r2, #16
 131 00be 5268     		ldr	r2, [r2, #4]
 132 00c0 0132     		adds	r2, r2, #1
 133 00c2 2349     		ldr	r1, .L8
 134 00c4 2C20     		movs	r0, #44
 135 00c6 00FB03F3 		mul	r3, r0, r3
 136 00ca 0B44     		add	r3, r3, r1
 137 00cc 1033     		adds	r3, r3, #16
 138 00ce 5A60     		str	r2, [r3, #4]
 139 00d0 18E0     		b	.L3
 140              	.L5:
  30:.\MagnetisationController.c ****     }
  31:.\MagnetisationController.c ****     else if(mc1_5Module[module].magnetisationState == magnetisationEnabled && mc1_5Module[module].s
ARM GAS  C:\Users\Lois\AppData\Local\Temp\ccrUcCnm.s 			page 4


 141              		.loc 1 31 0
 142 00d2 FB79     		ldrb	r3, [r7, #7]	@ zero_extendqisi2
 143 00d4 1E4A     		ldr	r2, .L8
 144 00d6 2C21     		movs	r1, #44
 145 00d8 01FB03F3 		mul	r3, r1, r3
 146 00dc 1344     		add	r3, r3, r2
 147 00de 1033     		adds	r3, r3, #16
 148 00e0 1B78     		ldrb	r3, [r3]	@ zero_extendqisi2
 149 00e2 012B     		cmp	r3, #1
 150 00e4 0ED1     		bne	.L3
 151              		.loc 1 31 0 is_stmt 0 discriminator 1
 152 00e6 FB79     		ldrb	r3, [r7, #7]	@ zero_extendqisi2
 153 00e8 194A     		ldr	r2, .L8
 154 00ea 2C21     		movs	r1, #44
 155 00ec 01FB03F3 		mul	r3, r1, r3
 156 00f0 1344     		add	r3, r3, r2
 157 00f2 1033     		adds	r3, r3, #16
 158 00f4 5B68     		ldr	r3, [r3, #4]
 159 00f6 B3F57A6F 		cmp	r3, #4000
 160 00fa 03DB     		blt	.L3
  32:.\MagnetisationController.c ****     {
  33:.\MagnetisationController.c ****         Stop(module);
 161              		.loc 1 33 0 is_stmt 1
 162 00fc FB79     		ldrb	r3, [r7, #7]	@ zero_extendqisi2
 163 00fe 1846     		mov	r0, r3
 164 0100 FFF7FEFF 		bl	Stop
 165              	.L3:
  34:.\MagnetisationController.c ****     }
  35:.\MagnetisationController.c ****     
  36:.\MagnetisationController.c ****     if (mc1_5Module[module].stepperPosition%50 == 0)
 166              		.loc 1 36 0
 167 0104 FB79     		ldrb	r3, [r7, #7]	@ zero_extendqisi2
 168 0106 124A     		ldr	r2, .L8
 169 0108 2C21     		movs	r1, #44
 170 010a 01FB03F3 		mul	r3, r1, r3
 171 010e 1344     		add	r3, r3, r2
 172 0110 1033     		adds	r3, r3, #16
 173 0112 5A68     		ldr	r2, [r3, #4]
 174 0114 0F4B     		ldr	r3, .L8+4
 175 0116 83FB0213 		smull	r1, r3, r3, r2
 176 011a 1911     		asrs	r1, r3, #4
 177 011c D317     		asrs	r3, r2, #31
 178 011e CB1A     		subs	r3, r1, r3
 179 0120 3221     		movs	r1, #50
 180 0122 01FB03F3 		mul	r3, r1, r3
 181 0126 D31A     		subs	r3, r2, r3
 182 0128 002B     		cmp	r3, #0
 183 012a 0CD1     		bne	.L6
  37:.\MagnetisationController.c ****     {
  38:.\MagnetisationController.c ****         saveStepperPositionToEEPROM(module, mc1_5Module[module].stepperPosition);        
 184              		.loc 1 38 0
 185 012c FB79     		ldrb	r3, [r7, #7]	@ zero_extendqisi2
 186 012e 084A     		ldr	r2, .L8
 187 0130 2C21     		movs	r1, #44
 188 0132 01FB03F3 		mul	r3, r1, r3
 189 0136 1344     		add	r3, r3, r2
 190 0138 1033     		adds	r3, r3, #16
ARM GAS  C:\Users\Lois\AppData\Local\Temp\ccrUcCnm.s 			page 5


 191 013a 5B68     		ldr	r3, [r3, #4]
 192 013c FA79     		ldrb	r2, [r7, #7]	@ zero_extendqisi2
 193 013e 1046     		mov	r0, r2
 194 0140 1946     		mov	r1, r3
 195 0142 FFF7FEFF 		bl	saveStepperPositionToEEPROM
 196              	.L6:
  39:.\MagnetisationController.c ****     }    
  40:.\MagnetisationController.c ****     
  41:.\MagnetisationController.c ****     return 1;
 197              		.loc 1 41 0
 198 0146 0123     		movs	r3, #1
  42:.\MagnetisationController.c **** }
 199              		.loc 1 42 0
 200 0148 1846     		mov	r0, r3
 201 014a 0837     		adds	r7, r7, #8
 202              		.cfi_def_cfa_offset 8
 203 014c BD46     		mov	sp, r7
 204              		.cfi_def_cfa_register 13
 205              		@ sp needed
 206 014e 80BD     		pop	{r7, pc}
 207              	.L9:
 208              		.align	2
 209              	.L8:
 210 0150 00000000 		.word	mc1_5Module
 211 0154 1F85EB51 		.word	1374389535
 212              		.cfi_endproc
 213              	.LFE56:
 214              		.size	updateMagnetisation, .-updateMagnetisation
 215              		.section	.text.changeMagnState,"ax",%progbits
 216              		.align	2
 217              		.global	changeMagnState
 218              		.thumb
 219              		.thumb_func
 220              		.type	changeMagnState, %function
 221              	changeMagnState:
 222              	.LFB57:
  43:.\MagnetisationController.c **** 
  44:.\MagnetisationController.c **** uint8 changeMagnState(uint8 desiredMagnState ,uint8 module)
  45:.\MagnetisationController.c **** {
 223              		.loc 1 45 0
 224              		.cfi_startproc
 225              		@ args = 0, pretend = 0, frame = 8
 226              		@ frame_needed = 1, uses_anonymous_args = 0
 227 0000 80B5     		push	{r7, lr}
 228              		.cfi_def_cfa_offset 8
 229              		.cfi_offset 7, -8
 230              		.cfi_offset 14, -4
 231 0002 82B0     		sub	sp, sp, #8
 232              		.cfi_def_cfa_offset 16
 233 0004 00AF     		add	r7, sp, #0
 234              		.cfi_def_cfa_register 7
 235 0006 0346     		mov	r3, r0
 236 0008 0A46     		mov	r2, r1
 237 000a FB71     		strb	r3, [r7, #7]
 238 000c 1346     		mov	r3, r2
 239 000e BB71     		strb	r3, [r7, #6]
  46:.\MagnetisationController.c ****     if (module == 0 || module ==1)
ARM GAS  C:\Users\Lois\AppData\Local\Temp\ccrUcCnm.s 			page 6


 240              		.loc 1 46 0
 241 0010 BB79     		ldrb	r3, [r7, #6]	@ zero_extendqisi2
 242 0012 002B     		cmp	r3, #0
 243 0014 02D0     		beq	.L11
 244              		.loc 1 46 0 is_stmt 0 discriminator 1
 245 0016 BB79     		ldrb	r3, [r7, #6]	@ zero_extendqisi2
 246 0018 012B     		cmp	r3, #1
 247 001a 2DD1     		bne	.L12
 248              	.L11:
  47:.\MagnetisationController.c ****     {
  48:.\MagnetisationController.c ****         if (mc1_5Module[module].magnetisationState == magnetisationEnabled && desiredMagnState == m
 249              		.loc 1 48 0 is_stmt 1
 250 001c BB79     		ldrb	r3, [r7, #6]	@ zero_extendqisi2
 251 001e 194A     		ldr	r2, .L16
 252 0020 2C21     		movs	r1, #44
 253 0022 01FB03F3 		mul	r3, r1, r3
 254 0026 1344     		add	r3, r3, r2
 255 0028 1033     		adds	r3, r3, #16
 256 002a 1B78     		ldrb	r3, [r3]	@ zero_extendqisi2
 257 002c 012B     		cmp	r3, #1
 258 002e 08D1     		bne	.L13
 259              		.loc 1 48 0 is_stmt 0 discriminator 1
 260 0030 FB79     		ldrb	r3, [r7, #7]	@ zero_extendqisi2
 261 0032 002B     		cmp	r3, #0
 262 0034 05D1     		bne	.L13
  49:.\MagnetisationController.c ****         {
  50:.\MagnetisationController.c ****             Move(stepperFall,module); 
 263              		.loc 1 50 0 is_stmt 1
 264 0036 BB79     		ldrb	r3, [r7, #6]	@ zero_extendqisi2
 265 0038 0020     		movs	r0, #0
 266 003a 1946     		mov	r1, r3
 267 003c FFF7FEFF 		bl	Move
 268 0040 11E0     		b	.L14
 269              	.L13:
  51:.\MagnetisationController.c ****         }
  52:.\MagnetisationController.c ****         else if (mc1_5Module[module].magnetisationState == magnetisationDisabled && desiredMagnStat
 270              		.loc 1 52 0
 271 0042 BB79     		ldrb	r3, [r7, #6]	@ zero_extendqisi2
 272 0044 0F4A     		ldr	r2, .L16
 273 0046 2C21     		movs	r1, #44
 274 0048 01FB03F3 		mul	r3, r1, r3
 275 004c 1344     		add	r3, r3, r2
 276 004e 1033     		adds	r3, r3, #16
 277 0050 1B78     		ldrb	r3, [r3]	@ zero_extendqisi2
 278 0052 002B     		cmp	r3, #0
 279 0054 07D1     		bne	.L14
 280              		.loc 1 52 0 is_stmt 0 discriminator 1
 281 0056 FB79     		ldrb	r3, [r7, #7]	@ zero_extendqisi2
 282 0058 012B     		cmp	r3, #1
 283 005a 04D1     		bne	.L14
  53:.\MagnetisationController.c ****         {
  54:.\MagnetisationController.c ****             Move(stepperRise,module);         
 284              		.loc 1 54 0 is_stmt 1
 285 005c BB79     		ldrb	r3, [r7, #6]	@ zero_extendqisi2
 286 005e 0120     		movs	r0, #1
 287 0060 1946     		mov	r1, r3
 288 0062 FFF7FEFF 		bl	Move
ARM GAS  C:\Users\Lois\AppData\Local\Temp\ccrUcCnm.s 			page 7


 289              	.L14:
  55:.\MagnetisationController.c ****         } 
  56:.\MagnetisationController.c ****         mc1_5Module[module].magnetisationState = desiredMagnState;  
 290              		.loc 1 56 0
 291 0066 BB79     		ldrb	r3, [r7, #6]	@ zero_extendqisi2
 292 0068 064A     		ldr	r2, .L16
 293 006a 2C21     		movs	r1, #44
 294 006c 01FB03F3 		mul	r3, r1, r3
 295 0070 1344     		add	r3, r3, r2
 296 0072 1033     		adds	r3, r3, #16
 297 0074 FA79     		ldrb	r2, [r7, #7]
 298 0076 1A70     		strb	r2, [r3]
 299              	.L12:
  57:.\MagnetisationController.c ****     }       
  58:.\MagnetisationController.c **** 
  59:.\MagnetisationController.c ****     return 1;
 300              		.loc 1 59 0
 301 0078 0123     		movs	r3, #1
  60:.\MagnetisationController.c **** }
 302              		.loc 1 60 0
 303 007a 1846     		mov	r0, r3
 304 007c 0837     		adds	r7, r7, #8
 305              		.cfi_def_cfa_offset 8
 306 007e BD46     		mov	sp, r7
 307              		.cfi_def_cfa_register 13
 308              		@ sp needed
 309 0080 80BD     		pop	{r7, pc}
 310              	.L17:
 311 0082 00BF     		.align	2
 312              	.L16:
 313 0084 00000000 		.word	mc1_5Module
 314              		.cfi_endproc
 315              	.LFE57:
 316              		.size	changeMagnState, .-changeMagnState
 317              		.section	.text.initializeMagn,"ax",%progbits
 318              		.align	2
 319              		.global	initializeMagn
 320              		.thumb
 321              		.thumb_func
 322              		.type	initializeMagn, %function
 323              	initializeMagn:
 324              	.LFB58:
  61:.\MagnetisationController.c **** uint8 initializeMagn()
  62:.\MagnetisationController.c **** {
 325              		.loc 1 62 0
 326              		.cfi_startproc
 327              		@ args = 0, pretend = 0, frame = 0
 328              		@ frame_needed = 1, uses_anonymous_args = 0
 329 0000 80B5     		push	{r7, lr}
 330              		.cfi_def_cfa_offset 8
 331              		.cfi_offset 7, -8
 332              		.cfi_offset 14, -4
 333 0002 00AF     		add	r7, sp, #0
 334              		.cfi_def_cfa_register 7
  63:.\MagnetisationController.c ****     Set_StepSize();
 335              		.loc 1 63 0
 336 0004 FFF7FEFF 		bl	Set_StepSize
ARM GAS  C:\Users\Lois\AppData\Local\Temp\ccrUcCnm.s 			page 8


  64:.\MagnetisationController.c **** }
 337              		.loc 1 64 0
 338 0008 1846     		mov	r0, r3
 339 000a 80BD     		pop	{r7, pc}
 340              		.cfi_endproc
 341              	.LFE58:
 342              		.size	initializeMagn, .-initializeMagn
 343              		.text
 344              	.Letext0:
 345              		.file 2 "c:\\program files (x86)\\cypress\\psoc creator\\3.3\\psoc creator\\import\\gnu\\arm\\4.9.
 346              		.file 3 "c:\\program files (x86)\\cypress\\psoc creator\\3.3\\psoc creator\\import\\gnu\\arm\\4.9.
 347              		.file 4 "Generated_Source\\PSoC5/cytypes.h"
 348              		.file 5 "./Defines.h"
 349              		.file 6 "Generated_Source\\PSoC5/core_cm3.h"
 350              		.section	.debug_info,"",%progbits
 351              	.Ldebug_info0:
 352 0000 23030000 		.4byte	0x323
 353 0004 0400     		.2byte	0x4
 354 0006 00000000 		.4byte	.Ldebug_abbrev0
 355 000a 04       		.byte	0x4
 356 000b 01       		.uleb128 0x1
 357 000c 35010000 		.4byte	.LASF63
 358 0010 01       		.byte	0x1
 359 0011 F4000000 		.4byte	.LASF64
 360 0015 B3000000 		.4byte	.LASF65
 361 0019 00000000 		.4byte	.Ldebug_ranges0+0
 362 001d 00000000 		.4byte	0
 363 0021 00000000 		.4byte	.Ldebug_line0
 364 0025 02       		.uleb128 0x2
 365 0026 01       		.byte	0x1
 366 0027 06       		.byte	0x6
 367 0028 10010000 		.4byte	.LASF0
 368 002c 02       		.uleb128 0x2
 369 002d 01       		.byte	0x1
 370 002e 08       		.byte	0x8
 371 002f 48020000 		.4byte	.LASF1
 372 0033 02       		.uleb128 0x2
 373 0034 02       		.byte	0x2
 374 0035 05       		.byte	0x5
 375 0036 66000000 		.4byte	.LASF2
 376 003a 02       		.uleb128 0x2
 377 003b 02       		.byte	0x2
 378 003c 07       		.byte	0x7
 379 003d F7030000 		.4byte	.LASF3
 380 0041 03       		.uleb128 0x3
 381 0042 C8030000 		.4byte	.LASF9
 382 0046 02       		.byte	0x2
 383 0047 3F       		.byte	0x3f
 384 0048 4C000000 		.4byte	0x4c
 385 004c 02       		.uleb128 0x2
 386 004d 04       		.byte	0x4
 387 004e 05       		.byte	0x5
 388 004f EA020000 		.4byte	.LASF4
 389 0053 02       		.uleb128 0x2
 390 0054 04       		.byte	0x4
 391 0055 07       		.byte	0x7
 392 0056 75030000 		.4byte	.LASF5
ARM GAS  C:\Users\Lois\AppData\Local\Temp\ccrUcCnm.s 			page 9


 393 005a 02       		.uleb128 0x2
 394 005b 08       		.byte	0x8
 395 005c 05       		.byte	0x5
 396 005d 22010000 		.4byte	.LASF6
 397 0061 02       		.uleb128 0x2
 398 0062 08       		.byte	0x8
 399 0063 07       		.byte	0x7
 400 0064 75020000 		.4byte	.LASF7
 401 0068 04       		.uleb128 0x4
 402 0069 04       		.byte	0x4
 403 006a 05       		.byte	0x5
 404 006b 696E7400 		.ascii	"int\000"
 405 006f 02       		.uleb128 0x2
 406 0070 04       		.byte	0x4
 407 0071 07       		.byte	0x7
 408 0072 9D020000 		.4byte	.LASF8
 409 0076 03       		.uleb128 0x3
 410 0077 05030000 		.4byte	.LASF10
 411 007b 03       		.byte	0x3
 412 007c 2C       		.byte	0x2c
 413 007d 41000000 		.4byte	0x41
 414 0081 03       		.uleb128 0x3
 415 0082 EE000000 		.4byte	.LASF11
 416 0086 04       		.byte	0x4
 417 0087 A1       		.byte	0xa1
 418 0088 2C000000 		.4byte	0x2c
 419 008c 03       		.uleb128 0x3
 420 008d E1000000 		.4byte	.LASF12
 421 0091 04       		.byte	0x4
 422 0092 A2       		.byte	0xa2
 423 0093 3A000000 		.4byte	0x3a
 424 0097 03       		.uleb128 0x3
 425 0098 E8000000 		.4byte	.LASF13
 426 009c 04       		.byte	0x4
 427 009d A5       		.byte	0xa5
 428 009e 33000000 		.4byte	0x33
 429 00a2 02       		.uleb128 0x2
 430 00a3 04       		.byte	0x4
 431 00a4 04       		.byte	0x4
 432 00a5 1C010000 		.4byte	.LASF14
 433 00a9 02       		.uleb128 0x2
 434 00aa 08       		.byte	0x8
 435 00ab 04       		.byte	0x4
 436 00ac 87030000 		.4byte	.LASF15
 437 00b0 02       		.uleb128 0x2
 438 00b1 01       		.byte	0x1
 439 00b2 08       		.byte	0x8
 440 00b3 30010000 		.4byte	.LASF16
 441 00b7 02       		.uleb128 0x2
 442 00b8 04       		.byte	0x4
 443 00b9 07       		.byte	0x7
 444 00ba 77000000 		.4byte	.LASF17
 445 00be 02       		.uleb128 0x2
 446 00bf 08       		.byte	0x8
 447 00c0 04       		.byte	0x4
 448 00c1 1C020000 		.4byte	.LASF18
 449 00c5 05       		.uleb128 0x5
ARM GAS  C:\Users\Lois\AppData\Local\Temp\ccrUcCnm.s 			page 10


 450 00c6 01       		.byte	0x1
 451 00c7 05       		.byte	0x5
 452 00c8 65       		.byte	0x65
 453 00c9 DA000000 		.4byte	0xda
 454 00cd 06       		.uleb128 0x6
 455 00ce 27040000 		.4byte	.LASF19
 456 00d2 00       		.sleb128 0
 457 00d3 06       		.uleb128 0x6
 458 00d4 C2020000 		.4byte	.LASF20
 459 00d8 01       		.sleb128 1
 460 00d9 00       		.byte	0
 461 00da 03       		.uleb128 0x3
 462 00db 53040000 		.4byte	.LASF21
 463 00df 05       		.byte	0x5
 464 00e0 65       		.byte	0x65
 465 00e1 C5000000 		.4byte	0xc5
 466 00e5 05       		.uleb128 0x5
 467 00e6 01       		.byte	0x1
 468 00e7 05       		.byte	0x5
 469 00e8 66       		.byte	0x66
 470 00e9 FA000000 		.4byte	0xfa
 471 00ed 06       		.uleb128 0x6
 472 00ee 00000000 		.4byte	.LASF22
 473 00f2 00       		.sleb128 0
 474 00f3 06       		.uleb128 0x6
 475 00f4 56020000 		.4byte	.LASF23
 476 00f8 01       		.sleb128 1
 477 00f9 00       		.byte	0
 478 00fa 05       		.uleb128 0x5
 479 00fb 01       		.byte	0x1
 480 00fc 05       		.byte	0x5
 481 00fd 67       		.byte	0x67
 482 00fe 0F010000 		.4byte	0x10f
 483 0102 06       		.uleb128 0x6
 484 0103 69020000 		.4byte	.LASF24
 485 0107 00       		.sleb128 0
 486 0108 06       		.uleb128 0x6
 487 0109 11020000 		.4byte	.LASF25
 488 010d 01       		.sleb128 1
 489 010e 00       		.byte	0
 490 010f 03       		.uleb128 0x3
 491 0110 34030000 		.4byte	.LASF26
 492 0114 05       		.byte	0x5
 493 0115 67       		.byte	0x67
 494 0116 FA000000 		.4byte	0xfa
 495 011a 05       		.uleb128 0x5
 496 011b 01       		.byte	0x1
 497 011c 05       		.byte	0x5
 498 011d 68       		.byte	0x68
 499 011e 2F010000 		.4byte	0x12f
 500 0122 06       		.uleb128 0x6
 501 0123 E7030000 		.4byte	.LASF27
 502 0127 00       		.sleb128 0
 503 0128 06       		.uleb128 0x6
 504 0129 0D030000 		.4byte	.LASF28
 505 012d 01       		.sleb128 1
 506 012e 00       		.byte	0
ARM GAS  C:\Users\Lois\AppData\Local\Temp\ccrUcCnm.s 			page 11


 507 012f 03       		.uleb128 0x3
 508 0130 2C000000 		.4byte	.LASF29
 509 0134 05       		.byte	0x5
 510 0135 68       		.byte	0x68
 511 0136 1A010000 		.4byte	0x11a
 512 013a 05       		.uleb128 0x5
 513 013b 01       		.byte	0x1
 514 013c 05       		.byte	0x5
 515 013d 69       		.byte	0x69
 516 013e 61010000 		.4byte	0x161
 517 0142 06       		.uleb128 0x6
 518 0143 8C020000 		.4byte	.LASF30
 519 0147 00       		.sleb128 0
 520 0148 06       		.uleb128 0x6
 521 0149 1A040000 		.4byte	.LASF31
 522 014d 01       		.sleb128 1
 523 014e 06       		.uleb128 0x6
 524 014f 9E030000 		.4byte	.LASF32
 525 0153 02       		.sleb128 2
 526 0154 06       		.uleb128 0x6
 527 0155 F3020000 		.4byte	.LASF33
 528 0159 03       		.sleb128 3
 529 015a 06       		.uleb128 0x6
 530 015b 80000000 		.4byte	.LASF34
 531 015f 04       		.sleb128 4
 532 0160 00       		.byte	0
 533 0161 03       		.uleb128 0x3
 534 0162 0C000000 		.4byte	.LASF35
 535 0166 05       		.byte	0x5
 536 0167 69       		.byte	0x69
 537 0168 3A010000 		.4byte	0x13a
 538 016c 05       		.uleb128 0x5
 539 016d 01       		.byte	0x1
 540 016e 05       		.byte	0x5
 541 016f 6A       		.byte	0x6a
 542 0170 87010000 		.4byte	0x187
 543 0174 06       		.uleb128 0x6
 544 0175 62020000 		.4byte	.LASF36
 545 0179 02       		.sleb128 2
 546 017a 06       		.uleb128 0x6
 547 017b 88000000 		.4byte	.LASF37
 548 017f 01       		.sleb128 1
 549 0180 06       		.uleb128 0x6
 550 0181 BA020000 		.4byte	.LASF38
 551 0185 00       		.sleb128 0
 552 0186 00       		.byte	0
 553 0187 03       		.uleb128 0x3
 554 0188 D2030000 		.4byte	.LASF39
 555 018c 05       		.byte	0x5
 556 018d 6A       		.byte	0x6a
 557 018e 6C010000 		.4byte	0x16c
 558 0192 07       		.uleb128 0x7
 559 0193 2C       		.byte	0x2c
 560 0194 05       		.byte	0x5
 561 0195 6F       		.byte	0x6f
 562 0196 7C020000 		.4byte	0x27c
 563 019a 08       		.uleb128 0x8
ARM GAS  C:\Users\Lois\AppData\Local\Temp\ccrUcCnm.s 			page 12


 564 019b 1C030000 		.4byte	.LASF40
 565 019f 05       		.byte	0x5
 566 01a0 71       		.byte	0x71
 567 01a1 8C000000 		.4byte	0x8c
 568 01a5 00       		.byte	0
 569 01a6 08       		.uleb128 0x8
 570 01a7 BB030000 		.4byte	.LASF41
 571 01ab 05       		.byte	0x5
 572 01ac 73       		.byte	0x73
 573 01ad 2F010000 		.4byte	0x12f
 574 01b1 02       		.byte	0x2
 575 01b2 08       		.uleb128 0x8
 576 01b3 41030000 		.4byte	.LASF42
 577 01b7 05       		.byte	0x5
 578 01b8 75       		.byte	0x75
 579 01b9 97000000 		.4byte	0x97
 580 01bd 04       		.byte	0x4
 581 01be 08       		.uleb128 0x8
 582 01bf 90000000 		.4byte	.LASF43
 583 01c3 05       		.byte	0x5
 584 01c4 76       		.byte	0x76
 585 01c5 97000000 		.4byte	0x97
 586 01c9 06       		.byte	0x6
 587 01ca 08       		.uleb128 0x8
 588 01cb 8E030000 		.4byte	.LASF44
 589 01cf 05       		.byte	0x5
 590 01d0 77       		.byte	0x77
 591 01d1 61010000 		.4byte	0x161
 592 01d5 08       		.byte	0x8
 593 01d6 08       		.uleb128 0x8
 594 01d7 EB010000 		.4byte	.LASF45
 595 01db 05       		.byte	0x5
 596 01dc 78       		.byte	0x78
 597 01dd 87010000 		.4byte	0x187
 598 01e1 09       		.byte	0x9
 599 01e2 08       		.uleb128 0x8
 600 01e3 0A040000 		.4byte	.LASF46
 601 01e7 05       		.byte	0x5
 602 01e8 7A       		.byte	0x7a
 603 01e9 8C000000 		.4byte	0x8c
 604 01ed 0A       		.byte	0xa
 605 01ee 08       		.uleb128 0x8
 606 01ef FC010000 		.4byte	.LASF47
 607 01f3 05       		.byte	0x5
 608 01f4 7B       		.byte	0x7b
 609 01f5 81000000 		.4byte	0x81
 610 01f9 0C       		.byte	0xc
 611 01fa 08       		.uleb128 0x8
 612 01fb C3010000 		.4byte	.LASF48
 613 01ff 05       		.byte	0x5
 614 0200 7C       		.byte	0x7c
 615 0201 81000000 		.4byte	0x81
 616 0205 0D       		.byte	0xd
 617 0206 08       		.uleb128 0x8
 618 0207 66030000 		.4byte	.LASF49
 619 020b 05       		.byte	0x5
 620 020c 7D       		.byte	0x7d
ARM GAS  C:\Users\Lois\AppData\Local\Temp\ccrUcCnm.s 			page 13


 621 020d 8C000000 		.4byte	0x8c
 622 0211 0E       		.byte	0xe
 623 0212 08       		.uleb128 0x8
 624 0213 D7020000 		.4byte	.LASF50
 625 0217 05       		.byte	0x5
 626 0218 7F       		.byte	0x7f
 627 0219 DA000000 		.4byte	0xda
 628 021d 10       		.byte	0x10
 629 021e 08       		.uleb128 0x8
 630 021f AA020000 		.4byte	.LASF51
 631 0223 05       		.byte	0x5
 632 0224 80       		.byte	0x80
 633 0225 68000000 		.4byte	0x68
 634 0229 14       		.byte	0x14
 635 022a 08       		.uleb128 0x8
 636 022b 53030000 		.4byte	.LASF52
 637 022f 05       		.byte	0x5
 638 0230 82       		.byte	0x82
 639 0231 81000000 		.4byte	0x81
 640 0235 18       		.byte	0x18
 641 0236 08       		.uleb128 0x8
 642 0237 4A040000 		.4byte	.LASF53
 643 023b 05       		.byte	0x5
 644 023c 83       		.byte	0x83
 645 023d 0F010000 		.4byte	0x10f
 646 0241 19       		.byte	0x19
 647 0242 08       		.uleb128 0x8
 648 0243 3D000000 		.4byte	.LASF54
 649 0247 05       		.byte	0x5
 650 0248 85       		.byte	0x85
 651 0249 8C000000 		.4byte	0x8c
 652 024d 1A       		.byte	0x1a
 653 024e 08       		.uleb128 0x8
 654 024f 52000000 		.4byte	.LASF55
 655 0253 05       		.byte	0x5
 656 0254 86       		.byte	0x86
 657 0255 8C000000 		.4byte	0x8c
 658 0259 1C       		.byte	0x1c
 659 025a 09       		.uleb128 0x9
 660 025b 6B7000   		.ascii	"kp\000"
 661 025e 05       		.byte	0x5
 662 025f 87       		.byte	0x87
 663 0260 A2000000 		.4byte	0xa2
 664 0264 20       		.byte	0x20
 665 0265 09       		.uleb128 0x9
 666 0266 6B6900   		.ascii	"ki\000"
 667 0269 05       		.byte	0x5
 668 026a 87       		.byte	0x87
 669 026b A2000000 		.4byte	0xa2
 670 026f 24       		.byte	0x24
 671 0270 09       		.uleb128 0x9
 672 0271 6B6400   		.ascii	"kd\000"
 673 0274 05       		.byte	0x5
 674 0275 87       		.byte	0x87
 675 0276 A2000000 		.4byte	0xa2
 676 027a 28       		.byte	0x28
 677 027b 00       		.byte	0
ARM GAS  C:\Users\Lois\AppData\Local\Temp\ccrUcCnm.s 			page 14


 678 027c 03       		.uleb128 0x3
 679 027d AF030000 		.4byte	.LASF56
 680 0281 05       		.byte	0x5
 681 0282 89       		.byte	0x89
 682 0283 92010000 		.4byte	0x192
 683 0287 0A       		.uleb128 0xa
 684 0288 D7010000 		.4byte	.LASF57
 685 028c 01       		.byte	0x1
 686 028d 11       		.byte	0x11
 687 028e 81000000 		.4byte	0x81
 688 0292 00000000 		.4byte	.LFB56
 689 0296 58010000 		.4byte	.LFE56-.LFB56
 690 029a 01       		.uleb128 0x1
 691 029b 9C       		.byte	0x9c
 692 029c AF020000 		.4byte	0x2af
 693 02a0 0B       		.uleb128 0xb
 694 02a1 70000000 		.4byte	.LASF59
 695 02a5 01       		.byte	0x1
 696 02a6 11       		.byte	0x11
 697 02a7 81000000 		.4byte	0x81
 698 02ab 02       		.uleb128 0x2
 699 02ac 91       		.byte	0x91
 700 02ad 77       		.sleb128 -9
 701 02ae 00       		.byte	0
 702 02af 0A       		.uleb128 0xa
 703 02b0 A3000000 		.4byte	.LASF58
 704 02b4 01       		.byte	0x1
 705 02b5 2C       		.byte	0x2c
 706 02b6 81000000 		.4byte	0x81
 707 02ba 00000000 		.4byte	.LFB57
 708 02be 88000000 		.4byte	.LFE57-.LFB57
 709 02c2 01       		.uleb128 0x1
 710 02c3 9C       		.byte	0x9c
 711 02c4 E5020000 		.4byte	0x2e5
 712 02c8 0B       		.uleb128 0xb
 713 02c9 28020000 		.4byte	.LASF60
 714 02cd 01       		.byte	0x1
 715 02ce 2C       		.byte	0x2c
 716 02cf 81000000 		.4byte	0x81
 717 02d3 02       		.uleb128 0x2
 718 02d4 91       		.byte	0x91
 719 02d5 77       		.sleb128 -9
 720 02d6 0B       		.uleb128 0xb
 721 02d7 70000000 		.4byte	.LASF59
 722 02db 01       		.byte	0x1
 723 02dc 2C       		.byte	0x2c
 724 02dd 81000000 		.4byte	0x81
 725 02e1 02       		.uleb128 0x2
 726 02e2 91       		.byte	0x91
 727 02e3 76       		.sleb128 -10
 728 02e4 00       		.byte	0
 729 02e5 0C       		.uleb128 0xc
 730 02e6 39020000 		.4byte	.LASF66
 731 02ea 01       		.byte	0x1
 732 02eb 3D       		.byte	0x3d
 733 02ec 81000000 		.4byte	0x81
 734 02f0 00000000 		.4byte	.LFB58
ARM GAS  C:\Users\Lois\AppData\Local\Temp\ccrUcCnm.s 			page 15


 735 02f4 0C000000 		.4byte	.LFE58-.LFB58
 736 02f8 01       		.uleb128 0x1
 737 02f9 9C       		.byte	0x9c
 738 02fa 0D       		.uleb128 0xd
 739 02fb 3D040000 		.4byte	.LASF61
 740 02ff 06       		.byte	0x6
 741 0300 1606     		.2byte	0x616
 742 0302 06030000 		.4byte	0x306
 743 0306 0E       		.uleb128 0xe
 744 0307 76000000 		.4byte	0x76
 745 030b 0F       		.uleb128 0xf
 746 030c 7C020000 		.4byte	0x27c
 747 0310 1B030000 		.4byte	0x31b
 748 0314 10       		.uleb128 0x10
 749 0315 B7000000 		.4byte	0xb7
 750 0319 01       		.byte	0x1
 751 031a 00       		.byte	0
 752 031b 11       		.uleb128 0x11
 753 031c 20000000 		.4byte	.LASF62
 754 0320 01       		.byte	0x1
 755 0321 0F       		.byte	0xf
 756 0322 0B030000 		.4byte	0x30b
 757 0326 00       		.byte	0
 758              		.section	.debug_abbrev,"",%progbits
 759              	.Ldebug_abbrev0:
 760 0000 01       		.uleb128 0x1
 761 0001 11       		.uleb128 0x11
 762 0002 01       		.byte	0x1
 763 0003 25       		.uleb128 0x25
 764 0004 0E       		.uleb128 0xe
 765 0005 13       		.uleb128 0x13
 766 0006 0B       		.uleb128 0xb
 767 0007 03       		.uleb128 0x3
 768 0008 0E       		.uleb128 0xe
 769 0009 1B       		.uleb128 0x1b
 770 000a 0E       		.uleb128 0xe
 771 000b 55       		.uleb128 0x55
 772 000c 17       		.uleb128 0x17
 773 000d 11       		.uleb128 0x11
 774 000e 01       		.uleb128 0x1
 775 000f 10       		.uleb128 0x10
 776 0010 17       		.uleb128 0x17
 777 0011 00       		.byte	0
 778 0012 00       		.byte	0
 779 0013 02       		.uleb128 0x2
 780 0014 24       		.uleb128 0x24
 781 0015 00       		.byte	0
 782 0016 0B       		.uleb128 0xb
 783 0017 0B       		.uleb128 0xb
 784 0018 3E       		.uleb128 0x3e
 785 0019 0B       		.uleb128 0xb
 786 001a 03       		.uleb128 0x3
 787 001b 0E       		.uleb128 0xe
 788 001c 00       		.byte	0
 789 001d 00       		.byte	0
 790 001e 03       		.uleb128 0x3
 791 001f 16       		.uleb128 0x16
ARM GAS  C:\Users\Lois\AppData\Local\Temp\ccrUcCnm.s 			page 16


 792 0020 00       		.byte	0
 793 0021 03       		.uleb128 0x3
 794 0022 0E       		.uleb128 0xe
 795 0023 3A       		.uleb128 0x3a
 796 0024 0B       		.uleb128 0xb
 797 0025 3B       		.uleb128 0x3b
 798 0026 0B       		.uleb128 0xb
 799 0027 49       		.uleb128 0x49
 800 0028 13       		.uleb128 0x13
 801 0029 00       		.byte	0
 802 002a 00       		.byte	0
 803 002b 04       		.uleb128 0x4
 804 002c 24       		.uleb128 0x24
 805 002d 00       		.byte	0
 806 002e 0B       		.uleb128 0xb
 807 002f 0B       		.uleb128 0xb
 808 0030 3E       		.uleb128 0x3e
 809 0031 0B       		.uleb128 0xb
 810 0032 03       		.uleb128 0x3
 811 0033 08       		.uleb128 0x8
 812 0034 00       		.byte	0
 813 0035 00       		.byte	0
 814 0036 05       		.uleb128 0x5
 815 0037 04       		.uleb128 0x4
 816 0038 01       		.byte	0x1
 817 0039 0B       		.uleb128 0xb
 818 003a 0B       		.uleb128 0xb
 819 003b 3A       		.uleb128 0x3a
 820 003c 0B       		.uleb128 0xb
 821 003d 3B       		.uleb128 0x3b
 822 003e 0B       		.uleb128 0xb
 823 003f 01       		.uleb128 0x1
 824 0040 13       		.uleb128 0x13
 825 0041 00       		.byte	0
 826 0042 00       		.byte	0
 827 0043 06       		.uleb128 0x6
 828 0044 28       		.uleb128 0x28
 829 0045 00       		.byte	0
 830 0046 03       		.uleb128 0x3
 831 0047 0E       		.uleb128 0xe
 832 0048 1C       		.uleb128 0x1c
 833 0049 0D       		.uleb128 0xd
 834 004a 00       		.byte	0
 835 004b 00       		.byte	0
 836 004c 07       		.uleb128 0x7
 837 004d 13       		.uleb128 0x13
 838 004e 01       		.byte	0x1
 839 004f 0B       		.uleb128 0xb
 840 0050 0B       		.uleb128 0xb
 841 0051 3A       		.uleb128 0x3a
 842 0052 0B       		.uleb128 0xb
 843 0053 3B       		.uleb128 0x3b
 844 0054 0B       		.uleb128 0xb
 845 0055 01       		.uleb128 0x1
 846 0056 13       		.uleb128 0x13
 847 0057 00       		.byte	0
 848 0058 00       		.byte	0
ARM GAS  C:\Users\Lois\AppData\Local\Temp\ccrUcCnm.s 			page 17


 849 0059 08       		.uleb128 0x8
 850 005a 0D       		.uleb128 0xd
 851 005b 00       		.byte	0
 852 005c 03       		.uleb128 0x3
 853 005d 0E       		.uleb128 0xe
 854 005e 3A       		.uleb128 0x3a
 855 005f 0B       		.uleb128 0xb
 856 0060 3B       		.uleb128 0x3b
 857 0061 0B       		.uleb128 0xb
 858 0062 49       		.uleb128 0x49
 859 0063 13       		.uleb128 0x13
 860 0064 38       		.uleb128 0x38
 861 0065 0B       		.uleb128 0xb
 862 0066 00       		.byte	0
 863 0067 00       		.byte	0
 864 0068 09       		.uleb128 0x9
 865 0069 0D       		.uleb128 0xd
 866 006a 00       		.byte	0
 867 006b 03       		.uleb128 0x3
 868 006c 08       		.uleb128 0x8
 869 006d 3A       		.uleb128 0x3a
 870 006e 0B       		.uleb128 0xb
 871 006f 3B       		.uleb128 0x3b
 872 0070 0B       		.uleb128 0xb
 873 0071 49       		.uleb128 0x49
 874 0072 13       		.uleb128 0x13
 875 0073 38       		.uleb128 0x38
 876 0074 0B       		.uleb128 0xb
 877 0075 00       		.byte	0
 878 0076 00       		.byte	0
 879 0077 0A       		.uleb128 0xa
 880 0078 2E       		.uleb128 0x2e
 881 0079 01       		.byte	0x1
 882 007a 3F       		.uleb128 0x3f
 883 007b 19       		.uleb128 0x19
 884 007c 03       		.uleb128 0x3
 885 007d 0E       		.uleb128 0xe
 886 007e 3A       		.uleb128 0x3a
 887 007f 0B       		.uleb128 0xb
 888 0080 3B       		.uleb128 0x3b
 889 0081 0B       		.uleb128 0xb
 890 0082 27       		.uleb128 0x27
 891 0083 19       		.uleb128 0x19
 892 0084 49       		.uleb128 0x49
 893 0085 13       		.uleb128 0x13
 894 0086 11       		.uleb128 0x11
 895 0087 01       		.uleb128 0x1
 896 0088 12       		.uleb128 0x12
 897 0089 06       		.uleb128 0x6
 898 008a 40       		.uleb128 0x40
 899 008b 18       		.uleb128 0x18
 900 008c 9642     		.uleb128 0x2116
 901 008e 19       		.uleb128 0x19
 902 008f 01       		.uleb128 0x1
 903 0090 13       		.uleb128 0x13
 904 0091 00       		.byte	0
 905 0092 00       		.byte	0
ARM GAS  C:\Users\Lois\AppData\Local\Temp\ccrUcCnm.s 			page 18


 906 0093 0B       		.uleb128 0xb
 907 0094 05       		.uleb128 0x5
 908 0095 00       		.byte	0
 909 0096 03       		.uleb128 0x3
 910 0097 0E       		.uleb128 0xe
 911 0098 3A       		.uleb128 0x3a
 912 0099 0B       		.uleb128 0xb
 913 009a 3B       		.uleb128 0x3b
 914 009b 0B       		.uleb128 0xb
 915 009c 49       		.uleb128 0x49
 916 009d 13       		.uleb128 0x13
 917 009e 02       		.uleb128 0x2
 918 009f 18       		.uleb128 0x18
 919 00a0 00       		.byte	0
 920 00a1 00       		.byte	0
 921 00a2 0C       		.uleb128 0xc
 922 00a3 2E       		.uleb128 0x2e
 923 00a4 00       		.byte	0
 924 00a5 3F       		.uleb128 0x3f
 925 00a6 19       		.uleb128 0x19
 926 00a7 03       		.uleb128 0x3
 927 00a8 0E       		.uleb128 0xe
 928 00a9 3A       		.uleb128 0x3a
 929 00aa 0B       		.uleb128 0xb
 930 00ab 3B       		.uleb128 0x3b
 931 00ac 0B       		.uleb128 0xb
 932 00ad 49       		.uleb128 0x49
 933 00ae 13       		.uleb128 0x13
 934 00af 11       		.uleb128 0x11
 935 00b0 01       		.uleb128 0x1
 936 00b1 12       		.uleb128 0x12
 937 00b2 06       		.uleb128 0x6
 938 00b3 40       		.uleb128 0x40
 939 00b4 18       		.uleb128 0x18
 940 00b5 9642     		.uleb128 0x2116
 941 00b7 19       		.uleb128 0x19
 942 00b8 00       		.byte	0
 943 00b9 00       		.byte	0
 944 00ba 0D       		.uleb128 0xd
 945 00bb 34       		.uleb128 0x34
 946 00bc 00       		.byte	0
 947 00bd 03       		.uleb128 0x3
 948 00be 0E       		.uleb128 0xe
 949 00bf 3A       		.uleb128 0x3a
 950 00c0 0B       		.uleb128 0xb
 951 00c1 3B       		.uleb128 0x3b
 952 00c2 05       		.uleb128 0x5
 953 00c3 49       		.uleb128 0x49
 954 00c4 13       		.uleb128 0x13
 955 00c5 3F       		.uleb128 0x3f
 956 00c6 19       		.uleb128 0x19
 957 00c7 3C       		.uleb128 0x3c
 958 00c8 19       		.uleb128 0x19
 959 00c9 00       		.byte	0
 960 00ca 00       		.byte	0
 961 00cb 0E       		.uleb128 0xe
 962 00cc 35       		.uleb128 0x35
ARM GAS  C:\Users\Lois\AppData\Local\Temp\ccrUcCnm.s 			page 19


 963 00cd 00       		.byte	0
 964 00ce 49       		.uleb128 0x49
 965 00cf 13       		.uleb128 0x13
 966 00d0 00       		.byte	0
 967 00d1 00       		.byte	0
 968 00d2 0F       		.uleb128 0xf
 969 00d3 01       		.uleb128 0x1
 970 00d4 01       		.byte	0x1
 971 00d5 49       		.uleb128 0x49
 972 00d6 13       		.uleb128 0x13
 973 00d7 01       		.uleb128 0x1
 974 00d8 13       		.uleb128 0x13
 975 00d9 00       		.byte	0
 976 00da 00       		.byte	0
 977 00db 10       		.uleb128 0x10
 978 00dc 21       		.uleb128 0x21
 979 00dd 00       		.byte	0
 980 00de 49       		.uleb128 0x49
 981 00df 13       		.uleb128 0x13
 982 00e0 2F       		.uleb128 0x2f
 983 00e1 0B       		.uleb128 0xb
 984 00e2 00       		.byte	0
 985 00e3 00       		.byte	0
 986 00e4 11       		.uleb128 0x11
 987 00e5 34       		.uleb128 0x34
 988 00e6 00       		.byte	0
 989 00e7 03       		.uleb128 0x3
 990 00e8 0E       		.uleb128 0xe
 991 00e9 3A       		.uleb128 0x3a
 992 00ea 0B       		.uleb128 0xb
 993 00eb 3B       		.uleb128 0x3b
 994 00ec 0B       		.uleb128 0xb
 995 00ed 49       		.uleb128 0x49
 996 00ee 13       		.uleb128 0x13
 997 00ef 3F       		.uleb128 0x3f
 998 00f0 19       		.uleb128 0x19
 999 00f1 3C       		.uleb128 0x3c
 1000 00f2 19       		.uleb128 0x19
 1001 00f3 00       		.byte	0
 1002 00f4 00       		.byte	0
 1003 00f5 00       		.byte	0
 1004              		.section	.debug_aranges,"",%progbits
 1005 0000 2C000000 		.4byte	0x2c
 1006 0004 0200     		.2byte	0x2
 1007 0006 00000000 		.4byte	.Ldebug_info0
 1008 000a 04       		.byte	0x4
 1009 000b 00       		.byte	0
 1010 000c 0000     		.2byte	0
 1011 000e 0000     		.2byte	0
 1012 0010 00000000 		.4byte	.LFB56
 1013 0014 58010000 		.4byte	.LFE56-.LFB56
 1014 0018 00000000 		.4byte	.LFB57
 1015 001c 88000000 		.4byte	.LFE57-.LFB57
 1016 0020 00000000 		.4byte	.LFB58
 1017 0024 0C000000 		.4byte	.LFE58-.LFB58
 1018 0028 00000000 		.4byte	0
 1019 002c 00000000 		.4byte	0
ARM GAS  C:\Users\Lois\AppData\Local\Temp\ccrUcCnm.s 			page 20


 1020              		.section	.debug_ranges,"",%progbits
 1021              	.Ldebug_ranges0:
 1022 0000 00000000 		.4byte	.LFB56
 1023 0004 58010000 		.4byte	.LFE56
 1024 0008 00000000 		.4byte	.LFB57
 1025 000c 88000000 		.4byte	.LFE57
 1026 0010 00000000 		.4byte	.LFB58
 1027 0014 0C000000 		.4byte	.LFE58
 1028 0018 00000000 		.4byte	0
 1029 001c 00000000 		.4byte	0
 1030              		.section	.debug_line,"",%progbits
 1031              	.Ldebug_line0:
 1032 0000 E8010000 		.section	.debug_str,"MS",%progbits,1
 1032      02006B01 
 1032      00000201 
 1032      FB0E0D00 
 1032      01010101 
 1033              	.LASF22:
 1034 0000 73746570 		.ascii	"stepperFall\000"
 1034      70657246 
 1034      616C6C00 
 1035              	.LASF35:
 1036 000c 54656D70 		.ascii	"TemperatureModeType\000"
 1036      65726174 
 1036      7572654D 
 1036      6F646554 
 1036      79706500 
 1037              	.LASF62:
 1038 0020 6D63315F 		.ascii	"mc1_5Module\000"
 1038      354D6F64 
 1038      756C6500 
 1039              	.LASF29:
 1040 002c 50656C74 		.ascii	"PeltierStateType\000"
 1040      69657253 
 1040      74617465 
 1040      54797065 
 1040      00
 1041              	.LASF54:
 1042 003d 74656D70 		.ascii	"temperatureLimitHigh\000"
 1042      65726174 
 1042      7572654C 
 1042      696D6974 
 1042      48696768 
 1043              	.LASF55:
 1044 0052 74656D70 		.ascii	"temperatureLimitLow\000"
 1044      65726174 
 1044      7572654C 
 1044      696D6974 
 1044      4C6F7700 
 1045              	.LASF2:
 1046 0066 73686F72 		.ascii	"short int\000"
 1046      7420696E 
 1046      7400
 1047              	.LASF59:
 1048 0070 6D6F6475 		.ascii	"module\000"
 1048      6C6500
 1049              	.LASF17:
ARM GAS  C:\Users\Lois\AppData\Local\Temp\ccrUcCnm.s 			page 21


 1050 0077 73697A65 		.ascii	"sizetype\000"
 1050      74797065 
 1050      00
 1051              	.LASF34:
 1052 0080 57616974 		.ascii	"Waiting\000"
 1052      696E6700 
 1053              	.LASF37:
 1054 0088 436F6F6C 		.ascii	"Cooling\000"
 1054      696E6700 
 1055              	.LASF43:
 1056 0090 63757272 		.ascii	"currentTemperature\000"
 1056      656E7454 
 1056      656D7065 
 1056      72617475 
 1056      726500
 1057              	.LASF58:
 1058 00a3 6368616E 		.ascii	"changeMagnState\000"
 1058      67654D61 
 1058      676E5374 
 1058      61746500 
 1059              	.LASF65:
 1060 00b3 433A5C55 		.ascii	"C:\\Users\\Lois\\Desktop\\MC1_5\\MC1_5_PSOC5.cydsn\000"
 1060      73657273 
 1060      5C4C6F69 
 1060      735C4465 
 1060      736B746F 
 1061              	.LASF12:
 1062 00e1 75696E74 		.ascii	"uint16\000"
 1062      313600
 1063              	.LASF13:
 1064 00e8 696E7431 		.ascii	"int16\000"
 1064      3600
 1065              	.LASF11:
 1066 00ee 75696E74 		.ascii	"uint8\000"
 1066      3800
 1067              	.LASF64:
 1068 00f4 2E5C4D61 		.ascii	".\\MagnetisationController.c\000"
 1068      676E6574 
 1068      69736174 
 1068      696F6E43 
 1068      6F6E7472 
 1069              	.LASF0:
 1070 0110 7369676E 		.ascii	"signed char\000"
 1070      65642063 
 1070      68617200 
 1071              	.LASF14:
 1072 011c 666C6F61 		.ascii	"float\000"
 1072      7400
 1073              	.LASF6:
 1074 0122 6C6F6E67 		.ascii	"long long int\000"
 1074      206C6F6E 
 1074      6720696E 
 1074      7400
 1075              	.LASF16:
 1076 0130 63686172 		.ascii	"char\000"
 1076      00
 1077              	.LASF63:
ARM GAS  C:\Users\Lois\AppData\Local\Temp\ccrUcCnm.s 			page 22


 1078 0135 474E5520 		.ascii	"GNU C 4.9.3 20150303 (release) [ARM/embedded-4_9-br"
 1078      4320342E 
 1078      392E3320 
 1078      32303135 
 1078      30333033 
 1079 0168 616E6368 		.ascii	"anch revision 221220] -mcpu=cortex-m3 -mthumb -g -O"
 1079      20726576 
 1079      6973696F 
 1079      6E203232 
 1079      31323230 
 1080 019b 30202D66 		.ascii	"0 -ffunction-sections -ffat-lto-objects\000"
 1080      66756E63 
 1080      74696F6E 
 1080      2D736563 
 1080      74696F6E 
 1081              	.LASF48:
 1082 01c3 61637475 		.ascii	"actualPwmPercentage\000"
 1082      616C5077 
 1082      6D506572 
 1082      63656E74 
 1082      61676500 
 1083              	.LASF57:
 1084 01d7 75706461 		.ascii	"updateMagnetisation\000"
 1084      74654D61 
 1084      676E6574 
 1084      69736174 
 1084      696F6E00 
 1085              	.LASF45:
 1086 01eb 63757272 		.ascii	"currentDirection\000"
 1086      656E7444 
 1086      69726563 
 1086      74696F6E 
 1086      00
 1087              	.LASF47:
 1088 01fc 64657369 		.ascii	"desiredPwmPercentage\000"
 1088      72656450 
 1088      776D5065 
 1088      7263656E 
 1088      74616765 
 1089              	.LASF25:
 1090 0211 66616E45 		.ascii	"fanEnabled\000"
 1090      6E61626C 
 1090      656400
 1091              	.LASF18:
 1092 021c 6C6F6E67 		.ascii	"long double\000"
 1092      20646F75 
 1092      626C6500 
 1093              	.LASF60:
 1094 0228 64657369 		.ascii	"desiredMagnState\000"
 1094      7265644D 
 1094      61676E53 
 1094      74617465 
 1094      00
 1095              	.LASF66:
 1096 0239 696E6974 		.ascii	"initializeMagn\000"
 1096      69616C69 
 1096      7A654D61 
ARM GAS  C:\Users\Lois\AppData\Local\Temp\ccrUcCnm.s 			page 23


 1096      676E00
 1097              	.LASF1:
 1098 0248 756E7369 		.ascii	"unsigned char\000"
 1098      676E6564 
 1098      20636861 
 1098      7200
 1099              	.LASF23:
 1100 0256 73746570 		.ascii	"stepperRise\000"
 1100      70657252 
 1100      69736500 
 1101              	.LASF36:
 1102 0262 4E6F7453 		.ascii	"NotSet\000"
 1102      657400
 1103              	.LASF24:
 1104 0269 66616E44 		.ascii	"fanDisabled\000"
 1104      69736162 
 1104      6C656400 
 1105              	.LASF7:
 1106 0275 6C6F6E67 		.ascii	"long long unsigned int\000"
 1106      206C6F6E 
 1106      6720756E 
 1106      7369676E 
 1106      65642069 
 1107              	.LASF30:
 1108 028c 4D61696E 		.ascii	"Maintaining_heat\000"
 1108      7461696E 
 1108      696E675F 
 1108      68656174 
 1108      00
 1109              	.LASF8:
 1110 029d 756E7369 		.ascii	"unsigned int\000"
 1110      676E6564 
 1110      20696E74 
 1110      00
 1111              	.LASF51:
 1112 02aa 73746570 		.ascii	"stepperPosition\000"
 1112      70657250 
 1112      6F736974 
 1112      696F6E00 
 1113              	.LASF38:
 1114 02ba 48656174 		.ascii	"Heating\000"
 1114      696E6700 
 1115              	.LASF20:
 1116 02c2 6D61676E 		.ascii	"magnetisationEnabled\000"
 1116      65746973 
 1116      6174696F 
 1116      6E456E61 
 1116      626C6564 
 1117              	.LASF50:
 1118 02d7 6D61676E 		.ascii	"magnetisationState\000"
 1118      65746973 
 1118      6174696F 
 1118      6E537461 
 1118      746500
 1119              	.LASF4:
 1120 02ea 6C6F6E67 		.ascii	"long int\000"
 1120      20696E74 
ARM GAS  C:\Users\Lois\AppData\Local\Temp\ccrUcCnm.s 			page 24


 1120      00
 1121              	.LASF33:
 1122 02f3 57616974 		.ascii	"Waiting_overshoot\000"
 1122      696E675F 
 1122      6F766572 
 1122      73686F6F 
 1122      7400
 1123              	.LASF10:
 1124 0305 696E7433 		.ascii	"int32_t\000"
 1124      325F7400 
 1125              	.LASF28:
 1126 030d 70656C74 		.ascii	"peltierEnabled\000"
 1126      69657245 
 1126      6E61626C 
 1126      656400
 1127              	.LASF40:
 1128 031c 6D617854 		.ascii	"maxTemperatureDeviation\000"
 1128      656D7065 
 1128      72617475 
 1128      72654465 
 1128      76696174 
 1129              	.LASF26:
 1130 0334 46616E53 		.ascii	"FanStateType\000"
 1130      74617465 
 1130      54797065 
 1130      00
 1131              	.LASF42:
 1132 0341 74617267 		.ascii	"targetTemperature\000"
 1132      65745465 
 1132      6D706572 
 1132      61747572 
 1132      6500
 1133              	.LASF52:
 1134 0353 66616E53 		.ascii	"fanSpeedPercentage\000"
 1134      70656564 
 1134      50657263 
 1134      656E7461 
 1134      676500
 1135              	.LASF49:
 1136 0366 70776D50 		.ascii	"pwmPeriodValue\000"
 1136      6572696F 
 1136      6456616C 
 1136      756500
 1137              	.LASF5:
 1138 0375 6C6F6E67 		.ascii	"long unsigned int\000"
 1138      20756E73 
 1138      69676E65 
 1138      6420696E 
 1138      7400
 1139              	.LASF15:
 1140 0387 646F7562 		.ascii	"double\000"
 1140      6C6500
 1141              	.LASF44:
 1142 038e 74656D70 		.ascii	"temperatureMode\000"
 1142      65726174 
 1142      7572654D 
 1142      6F646500 
ARM GAS  C:\Users\Lois\AppData\Local\Temp\ccrUcCnm.s 			page 25


 1143              	.LASF32:
 1144 039e 4D61696E 		.ascii	"Maintaining_cool\000"
 1144      7461696E 
 1144      696E675F 
 1144      636F6F6C 
 1144      00
 1145              	.LASF56:
 1146 03af 4D43315F 		.ascii	"MC1_5Module\000"
 1146      354D6F64 
 1146      756C6500 
 1147              	.LASF41:
 1148 03bb 70656C74 		.ascii	"peltierState\000"
 1148      69657253 
 1148      74617465 
 1148      00
 1149              	.LASF9:
 1150 03c8 5F5F696E 		.ascii	"__int32_t\000"
 1150      7433325F 
 1150      7400
 1151              	.LASF39:
 1152 03d2 43757272 		.ascii	"CurrentDirectionType\000"
 1152      656E7444 
 1152      69726563 
 1152      74696F6E 
 1152      54797065 
 1153              	.LASF27:
 1154 03e7 70656C74 		.ascii	"peltierDisabled\000"
 1154      69657244 
 1154      69736162 
 1154      6C656400 
 1155              	.LASF3:
 1156 03f7 73686F72 		.ascii	"short unsigned int\000"
 1156      7420756E 
 1156      7369676E 
 1156      65642069 
 1156      6E7400
 1157              	.LASF46:
 1158 040a 70776D43 		.ascii	"pwmCompareValue\000"
 1158      6F6D7061 
 1158      72655661 
 1158      6C756500 
 1159              	.LASF31:
 1160 041a 57616974 		.ascii	"Waiting_drop\000"
 1160      696E675F 
 1160      64726F70 
 1160      00
 1161              	.LASF19:
 1162 0427 6D61676E 		.ascii	"magnetisationDisabled\000"
 1162      65746973 
 1162      6174696F 
 1162      6E446973 
 1162      61626C65 
 1163              	.LASF61:
 1164 043d 49544D5F 		.ascii	"ITM_RxBuffer\000"
 1164      52784275 
 1164      66666572 
 1164      00
ARM GAS  C:\Users\Lois\AppData\Local\Temp\ccrUcCnm.s 			page 26


 1165              	.LASF53:
 1166 044a 66616E53 		.ascii	"fanState\000"
 1166      74617465 
 1166      00
 1167              	.LASF21:
 1168 0453 4D61676E 		.ascii	"MagnetisationStateType\000"
 1168      65746973 
 1168      6174696F 
 1168      6E537461 
 1168      74655479 
 1169              		.ident	"GCC: (GNU Tools for ARM Embedded Processors) 4.9.3 20150303 (release) [ARM/embedded-4_9-br
