ARM GAS  C:\Users\plod1602\AppData\Local\Temp\ccIVjlnP.s 			page 1


   1              		.syntax unified
   2              		.cpu cortex-m3
   3              		.fpu softvfp
   4              		.eabi_attribute 20, 1
   5              		.eabi_attribute 21, 1
   6              		.eabi_attribute 23, 3
   7              		.eabi_attribute 24, 1
   8              		.eabi_attribute 25, 1
   9              		.eabi_attribute 26, 1
  10              		.eabi_attribute 30, 6
  11              		.eabi_attribute 34, 1
  12              		.eabi_attribute 18, 4
  13              		.thumb
  14              		.file	"measurement.c"
  15              		.text
  16              	.Ltext0:
  17              		.cfi_sections	.debug_frame
  18              		.section	.text.MeasureResistorVoltage,"ax",%progbits
  19              		.align	2
  20              		.global	MeasureResistorVoltage
  21              		.thumb
  22              		.thumb_func
  23              		.type	MeasureResistorVoltage, %function
  24              	MeasureResistorVoltage:
  25              	.LFB56:
  26              		.file 1 ".\\measurement.c"
   1:.\measurement.c **** /******************************************************************************
   2:.\measurement.c **** * File Name: measurement.c
   3:.\measurement.c **** *  Version 2.0
   4:.\measurement.c **** *
   5:.\measurement.c **** * Description:
   6:.\measurement.c **** *  This file contains the function that is used to find the thermistor resistance.
   7:.\measurement.c **** * 
   8:.\measurement.c **** * Note:
   9:.\measurement.c **** *
  10:.\measurement.c **** ********************************************************************************
  11:.\measurement.c **** * Copyright (2013), Cypress Semiconductor Corporation. All Rights Reserved.
  12:.\measurement.c **** ********************************************************************************
  13:.\measurement.c **** * This software is owned by Cypress Semiconductor Corporation (Cypress)
  14:.\measurement.c **** * and is protected by and subject to worldwide patent protection (United
  15:.\measurement.c **** * States and foreign), United States copyright laws and international treaty
  16:.\measurement.c **** * provisions. Cypress hereby grants to licensee a personal, non-exclusive,
  17:.\measurement.c **** * non-transferable license to copy, use, modify, create derivative works of,
  18:.\measurement.c **** * and compile the Cypress Source Code and derivative works for the sole
  19:.\measurement.c **** * purpose of creating custom software in support of licensee product to be
  20:.\measurement.c **** * used only in conjunction with a Cypress integrated circuit as specified in
  21:.\measurement.c **** * the applicable agreement. Any reproduction, modification, translation,
  22:.\measurement.c **** * compilation, or representation of this software except as specified above 
  23:.\measurement.c **** * is prohibited without the express written permission of Cypress.
  24:.\measurement.c **** *
  25:.\measurement.c **** * Disclaimer: CYPRESS MAKES NO WARRANTY OF ANY KIND, EXPRESS OR IMPLIED, WITH 
  26:.\measurement.c **** * REGARD TO THIS MATERIAL, INCLUDING, BUT NOT LIMITED TO, THE IMPLIED 
  27:.\measurement.c **** * WARRANTIES OF MERCHANTABILITY AND FITNESS FOR A PARTICULAR PURPOSE.
  28:.\measurement.c **** * Cypress reserves the right to make changes without further notice to the 
  29:.\measurement.c **** * materials described herein. Cypress does not assume any liability arising out 
  30:.\measurement.c **** * of the application or use of any product or circuit described herein. Cypress 
  31:.\measurement.c **** * does not authorize its products for use as critical components in life-support 
ARM GAS  C:\Users\plod1602\AppData\Local\Temp\ccIVjlnP.s 			page 2


  32:.\measurement.c **** * systems where a malfunction or failure may reasonably be expected to result in 
  33:.\measurement.c **** * significant injury to the user. The inclusion of Cypress' product in a life-
  34:.\measurement.c **** * support systems application implies that the manufacturer assumes all risk of 
  35:.\measurement.c **** * such use and in doing so indemnifies Cypress against all charges. 
  36:.\measurement.c **** *
  37:.\measurement.c **** * Use of this Software may be limited by and subject to the applicable Cypress
  38:.\measurement.c **** * software license agreement. 
  39:.\measurement.c **** *******************************************************************************/
  40:.\measurement.c **** #include "measurement.h"
  41:.\measurement.c **** #include "removeOffsetNoise.h"
  42:.\measurement.c **** 
  43:.\measurement.c **** /*******************************************************************************
  44:.\measurement.c **** *  Function Name: MeasureThermistorVoltage
  45:.\measurement.c **** ********************************************************************************
  46:.\measurement.c **** * Summary:
  47:.\measurement.c **** * This functions returns the voltage across the resistor. Either Thermistor or Reference 
  48:.\measurement.c **** *
  49:.\measurement.c **** * Parameters:
  50:.\measurement.c **** * none
  51:.\measurement.c **** *
  52:.\measurement.c **** * Return: 
  53:.\measurement.c **** * resistor voltage in ADC counts
  54:.\measurement.c **** 
  55:.\measurement.c **** * Theory:
  56:.\measurement.c **** * Measure voltage across the resistor. Subtract offset from value, and filter value
  57:.\measurement.c **** *
  58:.\measurement.c **** * Side Effects:
  59:.\measurement.c **** * None
  60:.\measurement.c **** *******************************************************************************/
  61:.\measurement.c **** int32 MeasureResistorVoltage(uint8 channel)
  62:.\measurement.c **** {
  27              		.loc 1 62 0
  28              		.cfi_startproc
  29              		@ args = 0, pretend = 0, frame = 16
  30              		@ frame_needed = 1, uses_anonymous_args = 0
  31 0000 80B5     		push	{r7, lr}
  32              		.cfi_def_cfa_offset 8
  33              		.cfi_offset 7, -8
  34              		.cfi_offset 14, -4
  35 0002 84B0     		sub	sp, sp, #16
  36              		.cfi_def_cfa_offset 24
  37 0004 00AF     		add	r7, sp, #0
  38              		.cfi_def_cfa_register 7
  39 0006 0346     		mov	r3, r0
  40 0008 FB71     		strb	r3, [r7, #7]
  63:.\measurement.c **** 	/* Voltage across resistor*/
  64:.\measurement.c **** 	int32 result;
  65:.\measurement.c **** 	
  66:.\measurement.c **** 	/* Offset Voltage*/
  67:.\measurement.c **** 	int32 offset;
  68:.\measurement.c **** 
  69:.\measurement.c **** 	/* Select correct AMUX channel*/	
  70:.\measurement.c **** 	AMux_FastSelect(channel);
  41              		.loc 1 70 0
  42 000a FB79     		ldrb	r3, [r7, #7]	@ zero_extendqisi2
  43 000c 1846     		mov	r0, r3
  44 000e FFF7FEFF 		bl	AMux_FastSelect
ARM GAS  C:\Users\plod1602\AppData\Local\Temp\ccIVjlnP.s 			page 3


  71:.\measurement.c **** 	
  72:.\measurement.c **** 	/* Read voltage across  resistor*/
  73:.\measurement.c ****     ADC_StartConvert();
  45              		.loc 1 73 0
  46 0012 FFF7FEFF 		bl	ADC_StartConvert
  74:.\measurement.c **** 	
  75:.\measurement.c **** 	ADC_IsEndConversion(ADC_WAIT_FOR_RESULT);
  47              		.loc 1 75 0
  48 0016 0020     		movs	r0, #0
  49 0018 FFF7FEFF 		bl	ADC_IsEndConversion
  76:.\measurement.c **** 	result = ADC_GetResult16();    
  50              		.loc 1 76 0
  51 001c FFF7FEFF 		bl	ADC_GetResult16
  52 0020 0346     		mov	r3, r0
  53 0022 FB60     		str	r3, [r7, #12]
  77:.\measurement.c **** 	
  78:.\measurement.c **** 	ADC_StopConvert();
  54              		.loc 1 78 0
  55 0024 FFF7FEFF 		bl	ADC_StopConvert
  79:.\measurement.c **** 	
  80:.\measurement.c **** 	/* Get the offset voltage*/
  81:.\measurement.c **** 	//offset = GetOffset(); 
  82:.\measurement.c **** 	
  83:.\measurement.c **** 	/* Get CDS difference*/
  84:.\measurement.c **** 	//result = result - offset;
  85:.\measurement.c **** 	
  86:.\measurement.c **** 	/* Filter signal*/
  87:.\measurement.c **** 	//result = FilterSignal(result, channel);
  88:.\measurement.c **** 	
  89:.\measurement.c **** 	return result;
  56              		.loc 1 89 0
  57 0028 FB68     		ldr	r3, [r7, #12]
  90:.\measurement.c **** 	
  91:.\measurement.c **** }
  58              		.loc 1 91 0
  59 002a 1846     		mov	r0, r3
  60 002c 1037     		adds	r7, r7, #16
  61              		.cfi_def_cfa_offset 8
  62 002e BD46     		mov	sp, r7
  63              		.cfi_def_cfa_register 13
  64              		@ sp needed
  65 0030 80BD     		pop	{r7, pc}
  66              		.cfi_endproc
  67              	.LFE56:
  68              		.size	MeasureResistorVoltage, .-MeasureResistorVoltage
  69 0032 00BF     		.text
  70              	.Letext0:
  71              		.file 2 "c:\\program files (x86)\\cypress\\psoc creator\\3.3\\psoc creator\\import\\gnu\\arm\\4.9.
  72              		.file 3 "c:\\program files (x86)\\cypress\\psoc creator\\3.3\\psoc creator\\import\\gnu\\arm\\4.9.
  73              		.file 4 "Generated_Source\\PSoC5/cytypes.h"
  74              		.file 5 "Generated_Source\\PSoC5/core_cm3.h"
  75              		.section	.debug_info,"",%progbits
  76              	.Ldebug_info0:
  77 0000 16010000 		.4byte	0x116
  78 0004 0400     		.2byte	0x4
  79 0006 00000000 		.4byte	.Ldebug_abbrev0
  80 000a 04       		.byte	0x4
ARM GAS  C:\Users\plod1602\AppData\Local\Temp\ccIVjlnP.s 			page 4


  81 000b 01       		.uleb128 0x1
  82 000c BE000000 		.4byte	.LASF18
  83 0010 01       		.byte	0x1
  84 0011 6D000000 		.4byte	.LASF19
  85 0015 5B010000 		.4byte	.LASF20
  86 0019 00000000 		.4byte	.Ldebug_ranges0+0
  87 001d 00000000 		.4byte	0
  88 0021 00000000 		.4byte	.Ldebug_line0
  89 0025 02       		.uleb128 0x2
  90 0026 01       		.byte	0x1
  91 0027 06       		.byte	0x6
  92 0028 9A010000 		.4byte	.LASF0
  93 002c 02       		.uleb128 0x2
  94 002d 01       		.byte	0x1
  95 002e 08       		.byte	0x8
  96 002f 9B000000 		.4byte	.LASF1
  97 0033 02       		.uleb128 0x2
  98 0034 02       		.byte	0x2
  99 0035 05       		.byte	0x5
 100 0036 C2010000 		.4byte	.LASF2
 101 003a 02       		.uleb128 0x2
 102 003b 02       		.byte	0x2
 103 003c 07       		.byte	0x7
 104 003d 0E000000 		.4byte	.LASF3
 105 0041 03       		.uleb128 0x3
 106 0042 B2010000 		.4byte	.LASF9
 107 0046 02       		.byte	0x2
 108 0047 3F       		.byte	0x3f
 109 0048 4C000000 		.4byte	0x4c
 110 004c 02       		.uleb128 0x2
 111 004d 04       		.byte	0x4
 112 004e 05       		.byte	0x5
 113 004f B5000000 		.4byte	.LASF4
 114 0053 02       		.uleb128 0x2
 115 0054 04       		.byte	0x4
 116 0055 07       		.byte	0x7
 117 0056 44000000 		.4byte	.LASF5
 118 005a 02       		.uleb128 0x2
 119 005b 08       		.byte	0x8
 120 005c 05       		.byte	0x5
 121 005d 00000000 		.4byte	.LASF6
 122 0061 02       		.uleb128 0x2
 123 0062 08       		.byte	0x8
 124 0063 07       		.byte	0x7
 125 0064 56000000 		.4byte	.LASF7
 126 0068 04       		.uleb128 0x4
 127 0069 04       		.byte	0x4
 128 006a 05       		.byte	0x5
 129 006b 696E7400 		.ascii	"int\000"
 130 006f 02       		.uleb128 0x2
 131 0070 04       		.byte	0x4
 132 0071 07       		.byte	0x7
 133 0072 21000000 		.4byte	.LASF8
 134 0076 03       		.uleb128 0x3
 135 0077 CC010000 		.4byte	.LASF10
 136 007b 03       		.byte	0x3
 137 007c 2C       		.byte	0x2c
ARM GAS  C:\Users\plod1602\AppData\Local\Temp\ccIVjlnP.s 			page 5


 138 007d 41000000 		.4byte	0x41
 139 0081 03       		.uleb128 0x3
 140 0082 3E000000 		.4byte	.LASF11
 141 0086 04       		.byte	0x4
 142 0087 A1       		.byte	0xa1
 143 0088 2C000000 		.4byte	0x2c
 144 008c 03       		.uleb128 0x3
 145 008d DD010000 		.4byte	.LASF12
 146 0091 04       		.byte	0x4
 147 0092 A6       		.byte	0xa6
 148 0093 4C000000 		.4byte	0x4c
 149 0097 02       		.uleb128 0x2
 150 0098 04       		.byte	0x4
 151 0099 04       		.byte	0x4
 152 009a BC010000 		.4byte	.LASF13
 153 009e 02       		.uleb128 0x2
 154 009f 08       		.byte	0x8
 155 00a0 04       		.byte	0x4
 156 00a1 4C010000 		.4byte	.LASF14
 157 00a5 02       		.uleb128 0x2
 158 00a6 01       		.byte	0x1
 159 00a7 08       		.byte	0x8
 160 00a8 A9000000 		.4byte	.LASF15
 161 00ac 02       		.uleb128 0x2
 162 00ad 04       		.byte	0x4
 163 00ae 07       		.byte	0x7
 164 00af D4010000 		.4byte	.LASF16
 165 00b3 02       		.uleb128 0x2
 166 00b4 08       		.byte	0x8
 167 00b5 04       		.byte	0x4
 168 00b6 A6010000 		.4byte	.LASF17
 169 00ba 05       		.uleb128 0x5
 170 00bb 7D000000 		.4byte	.LASF21
 171 00bf 01       		.byte	0x1
 172 00c0 3D       		.byte	0x3d
 173 00c1 8C000000 		.4byte	0x8c
 174 00c5 00000000 		.4byte	.LFB56
 175 00c9 32000000 		.4byte	.LFE56-.LFB56
 176 00cd 01       		.uleb128 0x1
 177 00ce 9C       		.byte	0x9c
 178 00cf 08010000 		.4byte	0x108
 179 00d3 06       		.uleb128 0x6
 180 00d4 53010000 		.4byte	.LASF22
 181 00d8 01       		.byte	0x1
 182 00d9 3D       		.byte	0x3d
 183 00da 81000000 		.4byte	0x81
 184 00de 02       		.uleb128 0x2
 185 00df 91       		.byte	0x91
 186 00e0 6F       		.sleb128 -17
 187 00e1 07       		.uleb128 0x7
 188 00e2 AE000000 		.4byte	.LASF23
 189 00e6 01       		.byte	0x1
 190 00e7 40       		.byte	0x40
 191 00e8 8C000000 		.4byte	0x8c
 192 00ec 02       		.uleb128 0x2
 193 00ed 91       		.byte	0x91
 194 00ee 74       		.sleb128 -12
ARM GAS  C:\Users\plod1602\AppData\Local\Temp\ccIVjlnP.s 			page 6


 195 00ef 08       		.uleb128 0x8
 196 00f0 94000000 		.4byte	.LASF24
 197 00f4 01       		.byte	0x1
 198 00f5 43       		.byte	0x43
 199 00f6 8C000000 		.4byte	0x8c
 200 00fa 09       		.uleb128 0x9
 201 00fb 2E000000 		.4byte	.LASF25
 202 00ff 01       		.byte	0x1
 203 0100 46       		.byte	0x46
 204 0101 68000000 		.4byte	0x68
 205 0105 0A       		.uleb128 0xa
 206 0106 00       		.byte	0
 207 0107 00       		.byte	0
 208 0108 0B       		.uleb128 0xb
 209 0109 8D010000 		.4byte	.LASF26
 210 010d 05       		.byte	0x5
 211 010e 1606     		.2byte	0x616
 212 0110 14010000 		.4byte	0x114
 213 0114 0C       		.uleb128 0xc
 214 0115 76000000 		.4byte	0x76
 215 0119 00       		.byte	0
 216              		.section	.debug_abbrev,"",%progbits
 217              	.Ldebug_abbrev0:
 218 0000 01       		.uleb128 0x1
 219 0001 11       		.uleb128 0x11
 220 0002 01       		.byte	0x1
 221 0003 25       		.uleb128 0x25
 222 0004 0E       		.uleb128 0xe
 223 0005 13       		.uleb128 0x13
 224 0006 0B       		.uleb128 0xb
 225 0007 03       		.uleb128 0x3
 226 0008 0E       		.uleb128 0xe
 227 0009 1B       		.uleb128 0x1b
 228 000a 0E       		.uleb128 0xe
 229 000b 55       		.uleb128 0x55
 230 000c 17       		.uleb128 0x17
 231 000d 11       		.uleb128 0x11
 232 000e 01       		.uleb128 0x1
 233 000f 10       		.uleb128 0x10
 234 0010 17       		.uleb128 0x17
 235 0011 00       		.byte	0
 236 0012 00       		.byte	0
 237 0013 02       		.uleb128 0x2
 238 0014 24       		.uleb128 0x24
 239 0015 00       		.byte	0
 240 0016 0B       		.uleb128 0xb
 241 0017 0B       		.uleb128 0xb
 242 0018 3E       		.uleb128 0x3e
 243 0019 0B       		.uleb128 0xb
 244 001a 03       		.uleb128 0x3
 245 001b 0E       		.uleb128 0xe
 246 001c 00       		.byte	0
 247 001d 00       		.byte	0
 248 001e 03       		.uleb128 0x3
 249 001f 16       		.uleb128 0x16
 250 0020 00       		.byte	0
 251 0021 03       		.uleb128 0x3
ARM GAS  C:\Users\plod1602\AppData\Local\Temp\ccIVjlnP.s 			page 7


 252 0022 0E       		.uleb128 0xe
 253 0023 3A       		.uleb128 0x3a
 254 0024 0B       		.uleb128 0xb
 255 0025 3B       		.uleb128 0x3b
 256 0026 0B       		.uleb128 0xb
 257 0027 49       		.uleb128 0x49
 258 0028 13       		.uleb128 0x13
 259 0029 00       		.byte	0
 260 002a 00       		.byte	0
 261 002b 04       		.uleb128 0x4
 262 002c 24       		.uleb128 0x24
 263 002d 00       		.byte	0
 264 002e 0B       		.uleb128 0xb
 265 002f 0B       		.uleb128 0xb
 266 0030 3E       		.uleb128 0x3e
 267 0031 0B       		.uleb128 0xb
 268 0032 03       		.uleb128 0x3
 269 0033 08       		.uleb128 0x8
 270 0034 00       		.byte	0
 271 0035 00       		.byte	0
 272 0036 05       		.uleb128 0x5
 273 0037 2E       		.uleb128 0x2e
 274 0038 01       		.byte	0x1
 275 0039 3F       		.uleb128 0x3f
 276 003a 19       		.uleb128 0x19
 277 003b 03       		.uleb128 0x3
 278 003c 0E       		.uleb128 0xe
 279 003d 3A       		.uleb128 0x3a
 280 003e 0B       		.uleb128 0xb
 281 003f 3B       		.uleb128 0x3b
 282 0040 0B       		.uleb128 0xb
 283 0041 27       		.uleb128 0x27
 284 0042 19       		.uleb128 0x19
 285 0043 49       		.uleb128 0x49
 286 0044 13       		.uleb128 0x13
 287 0045 11       		.uleb128 0x11
 288 0046 01       		.uleb128 0x1
 289 0047 12       		.uleb128 0x12
 290 0048 06       		.uleb128 0x6
 291 0049 40       		.uleb128 0x40
 292 004a 18       		.uleb128 0x18
 293 004b 9642     		.uleb128 0x2116
 294 004d 19       		.uleb128 0x19
 295 004e 01       		.uleb128 0x1
 296 004f 13       		.uleb128 0x13
 297 0050 00       		.byte	0
 298 0051 00       		.byte	0
 299 0052 06       		.uleb128 0x6
 300 0053 05       		.uleb128 0x5
 301 0054 00       		.byte	0
 302 0055 03       		.uleb128 0x3
 303 0056 0E       		.uleb128 0xe
 304 0057 3A       		.uleb128 0x3a
 305 0058 0B       		.uleb128 0xb
 306 0059 3B       		.uleb128 0x3b
 307 005a 0B       		.uleb128 0xb
 308 005b 49       		.uleb128 0x49
ARM GAS  C:\Users\plod1602\AppData\Local\Temp\ccIVjlnP.s 			page 8


 309 005c 13       		.uleb128 0x13
 310 005d 02       		.uleb128 0x2
 311 005e 18       		.uleb128 0x18
 312 005f 00       		.byte	0
 313 0060 00       		.byte	0
 314 0061 07       		.uleb128 0x7
 315 0062 34       		.uleb128 0x34
 316 0063 00       		.byte	0
 317 0064 03       		.uleb128 0x3
 318 0065 0E       		.uleb128 0xe
 319 0066 3A       		.uleb128 0x3a
 320 0067 0B       		.uleb128 0xb
 321 0068 3B       		.uleb128 0x3b
 322 0069 0B       		.uleb128 0xb
 323 006a 49       		.uleb128 0x49
 324 006b 13       		.uleb128 0x13
 325 006c 02       		.uleb128 0x2
 326 006d 18       		.uleb128 0x18
 327 006e 00       		.byte	0
 328 006f 00       		.byte	0
 329 0070 08       		.uleb128 0x8
 330 0071 34       		.uleb128 0x34
 331 0072 00       		.byte	0
 332 0073 03       		.uleb128 0x3
 333 0074 0E       		.uleb128 0xe
 334 0075 3A       		.uleb128 0x3a
 335 0076 0B       		.uleb128 0xb
 336 0077 3B       		.uleb128 0x3b
 337 0078 0B       		.uleb128 0xb
 338 0079 49       		.uleb128 0x49
 339 007a 13       		.uleb128 0x13
 340 007b 00       		.byte	0
 341 007c 00       		.byte	0
 342 007d 09       		.uleb128 0x9
 343 007e 2E       		.uleb128 0x2e
 344 007f 01       		.byte	0x1
 345 0080 3F       		.uleb128 0x3f
 346 0081 19       		.uleb128 0x19
 347 0082 03       		.uleb128 0x3
 348 0083 0E       		.uleb128 0xe
 349 0084 3A       		.uleb128 0x3a
 350 0085 0B       		.uleb128 0xb
 351 0086 3B       		.uleb128 0x3b
 352 0087 0B       		.uleb128 0xb
 353 0088 49       		.uleb128 0x49
 354 0089 13       		.uleb128 0x13
 355 008a 3C       		.uleb128 0x3c
 356 008b 19       		.uleb128 0x19
 357 008c 00       		.byte	0
 358 008d 00       		.byte	0
 359 008e 0A       		.uleb128 0xa
 360 008f 18       		.uleb128 0x18
 361 0090 00       		.byte	0
 362 0091 00       		.byte	0
 363 0092 00       		.byte	0
 364 0093 0B       		.uleb128 0xb
 365 0094 34       		.uleb128 0x34
ARM GAS  C:\Users\plod1602\AppData\Local\Temp\ccIVjlnP.s 			page 9


 366 0095 00       		.byte	0
 367 0096 03       		.uleb128 0x3
 368 0097 0E       		.uleb128 0xe
 369 0098 3A       		.uleb128 0x3a
 370 0099 0B       		.uleb128 0xb
 371 009a 3B       		.uleb128 0x3b
 372 009b 05       		.uleb128 0x5
 373 009c 49       		.uleb128 0x49
 374 009d 13       		.uleb128 0x13
 375 009e 3F       		.uleb128 0x3f
 376 009f 19       		.uleb128 0x19
 377 00a0 3C       		.uleb128 0x3c
 378 00a1 19       		.uleb128 0x19
 379 00a2 00       		.byte	0
 380 00a3 00       		.byte	0
 381 00a4 0C       		.uleb128 0xc
 382 00a5 35       		.uleb128 0x35
 383 00a6 00       		.byte	0
 384 00a7 49       		.uleb128 0x49
 385 00a8 13       		.uleb128 0x13
 386 00a9 00       		.byte	0
 387 00aa 00       		.byte	0
 388 00ab 00       		.byte	0
 389              		.section	.debug_aranges,"",%progbits
 390 0000 1C000000 		.4byte	0x1c
 391 0004 0200     		.2byte	0x2
 392 0006 00000000 		.4byte	.Ldebug_info0
 393 000a 04       		.byte	0x4
 394 000b 00       		.byte	0
 395 000c 0000     		.2byte	0
 396 000e 0000     		.2byte	0
 397 0010 00000000 		.4byte	.LFB56
 398 0014 32000000 		.4byte	.LFE56-.LFB56
 399 0018 00000000 		.4byte	0
 400 001c 00000000 		.4byte	0
 401              		.section	.debug_ranges,"",%progbits
 402              	.Ldebug_ranges0:
 403 0000 00000000 		.4byte	.LFB56
 404 0004 32000000 		.4byte	.LFE56
 405 0008 00000000 		.4byte	0
 406 000c 00000000 		.4byte	0
 407              		.section	.debug_line,"",%progbits
 408              	.Ldebug_line0:
 409 0000 6E010000 		.section	.debug_str,"MS",%progbits,1
 409      02005001 
 409      00000201 
 409      FB0E0D00 
 409      01010101 
 410              	.LASF6:
 411 0000 6C6F6E67 		.ascii	"long long int\000"
 411      206C6F6E 
 411      6720696E 
 411      7400
 412              	.LASF3:
 413 000e 73686F72 		.ascii	"short unsigned int\000"
 413      7420756E 
 413      7369676E 
ARM GAS  C:\Users\plod1602\AppData\Local\Temp\ccIVjlnP.s 			page 10


 413      65642069 
 413      6E7400
 414              	.LASF8:
 415 0021 756E7369 		.ascii	"unsigned int\000"
 415      676E6564 
 415      20696E74 
 415      00
 416              	.LASF25:
 417 002e 414D7578 		.ascii	"AMux_FastSelect\000"
 417      5F466173 
 417      7453656C 
 417      65637400 
 418              	.LASF11:
 419 003e 75696E74 		.ascii	"uint8\000"
 419      3800
 420              	.LASF5:
 421 0044 6C6F6E67 		.ascii	"long unsigned int\000"
 421      20756E73 
 421      69676E65 
 421      6420696E 
 421      7400
 422              	.LASF7:
 423 0056 6C6F6E67 		.ascii	"long long unsigned int\000"
 423      206C6F6E 
 423      6720756E 
 423      7369676E 
 423      65642069 
 424              	.LASF19:
 425 006d 2E5C6D65 		.ascii	".\\measurement.c\000"
 425      61737572 
 425      656D656E 
 425      742E6300 
 426              	.LASF21:
 427 007d 4D656173 		.ascii	"MeasureResistorVoltage\000"
 427      75726552 
 427      65736973 
 427      746F7256 
 427      6F6C7461 
 428              	.LASF24:
 429 0094 6F666673 		.ascii	"offset\000"
 429      657400
 430              	.LASF1:
 431 009b 756E7369 		.ascii	"unsigned char\000"
 431      676E6564 
 431      20636861 
 431      7200
 432              	.LASF15:
 433 00a9 63686172 		.ascii	"char\000"
 433      00
 434              	.LASF23:
 435 00ae 72657375 		.ascii	"result\000"
 435      6C7400
 436              	.LASF4:
 437 00b5 6C6F6E67 		.ascii	"long int\000"
 437      20696E74 
 437      00
 438              	.LASF18:
ARM GAS  C:\Users\plod1602\AppData\Local\Temp\ccIVjlnP.s 			page 11


 439 00be 474E5520 		.ascii	"GNU C 4.9.3 20150303 (release) [ARM/embedded-4_9-br"
 439      4320342E 
 439      392E3320 
 439      32303135 
 439      30333033 
 440 00f1 616E6368 		.ascii	"anch revision 221220] -mcpu=cortex-m3 -mthumb -g -O"
 440      20726576 
 440      6973696F 
 440      6E203232 
 440      31323230 
 441 0124 30202D66 		.ascii	"0 -ffunction-sections -ffat-lto-objects\000"
 441      66756E63 
 441      74696F6E 
 441      2D736563 
 441      74696F6E 
 442              	.LASF14:
 443 014c 646F7562 		.ascii	"double\000"
 443      6C6500
 444              	.LASF22:
 445 0153 6368616E 		.ascii	"channel\000"
 445      6E656C00 
 446              	.LASF20:
 447 015b 433A5C55 		.ascii	"C:\\Users\\plod1602\\Desktop\\TAC_PID\\TAC_PSOC5.cy"
 447      73657273 
 447      5C706C6F 
 447      64313630 
 447      325C4465 
 448 0189 64736E00 		.ascii	"dsn\000"
 449              	.LASF26:
 450 018d 49544D5F 		.ascii	"ITM_RxBuffer\000"
 450      52784275 
 450      66666572 
 450      00
 451              	.LASF0:
 452 019a 7369676E 		.ascii	"signed char\000"
 452      65642063 
 452      68617200 
 453              	.LASF17:
 454 01a6 6C6F6E67 		.ascii	"long double\000"
 454      20646F75 
 454      626C6500 
 455              	.LASF9:
 456 01b2 5F5F696E 		.ascii	"__int32_t\000"
 456      7433325F 
 456      7400
 457              	.LASF13:
 458 01bc 666C6F61 		.ascii	"float\000"
 458      7400
 459              	.LASF2:
 460 01c2 73686F72 		.ascii	"short int\000"
 460      7420696E 
 460      7400
 461              	.LASF10:
 462 01cc 696E7433 		.ascii	"int32_t\000"
 462      325F7400 
 463              	.LASF16:
 464 01d4 73697A65 		.ascii	"sizetype\000"
ARM GAS  C:\Users\plod1602\AppData\Local\Temp\ccIVjlnP.s 			page 12


 464      74797065 
 464      00
 465              	.LASF12:
 466 01dd 696E7433 		.ascii	"int32\000"
 466      3200
 467              		.ident	"GCC: (GNU Tools for ARM Embedded Processors) 4.9.3 20150303 (release) [ARM/embedded-4_9-br
