ARM GAS  C:\Users\Lois\AppData\Local\Temp\ccQZCNjT.s 			page 1


   1              		.syntax unified
   2              		.cpu cortex-m3
   3              		.fpu softvfp
   4              		.eabi_attribute 20, 1
   5              		.eabi_attribute 21, 1
   6              		.eabi_attribute 23, 3
   7              		.eabi_attribute 24, 1
   8              		.eabi_attribute 25, 1
   9              		.eabi_attribute 26, 1
  10              		.eabi_attribute 30, 6
  11              		.eabi_attribute 34, 1
  12              		.eabi_attribute 18, 4
  13              		.thumb
  14              		.file	"PeltierControler.c"
  15              		.text
  16              	.Ltext0:
  17              		.cfi_sections	.debug_frame
  18              		.global	__aeabi_i2f
  19              		.global	__aeabi_fdiv
  20              		.global	__aeabi_fmul
  21              		.global	__aeabi_fadd
  22              		.global	__aeabi_f2uiz
  23              		.section	.text.changePeltierPWMValue,"ax",%progbits
  24              		.align	2
  25              		.global	changePeltierPWMValue
  26              		.thumb
  27              		.thumb_func
  28              		.type	changePeltierPWMValue, %function
  29              	changePeltierPWMValue:
  30              	.LFB56:
  31              		.file 1 ".\\PeltierControler.c"
   1:.\PeltierControler.c **** /* ========================================
   2:.\PeltierControler.c ****  *
   3:.\PeltierControler.c ****  * Copyright YOUR COMPANY, THE YEAR
   4:.\PeltierControler.c ****  * All Rights Reserved
   5:.\PeltierControler.c ****  * UNPUBLISHED, LICENSED SOFTWARE.
   6:.\PeltierControler.c ****  *
   7:.\PeltierControler.c ****  * CONFIDENTIAL AND PROPRIETARY INFORMATION
   8:.\PeltierControler.c ****  * WHICH IS THE PROPERTY OF your company.
   9:.\PeltierControler.c ****  *
  10:.\PeltierControler.c ****  * ========================================
  11:.\PeltierControler.c **** */
  12:.\PeltierControler.c **** 
  13:.\PeltierControler.c **** #include "PeltierControler.h"
  14:.\PeltierControler.c **** 
  15:.\PeltierControler.c **** extern MC1_5Module  mc1_5Module [2];
  16:.\PeltierControler.c **** 
  17:.\PeltierControler.c **** 
  18:.\PeltierControler.c **** uint8 changePeltierPWMValue(int8 desiredPercentage, uint8 module)
  19:.\PeltierControler.c **** {
  32              		.loc 1 19 0
  33              		.cfi_startproc
  34              		@ args = 0, pretend = 0, frame = 24
  35              		@ frame_needed = 1, uses_anonymous_args = 0
  36 0000 80B5     		push	{r7, lr}
  37              		.cfi_def_cfa_offset 8
  38              		.cfi_offset 7, -8
ARM GAS  C:\Users\Lois\AppData\Local\Temp\ccQZCNjT.s 			page 2


  39              		.cfi_offset 14, -4
  40 0002 86B0     		sub	sp, sp, #24
  41              		.cfi_def_cfa_offset 32
  42 0004 00AF     		add	r7, sp, #0
  43              		.cfi_def_cfa_register 7
  44 0006 0346     		mov	r3, r0
  45 0008 0A46     		mov	r2, r1
  46 000a FB71     		strb	r3, [r7, #7]
  47 000c 1346     		mov	r3, r2
  48 000e BB71     		strb	r3, [r7, #6]
  20:.\PeltierControler.c ****     uint16 maxPWMPulse=0; 
  49              		.loc 1 20 0
  50 0010 0023     		movs	r3, #0
  51 0012 FB82     		strh	r3, [r7, #22]	@ movhi
  21:.\PeltierControler.c ****     uint16 pwmWriteCompareValue=0;
  52              		.loc 1 21 0
  53 0014 0023     		movs	r3, #0
  54 0016 BB82     		strh	r3, [r7, #20]	@ movhi
  22:.\PeltierControler.c ****     
  23:.\PeltierControler.c ****     // Remap desired percentage to available Peltier output control range
  24:.\PeltierControler.c ****     float floatDesiredPercentage = abs(desiredPercentage);
  55              		.loc 1 24 0
  56 0018 97F90730 		ldrsb	r3, [r7, #7]
  57 001c 002B     		cmp	r3, #0
  58 001e B8BF     		it	lt
  59 0020 5B42     		rsblt	r3, r3, #0
  60 0022 1846     		mov	r0, r3
  61 0024 FFF7FEFF 		bl	__aeabi_i2f
  62 0028 0346     		mov	r3, r0
  63 002a 3B61     		str	r3, [r7, #16]	@ float
  25:.\PeltierControler.c ****     float percentage = floatDesiredPercentage/100;    
  64              		.loc 1 25 0
  65 002c 3869     		ldr	r0, [r7, #16]	@ float
  66 002e 3249     		ldr	r1, .L6
  67 0030 FFF7FEFF 		bl	__aeabi_fdiv
  68 0034 0346     		mov	r3, r0
  69 0036 FB60     		str	r3, [r7, #12]	@ float
  26:.\PeltierControler.c ****     uint8 remappedPercentage = percentage * (PELTIER_MAX_PWM-PELTIER_MIN_PWM) + PELTIER_MIN_PWM;
  70              		.loc 1 26 0
  71 0038 F868     		ldr	r0, [r7, #12]	@ float
  72 003a 3049     		ldr	r1, .L6+4
  73 003c FFF7FEFF 		bl	__aeabi_fmul
  74 0040 0346     		mov	r3, r0
  75 0042 1846     		mov	r0, r3
  76 0044 2E49     		ldr	r1, .L6+8
  77 0046 FFF7FEFF 		bl	__aeabi_fadd
  78 004a 0346     		mov	r3, r0
  79 004c 1846     		mov	r0, r3
  80 004e FFF7FEFF 		bl	__aeabi_f2uiz
  81 0052 0346     		mov	r3, r0
  82 0054 FB72     		strb	r3, [r7, #11]
  27:.\PeltierControler.c ****     
  28:.\PeltierControler.c ****     if (module == 0)
  83              		.loc 1 28 0
  84 0056 BB79     		ldrb	r3, [r7, #6]	@ zero_extendqisi2
  85 0058 002B     		cmp	r3, #0
  86 005a 13D1     		bne	.L2
ARM GAS  C:\Users\Lois\AppData\Local\Temp\ccQZCNjT.s 			page 3


  29:.\PeltierControler.c ****     {
  30:.\PeltierControler.c ****         maxPWMPulse = Peltier1_PWM_Ctrl_ReadPeriod(); 
  87              		.loc 1 30 0
  88 005c FFF7FEFF 		bl	Peltier1_PWM_Ctrl_ReadPeriod
  89 0060 0346     		mov	r3, r0
  90 0062 FB82     		strh	r3, [r7, #22]	@ movhi
  31:.\PeltierControler.c ****         pwmWriteCompareValue = (uint16) remappedPercentage*maxPWMPulse/100;
  91              		.loc 1 31 0
  92 0064 FB7A     		ldrb	r3, [r7, #11]	@ zero_extendqisi2
  93 0066 FA8A     		ldrh	r2, [r7, #22]
  94 0068 02FB03F3 		mul	r3, r2, r3
  95 006c 254A     		ldr	r2, .L6+12
  96 006e 82FB0312 		smull	r1, r2, r2, r3
  97 0072 5211     		asrs	r2, r2, #5
  98 0074 DB17     		asrs	r3, r3, #31
  99 0076 D31A     		subs	r3, r2, r3
 100 0078 BB82     		strh	r3, [r7, #20]	@ movhi
  32:.\PeltierControler.c ****         Peltier1_PWM_Ctrl_WriteCompare(pwmWriteCompareValue);      
 101              		.loc 1 32 0
 102 007a BB8A     		ldrh	r3, [r7, #20]
 103 007c 1846     		mov	r0, r3
 104 007e FFF7FEFF 		bl	Peltier1_PWM_Ctrl_WriteCompare
 105 0082 18E0     		b	.L3
 106              	.L2:
  33:.\PeltierControler.c ****     }
  34:.\PeltierControler.c ****     else if(module == 2)
 107              		.loc 1 34 0
 108 0084 BB79     		ldrb	r3, [r7, #6]	@ zero_extendqisi2
 109 0086 022B     		cmp	r3, #2
 110 0088 13D1     		bne	.L4
  35:.\PeltierControler.c ****     {
  36:.\PeltierControler.c ****         maxPWMPulse = Peltier2_PWM_Ctrl_ReadPeriod();
 111              		.loc 1 36 0
 112 008a FFF7FEFF 		bl	Peltier2_PWM_Ctrl_ReadPeriod
 113 008e 0346     		mov	r3, r0
 114 0090 FB82     		strh	r3, [r7, #22]	@ movhi
  37:.\PeltierControler.c ****         pwmWriteCompareValue = (uint16)remappedPercentage*maxPWMPulse/100;
 115              		.loc 1 37 0
 116 0092 FB7A     		ldrb	r3, [r7, #11]	@ zero_extendqisi2
 117 0094 FA8A     		ldrh	r2, [r7, #22]
 118 0096 02FB03F3 		mul	r3, r2, r3
 119 009a 1A4A     		ldr	r2, .L6+12
 120 009c 82FB0312 		smull	r1, r2, r2, r3
 121 00a0 5211     		asrs	r2, r2, #5
 122 00a2 DB17     		asrs	r3, r3, #31
 123 00a4 D31A     		subs	r3, r2, r3
 124 00a6 BB82     		strh	r3, [r7, #20]	@ movhi
  38:.\PeltierControler.c ****         Peltier2_PWM_Ctrl_WriteCompare(pwmWriteCompareValue);
 125              		.loc 1 38 0
 126 00a8 BB8A     		ldrh	r3, [r7, #20]
 127 00aa 1846     		mov	r0, r3
 128 00ac FFF7FEFF 		bl	Peltier2_PWM_Ctrl_WriteCompare
 129 00b0 01E0     		b	.L3
 130              	.L4:
  39:.\PeltierControler.c ****     }
  40:.\PeltierControler.c ****     else
  41:.\PeltierControler.c ****     {
ARM GAS  C:\Users\Lois\AppData\Local\Temp\ccQZCNjT.s 			page 4


  42:.\PeltierControler.c ****         return 0;
 131              		.loc 1 42 0
 132 00b2 0023     		movs	r3, #0
 133 00b4 1CE0     		b	.L5
 134              	.L3:
  43:.\PeltierControler.c ****     }
  44:.\PeltierControler.c **** 
  45:.\PeltierControler.c ****     mc1_5Module [module].actualPwmPercentage = desiredPercentage;
 135              		.loc 1 45 0
 136 00b6 BB79     		ldrb	r3, [r7, #6]	@ zero_extendqisi2
 137 00b8 F879     		ldrb	r0, [r7, #7]	@ zero_extendqisi2
 138 00ba 134A     		ldr	r2, .L6+16
 139 00bc 2C21     		movs	r1, #44
 140 00be 01FB03F3 		mul	r3, r1, r3
 141 00c2 1344     		add	r3, r3, r2
 142 00c4 0833     		adds	r3, r3, #8
 143 00c6 0246     		mov	r2, r0
 144 00c8 5A71     		strb	r2, [r3, #5]
  46:.\PeltierControler.c ****     mc1_5Module [module].pwmPeriodValue = maxPWMPulse;
 145              		.loc 1 46 0
 146 00ca BB79     		ldrb	r3, [r7, #6]	@ zero_extendqisi2
 147 00cc 0E4A     		ldr	r2, .L6+16
 148 00ce 2C21     		movs	r1, #44
 149 00d0 01FB03F3 		mul	r3, r1, r3
 150 00d4 1344     		add	r3, r3, r2
 151 00d6 0833     		adds	r3, r3, #8
 152 00d8 FA8A     		ldrh	r2, [r7, #22]	@ movhi
 153 00da DA80     		strh	r2, [r3, #6]	@ movhi
  47:.\PeltierControler.c ****     mc1_5Module [module].pwmCompareValue = pwmWriteCompareValue;    
 154              		.loc 1 47 0
 155 00dc BB79     		ldrb	r3, [r7, #6]	@ zero_extendqisi2
 156 00de 0A4A     		ldr	r2, .L6+16
 157 00e0 2C21     		movs	r1, #44
 158 00e2 01FB03F3 		mul	r3, r1, r3
 159 00e6 1344     		add	r3, r3, r2
 160 00e8 0833     		adds	r3, r3, #8
 161 00ea BA8A     		ldrh	r2, [r7, #20]	@ movhi
 162 00ec 5A80     		strh	r2, [r3, #2]	@ movhi
  48:.\PeltierControler.c ****     
  49:.\PeltierControler.c ****     return 1;
 163              		.loc 1 49 0
 164 00ee 0123     		movs	r3, #1
 165              	.L5:
  50:.\PeltierControler.c **** }
 166              		.loc 1 50 0
 167 00f0 1846     		mov	r0, r3
 168 00f2 1837     		adds	r7, r7, #24
 169              		.cfi_def_cfa_offset 8
 170 00f4 BD46     		mov	sp, r7
 171              		.cfi_def_cfa_register 13
 172              		@ sp needed
 173 00f6 80BD     		pop	{r7, pc}
 174              	.L7:
 175              		.align	2
 176              	.L6:
 177 00f8 0000C842 		.word	1120403456
 178 00fc 00005C42 		.word	1113325568
ARM GAS  C:\Users\Lois\AppData\Local\Temp\ccQZCNjT.s 			page 5


 179 0100 0000C841 		.word	1103626240
 180 0104 1F85EB51 		.word	1374389535
 181 0108 00000000 		.word	mc1_5Module
 182              		.cfi_endproc
 183              	.LFE56:
 184              		.size	changePeltierPWMValue, .-changePeltierPWMValue
 185              		.section	.text.changePeltierModuleState,"ax",%progbits
 186              		.align	2
 187              		.global	changePeltierModuleState
 188              		.thumb
 189              		.thumb_func
 190              		.type	changePeltierModuleState, %function
 191              	changePeltierModuleState:
 192              	.LFB57:
  51:.\PeltierControler.c **** 
  52:.\PeltierControler.c **** 
  53:.\PeltierControler.c **** uint8 changePeltierModuleState(uint8 peltierEnableState, uint8 module)
  54:.\PeltierControler.c **** {        
 193              		.loc 1 54 0
 194              		.cfi_startproc
 195              		@ args = 0, pretend = 0, frame = 16
 196              		@ frame_needed = 1, uses_anonymous_args = 0
 197 0000 80B5     		push	{r7, lr}
 198              		.cfi_def_cfa_offset 8
 199              		.cfi_offset 7, -8
 200              		.cfi_offset 14, -4
 201 0002 84B0     		sub	sp, sp, #16
 202              		.cfi_def_cfa_offset 24
 203 0004 00AF     		add	r7, sp, #0
 204              		.cfi_def_cfa_register 7
 205 0006 0346     		mov	r3, r0
 206 0008 0A46     		mov	r2, r1
 207 000a FB71     		strb	r3, [r7, #7]
 208 000c 1346     		mov	r3, r2
 209 000e BB71     		strb	r3, [r7, #6]
  55:.\PeltierControler.c ****     uint8 actualCtrlRegisterValue = Peltier_Enable_Read();
 210              		.loc 1 55 0
 211 0010 FFF7FEFF 		bl	Peltier_Enable_Read
 212 0014 0346     		mov	r3, r0
 213 0016 7B73     		strb	r3, [r7, #13]
  56:.\PeltierControler.c ****     uint8 valueToWrite;
  57:.\PeltierControler.c ****     uint8 mask;
  58:.\PeltierControler.c ****     
  59:.\PeltierControler.c ****     if(module == 0)
 214              		.loc 1 59 0
 215 0018 BB79     		ldrb	r3, [r7, #6]	@ zero_extendqisi2
 216 001a 002B     		cmp	r3, #0
 217 001c 02D1     		bne	.L9
  60:.\PeltierControler.c ****         mask = PELTIER1_ENABLE_MSK;
 218              		.loc 1 60 0
 219 001e 0123     		movs	r3, #1
 220 0020 BB73     		strb	r3, [r7, #14]
 221 0022 01E0     		b	.L10
 222              	.L9:
  61:.\PeltierControler.c ****     else
  62:.\PeltierControler.c ****         mask = PELTIER2_ENABLE_MSK;
 223              		.loc 1 62 0
ARM GAS  C:\Users\Lois\AppData\Local\Temp\ccQZCNjT.s 			page 6


 224 0024 0223     		movs	r3, #2
 225 0026 BB73     		strb	r3, [r7, #14]
 226              	.L10:
  63:.\PeltierControler.c ****     
  64:.\PeltierControler.c ****     mc1_5Module [module].peltierState = peltierEnableState;
 227              		.loc 1 64 0
 228 0028 BB79     		ldrb	r3, [r7, #6]	@ zero_extendqisi2
 229 002a 0F4A     		ldr	r2, .L14
 230 002c 2C21     		movs	r1, #44
 231 002e 01FB03F3 		mul	r3, r1, r3
 232 0032 1344     		add	r3, r3, r2
 233 0034 FA79     		ldrb	r2, [r7, #7]
 234 0036 9A70     		strb	r2, [r3, #2]
  65:.\PeltierControler.c ****     if (peltierEnableState == 0)
 235              		.loc 1 65 0
 236 0038 FB79     		ldrb	r3, [r7, #7]	@ zero_extendqisi2
 237 003a 002B     		cmp	r3, #0
 238 003c 07D1     		bne	.L11
  66:.\PeltierControler.c ****     {
  67:.\PeltierControler.c ****         valueToWrite = (actualCtrlRegisterValue) & (~mask);
 239              		.loc 1 67 0
 240 003e BB7B     		ldrb	r3, [r7, #14]	@ zero_extendqisi2
 241 0040 DB43     		mvns	r3, r3
 242 0042 DAB2     		uxtb	r2, r3
 243 0044 7B7B     		ldrb	r3, [r7, #13]	@ zero_extendqisi2
 244 0046 1340     		ands	r3, r3, r2
 245 0048 DBB2     		uxtb	r3, r3
 246 004a FB73     		strb	r3, [r7, #15]
 247 004c 03E0     		b	.L12
 248              	.L11:
  68:.\PeltierControler.c ****     }
  69:.\PeltierControler.c ****     else
  70:.\PeltierControler.c ****     {
  71:.\PeltierControler.c ****         valueToWrite = actualCtrlRegisterValue | mask;
 249              		.loc 1 71 0
 250 004e 7A7B     		ldrb	r2, [r7, #13]
 251 0050 BB7B     		ldrb	r3, [r7, #14]
 252 0052 1343     		orrs	r3, r3, r2
 253 0054 FB73     		strb	r3, [r7, #15]
 254              	.L12:
  72:.\PeltierControler.c ****     }
  73:.\PeltierControler.c ****     /*
  74:.\PeltierControler.c ****     switch (module)
  75:.\PeltierControler.c ****     {
  76:.\PeltierControler.c ****         case (1):
  77:.\PeltierControler.c ****         {           
  78:.\PeltierControler.c ****             if (peltierEnableState == 0)
  79:.\PeltierControler.c ****             {
  80:.\PeltierControler.c ****                 valueToWrite = (actualCtrlRegisterValue) & (~PELTIER1_ENABLE_MSK);
  81:.\PeltierControler.c ****                 SM1.peltierState = peltierDisabled;
  82:.\PeltierControler.c ****             }
  83:.\PeltierControler.c ****             else
  84:.\PeltierControler.c ****             {
  85:.\PeltierControler.c ****                 valueToWrite = actualCtrlRegisterValue | PELTIER1_ENABLE_MSK;
  86:.\PeltierControler.c ****                 SM1.peltierState = peltierEnabled;
  87:.\PeltierControler.c ****             }
  88:.\PeltierControler.c ****             break;
ARM GAS  C:\Users\Lois\AppData\Local\Temp\ccQZCNjT.s 			page 7


  89:.\PeltierControler.c ****         }
  90:.\PeltierControler.c ****         case (2):
  91:.\PeltierControler.c ****         {
  92:.\PeltierControler.c ****             if (peltierEnableState == 0)
  93:.\PeltierControler.c ****             {
  94:.\PeltierControler.c ****                 valueToWrite = (actualCtrlRegisterValue) & (~PELTIER2_ENABLE_MSK);
  95:.\PeltierControler.c ****                 SM2.peltierState = peltierDisabled;
  96:.\PeltierControler.c ****             }
  97:.\PeltierControler.c ****             else
  98:.\PeltierControler.c ****             {
  99:.\PeltierControler.c ****                 valueToWrite = actualCtrlRegisterValue | PELTIER2_ENABLE_MSK;
 100:.\PeltierControler.c ****                 SM2.peltierState = peltierEnabled;
 101:.\PeltierControler.c ****             }
 102:.\PeltierControler.c ****             break;
 103:.\PeltierControler.c ****         }
 104:.\PeltierControler.c ****         default:
 105:.\PeltierControler.c ****             break;
 106:.\PeltierControler.c ****     }*/
 107:.\PeltierControler.c ****     Peltier_Enable_Write(valueToWrite);
 255              		.loc 1 107 0
 256 0056 FB7B     		ldrb	r3, [r7, #15]	@ zero_extendqisi2
 257 0058 1846     		mov	r0, r3
 258 005a FFF7FEFF 		bl	Peltier_Enable_Write
 108:.\PeltierControler.c ****     
 109:.\PeltierControler.c ****     return 1;
 259              		.loc 1 109 0
 260 005e 0123     		movs	r3, #1
 110:.\PeltierControler.c **** }
 261              		.loc 1 110 0
 262 0060 1846     		mov	r0, r3
 263 0062 1037     		adds	r7, r7, #16
 264              		.cfi_def_cfa_offset 8
 265 0064 BD46     		mov	sp, r7
 266              		.cfi_def_cfa_register 13
 267              		@ sp needed
 268 0066 80BD     		pop	{r7, pc}
 269              	.L15:
 270              		.align	2
 271              	.L14:
 272 0068 00000000 		.word	mc1_5Module
 273              		.cfi_endproc
 274              	.LFE57:
 275              		.size	changePeltierModuleState, .-changePeltierModuleState
 276              		.section	.text.changePeltierModuleCurrentDirection,"ax",%progbits
 277              		.align	2
 278              		.global	changePeltierModuleCurrentDirection
 279              		.thumb
 280              		.thumb_func
 281              		.type	changePeltierModuleCurrentDirection, %function
 282              	changePeltierModuleCurrentDirection:
 283              	.LFB58:
 111:.\PeltierControler.c **** 
 112:.\PeltierControler.c **** 
 113:.\PeltierControler.c **** // Direction should be settled to PELTIER_COOL or PELTIER_HEAT
 114:.\PeltierControler.c **** uint8 changePeltierModuleCurrentDirection(CurrentDirectionType direction,  uint8 module)
 115:.\PeltierControler.c **** {   
 284              		.loc 1 115 0
ARM GAS  C:\Users\Lois\AppData\Local\Temp\ccQZCNjT.s 			page 8


 285              		.cfi_startproc
 286              		@ args = 0, pretend = 0, frame = 8
 287              		@ frame_needed = 1, uses_anonymous_args = 0
 288 0000 80B5     		push	{r7, lr}
 289              		.cfi_def_cfa_offset 8
 290              		.cfi_offset 7, -8
 291              		.cfi_offset 14, -4
 292 0002 82B0     		sub	sp, sp, #8
 293              		.cfi_def_cfa_offset 16
 294 0004 00AF     		add	r7, sp, #0
 295              		.cfi_def_cfa_register 7
 296 0006 0346     		mov	r3, r0
 297 0008 0A46     		mov	r2, r1
 298 000a FB71     		strb	r3, [r7, #7]
 299 000c 1346     		mov	r3, r2
 300 000e BB71     		strb	r3, [r7, #6]
 116:.\PeltierControler.c ****     if (direction==Heating || direction==Cooling)
 301              		.loc 1 116 0
 302 0010 FB79     		ldrb	r3, [r7, #7]	@ zero_extendqisi2
 303 0012 002B     		cmp	r3, #0
 304 0014 02D0     		beq	.L17
 305              		.loc 1 116 0 is_stmt 0 discriminator 1
 306 0016 FB79     		ldrb	r3, [r7, #7]	@ zero_extendqisi2
 307 0018 012B     		cmp	r3, #1
 308 001a 16D1     		bne	.L18
 309              	.L17:
 117:.\PeltierControler.c ****     {   
 118:.\PeltierControler.c ****         mc1_5Module [module].currentDirection = direction;
 310              		.loc 1 118 0 is_stmt 1
 311 001c BB79     		ldrb	r3, [r7, #6]	@ zero_extendqisi2
 312 001e 0D4A     		ldr	r2, .L22
 313 0020 2C21     		movs	r1, #44
 314 0022 01FB03F3 		mul	r3, r1, r3
 315 0026 1344     		add	r3, r3, r2
 316 0028 0833     		adds	r3, r3, #8
 317 002a FA79     		ldrb	r2, [r7, #7]
 318 002c 5A70     		strb	r2, [r3, #1]
 119:.\PeltierControler.c ****         if(module == 0)
 319              		.loc 1 119 0
 320 002e BB79     		ldrb	r3, [r7, #6]	@ zero_extendqisi2
 321 0030 002B     		cmp	r3, #0
 322 0032 04D1     		bne	.L19
 120:.\PeltierControler.c ****             Peltier1_Ctrl_Write(direction);
 323              		.loc 1 120 0
 324 0034 FB79     		ldrb	r3, [r7, #7]	@ zero_extendqisi2
 325 0036 1846     		mov	r0, r3
 326 0038 FFF7FEFF 		bl	Peltier1_Ctrl_Write
 327 003c 03E0     		b	.L20
 328              	.L19:
 121:.\PeltierControler.c ****         else
 122:.\PeltierControler.c ****             Peltier2_Ctrl_Write(direction);
 329              		.loc 1 122 0
 330 003e FB79     		ldrb	r3, [r7, #7]	@ zero_extendqisi2
 331 0040 1846     		mov	r0, r3
 332 0042 FFF7FEFF 		bl	Peltier2_Ctrl_Write
 333              	.L20:
 123:.\PeltierControler.c ****         
ARM GAS  C:\Users\Lois\AppData\Local\Temp\ccQZCNjT.s 			page 9


 124:.\PeltierControler.c ****         return 1;
 334              		.loc 1 124 0
 335 0046 0123     		movs	r3, #1
 336 0048 00E0     		b	.L21
 337              	.L18:
 125:.\PeltierControler.c ****     }
 126:.\PeltierControler.c ****     else
 127:.\PeltierControler.c ****         return 0;    
 338              		.loc 1 127 0
 339 004a 0023     		movs	r3, #0
 340              	.L21:
 128:.\PeltierControler.c ****     
 129:.\PeltierControler.c **** }
 341              		.loc 1 129 0
 342 004c 1846     		mov	r0, r3
 343 004e 0837     		adds	r7, r7, #8
 344              		.cfi_def_cfa_offset 8
 345 0050 BD46     		mov	sp, r7
 346              		.cfi_def_cfa_register 13
 347              		@ sp needed
 348 0052 80BD     		pop	{r7, pc}
 349              	.L23:
 350              		.align	2
 351              	.L22:
 352 0054 00000000 		.word	mc1_5Module
 353              		.cfi_endproc
 354              	.LFE58:
 355              		.size	changePeltierModuleCurrentDirection, .-changePeltierModuleCurrentDirection
 356              		.text
 357              	.Letext0:
 358              		.file 2 "c:\\program files (x86)\\cypress\\psoc creator\\3.3\\psoc creator\\import\\gnu\\arm\\4.9.
 359              		.file 3 "c:\\program files (x86)\\cypress\\psoc creator\\3.3\\psoc creator\\import\\gnu\\arm\\4.9.
 360              		.file 4 "Generated_Source\\PSoC5/cytypes.h"
 361              		.file 5 ".\\Defines.h"
 362              		.file 6 "Generated_Source\\PSoC5/core_cm3.h"
 363              		.section	.debug_info,"",%progbits
 364              	.Ldebug_info0:
 365 0000 B8030000 		.4byte	0x3b8
 366 0004 0400     		.2byte	0x4
 367 0006 00000000 		.4byte	.Ldebug_abbrev0
 368 000a 04       		.byte	0x4
 369 000b 01       		.uleb128 0x1
 370 000c 79010000 		.4byte	.LASF73
 371 0010 01       		.byte	0x1
 372 0011 64010000 		.4byte	.LASF74
 373 0015 EE000000 		.4byte	.LASF75
 374 0019 00000000 		.4byte	.Ldebug_ranges0+0
 375 001d 00000000 		.4byte	0
 376 0021 00000000 		.4byte	.Ldebug_line0
 377 0025 02       		.uleb128 0x2
 378 0026 01       		.byte	0x1
 379 0027 06       		.byte	0x6
 380 0028 2F010000 		.4byte	.LASF0
 381 002c 02       		.uleb128 0x2
 382 002d 01       		.byte	0x1
 383 002e 08       		.byte	0x8
 384 002f 58020000 		.4byte	.LASF1
ARM GAS  C:\Users\Lois\AppData\Local\Temp\ccQZCNjT.s 			page 10


 385 0033 02       		.uleb128 0x2
 386 0034 02       		.byte	0x2
 387 0035 05       		.byte	0x5
 388 0036 8A000000 		.4byte	.LASF2
 389 003a 02       		.uleb128 0x2
 390 003b 02       		.byte	0x2
 391 003c 07       		.byte	0x7
 392 003d 83040000 		.4byte	.LASF3
 393 0041 03       		.uleb128 0x3
 394 0042 54040000 		.4byte	.LASF9
 395 0046 02       		.byte	0x2
 396 0047 3F       		.byte	0x3f
 397 0048 4C000000 		.4byte	0x4c
 398 004c 02       		.uleb128 0x2
 399 004d 04       		.byte	0x4
 400 004e 05       		.byte	0x5
 401 004f 34030000 		.4byte	.LASF4
 402 0053 02       		.uleb128 0x2
 403 0054 04       		.byte	0x4
 404 0055 07       		.byte	0x7
 405 0056 DF030000 		.4byte	.LASF5
 406 005a 02       		.uleb128 0x2
 407 005b 08       		.byte	0x8
 408 005c 05       		.byte	0x5
 409 005d 41010000 		.4byte	.LASF6
 410 0061 02       		.uleb128 0x2
 411 0062 08       		.byte	0x8
 412 0063 07       		.byte	0x7
 413 0064 BF020000 		.4byte	.LASF7
 414 0068 04       		.uleb128 0x4
 415 0069 04       		.byte	0x4
 416 006a 05       		.byte	0x5
 417 006b 696E7400 		.ascii	"int\000"
 418 006f 02       		.uleb128 0x2
 419 0070 04       		.byte	0x4
 420 0071 07       		.byte	0x7
 421 0072 E7020000 		.4byte	.LASF8
 422 0076 03       		.uleb128 0x3
 423 0077 4F030000 		.4byte	.LASF10
 424 007b 03       		.byte	0x3
 425 007c 2C       		.byte	0x2c
 426 007d 41000000 		.4byte	0x41
 427 0081 03       		.uleb128 0x3
 428 0082 29010000 		.4byte	.LASF11
 429 0086 04       		.byte	0x4
 430 0087 A1       		.byte	0xa1
 431 0088 2C000000 		.4byte	0x2c
 432 008c 03       		.uleb128 0x3
 433 008d 1C010000 		.4byte	.LASF12
 434 0091 04       		.byte	0x4
 435 0092 A2       		.byte	0xa2
 436 0093 3A000000 		.4byte	0x3a
 437 0097 03       		.uleb128 0x3
 438 0098 4F010000 		.4byte	.LASF13
 439 009c 04       		.byte	0x4
 440 009d A4       		.byte	0xa4
 441 009e 25000000 		.4byte	0x25
ARM GAS  C:\Users\Lois\AppData\Local\Temp\ccQZCNjT.s 			page 11


 442 00a2 03       		.uleb128 0x3
 443 00a3 23010000 		.4byte	.LASF14
 444 00a7 04       		.byte	0x4
 445 00a8 A5       		.byte	0xa5
 446 00a9 33000000 		.4byte	0x33
 447 00ad 02       		.uleb128 0x2
 448 00ae 04       		.byte	0x4
 449 00af 04       		.byte	0x4
 450 00b0 3B010000 		.4byte	.LASF15
 451 00b4 02       		.uleb128 0x2
 452 00b5 08       		.byte	0x8
 453 00b6 04       		.byte	0x4
 454 00b7 F1030000 		.4byte	.LASF16
 455 00bb 02       		.uleb128 0x2
 456 00bc 01       		.byte	0x1
 457 00bd 08       		.byte	0x8
 458 00be 5F010000 		.4byte	.LASF17
 459 00c2 02       		.uleb128 0x2
 460 00c3 04       		.byte	0x4
 461 00c4 07       		.byte	0x7
 462 00c5 9B000000 		.4byte	.LASF18
 463 00c9 02       		.uleb128 0x2
 464 00ca 08       		.byte	0x8
 465 00cb 04       		.byte	0x4
 466 00cc 4C020000 		.4byte	.LASF19
 467 00d0 05       		.uleb128 0x5
 468 00d1 01       		.byte	0x1
 469 00d2 05       		.byte	0x5
 470 00d3 65       		.byte	0x65
 471 00d4 E5000000 		.4byte	0xe5
 472 00d8 06       		.uleb128 0x6
 473 00d9 C6040000 		.4byte	.LASF20
 474 00dd 00       		.sleb128 0
 475 00de 06       		.uleb128 0x6
 476 00df 0C030000 		.4byte	.LASF21
 477 00e3 01       		.sleb128 1
 478 00e4 00       		.byte	0
 479 00e5 03       		.uleb128 0x3
 480 00e6 F2040000 		.4byte	.LASF22
 481 00ea 05       		.byte	0x5
 482 00eb 65       		.byte	0x65
 483 00ec D0000000 		.4byte	0xd0
 484 00f0 05       		.uleb128 0x5
 485 00f1 01       		.byte	0x1
 486 00f2 05       		.byte	0x5
 487 00f3 67       		.byte	0x67
 488 00f4 05010000 		.4byte	0x105
 489 00f8 06       		.uleb128 0x6
 490 00f9 B3020000 		.4byte	.LASF23
 491 00fd 00       		.sleb128 0
 492 00fe 06       		.uleb128 0x6
 493 00ff 41020000 		.4byte	.LASF24
 494 0103 01       		.sleb128 1
 495 0104 00       		.byte	0
 496 0105 03       		.uleb128 0x3
 497 0106 7E030000 		.4byte	.LASF25
 498 010a 05       		.byte	0x5
ARM GAS  C:\Users\Lois\AppData\Local\Temp\ccQZCNjT.s 			page 12


 499 010b 67       		.byte	0x67
 500 010c F0000000 		.4byte	0xf0
 501 0110 05       		.uleb128 0x5
 502 0111 01       		.byte	0x1
 503 0112 05       		.byte	0x5
 504 0113 68       		.byte	0x68
 505 0114 25010000 		.4byte	0x125
 506 0118 06       		.uleb128 0x6
 507 0119 73040000 		.4byte	.LASF26
 508 011d 00       		.sleb128 0
 509 011e 06       		.uleb128 0x6
 510 011f 57030000 		.4byte	.LASF27
 511 0123 01       		.sleb128 1
 512 0124 00       		.byte	0
 513 0125 03       		.uleb128 0x3
 514 0126 50000000 		.4byte	.LASF28
 515 012a 05       		.byte	0x5
 516 012b 68       		.byte	0x68
 517 012c 10010000 		.4byte	0x110
 518 0130 05       		.uleb128 0x5
 519 0131 01       		.byte	0x1
 520 0132 05       		.byte	0x5
 521 0133 69       		.byte	0x69
 522 0134 57010000 		.4byte	0x157
 523 0138 06       		.uleb128 0x6
 524 0139 D6020000 		.4byte	.LASF29
 525 013d 00       		.sleb128 0
 526 013e 06       		.uleb128 0x6
 527 013f B9040000 		.4byte	.LASF30
 528 0143 01       		.sleb128 1
 529 0144 06       		.uleb128 0x6
 530 0145 08040000 		.4byte	.LASF31
 531 0149 02       		.sleb128 2
 532 014a 06       		.uleb128 0x6
 533 014b 3D030000 		.4byte	.LASF32
 534 014f 03       		.sleb128 3
 535 0150 06       		.uleb128 0x6
 536 0151 9D030000 		.4byte	.LASF33
 537 0155 04       		.sleb128 4
 538 0156 00       		.byte	0
 539 0157 03       		.uleb128 0x3
 540 0158 00000000 		.4byte	.LASF34
 541 015c 05       		.byte	0x5
 542 015d 69       		.byte	0x69
 543 015e 30010000 		.4byte	0x130
 544 0162 05       		.uleb128 0x5
 545 0163 01       		.byte	0x1
 546 0164 05       		.byte	0x5
 547 0165 6A       		.byte	0x6a
 548 0166 7D010000 		.4byte	0x17d
 549 016a 06       		.uleb128 0x6
 550 016b AC020000 		.4byte	.LASF35
 551 016f 02       		.sleb128 2
 552 0170 06       		.uleb128 0x6
 553 0171 B6000000 		.4byte	.LASF36
 554 0175 01       		.sleb128 1
 555 0176 06       		.uleb128 0x6
ARM GAS  C:\Users\Lois\AppData\Local\Temp\ccQZCNjT.s 			page 13


 556 0177 04030000 		.4byte	.LASF37
 557 017b 00       		.sleb128 0
 558 017c 00       		.byte	0
 559 017d 03       		.uleb128 0x3
 560 017e 5E040000 		.4byte	.LASF38
 561 0182 05       		.byte	0x5
 562 0183 6A       		.byte	0x6a
 563 0184 62010000 		.4byte	0x162
 564 0188 07       		.uleb128 0x7
 565 0189 2C       		.byte	0x2c
 566 018a 05       		.byte	0x5
 567 018b 6F       		.byte	0x6f
 568 018c 72020000 		.4byte	0x272
 569 0190 08       		.uleb128 0x8
 570 0191 66030000 		.4byte	.LASF39
 571 0195 05       		.byte	0x5
 572 0196 71       		.byte	0x71
 573 0197 8C000000 		.4byte	0x8c
 574 019b 00       		.byte	0
 575 019c 08       		.uleb128 0x8
 576 019d 3A040000 		.4byte	.LASF40
 577 01a1 05       		.byte	0x5
 578 01a2 73       		.byte	0x73
 579 01a3 25010000 		.4byte	0x125
 580 01a7 02       		.byte	0x2
 581 01a8 08       		.uleb128 0x8
 582 01a9 8B030000 		.4byte	.LASF41
 583 01ad 05       		.byte	0x5
 584 01ae 75       		.byte	0x75
 585 01af A2000000 		.4byte	0xa2
 586 01b3 04       		.byte	0x4
 587 01b4 08       		.uleb128 0x8
 588 01b5 C8000000 		.4byte	.LASF42
 589 01b9 05       		.byte	0x5
 590 01ba 76       		.byte	0x76
 591 01bb A2000000 		.4byte	0xa2
 592 01bf 06       		.byte	0x6
 593 01c0 08       		.uleb128 0x8
 594 01c1 F8030000 		.4byte	.LASF43
 595 01c5 05       		.byte	0x5
 596 01c6 77       		.byte	0x77
 597 01c7 57010000 		.4byte	0x157
 598 01cb 08       		.byte	0x8
 599 01cc 08       		.uleb128 0x8
 600 01cd 1B020000 		.4byte	.LASF44
 601 01d1 05       		.byte	0x5
 602 01d2 78       		.byte	0x78
 603 01d3 7D010000 		.4byte	0x17d
 604 01d7 09       		.byte	0x9
 605 01d8 08       		.uleb128 0x8
 606 01d9 A9040000 		.4byte	.LASF45
 607 01dd 05       		.byte	0x5
 608 01de 7A       		.byte	0x7a
 609 01df 8C000000 		.4byte	0x8c
 610 01e3 0A       		.byte	0xa
 611 01e4 08       		.uleb128 0x8
 612 01e5 2C020000 		.4byte	.LASF46
ARM GAS  C:\Users\Lois\AppData\Local\Temp\ccQZCNjT.s 			page 14


 613 01e9 05       		.byte	0x5
 614 01ea 7B       		.byte	0x7b
 615 01eb 81000000 		.4byte	0x81
 616 01ef 0C       		.byte	0xc
 617 01f0 08       		.uleb128 0x8
 618 01f1 07020000 		.4byte	.LASF47
 619 01f5 05       		.byte	0x5
 620 01f6 7C       		.byte	0x7c
 621 01f7 81000000 		.4byte	0x81
 622 01fb 0D       		.byte	0xd
 623 01fc 08       		.uleb128 0x8
 624 01fd D0030000 		.4byte	.LASF48
 625 0201 05       		.byte	0x5
 626 0202 7D       		.byte	0x7d
 627 0203 8C000000 		.4byte	0x8c
 628 0207 0E       		.byte	0xe
 629 0208 08       		.uleb128 0x8
 630 0209 21030000 		.4byte	.LASF49
 631 020d 05       		.byte	0x5
 632 020e 7F       		.byte	0x7f
 633 020f E5000000 		.4byte	0xe5
 634 0213 10       		.byte	0x10
 635 0214 08       		.uleb128 0x8
 636 0215 F4020000 		.4byte	.LASF50
 637 0219 05       		.byte	0x5
 638 021a 80       		.byte	0x80
 639 021b 68000000 		.4byte	0x68
 640 021f 14       		.byte	0x14
 641 0220 08       		.uleb128 0x8
 642 0221 BD030000 		.4byte	.LASF51
 643 0225 05       		.byte	0x5
 644 0226 82       		.byte	0x82
 645 0227 81000000 		.4byte	0x81
 646 022b 18       		.byte	0x18
 647 022c 08       		.uleb128 0x8
 648 022d E9040000 		.4byte	.LASF52
 649 0231 05       		.byte	0x5
 650 0232 83       		.byte	0x83
 651 0233 05010000 		.4byte	0x105
 652 0237 19       		.byte	0x19
 653 0238 08       		.uleb128 0x8
 654 0239 61000000 		.4byte	.LASF53
 655 023d 05       		.byte	0x5
 656 023e 85       		.byte	0x85
 657 023f 8C000000 		.4byte	0x8c
 658 0243 1A       		.byte	0x1a
 659 0244 08       		.uleb128 0x8
 660 0245 76000000 		.4byte	.LASF54
 661 0249 05       		.byte	0x5
 662 024a 86       		.byte	0x86
 663 024b 8C000000 		.4byte	0x8c
 664 024f 1C       		.byte	0x1c
 665 0250 09       		.uleb128 0x9
 666 0251 6B7000   		.ascii	"kp\000"
 667 0254 05       		.byte	0x5
 668 0255 87       		.byte	0x87
 669 0256 AD000000 		.4byte	0xad
ARM GAS  C:\Users\Lois\AppData\Local\Temp\ccQZCNjT.s 			page 15


 670 025a 20       		.byte	0x20
 671 025b 09       		.uleb128 0x9
 672 025c 6B6900   		.ascii	"ki\000"
 673 025f 05       		.byte	0x5
 674 0260 87       		.byte	0x87
 675 0261 AD000000 		.4byte	0xad
 676 0265 24       		.byte	0x24
 677 0266 09       		.uleb128 0x9
 678 0267 6B6400   		.ascii	"kd\000"
 679 026a 05       		.byte	0x5
 680 026b 87       		.byte	0x87
 681 026c AD000000 		.4byte	0xad
 682 0270 28       		.byte	0x28
 683 0271 00       		.byte	0
 684 0272 03       		.uleb128 0x3
 685 0273 19040000 		.4byte	.LASF55
 686 0277 05       		.byte	0x5
 687 0278 89       		.byte	0x89
 688 0279 88010000 		.4byte	0x188
 689 027d 0A       		.uleb128 0xa
 690 027e 66020000 		.4byte	.LASF63
 691 0282 01       		.byte	0x1
 692 0283 12       		.byte	0x12
 693 0284 81000000 		.4byte	0x81
 694 0288 00000000 		.4byte	.LFB56
 695 028c 0C010000 		.4byte	.LFE56-.LFB56
 696 0290 01       		.uleb128 0x1
 697 0291 9C       		.byte	0x9c
 698 0292 F9020000 		.4byte	0x2f9
 699 0296 0B       		.uleb128 0xb
 700 0297 A4000000 		.4byte	.LASF56
 701 029b 01       		.byte	0x1
 702 029c 12       		.byte	0x12
 703 029d 97000000 		.4byte	0x97
 704 02a1 02       		.uleb128 0x2
 705 02a2 91       		.byte	0x91
 706 02a3 67       		.sleb128 -25
 707 02a4 0B       		.uleb128 0xb
 708 02a5 94000000 		.4byte	.LASF57
 709 02a9 01       		.byte	0x1
 710 02aa 12       		.byte	0x12
 711 02ab 81000000 		.4byte	0x81
 712 02af 02       		.uleb128 0x2
 713 02b0 91       		.byte	0x91
 714 02b1 66       		.sleb128 -26
 715 02b2 0C       		.uleb128 0xc
 716 02b3 14000000 		.4byte	.LASF58
 717 02b7 01       		.byte	0x1
 718 02b8 14       		.byte	0x14
 719 02b9 8C000000 		.4byte	0x8c
 720 02bd 02       		.uleb128 0x2
 721 02be 91       		.byte	0x91
 722 02bf 76       		.sleb128 -10
 723 02c0 0C       		.uleb128 0xc
 724 02c1 25040000 		.4byte	.LASF59
 725 02c5 01       		.byte	0x1
 726 02c6 15       		.byte	0x15
ARM GAS  C:\Users\Lois\AppData\Local\Temp\ccQZCNjT.s 			page 16


 727 02c7 8C000000 		.4byte	0x8c
 728 02cb 02       		.uleb128 0x2
 729 02cc 91       		.byte	0x91
 730 02cd 74       		.sleb128 -12
 731 02ce 0C       		.uleb128 0xc
 732 02cf 7C020000 		.4byte	.LASF60
 733 02d3 01       		.byte	0x1
 734 02d4 18       		.byte	0x18
 735 02d5 AD000000 		.4byte	0xad
 736 02d9 02       		.uleb128 0x2
 737 02da 91       		.byte	0x91
 738 02db 70       		.sleb128 -16
 739 02dc 0C       		.uleb128 0xc
 740 02dd 54010000 		.4byte	.LASF61
 741 02e1 01       		.byte	0x1
 742 02e2 19       		.byte	0x19
 743 02e3 AD000000 		.4byte	0xad
 744 02e7 02       		.uleb128 0x2
 745 02e8 91       		.byte	0x91
 746 02e9 6C       		.sleb128 -20
 747 02ea 0C       		.uleb128 0xc
 748 02eb DB000000 		.4byte	.LASF62
 749 02ef 01       		.byte	0x1
 750 02f0 1A       		.byte	0x1a
 751 02f1 81000000 		.4byte	0x81
 752 02f5 02       		.uleb128 0x2
 753 02f6 91       		.byte	0x91
 754 02f7 6B       		.sleb128 -21
 755 02f8 00       		.byte	0
 756 02f9 0A       		.uleb128 0xa
 757 02fa 93020000 		.4byte	.LASF64
 758 02fe 01       		.byte	0x1
 759 02ff 35       		.byte	0x35
 760 0300 81000000 		.4byte	0x81
 761 0304 00000000 		.4byte	.LFB57
 762 0308 6C000000 		.4byte	.LFE57-.LFB57
 763 030c 01       		.uleb128 0x1
 764 030d 9C       		.byte	0x9c
 765 030e 59030000 		.4byte	0x359
 766 0312 0B       		.uleb128 0xb
 767 0313 96040000 		.4byte	.LASF65
 768 0317 01       		.byte	0x1
 769 0318 35       		.byte	0x35
 770 0319 81000000 		.4byte	0x81
 771 031d 02       		.uleb128 0x2
 772 031e 91       		.byte	0x91
 773 031f 6F       		.sleb128 -17
 774 0320 0B       		.uleb128 0xb
 775 0321 94000000 		.4byte	.LASF57
 776 0325 01       		.byte	0x1
 777 0326 35       		.byte	0x35
 778 0327 81000000 		.4byte	0x81
 779 032b 02       		.uleb128 0x2
 780 032c 91       		.byte	0x91
 781 032d 6E       		.sleb128 -18
 782 032e 0C       		.uleb128 0xc
 783 032f A5030000 		.4byte	.LASF66
ARM GAS  C:\Users\Lois\AppData\Local\Temp\ccQZCNjT.s 			page 17


 784 0333 01       		.byte	0x1
 785 0334 37       		.byte	0x37
 786 0335 81000000 		.4byte	0x81
 787 0339 02       		.uleb128 0x2
 788 033a 91       		.byte	0x91
 789 033b 75       		.sleb128 -11
 790 033c 0C       		.uleb128 0xc
 791 033d 47040000 		.4byte	.LASF67
 792 0341 01       		.byte	0x1
 793 0342 38       		.byte	0x38
 794 0343 81000000 		.4byte	0x81
 795 0347 02       		.uleb128 0x2
 796 0348 91       		.byte	0x91
 797 0349 77       		.sleb128 -9
 798 034a 0C       		.uleb128 0xc
 799 034b 09050000 		.4byte	.LASF68
 800 034f 01       		.byte	0x1
 801 0350 39       		.byte	0x39
 802 0351 81000000 		.4byte	0x81
 803 0355 02       		.uleb128 0x2
 804 0356 91       		.byte	0x91
 805 0357 76       		.sleb128 -10
 806 0358 00       		.byte	0
 807 0359 0A       		.uleb128 0xa
 808 035a 2C000000 		.4byte	.LASF69
 809 035e 01       		.byte	0x1
 810 035f 72       		.byte	0x72
 811 0360 81000000 		.4byte	0x81
 812 0364 00000000 		.4byte	.LFB58
 813 0368 58000000 		.4byte	.LFE58-.LFB58
 814 036c 01       		.uleb128 0x1
 815 036d 9C       		.byte	0x9c
 816 036e 8F030000 		.4byte	0x38f
 817 0372 0B       		.uleb128 0xb
 818 0373 BE000000 		.4byte	.LASF70
 819 0377 01       		.byte	0x1
 820 0378 72       		.byte	0x72
 821 0379 7D010000 		.4byte	0x17d
 822 037d 02       		.uleb128 0x2
 823 037e 91       		.byte	0x91
 824 037f 77       		.sleb128 -9
 825 0380 0B       		.uleb128 0xb
 826 0381 94000000 		.4byte	.LASF57
 827 0385 01       		.byte	0x1
 828 0386 72       		.byte	0x72
 829 0387 81000000 		.4byte	0x81
 830 038b 02       		.uleb128 0x2
 831 038c 91       		.byte	0x91
 832 038d 76       		.sleb128 -10
 833 038e 00       		.byte	0
 834 038f 0D       		.uleb128 0xd
 835 0390 DC040000 		.4byte	.LASF71
 836 0394 06       		.byte	0x6
 837 0395 1606     		.2byte	0x616
 838 0397 9B030000 		.4byte	0x39b
 839 039b 0E       		.uleb128 0xe
 840 039c 76000000 		.4byte	0x76
ARM GAS  C:\Users\Lois\AppData\Local\Temp\ccQZCNjT.s 			page 18


 841 03a0 0F       		.uleb128 0xf
 842 03a1 72020000 		.4byte	0x272
 843 03a5 B0030000 		.4byte	0x3b0
 844 03a9 10       		.uleb128 0x10
 845 03aa C2000000 		.4byte	0xc2
 846 03ae 01       		.byte	0x1
 847 03af 00       		.byte	0
 848 03b0 11       		.uleb128 0x11
 849 03b1 20000000 		.4byte	.LASF72
 850 03b5 01       		.byte	0x1
 851 03b6 0F       		.byte	0xf
 852 03b7 A0030000 		.4byte	0x3a0
 853 03bb 00       		.byte	0
 854              		.section	.debug_abbrev,"",%progbits
 855              	.Ldebug_abbrev0:
 856 0000 01       		.uleb128 0x1
 857 0001 11       		.uleb128 0x11
 858 0002 01       		.byte	0x1
 859 0003 25       		.uleb128 0x25
 860 0004 0E       		.uleb128 0xe
 861 0005 13       		.uleb128 0x13
 862 0006 0B       		.uleb128 0xb
 863 0007 03       		.uleb128 0x3
 864 0008 0E       		.uleb128 0xe
 865 0009 1B       		.uleb128 0x1b
 866 000a 0E       		.uleb128 0xe
 867 000b 55       		.uleb128 0x55
 868 000c 17       		.uleb128 0x17
 869 000d 11       		.uleb128 0x11
 870 000e 01       		.uleb128 0x1
 871 000f 10       		.uleb128 0x10
 872 0010 17       		.uleb128 0x17
 873 0011 00       		.byte	0
 874 0012 00       		.byte	0
 875 0013 02       		.uleb128 0x2
 876 0014 24       		.uleb128 0x24
 877 0015 00       		.byte	0
 878 0016 0B       		.uleb128 0xb
 879 0017 0B       		.uleb128 0xb
 880 0018 3E       		.uleb128 0x3e
 881 0019 0B       		.uleb128 0xb
 882 001a 03       		.uleb128 0x3
 883 001b 0E       		.uleb128 0xe
 884 001c 00       		.byte	0
 885 001d 00       		.byte	0
 886 001e 03       		.uleb128 0x3
 887 001f 16       		.uleb128 0x16
 888 0020 00       		.byte	0
 889 0021 03       		.uleb128 0x3
 890 0022 0E       		.uleb128 0xe
 891 0023 3A       		.uleb128 0x3a
 892 0024 0B       		.uleb128 0xb
 893 0025 3B       		.uleb128 0x3b
 894 0026 0B       		.uleb128 0xb
 895 0027 49       		.uleb128 0x49
 896 0028 13       		.uleb128 0x13
 897 0029 00       		.byte	0
ARM GAS  C:\Users\Lois\AppData\Local\Temp\ccQZCNjT.s 			page 19


 898 002a 00       		.byte	0
 899 002b 04       		.uleb128 0x4
 900 002c 24       		.uleb128 0x24
 901 002d 00       		.byte	0
 902 002e 0B       		.uleb128 0xb
 903 002f 0B       		.uleb128 0xb
 904 0030 3E       		.uleb128 0x3e
 905 0031 0B       		.uleb128 0xb
 906 0032 03       		.uleb128 0x3
 907 0033 08       		.uleb128 0x8
 908 0034 00       		.byte	0
 909 0035 00       		.byte	0
 910 0036 05       		.uleb128 0x5
 911 0037 04       		.uleb128 0x4
 912 0038 01       		.byte	0x1
 913 0039 0B       		.uleb128 0xb
 914 003a 0B       		.uleb128 0xb
 915 003b 3A       		.uleb128 0x3a
 916 003c 0B       		.uleb128 0xb
 917 003d 3B       		.uleb128 0x3b
 918 003e 0B       		.uleb128 0xb
 919 003f 01       		.uleb128 0x1
 920 0040 13       		.uleb128 0x13
 921 0041 00       		.byte	0
 922 0042 00       		.byte	0
 923 0043 06       		.uleb128 0x6
 924 0044 28       		.uleb128 0x28
 925 0045 00       		.byte	0
 926 0046 03       		.uleb128 0x3
 927 0047 0E       		.uleb128 0xe
 928 0048 1C       		.uleb128 0x1c
 929 0049 0D       		.uleb128 0xd
 930 004a 00       		.byte	0
 931 004b 00       		.byte	0
 932 004c 07       		.uleb128 0x7
 933 004d 13       		.uleb128 0x13
 934 004e 01       		.byte	0x1
 935 004f 0B       		.uleb128 0xb
 936 0050 0B       		.uleb128 0xb
 937 0051 3A       		.uleb128 0x3a
 938 0052 0B       		.uleb128 0xb
 939 0053 3B       		.uleb128 0x3b
 940 0054 0B       		.uleb128 0xb
 941 0055 01       		.uleb128 0x1
 942 0056 13       		.uleb128 0x13
 943 0057 00       		.byte	0
 944 0058 00       		.byte	0
 945 0059 08       		.uleb128 0x8
 946 005a 0D       		.uleb128 0xd
 947 005b 00       		.byte	0
 948 005c 03       		.uleb128 0x3
 949 005d 0E       		.uleb128 0xe
 950 005e 3A       		.uleb128 0x3a
 951 005f 0B       		.uleb128 0xb
 952 0060 3B       		.uleb128 0x3b
 953 0061 0B       		.uleb128 0xb
 954 0062 49       		.uleb128 0x49
ARM GAS  C:\Users\Lois\AppData\Local\Temp\ccQZCNjT.s 			page 20


 955 0063 13       		.uleb128 0x13
 956 0064 38       		.uleb128 0x38
 957 0065 0B       		.uleb128 0xb
 958 0066 00       		.byte	0
 959 0067 00       		.byte	0
 960 0068 09       		.uleb128 0x9
 961 0069 0D       		.uleb128 0xd
 962 006a 00       		.byte	0
 963 006b 03       		.uleb128 0x3
 964 006c 08       		.uleb128 0x8
 965 006d 3A       		.uleb128 0x3a
 966 006e 0B       		.uleb128 0xb
 967 006f 3B       		.uleb128 0x3b
 968 0070 0B       		.uleb128 0xb
 969 0071 49       		.uleb128 0x49
 970 0072 13       		.uleb128 0x13
 971 0073 38       		.uleb128 0x38
 972 0074 0B       		.uleb128 0xb
 973 0075 00       		.byte	0
 974 0076 00       		.byte	0
 975 0077 0A       		.uleb128 0xa
 976 0078 2E       		.uleb128 0x2e
 977 0079 01       		.byte	0x1
 978 007a 3F       		.uleb128 0x3f
 979 007b 19       		.uleb128 0x19
 980 007c 03       		.uleb128 0x3
 981 007d 0E       		.uleb128 0xe
 982 007e 3A       		.uleb128 0x3a
 983 007f 0B       		.uleb128 0xb
 984 0080 3B       		.uleb128 0x3b
 985 0081 0B       		.uleb128 0xb
 986 0082 27       		.uleb128 0x27
 987 0083 19       		.uleb128 0x19
 988 0084 49       		.uleb128 0x49
 989 0085 13       		.uleb128 0x13
 990 0086 11       		.uleb128 0x11
 991 0087 01       		.uleb128 0x1
 992 0088 12       		.uleb128 0x12
 993 0089 06       		.uleb128 0x6
 994 008a 40       		.uleb128 0x40
 995 008b 18       		.uleb128 0x18
 996 008c 9642     		.uleb128 0x2116
 997 008e 19       		.uleb128 0x19
 998 008f 01       		.uleb128 0x1
 999 0090 13       		.uleb128 0x13
 1000 0091 00       		.byte	0
 1001 0092 00       		.byte	0
 1002 0093 0B       		.uleb128 0xb
 1003 0094 05       		.uleb128 0x5
 1004 0095 00       		.byte	0
 1005 0096 03       		.uleb128 0x3
 1006 0097 0E       		.uleb128 0xe
 1007 0098 3A       		.uleb128 0x3a
 1008 0099 0B       		.uleb128 0xb
 1009 009a 3B       		.uleb128 0x3b
 1010 009b 0B       		.uleb128 0xb
 1011 009c 49       		.uleb128 0x49
ARM GAS  C:\Users\Lois\AppData\Local\Temp\ccQZCNjT.s 			page 21


 1012 009d 13       		.uleb128 0x13
 1013 009e 02       		.uleb128 0x2
 1014 009f 18       		.uleb128 0x18
 1015 00a0 00       		.byte	0
 1016 00a1 00       		.byte	0
 1017 00a2 0C       		.uleb128 0xc
 1018 00a3 34       		.uleb128 0x34
 1019 00a4 00       		.byte	0
 1020 00a5 03       		.uleb128 0x3
 1021 00a6 0E       		.uleb128 0xe
 1022 00a7 3A       		.uleb128 0x3a
 1023 00a8 0B       		.uleb128 0xb
 1024 00a9 3B       		.uleb128 0x3b
 1025 00aa 0B       		.uleb128 0xb
 1026 00ab 49       		.uleb128 0x49
 1027 00ac 13       		.uleb128 0x13
 1028 00ad 02       		.uleb128 0x2
 1029 00ae 18       		.uleb128 0x18
 1030 00af 00       		.byte	0
 1031 00b0 00       		.byte	0
 1032 00b1 0D       		.uleb128 0xd
 1033 00b2 34       		.uleb128 0x34
 1034 00b3 00       		.byte	0
 1035 00b4 03       		.uleb128 0x3
 1036 00b5 0E       		.uleb128 0xe
 1037 00b6 3A       		.uleb128 0x3a
 1038 00b7 0B       		.uleb128 0xb
 1039 00b8 3B       		.uleb128 0x3b
 1040 00b9 05       		.uleb128 0x5
 1041 00ba 49       		.uleb128 0x49
 1042 00bb 13       		.uleb128 0x13
 1043 00bc 3F       		.uleb128 0x3f
 1044 00bd 19       		.uleb128 0x19
 1045 00be 3C       		.uleb128 0x3c
 1046 00bf 19       		.uleb128 0x19
 1047 00c0 00       		.byte	0
 1048 00c1 00       		.byte	0
 1049 00c2 0E       		.uleb128 0xe
 1050 00c3 35       		.uleb128 0x35
 1051 00c4 00       		.byte	0
 1052 00c5 49       		.uleb128 0x49
 1053 00c6 13       		.uleb128 0x13
 1054 00c7 00       		.byte	0
 1055 00c8 00       		.byte	0
 1056 00c9 0F       		.uleb128 0xf
 1057 00ca 01       		.uleb128 0x1
 1058 00cb 01       		.byte	0x1
 1059 00cc 49       		.uleb128 0x49
 1060 00cd 13       		.uleb128 0x13
 1061 00ce 01       		.uleb128 0x1
 1062 00cf 13       		.uleb128 0x13
 1063 00d0 00       		.byte	0
 1064 00d1 00       		.byte	0
 1065 00d2 10       		.uleb128 0x10
 1066 00d3 21       		.uleb128 0x21
 1067 00d4 00       		.byte	0
 1068 00d5 49       		.uleb128 0x49
ARM GAS  C:\Users\Lois\AppData\Local\Temp\ccQZCNjT.s 			page 22


 1069 00d6 13       		.uleb128 0x13
 1070 00d7 2F       		.uleb128 0x2f
 1071 00d8 0B       		.uleb128 0xb
 1072 00d9 00       		.byte	0
 1073 00da 00       		.byte	0
 1074 00db 11       		.uleb128 0x11
 1075 00dc 34       		.uleb128 0x34
 1076 00dd 00       		.byte	0
 1077 00de 03       		.uleb128 0x3
 1078 00df 0E       		.uleb128 0xe
 1079 00e0 3A       		.uleb128 0x3a
 1080 00e1 0B       		.uleb128 0xb
 1081 00e2 3B       		.uleb128 0x3b
 1082 00e3 0B       		.uleb128 0xb
 1083 00e4 49       		.uleb128 0x49
 1084 00e5 13       		.uleb128 0x13
 1085 00e6 3F       		.uleb128 0x3f
 1086 00e7 19       		.uleb128 0x19
 1087 00e8 3C       		.uleb128 0x3c
 1088 00e9 19       		.uleb128 0x19
 1089 00ea 00       		.byte	0
 1090 00eb 00       		.byte	0
 1091 00ec 00       		.byte	0
 1092              		.section	.debug_aranges,"",%progbits
 1093 0000 2C000000 		.4byte	0x2c
 1094 0004 0200     		.2byte	0x2
 1095 0006 00000000 		.4byte	.Ldebug_info0
 1096 000a 04       		.byte	0x4
 1097 000b 00       		.byte	0
 1098 000c 0000     		.2byte	0
 1099 000e 0000     		.2byte	0
 1100 0010 00000000 		.4byte	.LFB56
 1101 0014 0C010000 		.4byte	.LFE56-.LFB56
 1102 0018 00000000 		.4byte	.LFB57
 1103 001c 6C000000 		.4byte	.LFE57-.LFB57
 1104 0020 00000000 		.4byte	.LFB58
 1105 0024 58000000 		.4byte	.LFE58-.LFB58
 1106 0028 00000000 		.4byte	0
 1107 002c 00000000 		.4byte	0
 1108              		.section	.debug_ranges,"",%progbits
 1109              	.Ldebug_ranges0:
 1110 0000 00000000 		.4byte	.LFB56
 1111 0004 0C010000 		.4byte	.LFE56
 1112 0008 00000000 		.4byte	.LFB57
 1113 000c 6C000000 		.4byte	.LFE57
 1114 0010 00000000 		.4byte	.LFB58
 1115 0014 58000000 		.4byte	.LFE58
 1116 0018 00000000 		.4byte	0
 1117 001c 00000000 		.4byte	0
 1118              		.section	.debug_line,"",%progbits
 1119              	.Ldebug_line0:
 1120 0000 C7010000 		.section	.debug_str,"MS",%progbits,1
 1120      02006401 
 1120      00000201 
 1120      FB0E0D00 
 1120      01010101 
 1121              	.LASF34:
ARM GAS  C:\Users\Lois\AppData\Local\Temp\ccQZCNjT.s 			page 23


 1122 0000 54656D70 		.ascii	"TemperatureModeType\000"
 1122      65726174 
 1122      7572654D 
 1122      6F646554 
 1122      79706500 
 1123              	.LASF58:
 1124 0014 6D617850 		.ascii	"maxPWMPulse\000"
 1124      574D5075 
 1124      6C736500 
 1125              	.LASF72:
 1126 0020 6D63315F 		.ascii	"mc1_5Module\000"
 1126      354D6F64 
 1126      756C6500 
 1127              	.LASF69:
 1128 002c 6368616E 		.ascii	"changePeltierModuleCurrentDirection\000"
 1128      67655065 
 1128      6C746965 
 1128      724D6F64 
 1128      756C6543 
 1129              	.LASF28:
 1130 0050 50656C74 		.ascii	"PeltierStateType\000"
 1130      69657253 
 1130      74617465 
 1130      54797065 
 1130      00
 1131              	.LASF53:
 1132 0061 74656D70 		.ascii	"temperatureLimitHigh\000"
 1132      65726174 
 1132      7572654C 
 1132      696D6974 
 1132      48696768 
 1133              	.LASF54:
 1134 0076 74656D70 		.ascii	"temperatureLimitLow\000"
 1134      65726174 
 1134      7572654C 
 1134      696D6974 
 1134      4C6F7700 
 1135              	.LASF2:
 1136 008a 73686F72 		.ascii	"short int\000"
 1136      7420696E 
 1136      7400
 1137              	.LASF57:
 1138 0094 6D6F6475 		.ascii	"module\000"
 1138      6C6500
 1139              	.LASF18:
 1140 009b 73697A65 		.ascii	"sizetype\000"
 1140      74797065 
 1140      00
 1141              	.LASF56:
 1142 00a4 64657369 		.ascii	"desiredPercentage\000"
 1142      72656450 
 1142      65726365 
 1142      6E746167 
 1142      6500
 1143              	.LASF36:
 1144 00b6 436F6F6C 		.ascii	"Cooling\000"
 1144      696E6700 
ARM GAS  C:\Users\Lois\AppData\Local\Temp\ccQZCNjT.s 			page 24


 1145              	.LASF70:
 1146 00be 64697265 		.ascii	"direction\000"
 1146      6374696F 
 1146      6E00
 1147              	.LASF42:
 1148 00c8 63757272 		.ascii	"currentTemperature\000"
 1148      656E7454 
 1148      656D7065 
 1148      72617475 
 1148      726500
 1149              	.LASF62:
 1150 00db 72656D61 		.ascii	"remappedPercentage\000"
 1150      70706564 
 1150      50657263 
 1150      656E7461 
 1150      676500
 1151              	.LASF75:
 1152 00ee 433A5C55 		.ascii	"C:\\Users\\Lois\\Desktop\\MC1_5\\MC1_5_PSOC5.cydsn\000"
 1152      73657273 
 1152      5C4C6F69 
 1152      735C4465 
 1152      736B746F 
 1153              	.LASF12:
 1154 011c 75696E74 		.ascii	"uint16\000"
 1154      313600
 1155              	.LASF14:
 1156 0123 696E7431 		.ascii	"int16\000"
 1156      3600
 1157              	.LASF11:
 1158 0129 75696E74 		.ascii	"uint8\000"
 1158      3800
 1159              	.LASF0:
 1160 012f 7369676E 		.ascii	"signed char\000"
 1160      65642063 
 1160      68617200 
 1161              	.LASF15:
 1162 013b 666C6F61 		.ascii	"float\000"
 1162      7400
 1163              	.LASF6:
 1164 0141 6C6F6E67 		.ascii	"long long int\000"
 1164      206C6F6E 
 1164      6720696E 
 1164      7400
 1165              	.LASF13:
 1166 014f 696E7438 		.ascii	"int8\000"
 1166      00
 1167              	.LASF61:
 1168 0154 70657263 		.ascii	"percentage\000"
 1168      656E7461 
 1168      676500
 1169              	.LASF17:
 1170 015f 63686172 		.ascii	"char\000"
 1170      00
 1171              	.LASF74:
 1172 0164 2E5C5065 		.ascii	".\\PeltierControler.c\000"
 1172      6C746965 
 1172      72436F6E 
ARM GAS  C:\Users\Lois\AppData\Local\Temp\ccQZCNjT.s 			page 25


 1172      74726F6C 
 1172      65722E63 
 1173              	.LASF73:
 1174 0179 474E5520 		.ascii	"GNU C 4.9.3 20150303 (release) [ARM/embedded-4_9-br"
 1174      4320342E 
 1174      392E3320 
 1174      32303135 
 1174      30333033 
 1175 01ac 616E6368 		.ascii	"anch revision 221220] -mcpu=cortex-m3 -mthumb -g -O"
 1175      20726576 
 1175      6973696F 
 1175      6E203232 
 1175      31323230 
 1176 01df 30202D66 		.ascii	"0 -ffunction-sections -ffat-lto-objects\000"
 1176      66756E63 
 1176      74696F6E 
 1176      2D736563 
 1176      74696F6E 
 1177              	.LASF47:
 1178 0207 61637475 		.ascii	"actualPwmPercentage\000"
 1178      616C5077 
 1178      6D506572 
 1178      63656E74 
 1178      61676500 
 1179              	.LASF44:
 1180 021b 63757272 		.ascii	"currentDirection\000"
 1180      656E7444 
 1180      69726563 
 1180      74696F6E 
 1180      00
 1181              	.LASF46:
 1182 022c 64657369 		.ascii	"desiredPwmPercentage\000"
 1182      72656450 
 1182      776D5065 
 1182      7263656E 
 1182      74616765 
 1183              	.LASF24:
 1184 0241 66616E45 		.ascii	"fanEnabled\000"
 1184      6E61626C 
 1184      656400
 1185              	.LASF19:
 1186 024c 6C6F6E67 		.ascii	"long double\000"
 1186      20646F75 
 1186      626C6500 
 1187              	.LASF1:
 1188 0258 756E7369 		.ascii	"unsigned char\000"
 1188      676E6564 
 1188      20636861 
 1188      7200
 1189              	.LASF63:
 1190 0266 6368616E 		.ascii	"changePeltierPWMValue\000"
 1190      67655065 
 1190      6C746965 
 1190      7250574D 
 1190      56616C75 
 1191              	.LASF60:
 1192 027c 666C6F61 		.ascii	"floatDesiredPercentage\000"
ARM GAS  C:\Users\Lois\AppData\Local\Temp\ccQZCNjT.s 			page 26


 1192      74446573 
 1192      69726564 
 1192      50657263 
 1192      656E7461 
 1193              	.LASF64:
 1194 0293 6368616E 		.ascii	"changePeltierModuleState\000"
 1194      67655065 
 1194      6C746965 
 1194      724D6F64 
 1194      756C6553 
 1195              	.LASF35:
 1196 02ac 4E6F7453 		.ascii	"NotSet\000"
 1196      657400
 1197              	.LASF23:
 1198 02b3 66616E44 		.ascii	"fanDisabled\000"
 1198      69736162 
 1198      6C656400 
 1199              	.LASF7:
 1200 02bf 6C6F6E67 		.ascii	"long long unsigned int\000"
 1200      206C6F6E 
 1200      6720756E 
 1200      7369676E 
 1200      65642069 
 1201              	.LASF29:
 1202 02d6 4D61696E 		.ascii	"Maintaining_heat\000"
 1202      7461696E 
 1202      696E675F 
 1202      68656174 
 1202      00
 1203              	.LASF8:
 1204 02e7 756E7369 		.ascii	"unsigned int\000"
 1204      676E6564 
 1204      20696E74 
 1204      00
 1205              	.LASF50:
 1206 02f4 73746570 		.ascii	"stepperPosition\000"
 1206      70657250 
 1206      6F736974 
 1206      696F6E00 
 1207              	.LASF37:
 1208 0304 48656174 		.ascii	"Heating\000"
 1208      696E6700 
 1209              	.LASF21:
 1210 030c 6D61676E 		.ascii	"magnetisationEnabled\000"
 1210      65746973 
 1210      6174696F 
 1210      6E456E61 
 1210      626C6564 
 1211              	.LASF49:
 1212 0321 6D61676E 		.ascii	"magnetisationState\000"
 1212      65746973 
 1212      6174696F 
 1212      6E537461 
 1212      746500
 1213              	.LASF4:
 1214 0334 6C6F6E67 		.ascii	"long int\000"
 1214      20696E74 
ARM GAS  C:\Users\Lois\AppData\Local\Temp\ccQZCNjT.s 			page 27


 1214      00
 1215              	.LASF32:
 1216 033d 57616974 		.ascii	"Waiting_overshoot\000"
 1216      696E675F 
 1216      6F766572 
 1216      73686F6F 
 1216      7400
 1217              	.LASF10:
 1218 034f 696E7433 		.ascii	"int32_t\000"
 1218      325F7400 
 1219              	.LASF27:
 1220 0357 70656C74 		.ascii	"peltierEnabled\000"
 1220      69657245 
 1220      6E61626C 
 1220      656400
 1221              	.LASF39:
 1222 0366 6D617854 		.ascii	"maxTemperatureDeviation\000"
 1222      656D7065 
 1222      72617475 
 1222      72654465 
 1222      76696174 
 1223              	.LASF25:
 1224 037e 46616E53 		.ascii	"FanStateType\000"
 1224      74617465 
 1224      54797065 
 1224      00
 1225              	.LASF41:
 1226 038b 74617267 		.ascii	"targetTemperature\000"
 1226      65745465 
 1226      6D706572 
 1226      61747572 
 1226      6500
 1227              	.LASF33:
 1228 039d 57616974 		.ascii	"Waiting\000"
 1228      696E6700 
 1229              	.LASF66:
 1230 03a5 61637475 		.ascii	"actualCtrlRegisterValue\000"
 1230      616C4374 
 1230      726C5265 
 1230      67697374 
 1230      65725661 
 1231              	.LASF51:
 1232 03bd 66616E53 		.ascii	"fanSpeedPercentage\000"
 1232      70656564 
 1232      50657263 
 1232      656E7461 
 1232      676500
 1233              	.LASF48:
 1234 03d0 70776D50 		.ascii	"pwmPeriodValue\000"
 1234      6572696F 
 1234      6456616C 
 1234      756500
 1235              	.LASF5:
 1236 03df 6C6F6E67 		.ascii	"long unsigned int\000"
 1236      20756E73 
 1236      69676E65 
 1236      6420696E 
ARM GAS  C:\Users\Lois\AppData\Local\Temp\ccQZCNjT.s 			page 28


 1236      7400
 1237              	.LASF16:
 1238 03f1 646F7562 		.ascii	"double\000"
 1238      6C6500
 1239              	.LASF43:
 1240 03f8 74656D70 		.ascii	"temperatureMode\000"
 1240      65726174 
 1240      7572654D 
 1240      6F646500 
 1241              	.LASF31:
 1242 0408 4D61696E 		.ascii	"Maintaining_cool\000"
 1242      7461696E 
 1242      696E675F 
 1242      636F6F6C 
 1242      00
 1243              	.LASF55:
 1244 0419 4D43315F 		.ascii	"MC1_5Module\000"
 1244      354D6F64 
 1244      756C6500 
 1245              	.LASF59:
 1246 0425 70776D57 		.ascii	"pwmWriteCompareValue\000"
 1246      72697465 
 1246      436F6D70 
 1246      61726556 
 1246      616C7565 
 1247              	.LASF40:
 1248 043a 70656C74 		.ascii	"peltierState\000"
 1248      69657253 
 1248      74617465 
 1248      00
 1249              	.LASF67:
 1250 0447 76616C75 		.ascii	"valueToWrite\000"
 1250      65546F57 
 1250      72697465 
 1250      00
 1251              	.LASF9:
 1252 0454 5F5F696E 		.ascii	"__int32_t\000"
 1252      7433325F 
 1252      7400
 1253              	.LASF38:
 1254 045e 43757272 		.ascii	"CurrentDirectionType\000"
 1254      656E7444 
 1254      69726563 
 1254      74696F6E 
 1254      54797065 
 1255              	.LASF26:
 1256 0473 70656C74 		.ascii	"peltierDisabled\000"
 1256      69657244 
 1256      69736162 
 1256      6C656400 
 1257              	.LASF3:
 1258 0483 73686F72 		.ascii	"short unsigned int\000"
 1258      7420756E 
 1258      7369676E 
 1258      65642069 
 1258      6E7400
 1259              	.LASF65:
ARM GAS  C:\Users\Lois\AppData\Local\Temp\ccQZCNjT.s 			page 29


 1260 0496 70656C74 		.ascii	"peltierEnableState\000"
 1260      69657245 
 1260      6E61626C 
 1260      65537461 
 1260      746500
 1261              	.LASF45:
 1262 04a9 70776D43 		.ascii	"pwmCompareValue\000"
 1262      6F6D7061 
 1262      72655661 
 1262      6C756500 
 1263              	.LASF30:
 1264 04b9 57616974 		.ascii	"Waiting_drop\000"
 1264      696E675F 
 1264      64726F70 
 1264      00
 1265              	.LASF20:
 1266 04c6 6D61676E 		.ascii	"magnetisationDisabled\000"
 1266      65746973 
 1266      6174696F 
 1266      6E446973 
 1266      61626C65 
 1267              	.LASF71:
 1268 04dc 49544D5F 		.ascii	"ITM_RxBuffer\000"
 1268      52784275 
 1268      66666572 
 1268      00
 1269              	.LASF52:
 1270 04e9 66616E53 		.ascii	"fanState\000"
 1270      74617465 
 1270      00
 1271              	.LASF22:
 1272 04f2 4D61676E 		.ascii	"MagnetisationStateType\000"
 1272      65746973 
 1272      6174696F 
 1272      6E537461 
 1272      74655479 
 1273              	.LASF68:
 1274 0509 6D61736B 		.ascii	"mask\000"
 1274      00
 1275              		.ident	"GCC: (GNU Tools for ARM Embedded Processors) 4.9.3 20150303 (release) [ARM/embedded-4_9-br
