ARM GAS  C:\Users\gaul2016\AppData\Local\Temp\cc7lrGgv.s 			page 1


   1              		.syntax unified
   2              		.cpu cortex-m3
   3              		.fpu softvfp
   4              		.eabi_attribute 20, 1
   5              		.eabi_attribute 21, 1
   6              		.eabi_attribute 23, 3
   7              		.eabi_attribute 24, 1
   8              		.eabi_attribute 25, 1
   9              		.eabi_attribute 26, 1
  10              		.eabi_attribute 30, 6
  11              		.eabi_attribute 34, 1
  12              		.eabi_attribute 18, 4
  13              		.thumb
  14              		.file	"photo_in.c"
  15              		.text
  16              	.Ltext0:
  17              		.cfi_sections	.debug_frame
  18              		.section	.text.photo_in_Write,"ax",%progbits
  19              		.align	2
  20              		.global	photo_in_Write
  21              		.thumb
  22              		.thumb_func
  23              		.type	photo_in_Write, %function
  24              	photo_in_Write:
  25              	.LFB0:
  26              		.file 1 ".\\Generated_Source\\PSoC5\\photo_in.c"
   1:.\Generated_Source\PSoC5/photo_in.c **** /*******************************************************************************
   2:.\Generated_Source\PSoC5/photo_in.c **** * File Name: photo_in.c  
   3:.\Generated_Source\PSoC5/photo_in.c **** * Version 2.10
   4:.\Generated_Source\PSoC5/photo_in.c **** *
   5:.\Generated_Source\PSoC5/photo_in.c **** * Description:
   6:.\Generated_Source\PSoC5/photo_in.c **** *  This file contains API to enable firmware control of a Pins component.
   7:.\Generated_Source\PSoC5/photo_in.c **** *
   8:.\Generated_Source\PSoC5/photo_in.c **** * Note:
   9:.\Generated_Source\PSoC5/photo_in.c **** *
  10:.\Generated_Source\PSoC5/photo_in.c **** ********************************************************************************
  11:.\Generated_Source\PSoC5/photo_in.c **** * Copyright 2008-2014, Cypress Semiconductor Corporation.  All rights reserved.
  12:.\Generated_Source\PSoC5/photo_in.c **** * You may use this file only in accordance with the license, terms, conditions, 
  13:.\Generated_Source\PSoC5/photo_in.c **** * disclaimers, and limitations in the end user license agreement accompanying 
  14:.\Generated_Source\PSoC5/photo_in.c **** * the software package with which this file was provided.
  15:.\Generated_Source\PSoC5/photo_in.c **** *******************************************************************************/
  16:.\Generated_Source\PSoC5/photo_in.c **** 
  17:.\Generated_Source\PSoC5/photo_in.c **** #include "cytypes.h"
  18:.\Generated_Source\PSoC5/photo_in.c **** #include "photo_in.h"
  19:.\Generated_Source\PSoC5/photo_in.c **** 
  20:.\Generated_Source\PSoC5/photo_in.c **** /* APIs are not generated for P15[7:6] on PSoC 5 */
  21:.\Generated_Source\PSoC5/photo_in.c **** #if !(CY_PSOC5A &&\
  22:.\Generated_Source\PSoC5/photo_in.c **** 	 photo_in__PORT == 15 && ((photo_in__MASK & 0xC0) != 0))
  23:.\Generated_Source\PSoC5/photo_in.c **** 
  24:.\Generated_Source\PSoC5/photo_in.c **** 
  25:.\Generated_Source\PSoC5/photo_in.c **** /*******************************************************************************
  26:.\Generated_Source\PSoC5/photo_in.c **** * Function Name: photo_in_Write
  27:.\Generated_Source\PSoC5/photo_in.c **** ********************************************************************************
  28:.\Generated_Source\PSoC5/photo_in.c **** *
  29:.\Generated_Source\PSoC5/photo_in.c **** * Summary:
  30:.\Generated_Source\PSoC5/photo_in.c **** *  Assign a new value to the digital port's data output register.  
  31:.\Generated_Source\PSoC5/photo_in.c **** *
ARM GAS  C:\Users\gaul2016\AppData\Local\Temp\cc7lrGgv.s 			page 2


  32:.\Generated_Source\PSoC5/photo_in.c **** * Parameters:  
  33:.\Generated_Source\PSoC5/photo_in.c **** *  prtValue:  The value to be assigned to the Digital Port. 
  34:.\Generated_Source\PSoC5/photo_in.c **** *
  35:.\Generated_Source\PSoC5/photo_in.c **** * Return: 
  36:.\Generated_Source\PSoC5/photo_in.c **** *  None
  37:.\Generated_Source\PSoC5/photo_in.c **** *  
  38:.\Generated_Source\PSoC5/photo_in.c **** *******************************************************************************/
  39:.\Generated_Source\PSoC5/photo_in.c **** void photo_in_Write(uint8 value) 
  40:.\Generated_Source\PSoC5/photo_in.c **** {
  27              		.loc 1 40 0
  28              		.cfi_startproc
  29              		@ args = 0, pretend = 0, frame = 16
  30              		@ frame_needed = 1, uses_anonymous_args = 0
  31              		@ link register save eliminated.
  32 0000 80B4     		push	{r7}
  33              		.cfi_def_cfa_offset 4
  34              		.cfi_offset 7, -4
  35 0002 85B0     		sub	sp, sp, #20
  36              		.cfi_def_cfa_offset 24
  37 0004 00AF     		add	r7, sp, #0
  38              		.cfi_def_cfa_register 7
  39 0006 0346     		mov	r3, r0
  40 0008 FB71     		strb	r3, [r7, #7]
  41:.\Generated_Source\PSoC5/photo_in.c ****     uint8 staticBits = (photo_in_DR & (uint8)(~photo_in_MASK));
  41              		.loc 1 41 0
  42 000a 094B     		ldr	r3, .L2
  43 000c 1B78     		ldrb	r3, [r3]
  44 000e DBB2     		uxtb	r3, r3
  45 0010 03F07F03 		and	r3, r3, #127
  46 0014 FB73     		strb	r3, [r7, #15]
  42:.\Generated_Source\PSoC5/photo_in.c ****     photo_in_DR = staticBits | ((uint8)(value << photo_in_SHIFT) & photo_in_MASK);
  47              		.loc 1 42 0
  48 0016 0649     		ldr	r1, .L2
  49 0018 FB79     		ldrb	r3, [r7, #7]
  50 001a DB01     		lsls	r3, r3, #7
  51 001c DAB2     		uxtb	r2, r3
  52 001e FB7B     		ldrb	r3, [r7, #15]
  53 0020 1343     		orrs	r3, r3, r2
  54 0022 DBB2     		uxtb	r3, r3
  55 0024 0B70     		strb	r3, [r1]
  43:.\Generated_Source\PSoC5/photo_in.c **** }
  56              		.loc 1 43 0
  57 0026 1437     		adds	r7, r7, #20
  58              		.cfi_def_cfa_offset 4
  59 0028 BD46     		mov	sp, r7
  60              		.cfi_def_cfa_register 13
  61              		@ sp needed
  62 002a 5DF8047B 		ldr	r7, [sp], #4
  63              		.cfi_restore 7
  64              		.cfi_def_cfa_offset 0
  65 002e 7047     		bx	lr
  66              	.L3:
  67              		.align	2
  68              	.L2:
  69 0030 30510040 		.word	1073762608
  70              		.cfi_endproc
  71              	.LFE0:
ARM GAS  C:\Users\gaul2016\AppData\Local\Temp\cc7lrGgv.s 			page 3


  72              		.size	photo_in_Write, .-photo_in_Write
  73              		.section	.text.photo_in_SetDriveMode,"ax",%progbits
  74              		.align	2
  75              		.global	photo_in_SetDriveMode
  76              		.thumb
  77              		.thumb_func
  78              		.type	photo_in_SetDriveMode, %function
  79              	photo_in_SetDriveMode:
  80              	.LFB1:
  44:.\Generated_Source\PSoC5/photo_in.c **** 
  45:.\Generated_Source\PSoC5/photo_in.c **** 
  46:.\Generated_Source\PSoC5/photo_in.c **** /*******************************************************************************
  47:.\Generated_Source\PSoC5/photo_in.c **** * Function Name: photo_in_SetDriveMode
  48:.\Generated_Source\PSoC5/photo_in.c **** ********************************************************************************
  49:.\Generated_Source\PSoC5/photo_in.c **** *
  50:.\Generated_Source\PSoC5/photo_in.c **** * Summary:
  51:.\Generated_Source\PSoC5/photo_in.c **** *  Change the drive mode on the pins of the port.
  52:.\Generated_Source\PSoC5/photo_in.c **** * 
  53:.\Generated_Source\PSoC5/photo_in.c **** * Parameters:  
  54:.\Generated_Source\PSoC5/photo_in.c **** *  mode:  Change the pins to one of the following drive modes.
  55:.\Generated_Source\PSoC5/photo_in.c **** *
  56:.\Generated_Source\PSoC5/photo_in.c **** *  photo_in_DM_STRONG     Strong Drive 
  57:.\Generated_Source\PSoC5/photo_in.c **** *  photo_in_DM_OD_HI      Open Drain, Drives High 
  58:.\Generated_Source\PSoC5/photo_in.c **** *  photo_in_DM_OD_LO      Open Drain, Drives Low 
  59:.\Generated_Source\PSoC5/photo_in.c **** *  photo_in_DM_RES_UP     Resistive Pull Up 
  60:.\Generated_Source\PSoC5/photo_in.c **** *  photo_in_DM_RES_DWN    Resistive Pull Down 
  61:.\Generated_Source\PSoC5/photo_in.c **** *  photo_in_DM_RES_UPDWN  Resistive Pull Up/Down 
  62:.\Generated_Source\PSoC5/photo_in.c **** *  photo_in_DM_DIG_HIZ    High Impedance Digital 
  63:.\Generated_Source\PSoC5/photo_in.c **** *  photo_in_DM_ALG_HIZ    High Impedance Analog 
  64:.\Generated_Source\PSoC5/photo_in.c **** *
  65:.\Generated_Source\PSoC5/photo_in.c **** * Return: 
  66:.\Generated_Source\PSoC5/photo_in.c **** *  None
  67:.\Generated_Source\PSoC5/photo_in.c **** *
  68:.\Generated_Source\PSoC5/photo_in.c **** *******************************************************************************/
  69:.\Generated_Source\PSoC5/photo_in.c **** void photo_in_SetDriveMode(uint8 mode) 
  70:.\Generated_Source\PSoC5/photo_in.c **** {
  81              		.loc 1 70 0
  82              		.cfi_startproc
  83              		@ args = 0, pretend = 0, frame = 8
  84              		@ frame_needed = 1, uses_anonymous_args = 0
  85              		@ link register save eliminated.
  86 0000 80B4     		push	{r7}
  87              		.cfi_def_cfa_offset 4
  88              		.cfi_offset 7, -4
  89 0002 83B0     		sub	sp, sp, #12
  90              		.cfi_def_cfa_offset 16
  91 0004 00AF     		add	r7, sp, #0
  92              		.cfi_def_cfa_register 7
  93 0006 0346     		mov	r3, r0
  94 0008 FB71     		strb	r3, [r7, #7]
  71:.\Generated_Source\PSoC5/photo_in.c **** 	CyPins_SetPinDriveMode(photo_in_0, mode);
  95              		.loc 1 71 0
  96 000a 0A4B     		ldr	r3, .L5
  97 000c 094A     		ldr	r2, .L5
  98 000e 1278     		ldrb	r2, [r2]
  99 0010 D2B2     		uxtb	r2, r2
 100 0012 D2B2     		uxtb	r2, r2
ARM GAS  C:\Users\gaul2016\AppData\Local\Temp\cc7lrGgv.s 			page 4


 101 0014 22F00E02 		bic	r2, r2, #14
 102 0018 D1B2     		uxtb	r1, r2
 103 001a FA79     		ldrb	r2, [r7, #7]	@ zero_extendqisi2
 104 001c 02F00E02 		and	r2, r2, #14
 105 0020 D2B2     		uxtb	r2, r2
 106 0022 0A43     		orrs	r2, r2, r1
 107 0024 D2B2     		uxtb	r2, r2
 108 0026 D2B2     		uxtb	r2, r2
 109 0028 1A70     		strb	r2, [r3]
  72:.\Generated_Source\PSoC5/photo_in.c **** }
 110              		.loc 1 72 0
 111 002a 0C37     		adds	r7, r7, #12
 112              		.cfi_def_cfa_offset 4
 113 002c BD46     		mov	sp, r7
 114              		.cfi_def_cfa_register 13
 115              		@ sp needed
 116 002e 5DF8047B 		ldr	r7, [sp], #4
 117              		.cfi_restore 7
 118              		.cfi_def_cfa_offset 0
 119 0032 7047     		bx	lr
 120              	.L6:
 121              		.align	2
 122              	.L5:
 123 0034 1F500040 		.word	1073762335
 124              		.cfi_endproc
 125              	.LFE1:
 126              		.size	photo_in_SetDriveMode, .-photo_in_SetDriveMode
 127              		.section	.text.photo_in_Read,"ax",%progbits
 128              		.align	2
 129              		.global	photo_in_Read
 130              		.thumb
 131              		.thumb_func
 132              		.type	photo_in_Read, %function
 133              	photo_in_Read:
 134              	.LFB2:
  73:.\Generated_Source\PSoC5/photo_in.c **** 
  74:.\Generated_Source\PSoC5/photo_in.c **** 
  75:.\Generated_Source\PSoC5/photo_in.c **** /*******************************************************************************
  76:.\Generated_Source\PSoC5/photo_in.c **** * Function Name: photo_in_Read
  77:.\Generated_Source\PSoC5/photo_in.c **** ********************************************************************************
  78:.\Generated_Source\PSoC5/photo_in.c **** *
  79:.\Generated_Source\PSoC5/photo_in.c **** * Summary:
  80:.\Generated_Source\PSoC5/photo_in.c **** *  Read the current value on the pins of the Digital Port in right justified 
  81:.\Generated_Source\PSoC5/photo_in.c **** *  form.
  82:.\Generated_Source\PSoC5/photo_in.c **** *
  83:.\Generated_Source\PSoC5/photo_in.c **** * Parameters:  
  84:.\Generated_Source\PSoC5/photo_in.c **** *  None
  85:.\Generated_Source\PSoC5/photo_in.c **** *
  86:.\Generated_Source\PSoC5/photo_in.c **** * Return: 
  87:.\Generated_Source\PSoC5/photo_in.c **** *  Returns the current value of the Digital Port as a right justified number
  88:.\Generated_Source\PSoC5/photo_in.c **** *  
  89:.\Generated_Source\PSoC5/photo_in.c **** * Note:
  90:.\Generated_Source\PSoC5/photo_in.c **** *  Macro photo_in_ReadPS calls this function. 
  91:.\Generated_Source\PSoC5/photo_in.c **** *  
  92:.\Generated_Source\PSoC5/photo_in.c **** *******************************************************************************/
  93:.\Generated_Source\PSoC5/photo_in.c **** uint8 photo_in_Read(void) 
  94:.\Generated_Source\PSoC5/photo_in.c **** {
ARM GAS  C:\Users\gaul2016\AppData\Local\Temp\cc7lrGgv.s 			page 5


 135              		.loc 1 94 0
 136              		.cfi_startproc
 137              		@ args = 0, pretend = 0, frame = 0
 138              		@ frame_needed = 1, uses_anonymous_args = 0
 139              		@ link register save eliminated.
 140 0000 80B4     		push	{r7}
 141              		.cfi_def_cfa_offset 4
 142              		.cfi_offset 7, -4
 143 0002 00AF     		add	r7, sp, #0
 144              		.cfi_def_cfa_register 7
  95:.\Generated_Source\PSoC5/photo_in.c ****     return (photo_in_PS & photo_in_MASK) >> photo_in_SHIFT;
 145              		.loc 1 95 0
 146 0004 044B     		ldr	r3, .L9
 147 0006 1B78     		ldrb	r3, [r3]
 148 0008 DBB2     		uxtb	r3, r3
 149 000a DB09     		lsrs	r3, r3, #7
 150 000c DBB2     		uxtb	r3, r3
  96:.\Generated_Source\PSoC5/photo_in.c **** }
 151              		.loc 1 96 0
 152 000e 1846     		mov	r0, r3
 153 0010 BD46     		mov	sp, r7
 154              		.cfi_def_cfa_register 13
 155              		@ sp needed
 156 0012 5DF8047B 		ldr	r7, [sp], #4
 157              		.cfi_restore 7
 158              		.cfi_def_cfa_offset 0
 159 0016 7047     		bx	lr
 160              	.L10:
 161              		.align	2
 162              	.L9:
 163 0018 31510040 		.word	1073762609
 164              		.cfi_endproc
 165              	.LFE2:
 166              		.size	photo_in_Read, .-photo_in_Read
 167              		.section	.text.photo_in_ReadDataReg,"ax",%progbits
 168              		.align	2
 169              		.global	photo_in_ReadDataReg
 170              		.thumb
 171              		.thumb_func
 172              		.type	photo_in_ReadDataReg, %function
 173              	photo_in_ReadDataReg:
 174              	.LFB3:
  97:.\Generated_Source\PSoC5/photo_in.c **** 
  98:.\Generated_Source\PSoC5/photo_in.c **** 
  99:.\Generated_Source\PSoC5/photo_in.c **** /*******************************************************************************
 100:.\Generated_Source\PSoC5/photo_in.c **** * Function Name: photo_in_ReadDataReg
 101:.\Generated_Source\PSoC5/photo_in.c **** ********************************************************************************
 102:.\Generated_Source\PSoC5/photo_in.c **** *
 103:.\Generated_Source\PSoC5/photo_in.c **** * Summary:
 104:.\Generated_Source\PSoC5/photo_in.c **** *  Read the current value assigned to a Digital Port's data output register
 105:.\Generated_Source\PSoC5/photo_in.c **** *
 106:.\Generated_Source\PSoC5/photo_in.c **** * Parameters:  
 107:.\Generated_Source\PSoC5/photo_in.c **** *  None 
 108:.\Generated_Source\PSoC5/photo_in.c **** *
 109:.\Generated_Source\PSoC5/photo_in.c **** * Return: 
 110:.\Generated_Source\PSoC5/photo_in.c **** *  Returns the current value assigned to the Digital Port's data output register
 111:.\Generated_Source\PSoC5/photo_in.c **** *  
ARM GAS  C:\Users\gaul2016\AppData\Local\Temp\cc7lrGgv.s 			page 6


 112:.\Generated_Source\PSoC5/photo_in.c **** *******************************************************************************/
 113:.\Generated_Source\PSoC5/photo_in.c **** uint8 photo_in_ReadDataReg(void) 
 114:.\Generated_Source\PSoC5/photo_in.c **** {
 175              		.loc 1 114 0
 176              		.cfi_startproc
 177              		@ args = 0, pretend = 0, frame = 0
 178              		@ frame_needed = 1, uses_anonymous_args = 0
 179              		@ link register save eliminated.
 180 0000 80B4     		push	{r7}
 181              		.cfi_def_cfa_offset 4
 182              		.cfi_offset 7, -4
 183 0002 00AF     		add	r7, sp, #0
 184              		.cfi_def_cfa_register 7
 115:.\Generated_Source\PSoC5/photo_in.c ****     return (photo_in_DR & photo_in_MASK) >> photo_in_SHIFT;
 185              		.loc 1 115 0
 186 0004 044B     		ldr	r3, .L13
 187 0006 1B78     		ldrb	r3, [r3]
 188 0008 DBB2     		uxtb	r3, r3
 189 000a DB09     		lsrs	r3, r3, #7
 190 000c DBB2     		uxtb	r3, r3
 116:.\Generated_Source\PSoC5/photo_in.c **** }
 191              		.loc 1 116 0
 192 000e 1846     		mov	r0, r3
 193 0010 BD46     		mov	sp, r7
 194              		.cfi_def_cfa_register 13
 195              		@ sp needed
 196 0012 5DF8047B 		ldr	r7, [sp], #4
 197              		.cfi_restore 7
 198              		.cfi_def_cfa_offset 0
 199 0016 7047     		bx	lr
 200              	.L14:
 201              		.align	2
 202              	.L13:
 203 0018 30510040 		.word	1073762608
 204              		.cfi_endproc
 205              	.LFE3:
 206              		.size	photo_in_ReadDataReg, .-photo_in_ReadDataReg
 207              		.text
 208              	.Letext0:
 209              		.file 2 ".\\Generated_Source\\PSoC5\\cytypes.h"
 210              		.section	.debug_info,"",%progbits
 211              	.Ldebug_info0:
 212 0000 19010000 		.4byte	0x119
 213 0004 0400     		.2byte	0x4
 214 0006 00000000 		.4byte	.Ldebug_abbrev0
 215 000a 04       		.byte	0x4
 216 000b 01       		.uleb128 0x1
 217 000c 15000000 		.4byte	.LASF20
 218 0010 01       		.byte	0x1
 219 0011 FF000000 		.4byte	.LASF21
 220 0015 A3000000 		.4byte	.LASF22
 221 0019 00000000 		.4byte	.Ldebug_ranges0+0
 222 001d 00000000 		.4byte	0
 223 0021 00000000 		.4byte	.Ldebug_line0
 224 0025 02       		.uleb128 0x2
 225 0026 01       		.byte	0x1
 226 0027 06       		.byte	0x6
ARM GAS  C:\Users\gaul2016\AppData\Local\Temp\cc7lrGgv.s 			page 7


 227 0028 C9010000 		.4byte	.LASF0
 228 002c 02       		.uleb128 0x2
 229 002d 01       		.byte	0x1
 230 002e 08       		.byte	0x8
 231 002f F1000000 		.4byte	.LASF1
 232 0033 02       		.uleb128 0x2
 233 0034 02       		.byte	0x2
 234 0035 05       		.byte	0x5
 235 0036 B0010000 		.4byte	.LASF2
 236 003a 02       		.uleb128 0x2
 237 003b 02       		.byte	0x2
 238 003c 07       		.byte	0x7
 239 003d 45010000 		.4byte	.LASF3
 240 0041 02       		.uleb128 0x2
 241 0042 04       		.byte	0x4
 242 0043 05       		.byte	0x5
 243 0044 C0010000 		.4byte	.LASF4
 244 0048 02       		.uleb128 0x2
 245 0049 04       		.byte	0x4
 246 004a 07       		.byte	0x7
 247 004b 33010000 		.4byte	.LASF5
 248 004f 02       		.uleb128 0x2
 249 0050 08       		.byte	0x8
 250 0051 05       		.byte	0x5
 251 0052 9D010000 		.4byte	.LASF6
 252 0056 02       		.uleb128 0x2
 253 0057 08       		.byte	0x8
 254 0058 07       		.byte	0x7
 255 0059 81010000 		.4byte	.LASF7
 256 005d 03       		.uleb128 0x3
 257 005e 04       		.byte	0x4
 258 005f 05       		.byte	0x5
 259 0060 696E7400 		.ascii	"int\000"
 260 0064 02       		.uleb128 0x2
 261 0065 04       		.byte	0x4
 262 0066 07       		.byte	0x7
 263 0067 74010000 		.4byte	.LASF8
 264 006b 04       		.uleb128 0x4
 265 006c BA010000 		.4byte	.LASF12
 266 0070 02       		.byte	0x2
 267 0071 A1       		.byte	0xa1
 268 0072 2C000000 		.4byte	0x2c
 269 0076 02       		.uleb128 0x2
 270 0077 04       		.byte	0x4
 271 0078 04       		.byte	0x4
 272 0079 EB000000 		.4byte	.LASF9
 273 007d 02       		.uleb128 0x2
 274 007e 08       		.byte	0x8
 275 007f 04       		.byte	0x4
 276 0080 58010000 		.4byte	.LASF10
 277 0084 02       		.uleb128 0x2
 278 0085 01       		.byte	0x1
 279 0086 08       		.byte	0x8
 280 0087 AB010000 		.4byte	.LASF11
 281 008b 05       		.uleb128 0x5
 282 008c 2E010000 		.4byte	.LASF13
 283 0090 02       		.byte	0x2
ARM GAS  C:\Users\gaul2016\AppData\Local\Temp\cc7lrGgv.s 			page 8


 284 0091 4B01     		.2byte	0x14b
 285 0093 97000000 		.4byte	0x97
 286 0097 06       		.uleb128 0x6
 287 0098 6B000000 		.4byte	0x6b
 288 009c 07       		.uleb128 0x7
 289 009d 06000000 		.4byte	.LASF14
 290 00a1 01       		.byte	0x1
 291 00a2 27       		.byte	0x27
 292 00a3 00000000 		.4byte	.LFB0
 293 00a7 34000000 		.4byte	.LFE0-.LFB0
 294 00ab 01       		.uleb128 0x1
 295 00ac 9C       		.byte	0x9c
 296 00ad CE000000 		.4byte	0xce
 297 00b1 08       		.uleb128 0x8
 298 00b2 00000000 		.4byte	.LASF16
 299 00b6 01       		.byte	0x1
 300 00b7 27       		.byte	0x27
 301 00b8 6B000000 		.4byte	0x6b
 302 00bc 02       		.uleb128 0x2
 303 00bd 91       		.byte	0x91
 304 00be 6F       		.sleb128 -17
 305 00bf 09       		.uleb128 0x9
 306 00c0 23010000 		.4byte	.LASF23
 307 00c4 01       		.byte	0x1
 308 00c5 29       		.byte	0x29
 309 00c6 6B000000 		.4byte	0x6b
 310 00ca 02       		.uleb128 0x2
 311 00cb 91       		.byte	0x91
 312 00cc 77       		.sleb128 -9
 313 00cd 00       		.byte	0
 314 00ce 07       		.uleb128 0x7
 315 00cf D5000000 		.4byte	.LASF15
 316 00d3 01       		.byte	0x1
 317 00d4 45       		.byte	0x45
 318 00d5 00000000 		.4byte	.LFB1
 319 00d9 38000000 		.4byte	.LFE1-.LFB1
 320 00dd 01       		.uleb128 0x1
 321 00de 9C       		.byte	0x9c
 322 00df F2000000 		.4byte	0xf2
 323 00e3 08       		.uleb128 0x8
 324 00e4 98010000 		.4byte	.LASF17
 325 00e8 01       		.byte	0x1
 326 00e9 45       		.byte	0x45
 327 00ea 6B000000 		.4byte	0x6b
 328 00ee 02       		.uleb128 0x2
 329 00ef 91       		.byte	0x91
 330 00f0 77       		.sleb128 -9
 331 00f1 00       		.byte	0
 332 00f2 0A       		.uleb128 0xa
 333 00f3 D5010000 		.4byte	.LASF18
 334 00f7 01       		.byte	0x1
 335 00f8 5D       		.byte	0x5d
 336 00f9 6B000000 		.4byte	0x6b
 337 00fd 00000000 		.4byte	.LFB2
 338 0101 1C000000 		.4byte	.LFE2-.LFB2
 339 0105 01       		.uleb128 0x1
 340 0106 9C       		.byte	0x9c
ARM GAS  C:\Users\gaul2016\AppData\Local\Temp\cc7lrGgv.s 			page 9


 341 0107 0A       		.uleb128 0xa
 342 0108 5F010000 		.4byte	.LASF19
 343 010c 01       		.byte	0x1
 344 010d 71       		.byte	0x71
 345 010e 6B000000 		.4byte	0x6b
 346 0112 00000000 		.4byte	.LFB3
 347 0116 1C000000 		.4byte	.LFE3-.LFB3
 348 011a 01       		.uleb128 0x1
 349 011b 9C       		.byte	0x9c
 350 011c 00       		.byte	0
 351              		.section	.debug_abbrev,"",%progbits
 352              	.Ldebug_abbrev0:
 353 0000 01       		.uleb128 0x1
 354 0001 11       		.uleb128 0x11
 355 0002 01       		.byte	0x1
 356 0003 25       		.uleb128 0x25
 357 0004 0E       		.uleb128 0xe
 358 0005 13       		.uleb128 0x13
 359 0006 0B       		.uleb128 0xb
 360 0007 03       		.uleb128 0x3
 361 0008 0E       		.uleb128 0xe
 362 0009 1B       		.uleb128 0x1b
 363 000a 0E       		.uleb128 0xe
 364 000b 55       		.uleb128 0x55
 365 000c 17       		.uleb128 0x17
 366 000d 11       		.uleb128 0x11
 367 000e 01       		.uleb128 0x1
 368 000f 10       		.uleb128 0x10
 369 0010 17       		.uleb128 0x17
 370 0011 00       		.byte	0
 371 0012 00       		.byte	0
 372 0013 02       		.uleb128 0x2
 373 0014 24       		.uleb128 0x24
 374 0015 00       		.byte	0
 375 0016 0B       		.uleb128 0xb
 376 0017 0B       		.uleb128 0xb
 377 0018 3E       		.uleb128 0x3e
 378 0019 0B       		.uleb128 0xb
 379 001a 03       		.uleb128 0x3
 380 001b 0E       		.uleb128 0xe
 381 001c 00       		.byte	0
 382 001d 00       		.byte	0
 383 001e 03       		.uleb128 0x3
 384 001f 24       		.uleb128 0x24
 385 0020 00       		.byte	0
 386 0021 0B       		.uleb128 0xb
 387 0022 0B       		.uleb128 0xb
 388 0023 3E       		.uleb128 0x3e
 389 0024 0B       		.uleb128 0xb
 390 0025 03       		.uleb128 0x3
 391 0026 08       		.uleb128 0x8
 392 0027 00       		.byte	0
 393 0028 00       		.byte	0
 394 0029 04       		.uleb128 0x4
 395 002a 16       		.uleb128 0x16
 396 002b 00       		.byte	0
 397 002c 03       		.uleb128 0x3
ARM GAS  C:\Users\gaul2016\AppData\Local\Temp\cc7lrGgv.s 			page 10


 398 002d 0E       		.uleb128 0xe
 399 002e 3A       		.uleb128 0x3a
 400 002f 0B       		.uleb128 0xb
 401 0030 3B       		.uleb128 0x3b
 402 0031 0B       		.uleb128 0xb
 403 0032 49       		.uleb128 0x49
 404 0033 13       		.uleb128 0x13
 405 0034 00       		.byte	0
 406 0035 00       		.byte	0
 407 0036 05       		.uleb128 0x5
 408 0037 16       		.uleb128 0x16
 409 0038 00       		.byte	0
 410 0039 03       		.uleb128 0x3
 411 003a 0E       		.uleb128 0xe
 412 003b 3A       		.uleb128 0x3a
 413 003c 0B       		.uleb128 0xb
 414 003d 3B       		.uleb128 0x3b
 415 003e 05       		.uleb128 0x5
 416 003f 49       		.uleb128 0x49
 417 0040 13       		.uleb128 0x13
 418 0041 00       		.byte	0
 419 0042 00       		.byte	0
 420 0043 06       		.uleb128 0x6
 421 0044 35       		.uleb128 0x35
 422 0045 00       		.byte	0
 423 0046 49       		.uleb128 0x49
 424 0047 13       		.uleb128 0x13
 425 0048 00       		.byte	0
 426 0049 00       		.byte	0
 427 004a 07       		.uleb128 0x7
 428 004b 2E       		.uleb128 0x2e
 429 004c 01       		.byte	0x1
 430 004d 3F       		.uleb128 0x3f
 431 004e 19       		.uleb128 0x19
 432 004f 03       		.uleb128 0x3
 433 0050 0E       		.uleb128 0xe
 434 0051 3A       		.uleb128 0x3a
 435 0052 0B       		.uleb128 0xb
 436 0053 3B       		.uleb128 0x3b
 437 0054 0B       		.uleb128 0xb
 438 0055 27       		.uleb128 0x27
 439 0056 19       		.uleb128 0x19
 440 0057 11       		.uleb128 0x11
 441 0058 01       		.uleb128 0x1
 442 0059 12       		.uleb128 0x12
 443 005a 06       		.uleb128 0x6
 444 005b 40       		.uleb128 0x40
 445 005c 18       		.uleb128 0x18
 446 005d 9742     		.uleb128 0x2117
 447 005f 19       		.uleb128 0x19
 448 0060 01       		.uleb128 0x1
 449 0061 13       		.uleb128 0x13
 450 0062 00       		.byte	0
 451 0063 00       		.byte	0
 452 0064 08       		.uleb128 0x8
 453 0065 05       		.uleb128 0x5
 454 0066 00       		.byte	0
ARM GAS  C:\Users\gaul2016\AppData\Local\Temp\cc7lrGgv.s 			page 11


 455 0067 03       		.uleb128 0x3
 456 0068 0E       		.uleb128 0xe
 457 0069 3A       		.uleb128 0x3a
 458 006a 0B       		.uleb128 0xb
 459 006b 3B       		.uleb128 0x3b
 460 006c 0B       		.uleb128 0xb
 461 006d 49       		.uleb128 0x49
 462 006e 13       		.uleb128 0x13
 463 006f 02       		.uleb128 0x2
 464 0070 18       		.uleb128 0x18
 465 0071 00       		.byte	0
 466 0072 00       		.byte	0
 467 0073 09       		.uleb128 0x9
 468 0074 34       		.uleb128 0x34
 469 0075 00       		.byte	0
 470 0076 03       		.uleb128 0x3
 471 0077 0E       		.uleb128 0xe
 472 0078 3A       		.uleb128 0x3a
 473 0079 0B       		.uleb128 0xb
 474 007a 3B       		.uleb128 0x3b
 475 007b 0B       		.uleb128 0xb
 476 007c 49       		.uleb128 0x49
 477 007d 13       		.uleb128 0x13
 478 007e 02       		.uleb128 0x2
 479 007f 18       		.uleb128 0x18
 480 0080 00       		.byte	0
 481 0081 00       		.byte	0
 482 0082 0A       		.uleb128 0xa
 483 0083 2E       		.uleb128 0x2e
 484 0084 00       		.byte	0
 485 0085 3F       		.uleb128 0x3f
 486 0086 19       		.uleb128 0x19
 487 0087 03       		.uleb128 0x3
 488 0088 0E       		.uleb128 0xe
 489 0089 3A       		.uleb128 0x3a
 490 008a 0B       		.uleb128 0xb
 491 008b 3B       		.uleb128 0x3b
 492 008c 0B       		.uleb128 0xb
 493 008d 27       		.uleb128 0x27
 494 008e 19       		.uleb128 0x19
 495 008f 49       		.uleb128 0x49
 496 0090 13       		.uleb128 0x13
 497 0091 11       		.uleb128 0x11
 498 0092 01       		.uleb128 0x1
 499 0093 12       		.uleb128 0x12
 500 0094 06       		.uleb128 0x6
 501 0095 40       		.uleb128 0x40
 502 0096 18       		.uleb128 0x18
 503 0097 9742     		.uleb128 0x2117
 504 0099 19       		.uleb128 0x19
 505 009a 00       		.byte	0
 506 009b 00       		.byte	0
 507 009c 00       		.byte	0
 508              		.section	.debug_aranges,"",%progbits
 509 0000 34000000 		.4byte	0x34
 510 0004 0200     		.2byte	0x2
 511 0006 00000000 		.4byte	.Ldebug_info0
ARM GAS  C:\Users\gaul2016\AppData\Local\Temp\cc7lrGgv.s 			page 12


 512 000a 04       		.byte	0x4
 513 000b 00       		.byte	0
 514 000c 0000     		.2byte	0
 515 000e 0000     		.2byte	0
 516 0010 00000000 		.4byte	.LFB0
 517 0014 34000000 		.4byte	.LFE0-.LFB0
 518 0018 00000000 		.4byte	.LFB1
 519 001c 38000000 		.4byte	.LFE1-.LFB1
 520 0020 00000000 		.4byte	.LFB2
 521 0024 1C000000 		.4byte	.LFE2-.LFB2
 522 0028 00000000 		.4byte	.LFB3
 523 002c 1C000000 		.4byte	.LFE3-.LFB3
 524 0030 00000000 		.4byte	0
 525 0034 00000000 		.4byte	0
 526              		.section	.debug_ranges,"",%progbits
 527              	.Ldebug_ranges0:
 528 0000 00000000 		.4byte	.LFB0
 529 0004 34000000 		.4byte	.LFE0
 530 0008 00000000 		.4byte	.LFB1
 531 000c 38000000 		.4byte	.LFE1
 532 0010 00000000 		.4byte	.LFB2
 533 0014 1C000000 		.4byte	.LFE2
 534 0018 00000000 		.4byte	.LFB3
 535 001c 1C000000 		.4byte	.LFE3
 536 0020 00000000 		.4byte	0
 537 0024 00000000 		.4byte	0
 538              		.section	.debug_line,"",%progbits
 539              	.Ldebug_line0:
 540 0000 95000000 		.section	.debug_str,"MS",%progbits,1
 540      02004700 
 540      00000201 
 540      FB0E0D00 
 540      01010101 
 541              	.LASF16:
 542 0000 76616C75 		.ascii	"value\000"
 542      6500
 543              	.LASF14:
 544 0006 70686F74 		.ascii	"photo_in_Write\000"
 544      6F5F696E 
 544      5F577269 
 544      746500
 545              	.LASF20:
 546 0015 474E5520 		.ascii	"GNU C 4.9.3 20150303 (release) [ARM/embedded-4_9-br"
 546      4320342E 
 546      392E3320 
 546      32303135 
 546      30333033 
 547 0048 616E6368 		.ascii	"anch revision 221220] -mcpu=cortex-m3 -mthumb -g -O"
 547      20726576 
 547      6973696F 
 547      6E203232 
 547      31323230 
 548 007b 30202D66 		.ascii	"0 -ffunction-sections -ffat-lto-objects\000"
 548      66756E63 
 548      74696F6E 
 548      2D736563 
 548      74696F6E 
ARM GAS  C:\Users\gaul2016\AppData\Local\Temp\cc7lrGgv.s 			page 13


 549              	.LASF22:
 550 00a3 433A5C55 		.ascii	"C:\\Users\\gaul2016\\Desktop\\TAC_PID\\TAC_PSOC5.cy"
 550      73657273 
 550      5C676175 
 550      6C323031 
 550      365C4465 
 551 00d1 64736E00 		.ascii	"dsn\000"
 552              	.LASF15:
 553 00d5 70686F74 		.ascii	"photo_in_SetDriveMode\000"
 553      6F5F696E 
 553      5F536574 
 553      44726976 
 553      654D6F64 
 554              	.LASF9:
 555 00eb 666C6F61 		.ascii	"float\000"
 555      7400
 556              	.LASF1:
 557 00f1 756E7369 		.ascii	"unsigned char\000"
 557      676E6564 
 557      20636861 
 557      7200
 558              	.LASF21:
 559 00ff 2E5C4765 		.ascii	".\\Generated_Source\\PSoC5\\photo_in.c\000"
 559      6E657261 
 559      7465645F 
 559      536F7572 
 559      63655C50 
 560              	.LASF23:
 561 0123 73746174 		.ascii	"staticBits\000"
 561      69634269 
 561      747300
 562              	.LASF13:
 563 012e 72656738 		.ascii	"reg8\000"
 563      00
 564              	.LASF5:
 565 0133 6C6F6E67 		.ascii	"long unsigned int\000"
 565      20756E73 
 565      69676E65 
 565      6420696E 
 565      7400
 566              	.LASF3:
 567 0145 73686F72 		.ascii	"short unsigned int\000"
 567      7420756E 
 567      7369676E 
 567      65642069 
 567      6E7400
 568              	.LASF10:
 569 0158 646F7562 		.ascii	"double\000"
 569      6C6500
 570              	.LASF19:
 571 015f 70686F74 		.ascii	"photo_in_ReadDataReg\000"
 571      6F5F696E 
 571      5F526561 
 571      64446174 
 571      61526567 
 572              	.LASF8:
 573 0174 756E7369 		.ascii	"unsigned int\000"
ARM GAS  C:\Users\gaul2016\AppData\Local\Temp\cc7lrGgv.s 			page 14


 573      676E6564 
 573      20696E74 
 573      00
 574              	.LASF7:
 575 0181 6C6F6E67 		.ascii	"long long unsigned int\000"
 575      206C6F6E 
 575      6720756E 
 575      7369676E 
 575      65642069 
 576              	.LASF17:
 577 0198 6D6F6465 		.ascii	"mode\000"
 577      00
 578              	.LASF6:
 579 019d 6C6F6E67 		.ascii	"long long int\000"
 579      206C6F6E 
 579      6720696E 
 579      7400
 580              	.LASF11:
 581 01ab 63686172 		.ascii	"char\000"
 581      00
 582              	.LASF2:
 583 01b0 73686F72 		.ascii	"short int\000"
 583      7420696E 
 583      7400
 584              	.LASF12:
 585 01ba 75696E74 		.ascii	"uint8\000"
 585      3800
 586              	.LASF4:
 587 01c0 6C6F6E67 		.ascii	"long int\000"
 587      20696E74 
 587      00
 588              	.LASF0:
 589 01c9 7369676E 		.ascii	"signed char\000"
 589      65642063 
 589      68617200 
 590              	.LASF18:
 591 01d5 70686F74 		.ascii	"photo_in_Read\000"
 591      6F5F696E 
 591      5F526561 
 591      6400
 592              		.ident	"GCC: (GNU Tools for ARM Embedded Processors) 4.9.3 20150303 (release) [ARM/embedded-4_9-br
