ARM GAS  C:\Users\Lois\AppData\Local\Temp\ccjKDpcs.s 			page 1


   1              		.syntax unified
   2              		.cpu cortex-m3
   3              		.fpu softvfp
   4              		.eabi_attribute 20, 1
   5              		.eabi_attribute 21, 1
   6              		.eabi_attribute 23, 3
   7              		.eabi_attribute 24, 1
   8              		.eabi_attribute 25, 1
   9              		.eabi_attribute 26, 1
  10              		.eabi_attribute 30, 6
  11              		.eabi_attribute 34, 1
  12              		.eabi_attribute 18, 4
  13              		.thumb
  14              		.file	"pwmStepper_2_PM.c"
  15              		.text
  16              	.Ltext0:
  17              		.cfi_sections	.debug_frame
  18              		.bss
  19              		.align	2
  20              	pwmStepper_2_backup:
  21 0000 00000000 		.space	8
  21      00000000 
  22              		.section	.text.pwmStepper_2_SaveConfig,"ax",%progbits
  23              		.align	2
  24              		.global	pwmStepper_2_SaveConfig
  25              		.thumb
  26              		.thumb_func
  27              		.type	pwmStepper_2_SaveConfig, %function
  28              	pwmStepper_2_SaveConfig:
  29              	.LFB0:
  30              		.file 1 ".\\Generated_Source\\PSoC5\\pwmStepper_2_PM.c"
   1:.\Generated_Source\PSoC5/pwmStepper_2_PM.c **** /*******************************************************************************
   2:.\Generated_Source\PSoC5/pwmStepper_2_PM.c **** * File Name: pwmStepper_2_PM.c
   3:.\Generated_Source\PSoC5/pwmStepper_2_PM.c **** * Version 3.30
   4:.\Generated_Source\PSoC5/pwmStepper_2_PM.c **** *
   5:.\Generated_Source\PSoC5/pwmStepper_2_PM.c **** * Description:
   6:.\Generated_Source\PSoC5/pwmStepper_2_PM.c **** *  This file provides the power management source code to API for the
   7:.\Generated_Source\PSoC5/pwmStepper_2_PM.c **** *  PWM.
   8:.\Generated_Source\PSoC5/pwmStepper_2_PM.c **** *
   9:.\Generated_Source\PSoC5/pwmStepper_2_PM.c **** * Note:
  10:.\Generated_Source\PSoC5/pwmStepper_2_PM.c **** *
  11:.\Generated_Source\PSoC5/pwmStepper_2_PM.c **** ********************************************************************************
  12:.\Generated_Source\PSoC5/pwmStepper_2_PM.c **** * Copyright 2008-2014, Cypress Semiconductor Corporation.  All rights reserved.
  13:.\Generated_Source\PSoC5/pwmStepper_2_PM.c **** * You may use this file only in accordance with the license, terms, conditions,
  14:.\Generated_Source\PSoC5/pwmStepper_2_PM.c **** * disclaimers, and limitations in the end user license agreement accompanying
  15:.\Generated_Source\PSoC5/pwmStepper_2_PM.c **** * the software package with which this file was provided.
  16:.\Generated_Source\PSoC5/pwmStepper_2_PM.c **** *******************************************************************************/
  17:.\Generated_Source\PSoC5/pwmStepper_2_PM.c **** 
  18:.\Generated_Source\PSoC5/pwmStepper_2_PM.c **** #include "pwmStepper_2.h"
  19:.\Generated_Source\PSoC5/pwmStepper_2_PM.c **** 
  20:.\Generated_Source\PSoC5/pwmStepper_2_PM.c **** static pwmStepper_2_backupStruct pwmStepper_2_backup;
  21:.\Generated_Source\PSoC5/pwmStepper_2_PM.c **** 
  22:.\Generated_Source\PSoC5/pwmStepper_2_PM.c **** 
  23:.\Generated_Source\PSoC5/pwmStepper_2_PM.c **** /*******************************************************************************
  24:.\Generated_Source\PSoC5/pwmStepper_2_PM.c **** * Function Name: pwmStepper_2_SaveConfig
  25:.\Generated_Source\PSoC5/pwmStepper_2_PM.c **** ********************************************************************************
  26:.\Generated_Source\PSoC5/pwmStepper_2_PM.c **** *
ARM GAS  C:\Users\Lois\AppData\Local\Temp\ccjKDpcs.s 			page 2


  27:.\Generated_Source\PSoC5/pwmStepper_2_PM.c **** * Summary:
  28:.\Generated_Source\PSoC5/pwmStepper_2_PM.c **** *  Saves the current user configuration of the component.
  29:.\Generated_Source\PSoC5/pwmStepper_2_PM.c **** *
  30:.\Generated_Source\PSoC5/pwmStepper_2_PM.c **** * Parameters:
  31:.\Generated_Source\PSoC5/pwmStepper_2_PM.c **** *  None
  32:.\Generated_Source\PSoC5/pwmStepper_2_PM.c **** *
  33:.\Generated_Source\PSoC5/pwmStepper_2_PM.c **** * Return:
  34:.\Generated_Source\PSoC5/pwmStepper_2_PM.c **** *  None
  35:.\Generated_Source\PSoC5/pwmStepper_2_PM.c **** *
  36:.\Generated_Source\PSoC5/pwmStepper_2_PM.c **** * Global variables:
  37:.\Generated_Source\PSoC5/pwmStepper_2_PM.c **** *  pwmStepper_2_backup:  Variables of this global structure are modified to
  38:.\Generated_Source\PSoC5/pwmStepper_2_PM.c **** *  store the values of non retention configuration registers when Sleep() API is
  39:.\Generated_Source\PSoC5/pwmStepper_2_PM.c **** *  called.
  40:.\Generated_Source\PSoC5/pwmStepper_2_PM.c **** *
  41:.\Generated_Source\PSoC5/pwmStepper_2_PM.c **** *******************************************************************************/
  42:.\Generated_Source\PSoC5/pwmStepper_2_PM.c **** void pwmStepper_2_SaveConfig(void) 
  43:.\Generated_Source\PSoC5/pwmStepper_2_PM.c **** {
  31              		.loc 1 43 0
  32              		.cfi_startproc
  33              		@ args = 0, pretend = 0, frame = 0
  34              		@ frame_needed = 1, uses_anonymous_args = 0
  35 0000 80B5     		push	{r7, lr}
  36              		.cfi_def_cfa_offset 8
  37              		.cfi_offset 7, -8
  38              		.cfi_offset 14, -4
  39 0002 00AF     		add	r7, sp, #0
  40              		.cfi_def_cfa_register 7
  44:.\Generated_Source\PSoC5/pwmStepper_2_PM.c **** 
  45:.\Generated_Source\PSoC5/pwmStepper_2_PM.c ****     #if(!pwmStepper_2_UsingFixedFunction)
  46:.\Generated_Source\PSoC5/pwmStepper_2_PM.c ****         #if(!pwmStepper_2_PWMModeIsCenterAligned)
  47:.\Generated_Source\PSoC5/pwmStepper_2_PM.c ****             pwmStepper_2_backup.PWMPeriod = pwmStepper_2_ReadPeriod();
  41              		.loc 1 47 0
  42 0004 FFF7FEFF 		bl	pwmStepper_2_ReadPeriod
  43 0008 0346     		mov	r3, r0
  44 000a 1A46     		mov	r2, r3
  45 000c 094B     		ldr	r3, .L2
  46 000e 9A80     		strh	r2, [r3, #4]	@ movhi
  48:.\Generated_Source\PSoC5/pwmStepper_2_PM.c ****         #endif /* (!pwmStepper_2_PWMModeIsCenterAligned) */
  49:.\Generated_Source\PSoC5/pwmStepper_2_PM.c ****         pwmStepper_2_backup.PWMUdb = pwmStepper_2_ReadCounter();
  47              		.loc 1 49 0
  48 0010 FFF7FEFF 		bl	pwmStepper_2_ReadCounter
  49 0014 0346     		mov	r3, r0
  50 0016 1A46     		mov	r2, r3
  51 0018 064B     		ldr	r3, .L2
  52 001a 5A80     		strh	r2, [r3, #2]	@ movhi
  50:.\Generated_Source\PSoC5/pwmStepper_2_PM.c ****         #if (pwmStepper_2_UseStatus)
  51:.\Generated_Source\PSoC5/pwmStepper_2_PM.c ****             pwmStepper_2_backup.InterruptMaskValue = pwmStepper_2_STATUS_MASK;
  53              		.loc 1 51 0
  54 001c 064B     		ldr	r3, .L2+4
  55 001e 1B78     		ldrb	r3, [r3]
  56 0020 DAB2     		uxtb	r2, r3
  57 0022 044B     		ldr	r3, .L2
  58 0024 9A71     		strb	r2, [r3, #6]
  52:.\Generated_Source\PSoC5/pwmStepper_2_PM.c ****         #endif /* (pwmStepper_2_UseStatus) */
  53:.\Generated_Source\PSoC5/pwmStepper_2_PM.c **** 
  54:.\Generated_Source\PSoC5/pwmStepper_2_PM.c ****         #if(pwmStepper_2_DeadBandMode == pwmStepper_2__B_PWM__DBM_256_CLOCKS || \
  55:.\Generated_Source\PSoC5/pwmStepper_2_PM.c ****             pwmStepper_2_DeadBandMode == pwmStepper_2__B_PWM__DBM_2_4_CLOCKS)
ARM GAS  C:\Users\Lois\AppData\Local\Temp\ccjKDpcs.s 			page 3


  56:.\Generated_Source\PSoC5/pwmStepper_2_PM.c ****             pwmStepper_2_backup.PWMdeadBandValue = pwmStepper_2_ReadDeadTime();
  57:.\Generated_Source\PSoC5/pwmStepper_2_PM.c ****         #endif /*  deadband count is either 2-4 clocks or 256 clocks */
  58:.\Generated_Source\PSoC5/pwmStepper_2_PM.c **** 
  59:.\Generated_Source\PSoC5/pwmStepper_2_PM.c ****         #if(pwmStepper_2_KillModeMinTime)
  60:.\Generated_Source\PSoC5/pwmStepper_2_PM.c ****              pwmStepper_2_backup.PWMKillCounterPeriod = pwmStepper_2_ReadKillTime();
  61:.\Generated_Source\PSoC5/pwmStepper_2_PM.c ****         #endif /* (pwmStepper_2_KillModeMinTime) */
  62:.\Generated_Source\PSoC5/pwmStepper_2_PM.c **** 
  63:.\Generated_Source\PSoC5/pwmStepper_2_PM.c ****         #if(pwmStepper_2_UseControl)
  64:.\Generated_Source\PSoC5/pwmStepper_2_PM.c ****             pwmStepper_2_backup.PWMControlRegister = pwmStepper_2_ReadControlRegister();
  59              		.loc 1 64 0
  60 0026 FFF7FEFF 		bl	pwmStepper_2_ReadControlRegister
  61 002a 0346     		mov	r3, r0
  62 002c 1A46     		mov	r2, r3
  63 002e 014B     		ldr	r3, .L2
  64 0030 DA71     		strb	r2, [r3, #7]
  65:.\Generated_Source\PSoC5/pwmStepper_2_PM.c ****         #endif /* (pwmStepper_2_UseControl) */
  66:.\Generated_Source\PSoC5/pwmStepper_2_PM.c ****     #endif  /* (!pwmStepper_2_UsingFixedFunction) */
  67:.\Generated_Source\PSoC5/pwmStepper_2_PM.c **** }
  65              		.loc 1 67 0
  66 0032 80BD     		pop	{r7, pc}
  67              	.L3:
  68              		.align	2
  69              	.L2:
  70 0034 00000000 		.word	pwmStepper_2_backup
  71 0038 89640040 		.word	1073767561
  72              		.cfi_endproc
  73              	.LFE0:
  74              		.size	pwmStepper_2_SaveConfig, .-pwmStepper_2_SaveConfig
  75              		.section	.text.pwmStepper_2_RestoreConfig,"ax",%progbits
  76              		.align	2
  77              		.global	pwmStepper_2_RestoreConfig
  78              		.thumb
  79              		.thumb_func
  80              		.type	pwmStepper_2_RestoreConfig, %function
  81              	pwmStepper_2_RestoreConfig:
  82              	.LFB1:
  68:.\Generated_Source\PSoC5/pwmStepper_2_PM.c **** 
  69:.\Generated_Source\PSoC5/pwmStepper_2_PM.c **** 
  70:.\Generated_Source\PSoC5/pwmStepper_2_PM.c **** /*******************************************************************************
  71:.\Generated_Source\PSoC5/pwmStepper_2_PM.c **** * Function Name: pwmStepper_2_RestoreConfig
  72:.\Generated_Source\PSoC5/pwmStepper_2_PM.c **** ********************************************************************************
  73:.\Generated_Source\PSoC5/pwmStepper_2_PM.c **** *
  74:.\Generated_Source\PSoC5/pwmStepper_2_PM.c **** * Summary:
  75:.\Generated_Source\PSoC5/pwmStepper_2_PM.c **** *  Restores the current user configuration of the component.
  76:.\Generated_Source\PSoC5/pwmStepper_2_PM.c **** *
  77:.\Generated_Source\PSoC5/pwmStepper_2_PM.c **** * Parameters:
  78:.\Generated_Source\PSoC5/pwmStepper_2_PM.c **** *  None
  79:.\Generated_Source\PSoC5/pwmStepper_2_PM.c **** *
  80:.\Generated_Source\PSoC5/pwmStepper_2_PM.c **** * Return:
  81:.\Generated_Source\PSoC5/pwmStepper_2_PM.c **** *  None
  82:.\Generated_Source\PSoC5/pwmStepper_2_PM.c **** *
  83:.\Generated_Source\PSoC5/pwmStepper_2_PM.c **** * Global variables:
  84:.\Generated_Source\PSoC5/pwmStepper_2_PM.c **** *  pwmStepper_2_backup:  Variables of this global structure are used to
  85:.\Generated_Source\PSoC5/pwmStepper_2_PM.c **** *  restore the values of non retention registers on wakeup from sleep mode.
  86:.\Generated_Source\PSoC5/pwmStepper_2_PM.c **** *
  87:.\Generated_Source\PSoC5/pwmStepper_2_PM.c **** *******************************************************************************/
  88:.\Generated_Source\PSoC5/pwmStepper_2_PM.c **** void pwmStepper_2_RestoreConfig(void) 
ARM GAS  C:\Users\Lois\AppData\Local\Temp\ccjKDpcs.s 			page 4


  89:.\Generated_Source\PSoC5/pwmStepper_2_PM.c **** {
  83              		.loc 1 89 0
  84              		.cfi_startproc
  85              		@ args = 0, pretend = 0, frame = 0
  86              		@ frame_needed = 1, uses_anonymous_args = 0
  87 0000 80B5     		push	{r7, lr}
  88              		.cfi_def_cfa_offset 8
  89              		.cfi_offset 7, -8
  90              		.cfi_offset 14, -4
  91 0002 00AF     		add	r7, sp, #0
  92              		.cfi_def_cfa_register 7
  90:.\Generated_Source\PSoC5/pwmStepper_2_PM.c ****         #if(!pwmStepper_2_UsingFixedFunction)
  91:.\Generated_Source\PSoC5/pwmStepper_2_PM.c ****             #if(!pwmStepper_2_PWMModeIsCenterAligned)
  92:.\Generated_Source\PSoC5/pwmStepper_2_PM.c ****                 pwmStepper_2_WritePeriod(pwmStepper_2_backup.PWMPeriod);
  93              		.loc 1 92 0
  94 0004 094B     		ldr	r3, .L5
  95 0006 9B88     		ldrh	r3, [r3, #4]
  96 0008 1846     		mov	r0, r3
  97 000a FFF7FEFF 		bl	pwmStepper_2_WritePeriod
  93:.\Generated_Source\PSoC5/pwmStepper_2_PM.c ****             #endif /* (!pwmStepper_2_PWMModeIsCenterAligned) */
  94:.\Generated_Source\PSoC5/pwmStepper_2_PM.c **** 
  95:.\Generated_Source\PSoC5/pwmStepper_2_PM.c ****             pwmStepper_2_WriteCounter(pwmStepper_2_backup.PWMUdb);
  98              		.loc 1 95 0
  99 000e 074B     		ldr	r3, .L5
 100 0010 5B88     		ldrh	r3, [r3, #2]
 101 0012 1846     		mov	r0, r3
 102 0014 FFF7FEFF 		bl	pwmStepper_2_WriteCounter
  96:.\Generated_Source\PSoC5/pwmStepper_2_PM.c **** 
  97:.\Generated_Source\PSoC5/pwmStepper_2_PM.c ****             #if (pwmStepper_2_UseStatus)
  98:.\Generated_Source\PSoC5/pwmStepper_2_PM.c ****                 pwmStepper_2_STATUS_MASK = pwmStepper_2_backup.InterruptMaskValue;
 103              		.loc 1 98 0
 104 0018 054B     		ldr	r3, .L5+4
 105 001a 044A     		ldr	r2, .L5
 106 001c 9279     		ldrb	r2, [r2, #6]	@ zero_extendqisi2
 107 001e 1A70     		strb	r2, [r3]
  99:.\Generated_Source\PSoC5/pwmStepper_2_PM.c ****             #endif /* (pwmStepper_2_UseStatus) */
 100:.\Generated_Source\PSoC5/pwmStepper_2_PM.c **** 
 101:.\Generated_Source\PSoC5/pwmStepper_2_PM.c ****             #if(pwmStepper_2_DeadBandMode == pwmStepper_2__B_PWM__DBM_256_CLOCKS || \
 102:.\Generated_Source\PSoC5/pwmStepper_2_PM.c ****                 pwmStepper_2_DeadBandMode == pwmStepper_2__B_PWM__DBM_2_4_CLOCKS)
 103:.\Generated_Source\PSoC5/pwmStepper_2_PM.c ****                 pwmStepper_2_WriteDeadTime(pwmStepper_2_backup.PWMdeadBandValue);
 104:.\Generated_Source\PSoC5/pwmStepper_2_PM.c ****             #endif /* deadband count is either 2-4 clocks or 256 clocks */
 105:.\Generated_Source\PSoC5/pwmStepper_2_PM.c **** 
 106:.\Generated_Source\PSoC5/pwmStepper_2_PM.c ****             #if(pwmStepper_2_KillModeMinTime)
 107:.\Generated_Source\PSoC5/pwmStepper_2_PM.c ****                 pwmStepper_2_WriteKillTime(pwmStepper_2_backup.PWMKillCounterPeriod);
 108:.\Generated_Source\PSoC5/pwmStepper_2_PM.c ****             #endif /* (pwmStepper_2_KillModeMinTime) */
 109:.\Generated_Source\PSoC5/pwmStepper_2_PM.c **** 
 110:.\Generated_Source\PSoC5/pwmStepper_2_PM.c ****             #if(pwmStepper_2_UseControl)
 111:.\Generated_Source\PSoC5/pwmStepper_2_PM.c ****                 pwmStepper_2_WriteControlRegister(pwmStepper_2_backup.PWMControlRegister);
 108              		.loc 1 111 0
 109 0020 024B     		ldr	r3, .L5
 110 0022 DB79     		ldrb	r3, [r3, #7]	@ zero_extendqisi2
 111 0024 1846     		mov	r0, r3
 112 0026 FFF7FEFF 		bl	pwmStepper_2_WriteControlRegister
 112:.\Generated_Source\PSoC5/pwmStepper_2_PM.c ****             #endif /* (pwmStepper_2_UseControl) */
 113:.\Generated_Source\PSoC5/pwmStepper_2_PM.c ****         #endif  /* (!pwmStepper_2_UsingFixedFunction) */
 114:.\Generated_Source\PSoC5/pwmStepper_2_PM.c ****     }
 113              		.loc 1 114 0
ARM GAS  C:\Users\Lois\AppData\Local\Temp\ccjKDpcs.s 			page 5


 114 002a 80BD     		pop	{r7, pc}
 115              	.L6:
 116              		.align	2
 117              	.L5:
 118 002c 00000000 		.word	pwmStepper_2_backup
 119 0030 89640040 		.word	1073767561
 120              		.cfi_endproc
 121              	.LFE1:
 122              		.size	pwmStepper_2_RestoreConfig, .-pwmStepper_2_RestoreConfig
 123              		.section	.text.pwmStepper_2_Sleep,"ax",%progbits
 124              		.align	2
 125              		.global	pwmStepper_2_Sleep
 126              		.thumb
 127              		.thumb_func
 128              		.type	pwmStepper_2_Sleep, %function
 129              	pwmStepper_2_Sleep:
 130              	.LFB2:
 115:.\Generated_Source\PSoC5/pwmStepper_2_PM.c **** 
 116:.\Generated_Source\PSoC5/pwmStepper_2_PM.c **** 
 117:.\Generated_Source\PSoC5/pwmStepper_2_PM.c **** /*******************************************************************************
 118:.\Generated_Source\PSoC5/pwmStepper_2_PM.c **** * Function Name: pwmStepper_2_Sleep
 119:.\Generated_Source\PSoC5/pwmStepper_2_PM.c **** ********************************************************************************
 120:.\Generated_Source\PSoC5/pwmStepper_2_PM.c **** *
 121:.\Generated_Source\PSoC5/pwmStepper_2_PM.c **** * Summary:
 122:.\Generated_Source\PSoC5/pwmStepper_2_PM.c **** *  Disables block's operation and saves the user configuration. Should be called
 123:.\Generated_Source\PSoC5/pwmStepper_2_PM.c **** *  just prior to entering sleep.
 124:.\Generated_Source\PSoC5/pwmStepper_2_PM.c **** *
 125:.\Generated_Source\PSoC5/pwmStepper_2_PM.c **** * Parameters:
 126:.\Generated_Source\PSoC5/pwmStepper_2_PM.c **** *  None
 127:.\Generated_Source\PSoC5/pwmStepper_2_PM.c **** *
 128:.\Generated_Source\PSoC5/pwmStepper_2_PM.c **** * Return:
 129:.\Generated_Source\PSoC5/pwmStepper_2_PM.c **** *  None
 130:.\Generated_Source\PSoC5/pwmStepper_2_PM.c **** *
 131:.\Generated_Source\PSoC5/pwmStepper_2_PM.c **** * Global variables:
 132:.\Generated_Source\PSoC5/pwmStepper_2_PM.c **** *  pwmStepper_2_backup.PWMEnableState:  Is modified depending on the enable
 133:.\Generated_Source\PSoC5/pwmStepper_2_PM.c **** *  state of the block before entering sleep mode.
 134:.\Generated_Source\PSoC5/pwmStepper_2_PM.c **** *
 135:.\Generated_Source\PSoC5/pwmStepper_2_PM.c **** *******************************************************************************/
 136:.\Generated_Source\PSoC5/pwmStepper_2_PM.c **** void pwmStepper_2_Sleep(void) 
 137:.\Generated_Source\PSoC5/pwmStepper_2_PM.c **** {
 131              		.loc 1 137 0
 132              		.cfi_startproc
 133              		@ args = 0, pretend = 0, frame = 0
 134              		@ frame_needed = 1, uses_anonymous_args = 0
 135 0000 80B5     		push	{r7, lr}
 136              		.cfi_def_cfa_offset 8
 137              		.cfi_offset 7, -8
 138              		.cfi_offset 14, -4
 139 0002 00AF     		add	r7, sp, #0
 140              		.cfi_def_cfa_register 7
 138:.\Generated_Source\PSoC5/pwmStepper_2_PM.c ****     #if(pwmStepper_2_UseControl)
 139:.\Generated_Source\PSoC5/pwmStepper_2_PM.c ****         if(pwmStepper_2_CTRL_ENABLE == (pwmStepper_2_CONTROL & pwmStepper_2_CTRL_ENABLE))
 141              		.loc 1 139 0
 142 0004 094B     		ldr	r3, .L10
 143 0006 1B78     		ldrb	r3, [r3]
 144 0008 DBB2     		uxtb	r3, r3
 145 000a DBB2     		uxtb	r3, r3
ARM GAS  C:\Users\Lois\AppData\Local\Temp\ccjKDpcs.s 			page 6


 146 000c 5BB2     		sxtb	r3, r3
 147 000e 002B     		cmp	r3, #0
 148 0010 03DA     		bge	.L8
 140:.\Generated_Source\PSoC5/pwmStepper_2_PM.c ****         {
 141:.\Generated_Source\PSoC5/pwmStepper_2_PM.c ****             /*Component is enabled */
 142:.\Generated_Source\PSoC5/pwmStepper_2_PM.c ****             pwmStepper_2_backup.PWMEnableState = 1u;
 149              		.loc 1 142 0
 150 0012 074B     		ldr	r3, .L10+4
 151 0014 0122     		movs	r2, #1
 152 0016 1A70     		strb	r2, [r3]
 153 0018 02E0     		b	.L9
 154              	.L8:
 143:.\Generated_Source\PSoC5/pwmStepper_2_PM.c ****         }
 144:.\Generated_Source\PSoC5/pwmStepper_2_PM.c ****         else
 145:.\Generated_Source\PSoC5/pwmStepper_2_PM.c ****         {
 146:.\Generated_Source\PSoC5/pwmStepper_2_PM.c ****             /* Component is disabled */
 147:.\Generated_Source\PSoC5/pwmStepper_2_PM.c ****             pwmStepper_2_backup.PWMEnableState = 0u;
 155              		.loc 1 147 0
 156 001a 054B     		ldr	r3, .L10+4
 157 001c 0022     		movs	r2, #0
 158 001e 1A70     		strb	r2, [r3]
 159              	.L9:
 148:.\Generated_Source\PSoC5/pwmStepper_2_PM.c ****         }
 149:.\Generated_Source\PSoC5/pwmStepper_2_PM.c ****     #endif /* (pwmStepper_2_UseControl) */
 150:.\Generated_Source\PSoC5/pwmStepper_2_PM.c **** 
 151:.\Generated_Source\PSoC5/pwmStepper_2_PM.c ****     /* Stop component */
 152:.\Generated_Source\PSoC5/pwmStepper_2_PM.c ****     pwmStepper_2_Stop();
 160              		.loc 1 152 0
 161 0020 FFF7FEFF 		bl	pwmStepper_2_Stop
 153:.\Generated_Source\PSoC5/pwmStepper_2_PM.c **** 
 154:.\Generated_Source\PSoC5/pwmStepper_2_PM.c ****     /* Save registers configuration */
 155:.\Generated_Source\PSoC5/pwmStepper_2_PM.c ****     pwmStepper_2_SaveConfig();
 162              		.loc 1 155 0
 163 0024 FFF7FEFF 		bl	pwmStepper_2_SaveConfig
 156:.\Generated_Source\PSoC5/pwmStepper_2_PM.c **** }
 164              		.loc 1 156 0
 165 0028 80BD     		pop	{r7, pc}
 166              	.L11:
 167 002a 00BF     		.align	2
 168              	.L10:
 169 002c 79640040 		.word	1073767545
 170 0030 00000000 		.word	pwmStepper_2_backup
 171              		.cfi_endproc
 172              	.LFE2:
 173              		.size	pwmStepper_2_Sleep, .-pwmStepper_2_Sleep
 174              		.section	.text.pwmStepper_2_Wakeup,"ax",%progbits
 175              		.align	2
 176              		.global	pwmStepper_2_Wakeup
 177              		.thumb
 178              		.thumb_func
 179              		.type	pwmStepper_2_Wakeup, %function
 180              	pwmStepper_2_Wakeup:
 181              	.LFB3:
 157:.\Generated_Source\PSoC5/pwmStepper_2_PM.c **** 
 158:.\Generated_Source\PSoC5/pwmStepper_2_PM.c **** 
 159:.\Generated_Source\PSoC5/pwmStepper_2_PM.c **** /*******************************************************************************
 160:.\Generated_Source\PSoC5/pwmStepper_2_PM.c **** * Function Name: pwmStepper_2_Wakeup
ARM GAS  C:\Users\Lois\AppData\Local\Temp\ccjKDpcs.s 			page 7


 161:.\Generated_Source\PSoC5/pwmStepper_2_PM.c **** ********************************************************************************
 162:.\Generated_Source\PSoC5/pwmStepper_2_PM.c **** *
 163:.\Generated_Source\PSoC5/pwmStepper_2_PM.c **** * Summary:
 164:.\Generated_Source\PSoC5/pwmStepper_2_PM.c **** *  Restores and enables the user configuration. Should be called just after
 165:.\Generated_Source\PSoC5/pwmStepper_2_PM.c **** *  awaking from sleep.
 166:.\Generated_Source\PSoC5/pwmStepper_2_PM.c **** *
 167:.\Generated_Source\PSoC5/pwmStepper_2_PM.c **** * Parameters:
 168:.\Generated_Source\PSoC5/pwmStepper_2_PM.c **** *  None
 169:.\Generated_Source\PSoC5/pwmStepper_2_PM.c **** *
 170:.\Generated_Source\PSoC5/pwmStepper_2_PM.c **** * Return:
 171:.\Generated_Source\PSoC5/pwmStepper_2_PM.c **** *  None
 172:.\Generated_Source\PSoC5/pwmStepper_2_PM.c **** *
 173:.\Generated_Source\PSoC5/pwmStepper_2_PM.c **** * Global variables:
 174:.\Generated_Source\PSoC5/pwmStepper_2_PM.c **** *  pwmStepper_2_backup.pwmEnable:  Is used to restore the enable state of
 175:.\Generated_Source\PSoC5/pwmStepper_2_PM.c **** *  block on wakeup from sleep mode.
 176:.\Generated_Source\PSoC5/pwmStepper_2_PM.c **** *
 177:.\Generated_Source\PSoC5/pwmStepper_2_PM.c **** *******************************************************************************/
 178:.\Generated_Source\PSoC5/pwmStepper_2_PM.c **** void pwmStepper_2_Wakeup(void) 
 179:.\Generated_Source\PSoC5/pwmStepper_2_PM.c **** {
 182              		.loc 1 179 0
 183              		.cfi_startproc
 184              		@ args = 0, pretend = 0, frame = 0
 185              		@ frame_needed = 1, uses_anonymous_args = 0
 186 0000 80B5     		push	{r7, lr}
 187              		.cfi_def_cfa_offset 8
 188              		.cfi_offset 7, -8
 189              		.cfi_offset 14, -4
 190 0002 00AF     		add	r7, sp, #0
 191              		.cfi_def_cfa_register 7
 180:.\Generated_Source\PSoC5/pwmStepper_2_PM.c ****      /* Restore registers values */
 181:.\Generated_Source\PSoC5/pwmStepper_2_PM.c ****     pwmStepper_2_RestoreConfig();
 192              		.loc 1 181 0
 193 0004 FFF7FEFF 		bl	pwmStepper_2_RestoreConfig
 182:.\Generated_Source\PSoC5/pwmStepper_2_PM.c **** 
 183:.\Generated_Source\PSoC5/pwmStepper_2_PM.c ****     if(pwmStepper_2_backup.PWMEnableState != 0u)
 194              		.loc 1 183 0
 195 0008 034B     		ldr	r3, .L14
 196 000a 1B78     		ldrb	r3, [r3]	@ zero_extendqisi2
 197 000c 002B     		cmp	r3, #0
 198 000e 01D0     		beq	.L12
 184:.\Generated_Source\PSoC5/pwmStepper_2_PM.c ****     {
 185:.\Generated_Source\PSoC5/pwmStepper_2_PM.c ****         /* Enable component's operation */
 186:.\Generated_Source\PSoC5/pwmStepper_2_PM.c ****         pwmStepper_2_Enable();
 199              		.loc 1 186 0
 200 0010 FFF7FEFF 		bl	pwmStepper_2_Enable
 201              	.L12:
 187:.\Generated_Source\PSoC5/pwmStepper_2_PM.c ****     } /* Do nothing if component's block was disabled before */
 188:.\Generated_Source\PSoC5/pwmStepper_2_PM.c **** 
 189:.\Generated_Source\PSoC5/pwmStepper_2_PM.c **** }
 202              		.loc 1 189 0
 203 0014 80BD     		pop	{r7, pc}
 204              	.L15:
 205 0016 00BF     		.align	2
 206              	.L14:
 207 0018 00000000 		.word	pwmStepper_2_backup
 208              		.cfi_endproc
 209              	.LFE3:
ARM GAS  C:\Users\Lois\AppData\Local\Temp\ccjKDpcs.s 			page 8


 210              		.size	pwmStepper_2_Wakeup, .-pwmStepper_2_Wakeup
 211              		.text
 212              	.Letext0:
 213              		.file 2 ".\\Generated_Source\\PSoC5\\cytypes.h"
 214              		.file 3 ".\\Generated_Source\\PSoC5\\pwmStepper_2.h"
 215              		.section	.debug_info,"",%progbits
 216              	.Ldebug_info0:
 217 0000 50010000 		.4byte	0x150
 218 0004 0400     		.2byte	0x4
 219 0006 00000000 		.4byte	.Ldebug_abbrev0
 220 000a 04       		.byte	0x4
 221 000b 01       		.uleb128 0x1
 222 000c FF000000 		.4byte	.LASF26
 223 0010 01       		.byte	0x1
 224 0011 1C020000 		.4byte	.LASF27
 225 0015 50000000 		.4byte	.LASF28
 226 0019 00000000 		.4byte	.Ldebug_ranges0+0
 227 001d 00000000 		.4byte	0
 228 0021 00000000 		.4byte	.Ldebug_line0
 229 0025 02       		.uleb128 0x2
 230 0026 01       		.byte	0x1
 231 0027 06       		.byte	0x6
 232 0028 47020000 		.4byte	.LASF0
 233 002c 02       		.uleb128 0x2
 234 002d 01       		.byte	0x1
 235 002e 08       		.byte	0x8
 236 002f 84000000 		.4byte	.LASF1
 237 0033 02       		.uleb128 0x2
 238 0034 02       		.byte	0x2
 239 0035 05       		.byte	0x5
 240 0036 FA010000 		.4byte	.LASF2
 241 003a 02       		.uleb128 0x2
 242 003b 02       		.byte	0x2
 243 003c 07       		.byte	0x7
 244 003d 29000000 		.4byte	.LASF3
 245 0041 02       		.uleb128 0x2
 246 0042 04       		.byte	0x4
 247 0043 05       		.byte	0x5
 248 0044 13020000 		.4byte	.LASF4
 249 0048 02       		.uleb128 0x2
 250 0049 04       		.byte	0x4
 251 004a 07       		.byte	0x7
 252 004b AD000000 		.4byte	.LASF5
 253 004f 02       		.uleb128 0x2
 254 0050 08       		.byte	0x8
 255 0051 05       		.byte	0x5
 256 0052 CD010000 		.4byte	.LASF6
 257 0056 02       		.uleb128 0x2
 258 0057 08       		.byte	0x8
 259 0058 07       		.byte	0x7
 260 0059 A8010000 		.4byte	.LASF7
 261 005d 03       		.uleb128 0x3
 262 005e 04       		.byte	0x4
 263 005f 05       		.byte	0x5
 264 0060 696E7400 		.ascii	"int\000"
 265 0064 02       		.uleb128 0x2
 266 0065 04       		.byte	0x4
ARM GAS  C:\Users\Lois\AppData\Local\Temp\ccjKDpcs.s 			page 9


 267 0066 07       		.byte	0x7
 268 0067 9B010000 		.4byte	.LASF8
 269 006b 04       		.uleb128 0x4
 270 006c BF000000 		.4byte	.LASF9
 271 0070 02       		.byte	0x2
 272 0071 A1       		.byte	0xa1
 273 0072 2C000000 		.4byte	0x2c
 274 0076 04       		.uleb128 0x4
 275 0077 94010000 		.4byte	.LASF10
 276 007b 02       		.byte	0x2
 277 007c A2       		.byte	0xa2
 278 007d 3A000000 		.4byte	0x3a
 279 0081 02       		.uleb128 0x2
 280 0082 04       		.byte	0x4
 281 0083 04       		.byte	0x4
 282 0084 7E000000 		.4byte	.LASF11
 283 0088 02       		.uleb128 0x2
 284 0089 08       		.byte	0x8
 285 008a 04       		.byte	0x4
 286 008b 8D010000 		.4byte	.LASF12
 287 008f 02       		.uleb128 0x2
 288 0090 01       		.byte	0x1
 289 0091 08       		.byte	0x8
 290 0092 DB010000 		.4byte	.LASF13
 291 0096 05       		.uleb128 0x5
 292 0097 BF010000 		.4byte	.LASF14
 293 009b 02       		.byte	0x2
 294 009c 4B01     		.2byte	0x14b
 295 009e A2000000 		.4byte	0xa2
 296 00a2 06       		.uleb128 0x6
 297 00a3 6B000000 		.4byte	0x6b
 298 00a7 02       		.uleb128 0x2
 299 00a8 04       		.byte	0x4
 300 00a9 07       		.byte	0x7
 301 00aa C4010000 		.4byte	.LASF15
 302 00ae 07       		.uleb128 0x7
 303 00af 08       		.byte	0x8
 304 00b0 03       		.byte	0x3
 305 00b1 6B       		.byte	0x6b
 306 00b2 F3000000 		.4byte	0xf3
 307 00b6 08       		.uleb128 0x8
 308 00b7 04020000 		.4byte	.LASF16
 309 00bb 03       		.byte	0x3
 310 00bc 6E       		.byte	0x6e
 311 00bd 6B000000 		.4byte	0x6b
 312 00c1 00       		.byte	0
 313 00c2 08       		.uleb128 0x8
 314 00c3 00000000 		.4byte	.LASF17
 315 00c7 03       		.byte	0x3
 316 00c8 71       		.byte	0x71
 317 00c9 76000000 		.4byte	0x76
 318 00cd 02       		.byte	0x2
 319 00ce 08       		.uleb128 0x8
 320 00cf 1F000000 		.4byte	.LASF18
 321 00d3 03       		.byte	0x3
 322 00d4 73       		.byte	0x73
 323 00d5 76000000 		.4byte	0x76
ARM GAS  C:\Users\Lois\AppData\Local\Temp\ccjKDpcs.s 			page 10


 324 00d9 04       		.byte	0x4
 325 00da 08       		.uleb128 0x8
 326 00db 53020000 		.4byte	.LASF19
 327 00df 03       		.byte	0x3
 328 00e0 76       		.byte	0x76
 329 00e1 6B000000 		.4byte	0x6b
 330 00e5 06       		.byte	0x6
 331 00e6 08       		.uleb128 0x8
 332 00e7 D8000000 		.4byte	.LASF20
 333 00eb 03       		.byte	0x3
 334 00ec 86       		.byte	0x86
 335 00ed 6B000000 		.4byte	0x6b
 336 00f1 07       		.byte	0x7
 337 00f2 00       		.byte	0
 338 00f3 04       		.uleb128 0x4
 339 00f4 E0010000 		.4byte	.LASF21
 340 00f8 03       		.byte	0x3
 341 00f9 8B       		.byte	0x8b
 342 00fa AE000000 		.4byte	0xae
 343 00fe 09       		.uleb128 0x9
 344 00ff 07000000 		.4byte	.LASF22
 345 0103 01       		.byte	0x1
 346 0104 2A       		.byte	0x2a
 347 0105 00000000 		.4byte	.LFB0
 348 0109 3C000000 		.4byte	.LFE0-.LFB0
 349 010d 01       		.uleb128 0x1
 350 010e 9C       		.byte	0x9c
 351 010f 09       		.uleb128 0x9
 352 0110 92000000 		.4byte	.LASF23
 353 0114 01       		.byte	0x1
 354 0115 58       		.byte	0x58
 355 0116 00000000 		.4byte	.LFB1
 356 011a 34000000 		.4byte	.LFE1-.LFB1
 357 011e 01       		.uleb128 0x1
 358 011f 9C       		.byte	0x9c
 359 0120 09       		.uleb128 0x9
 360 0121 C5000000 		.4byte	.LASF24
 361 0125 01       		.byte	0x1
 362 0126 88       		.byte	0x88
 363 0127 00000000 		.4byte	.LFB2
 364 012b 34000000 		.4byte	.LFE2-.LFB2
 365 012f 01       		.uleb128 0x1
 366 0130 9C       		.byte	0x9c
 367 0131 09       		.uleb128 0x9
 368 0132 EB000000 		.4byte	.LASF25
 369 0136 01       		.byte	0x1
 370 0137 B2       		.byte	0xb2
 371 0138 00000000 		.4byte	.LFB3
 372 013c 1C000000 		.4byte	.LFE3-.LFB3
 373 0140 01       		.uleb128 0x1
 374 0141 9C       		.byte	0x9c
 375 0142 0A       		.uleb128 0xa
 376 0143 3C000000 		.4byte	.LASF29
 377 0147 01       		.byte	0x1
 378 0148 14       		.byte	0x14
 379 0149 F3000000 		.4byte	0xf3
 380 014d 05       		.uleb128 0x5
ARM GAS  C:\Users\Lois\AppData\Local\Temp\ccjKDpcs.s 			page 11


 381 014e 03       		.byte	0x3
 382 014f 00000000 		.4byte	pwmStepper_2_backup
 383 0153 00       		.byte	0
 384              		.section	.debug_abbrev,"",%progbits
 385              	.Ldebug_abbrev0:
 386 0000 01       		.uleb128 0x1
 387 0001 11       		.uleb128 0x11
 388 0002 01       		.byte	0x1
 389 0003 25       		.uleb128 0x25
 390 0004 0E       		.uleb128 0xe
 391 0005 13       		.uleb128 0x13
 392 0006 0B       		.uleb128 0xb
 393 0007 03       		.uleb128 0x3
 394 0008 0E       		.uleb128 0xe
 395 0009 1B       		.uleb128 0x1b
 396 000a 0E       		.uleb128 0xe
 397 000b 55       		.uleb128 0x55
 398 000c 17       		.uleb128 0x17
 399 000d 11       		.uleb128 0x11
 400 000e 01       		.uleb128 0x1
 401 000f 10       		.uleb128 0x10
 402 0010 17       		.uleb128 0x17
 403 0011 00       		.byte	0
 404 0012 00       		.byte	0
 405 0013 02       		.uleb128 0x2
 406 0014 24       		.uleb128 0x24
 407 0015 00       		.byte	0
 408 0016 0B       		.uleb128 0xb
 409 0017 0B       		.uleb128 0xb
 410 0018 3E       		.uleb128 0x3e
 411 0019 0B       		.uleb128 0xb
 412 001a 03       		.uleb128 0x3
 413 001b 0E       		.uleb128 0xe
 414 001c 00       		.byte	0
 415 001d 00       		.byte	0
 416 001e 03       		.uleb128 0x3
 417 001f 24       		.uleb128 0x24
 418 0020 00       		.byte	0
 419 0021 0B       		.uleb128 0xb
 420 0022 0B       		.uleb128 0xb
 421 0023 3E       		.uleb128 0x3e
 422 0024 0B       		.uleb128 0xb
 423 0025 03       		.uleb128 0x3
 424 0026 08       		.uleb128 0x8
 425 0027 00       		.byte	0
 426 0028 00       		.byte	0
 427 0029 04       		.uleb128 0x4
 428 002a 16       		.uleb128 0x16
 429 002b 00       		.byte	0
 430 002c 03       		.uleb128 0x3
 431 002d 0E       		.uleb128 0xe
 432 002e 3A       		.uleb128 0x3a
 433 002f 0B       		.uleb128 0xb
 434 0030 3B       		.uleb128 0x3b
 435 0031 0B       		.uleb128 0xb
 436 0032 49       		.uleb128 0x49
 437 0033 13       		.uleb128 0x13
ARM GAS  C:\Users\Lois\AppData\Local\Temp\ccjKDpcs.s 			page 12


 438 0034 00       		.byte	0
 439 0035 00       		.byte	0
 440 0036 05       		.uleb128 0x5
 441 0037 16       		.uleb128 0x16
 442 0038 00       		.byte	0
 443 0039 03       		.uleb128 0x3
 444 003a 0E       		.uleb128 0xe
 445 003b 3A       		.uleb128 0x3a
 446 003c 0B       		.uleb128 0xb
 447 003d 3B       		.uleb128 0x3b
 448 003e 05       		.uleb128 0x5
 449 003f 49       		.uleb128 0x49
 450 0040 13       		.uleb128 0x13
 451 0041 00       		.byte	0
 452 0042 00       		.byte	0
 453 0043 06       		.uleb128 0x6
 454 0044 35       		.uleb128 0x35
 455 0045 00       		.byte	0
 456 0046 49       		.uleb128 0x49
 457 0047 13       		.uleb128 0x13
 458 0048 00       		.byte	0
 459 0049 00       		.byte	0
 460 004a 07       		.uleb128 0x7
 461 004b 13       		.uleb128 0x13
 462 004c 01       		.byte	0x1
 463 004d 0B       		.uleb128 0xb
 464 004e 0B       		.uleb128 0xb
 465 004f 3A       		.uleb128 0x3a
 466 0050 0B       		.uleb128 0xb
 467 0051 3B       		.uleb128 0x3b
 468 0052 0B       		.uleb128 0xb
 469 0053 01       		.uleb128 0x1
 470 0054 13       		.uleb128 0x13
 471 0055 00       		.byte	0
 472 0056 00       		.byte	0
 473 0057 08       		.uleb128 0x8
 474 0058 0D       		.uleb128 0xd
 475 0059 00       		.byte	0
 476 005a 03       		.uleb128 0x3
 477 005b 0E       		.uleb128 0xe
 478 005c 3A       		.uleb128 0x3a
 479 005d 0B       		.uleb128 0xb
 480 005e 3B       		.uleb128 0x3b
 481 005f 0B       		.uleb128 0xb
 482 0060 49       		.uleb128 0x49
 483 0061 13       		.uleb128 0x13
 484 0062 38       		.uleb128 0x38
 485 0063 0B       		.uleb128 0xb
 486 0064 00       		.byte	0
 487 0065 00       		.byte	0
 488 0066 09       		.uleb128 0x9
 489 0067 2E       		.uleb128 0x2e
 490 0068 00       		.byte	0
 491 0069 3F       		.uleb128 0x3f
 492 006a 19       		.uleb128 0x19
 493 006b 03       		.uleb128 0x3
 494 006c 0E       		.uleb128 0xe
ARM GAS  C:\Users\Lois\AppData\Local\Temp\ccjKDpcs.s 			page 13


 495 006d 3A       		.uleb128 0x3a
 496 006e 0B       		.uleb128 0xb
 497 006f 3B       		.uleb128 0x3b
 498 0070 0B       		.uleb128 0xb
 499 0071 27       		.uleb128 0x27
 500 0072 19       		.uleb128 0x19
 501 0073 11       		.uleb128 0x11
 502 0074 01       		.uleb128 0x1
 503 0075 12       		.uleb128 0x12
 504 0076 06       		.uleb128 0x6
 505 0077 40       		.uleb128 0x40
 506 0078 18       		.uleb128 0x18
 507 0079 9642     		.uleb128 0x2116
 508 007b 19       		.uleb128 0x19
 509 007c 00       		.byte	0
 510 007d 00       		.byte	0
 511 007e 0A       		.uleb128 0xa
 512 007f 34       		.uleb128 0x34
 513 0080 00       		.byte	0
 514 0081 03       		.uleb128 0x3
 515 0082 0E       		.uleb128 0xe
 516 0083 3A       		.uleb128 0x3a
 517 0084 0B       		.uleb128 0xb
 518 0085 3B       		.uleb128 0x3b
 519 0086 0B       		.uleb128 0xb
 520 0087 49       		.uleb128 0x49
 521 0088 13       		.uleb128 0x13
 522 0089 02       		.uleb128 0x2
 523 008a 18       		.uleb128 0x18
 524 008b 00       		.byte	0
 525 008c 00       		.byte	0
 526 008d 00       		.byte	0
 527              		.section	.debug_aranges,"",%progbits
 528 0000 34000000 		.4byte	0x34
 529 0004 0200     		.2byte	0x2
 530 0006 00000000 		.4byte	.Ldebug_info0
 531 000a 04       		.byte	0x4
 532 000b 00       		.byte	0
 533 000c 0000     		.2byte	0
 534 000e 0000     		.2byte	0
 535 0010 00000000 		.4byte	.LFB0
 536 0014 3C000000 		.4byte	.LFE0-.LFB0
 537 0018 00000000 		.4byte	.LFB1
 538 001c 34000000 		.4byte	.LFE1-.LFB1
 539 0020 00000000 		.4byte	.LFB2
 540 0024 34000000 		.4byte	.LFE2-.LFB2
 541 0028 00000000 		.4byte	.LFB3
 542 002c 1C000000 		.4byte	.LFE3-.LFB3
 543 0030 00000000 		.4byte	0
 544 0034 00000000 		.4byte	0
 545              		.section	.debug_ranges,"",%progbits
 546              	.Ldebug_ranges0:
 547 0000 00000000 		.4byte	.LFB0
 548 0004 3C000000 		.4byte	.LFE0
 549 0008 00000000 		.4byte	.LFB1
 550 000c 34000000 		.4byte	.LFE1
 551 0010 00000000 		.4byte	.LFB2
ARM GAS  C:\Users\Lois\AppData\Local\Temp\ccjKDpcs.s 			page 14


 552 0014 34000000 		.4byte	.LFE2
 553 0018 00000000 		.4byte	.LFB3
 554 001c 1C000000 		.4byte	.LFE3
 555 0020 00000000 		.4byte	0
 556 0024 00000000 		.4byte	0
 557              		.section	.debug_line,"",%progbits
 558              	.Ldebug_line0:
 559 0000 BD000000 		.section	.debug_str,"MS",%progbits,1
 559      02006000 
 559      00000201 
 559      FB0E0D00 
 559      01010101 
 560              	.LASF17:
 561 0000 50574D55 		.ascii	"PWMUdb\000"
 561      646200
 562              	.LASF22:
 563 0007 70776D53 		.ascii	"pwmStepper_2_SaveConfig\000"
 563      74657070 
 563      65725F32 
 563      5F536176 
 563      65436F6E 
 564              	.LASF18:
 565 001f 50574D50 		.ascii	"PWMPeriod\000"
 565      6572696F 
 565      6400
 566              	.LASF3:
 567 0029 73686F72 		.ascii	"short unsigned int\000"
 567      7420756E 
 567      7369676E 
 567      65642069 
 567      6E7400
 568              	.LASF29:
 569 003c 70776D53 		.ascii	"pwmStepper_2_backup\000"
 569      74657070 
 569      65725F32 
 569      5F626163 
 569      6B757000 
 570              	.LASF28:
 571 0050 433A5C55 		.ascii	"C:\\Users\\Lois\\Desktop\\MC1_5\\MC1_5_PSOC5.cydsn\000"
 571      73657273 
 571      5C4C6F69 
 571      735C4465 
 571      736B746F 
 572              	.LASF11:
 573 007e 666C6F61 		.ascii	"float\000"
 573      7400
 574              	.LASF1:
 575 0084 756E7369 		.ascii	"unsigned char\000"
 575      676E6564 
 575      20636861 
 575      7200
 576              	.LASF23:
 577 0092 70776D53 		.ascii	"pwmStepper_2_RestoreConfig\000"
 577      74657070 
 577      65725F32 
 577      5F526573 
 577      746F7265 
ARM GAS  C:\Users\Lois\AppData\Local\Temp\ccjKDpcs.s 			page 15


 578              	.LASF5:
 579 00ad 6C6F6E67 		.ascii	"long unsigned int\000"
 579      20756E73 
 579      69676E65 
 579      6420696E 
 579      7400
 580              	.LASF9:
 581 00bf 75696E74 		.ascii	"uint8\000"
 581      3800
 582              	.LASF24:
 583 00c5 70776D53 		.ascii	"pwmStepper_2_Sleep\000"
 583      74657070 
 583      65725F32 
 583      5F536C65 
 583      657000
 584              	.LASF20:
 585 00d8 50574D43 		.ascii	"PWMControlRegister\000"
 585      6F6E7472 
 585      6F6C5265 
 585      67697374 
 585      657200
 586              	.LASF25:
 587 00eb 70776D53 		.ascii	"pwmStepper_2_Wakeup\000"
 587      74657070 
 587      65725F32 
 587      5F57616B 
 587      65757000 
 588              	.LASF26:
 589 00ff 474E5520 		.ascii	"GNU C 4.9.3 20150303 (release) [ARM/embedded-4_9-br"
 589      4320342E 
 589      392E3320 
 589      32303135 
 589      30333033 
 590 0132 616E6368 		.ascii	"anch revision 221220] -mcpu=cortex-m3 -mthumb -g -O"
 590      20726576 
 590      6973696F 
 590      6E203232 
 590      31323230 
 591 0165 30202D66 		.ascii	"0 -ffunction-sections -ffat-lto-objects\000"
 591      66756E63 
 591      74696F6E 
 591      2D736563 
 591      74696F6E 
 592              	.LASF12:
 593 018d 646F7562 		.ascii	"double\000"
 593      6C6500
 594              	.LASF10:
 595 0194 75696E74 		.ascii	"uint16\000"
 595      313600
 596              	.LASF8:
 597 019b 756E7369 		.ascii	"unsigned int\000"
 597      676E6564 
 597      20696E74 
 597      00
 598              	.LASF7:
 599 01a8 6C6F6E67 		.ascii	"long long unsigned int\000"
 599      206C6F6E 
ARM GAS  C:\Users\Lois\AppData\Local\Temp\ccjKDpcs.s 			page 16


 599      6720756E 
 599      7369676E 
 599      65642069 
 600              	.LASF14:
 601 01bf 72656738 		.ascii	"reg8\000"
 601      00
 602              	.LASF15:
 603 01c4 73697A65 		.ascii	"sizetype\000"
 603      74797065 
 603      00
 604              	.LASF6:
 605 01cd 6C6F6E67 		.ascii	"long long int\000"
 605      206C6F6E 
 605      6720696E 
 605      7400
 606              	.LASF13:
 607 01db 63686172 		.ascii	"char\000"
 607      00
 608              	.LASF21:
 609 01e0 70776D53 		.ascii	"pwmStepper_2_backupStruct\000"
 609      74657070 
 609      65725F32 
 609      5F626163 
 609      6B757053 
 610              	.LASF2:
 611 01fa 73686F72 		.ascii	"short int\000"
 611      7420696E 
 611      7400
 612              	.LASF16:
 613 0204 50574D45 		.ascii	"PWMEnableState\000"
 613      6E61626C 
 613      65537461 
 613      746500
 614              	.LASF4:
 615 0213 6C6F6E67 		.ascii	"long int\000"
 615      20696E74 
 615      00
 616              	.LASF27:
 617 021c 2E5C4765 		.ascii	".\\Generated_Source\\PSoC5\\pwmStepper_2_PM.c\000"
 617      6E657261 
 617      7465645F 
 617      536F7572 
 617      63655C50 
 618              	.LASF0:
 619 0247 7369676E 		.ascii	"signed char\000"
 619      65642063 
 619      68617200 
 620              	.LASF19:
 621 0253 496E7465 		.ascii	"InterruptMaskValue\000"
 621      72727570 
 621      744D6173 
 621      6B56616C 
 621      756500
 622              		.ident	"GCC: (GNU Tools for ARM Embedded Processors) 4.9.3 20150303 (release) [ARM/embedded-4_9-br
