ARM GAS  C:\Users\Lois\AppData\Local\Temp\ccYyXJne.s 			page 1


   1              		.syntax unified
   2              		.cpu cortex-m3
   3              		.fpu softvfp
   4              		.eabi_attribute 20, 1
   5              		.eabi_attribute 21, 1
   6              		.eabi_attribute 23, 3
   7              		.eabi_attribute 24, 1
   8              		.eabi_attribute 25, 1
   9              		.eabi_attribute 26, 1
  10              		.eabi_attribute 30, 6
  11              		.eabi_attribute 34, 1
  12              		.eabi_attribute 18, 4
  13              		.thumb
  14              		.file	"removeOffsetNoise.c"
  15              		.text
  16              	.Ltext0:
  17              		.cfi_sections	.debug_frame
  18              		.section	.text.FilterSignal,"ax",%progbits
  19              		.align	2
  20              		.global	FilterSignal
  21              		.thumb
  22              		.thumb_func
  23              		.type	FilterSignal, %function
  24              	FilterSignal:
  25              	.LFB56:
  26              		.file 1 ".\\removeOffsetNoise.c"
   1:.\removeOffsetNoise.c **** /******************************************************************************
   2:.\removeOffsetNoise.c **** * File Name: removeOffsetNoise.c
   3:.\removeOffsetNoise.c **** *  Version 2.0
   4:.\removeOffsetNoise.c **** *
   5:.\removeOffsetNoise.c **** * Description:
   6:.\removeOffsetNoise.c **** *  This file contains the functions that are used to find offset and perform 
   7:.\removeOffsetNoise.c **** *  IIR filter
   8:.\removeOffsetNoise.c **** *
   9:.\removeOffsetNoise.c **** * Note:
  10:.\removeOffsetNoise.c **** *
  11:.\removeOffsetNoise.c **** ********************************************************************************
  12:.\removeOffsetNoise.c **** * Copyright (2013), Cypress Semiconductor Corporation. All Rights Reserved.
  13:.\removeOffsetNoise.c **** ********************************************************************************
  14:.\removeOffsetNoise.c **** * This software is owned by Cypress Semiconductor Corporation (Cypress)
  15:.\removeOffsetNoise.c **** * and is protected by and subject to worldwide patent protection (United
  16:.\removeOffsetNoise.c **** * States and foreign), United States copyright laws and international treaty
  17:.\removeOffsetNoise.c **** * provisions. Cypress hereby grants to licensee a personal, non-exclusive,
  18:.\removeOffsetNoise.c **** * non-transferable license to copy, use, modify, create derivative works of,
  19:.\removeOffsetNoise.c **** * and compile the Cypress Source Code and derivative works for the sole
  20:.\removeOffsetNoise.c **** * purpose of creating custom software in support of licensee product to be
  21:.\removeOffsetNoise.c **** * used only in conjunction with a Cypress integrated circuit as specified in
  22:.\removeOffsetNoise.c **** * the applicable agreement. Any reproduction, modification, translation,
  23:.\removeOffsetNoise.c **** * compilation, or representation of this software except as specified above 
  24:.\removeOffsetNoise.c **** * is prohibited without the express written permission of Cypress.
  25:.\removeOffsetNoise.c **** *
  26:.\removeOffsetNoise.c **** * Disclaimer: CYPRESS MAKES NO WARRANTY OF ANY KIND, EXPRESS OR IMPLIED, WITH 
  27:.\removeOffsetNoise.c **** * REGARD TO THIS MATERIAL, INCLUDING, BUT NOT LIMITED TO, THE IMPLIED 
  28:.\removeOffsetNoise.c **** * WARRANTIES OF MERCHANTABILITY AND FITNESS FOR A PARTICULAR PURPOSE.
  29:.\removeOffsetNoise.c **** * Cypress reserves the right to make changes without further notice to the 
  30:.\removeOffsetNoise.c **** * materials described herein. Cypress does not assume any liability arising out 
  31:.\removeOffsetNoise.c **** * of the application or use of any product or circuit described herein. Cypress 
ARM GAS  C:\Users\Lois\AppData\Local\Temp\ccYyXJne.s 			page 2


  32:.\removeOffsetNoise.c **** * does not authorize its products for use as critical components in life-support 
  33:.\removeOffsetNoise.c **** * systems where a malfunction or failure may reasonably be expected to result in 
  34:.\removeOffsetNoise.c **** * significant injury to the user. The inclusion of Cypress' product in a life-
  35:.\removeOffsetNoise.c **** * support systems application implies that the manufacturer assumes all risk of 
  36:.\removeOffsetNoise.c **** * such use and in doing so indemnifies Cypress against all charges. 
  37:.\removeOffsetNoise.c **** *
  38:.\removeOffsetNoise.c **** * Use of this Software may be limited by and subject to the applicable Cypress
  39:.\removeOffsetNoise.c **** * software license agreement. 
  40:.\removeOffsetNoise.c **** *******************************************************************************/
  41:.\removeOffsetNoise.c **** #include "removeOffsetNoise.h"
  42:.\removeOffsetNoise.c **** #include "measurement.h"
  43:.\removeOffsetNoise.c **** 
  44:.\removeOffsetNoise.c **** /*******************************************************************************
  45:.\removeOffsetNoise.c **** *  Function Name: FilterSignal
  46:.\removeOffsetNoise.c **** ********************************************************************************
  47:.\removeOffsetNoise.c **** * Summary:
  48:.\removeOffsetNoise.c **** *  This is IIR filter to process the sampled ADC data. For first sample passed 
  49:.\removeOffsetNoise.c **** *  the function simply returns the passed ADC sample. for second sample onwards,
  50:.\removeOffsetNoise.c **** *  Fraction of input signal based upon the filter coefficient, is calculated and 
  51:.\removeOffsetNoise.c **** *  added to the previously stored filtered value.
  52:.\removeOffsetNoise.c **** *
  53:.\removeOffsetNoise.c **** * Parameters:
  54:.\removeOffsetNoise.c **** * (int32)  ADCSample       - ADC sample read for given signal
  55:.\removeOffsetNoise.c **** * (uint8)  Sensor		   - Sensor to be Filtered
  56:.\removeOffsetNoise.c **** *
  57:.\removeOffsetNoise.c **** * Return: 
  58:.\removeOffsetNoise.c **** * (int32)filValueRounded - filtered value passed is updated after applying 
  59:.\removeOffsetNoise.c **** * IIR filter to the ADC sample.
  60:.\removeOffsetNoise.c **** *
  61:.\removeOffsetNoise.c **** * Theory:
  62:.\removeOffsetNoise.c **** * For more information on the IIR filter please refer to Cypress application
  63:.\removeOffsetNoise.c **** * note AN2099.
  64:.\removeOffsetNoise.c **** *
  65:.\removeOffsetNoise.c **** * Side Effects:
  66:.\removeOffsetNoise.c **** * None
  67:.\removeOffsetNoise.c **** *******************************************************************************/
  68:.\removeOffsetNoise.c **** int32 FilterSignal(int32 ADCSample, uint8 sensor)
  69:.\removeOffsetNoise.c **** {
  27              		.loc 1 69 0
  28              		.cfi_startproc
  29              		@ args = 0, pretend = 0, frame = 16
  30              		@ frame_needed = 1, uses_anonymous_args = 0
  31              		@ link register save eliminated.
  32 0000 80B4     		push	{r7}
  33              		.cfi_def_cfa_offset 4
  34              		.cfi_offset 7, -4
  35 0002 85B0     		sub	sp, sp, #20
  36              		.cfi_def_cfa_offset 24
  37 0004 00AF     		add	r7, sp, #0
  38              		.cfi_def_cfa_register 7
  39 0006 7860     		str	r0, [r7, #4]
  40 0008 0B46     		mov	r3, r1
  41 000a FB70     		strb	r3, [r7, #3]
  70:.\removeOffsetNoise.c **** 	/* Running filtered value accumulator */
  71:.\removeOffsetNoise.c **** 	static int32 filteredValue[NUM_SENSORS] = {0,0};
  72:.\removeOffsetNoise.c **** 	
  73:.\removeOffsetNoise.c **** 	/* Filtered value rounded-off to 20-bits */
ARM GAS  C:\Users\Lois\AppData\Local\Temp\ccYyXJne.s 			page 3


  74:.\removeOffsetNoise.c **** 	int32 filValueRounded;
  75:.\removeOffsetNoise.c **** 	
  76:.\removeOffsetNoise.c **** 	/* Left shift input by MAX_FILTER_COEFF_SHIFT to allow divisions up to MAX_FILTER_COEFF_SHIFT */
  77:.\removeOffsetNoise.c **** 	ADCSample <<= MAX_FILTER_COEFF_SHIFT;
  42              		.loc 1 77 0
  43 000c 7B68     		ldr	r3, [r7, #4]
  44 000e 1B02     		lsls	r3, r3, #8
  45 0010 7B60     		str	r3, [r7, #4]
  78:.\removeOffsetNoise.c **** 	   
  79:.\removeOffsetNoise.c **** 	/* Pass the filter input as it is for fast changes in input */
  80:.\removeOffsetNoise.c ****     if ( (ADCSample > (filteredValue[sensor] + FILTER_FEEDFORWARD)) || (ADCSample < (filteredValue[
  46              		.loc 1 80 0
  47 0012 FB78     		ldrb	r3, [r7, #3]	@ zero_extendqisi2
  48 0014 1D4A     		ldr	r2, .L6
  49 0016 52F82330 		ldr	r3, [r2, r3, lsl #2]
  50 001a 03F54852 		add	r2, r3, #12800
  51 001e 7B68     		ldr	r3, [r7, #4]
  52 0020 9A42     		cmp	r2, r3
  53 0022 08DB     		blt	.L2
  54              		.loc 1 80 0 is_stmt 0 discriminator 1
  55 0024 FB78     		ldrb	r3, [r7, #3]	@ zero_extendqisi2
  56 0026 194A     		ldr	r2, .L6
  57 0028 52F82330 		ldr	r3, [r2, r3, lsl #2]
  58 002c A3F54852 		sub	r2, r3, #12800
  59 0030 7B68     		ldr	r3, [r7, #4]
  60 0032 9A42     		cmp	r2, r3
  61 0034 05DD     		ble	.L3
  62              	.L2:
  81:.\removeOffsetNoise.c ****     {
  82:.\removeOffsetNoise.c ****         filteredValue[sensor] = ADCSample;
  63              		.loc 1 82 0 is_stmt 1
  64 0036 FB78     		ldrb	r3, [r7, #3]	@ zero_extendqisi2
  65 0038 1449     		ldr	r1, .L6
  66 003a 7A68     		ldr	r2, [r7, #4]
  67 003c 41F82320 		str	r2, [r1, r3, lsl #2]
  68 0040 0FE0     		b	.L4
  69              	.L3:
  83:.\removeOffsetNoise.c ****     }
  84:.\removeOffsetNoise.c ****     
  85:.\removeOffsetNoise.c ****     /* If not the first sample then based on filter coefficient, filter the 
  86:.\removeOffsetNoise.c ****      * input signal */
  87:.\removeOffsetNoise.c ****     else
  88:.\removeOffsetNoise.c ****     {
  89:.\removeOffsetNoise.c **** 		/* IIR filter */
  90:.\removeOffsetNoise.c **** 		filteredValue[sensor] = filteredValue[sensor] + ((ADCSample - filteredValue[sensor]) >> RTD_FILTE
  70              		.loc 1 90 0
  71 0042 FB78     		ldrb	r3, [r7, #3]	@ zero_extendqisi2
  72 0044 FA78     		ldrb	r2, [r7, #3]	@ zero_extendqisi2
  73 0046 1149     		ldr	r1, .L6
  74 0048 51F82210 		ldr	r1, [r1, r2, lsl #2]
  75 004c FA78     		ldrb	r2, [r7, #3]	@ zero_extendqisi2
  76 004e 0F48     		ldr	r0, .L6
  77 0050 50F82220 		ldr	r2, [r0, r2, lsl #2]
  78 0054 7868     		ldr	r0, [r7, #4]
  79 0056 821A     		subs	r2, r0, r2
  80 0058 9211     		asrs	r2, r2, #6
  81 005a 0A44     		add	r2, r2, r1
ARM GAS  C:\Users\Lois\AppData\Local\Temp\ccYyXJne.s 			page 4


  82 005c 0B49     		ldr	r1, .L6
  83 005e 41F82320 		str	r2, [r1, r3, lsl #2]
  84              	.L4:
  91:.\removeOffsetNoise.c **** 	}
  92:.\removeOffsetNoise.c **** 	
  93:.\removeOffsetNoise.c **** 	/* Compensate filter result for  left shift of 8 and round off */
  94:.\removeOffsetNoise.c **** 	filValueRounded = (filteredValue[sensor] >> MAX_FILTER_COEFF_SHIFT) + ((filteredValue[sensor] & 0x
  85              		.loc 1 94 0
  86 0062 FB78     		ldrb	r3, [r7, #3]	@ zero_extendqisi2
  87 0064 094A     		ldr	r2, .L6
  88 0066 52F82330 		ldr	r3, [r2, r3, lsl #2]
  89 006a 1A12     		asrs	r2, r3, #8
  90 006c FB78     		ldrb	r3, [r7, #3]	@ zero_extendqisi2
  91 006e 0749     		ldr	r1, .L6
  92 0070 51F82330 		ldr	r3, [r1, r3, lsl #2]
  93 0074 03F08003 		and	r3, r3, #128
  94 0078 DB11     		asrs	r3, r3, #7
  95 007a 1344     		add	r3, r3, r2
  96 007c FB60     		str	r3, [r7, #12]
  95:.\removeOffsetNoise.c **** 	
  96:.\removeOffsetNoise.c ****     return filValueRounded;
  97              		.loc 1 96 0
  98 007e FB68     		ldr	r3, [r7, #12]
  97:.\removeOffsetNoise.c **** }
  99              		.loc 1 97 0
 100 0080 1846     		mov	r0, r3
 101 0082 1437     		adds	r7, r7, #20
 102              		.cfi_def_cfa_offset 4
 103 0084 BD46     		mov	sp, r7
 104              		.cfi_def_cfa_register 13
 105              		@ sp needed
 106 0086 5DF8047B 		ldr	r7, [sp], #4
 107              		.cfi_restore 7
 108              		.cfi_def_cfa_offset 0
 109 008a 7047     		bx	lr
 110              	.L7:
 111              		.align	2
 112              	.L6:
 113 008c 00000000 		.word	filteredValue.7193
 114              		.cfi_endproc
 115              	.LFE56:
 116              		.size	FilterSignal, .-FilterSignal
 117              		.section	.text.GetOffset,"ax",%progbits
 118              		.align	2
 119              		.global	GetOffset
 120              		.thumb
 121              		.thumb_func
 122              		.type	GetOffset, %function
 123              	GetOffset:
 124              	.LFB57:
  98:.\removeOffsetNoise.c **** 
  99:.\removeOffsetNoise.c **** /*******************************************************************************
 100:.\removeOffsetNoise.c **** *  Function Name: GetOffset
 101:.\removeOffsetNoise.c **** ********************************************************************************
 102:.\removeOffsetNoise.c **** * Summary:
 103:.\removeOffsetNoise.c **** * This function shorts the inputs of the ADC together and reads the offset. 
 104:.\removeOffsetNoise.c **** *
ARM GAS  C:\Users\Lois\AppData\Local\Temp\ccYyXJne.s 			page 5


 105:.\removeOffsetNoise.c **** * Parameters:
 106:.\removeOffsetNoise.c **** * void:
 107:.\removeOffsetNoise.c **** *
 108:.\removeOffsetNoise.c **** * Return:
 109:.\removeOffsetNoise.c **** * int32: result (offset value).
 110:.\removeOffsetNoise.c **** *
 111:.\removeOffsetNoise.c **** * Theory:
 112:.\removeOffsetNoise.c **** *
 113:.\removeOffsetNoise.c **** * Side Effects:
 114:.\removeOffsetNoise.c **** * None
 115:.\removeOffsetNoise.c **** *******************************************************************************/
 116:.\removeOffsetNoise.c **** int32 GetOffset(void)
 117:.\removeOffsetNoise.c **** {
 125              		.loc 1 117 0
 126              		.cfi_startproc
 127              		@ args = 0, pretend = 0, frame = 8
 128              		@ frame_needed = 1, uses_anonymous_args = 0
 129 0000 80B5     		push	{r7, lr}
 130              		.cfi_def_cfa_offset 8
 131              		.cfi_offset 7, -8
 132              		.cfi_offset 14, -4
 133 0002 82B0     		sub	sp, sp, #8
 134              		.cfi_def_cfa_offset 16
 135 0004 00AF     		add	r7, sp, #0
 136              		.cfi_def_cfa_register 7
 118:.\removeOffsetNoise.c **** 	int32 result;
 119:.\removeOffsetNoise.c **** 
 120:.\removeOffsetNoise.c ****   	/*Select the MUX channel and Measure the offset voltage*/	
 121:.\removeOffsetNoise.c **** 	AMux_FastSelect(AMUX_1_CDS);
 137              		.loc 1 121 0
 138 0006 0220     		movs	r0, #2
 139 0008 FFF7FEFF 		bl	AMux_FastSelect
 122:.\removeOffsetNoise.c ****     ADC_StartConvert();
 140              		.loc 1 122 0
 141 000c FFF7FEFF 		bl	ADC_StartConvert
 123:.\removeOffsetNoise.c **** 	ADC_IsEndConversion(ADC_WAIT_FOR_RESULT);
 142              		.loc 1 123 0
 143 0010 0020     		movs	r0, #0
 144 0012 FFF7FEFF 		bl	ADC_IsEndConversion
 124:.\removeOffsetNoise.c **** 	result = ADC_GetResult16();
 145              		.loc 1 124 0
 146 0016 FFF7FEFF 		bl	ADC_GetResult16
 147 001a 0346     		mov	r3, r0
 148 001c 7B60     		str	r3, [r7, #4]
 125:.\removeOffsetNoise.c **** 	ADC_StopConvert();
 149              		.loc 1 125 0
 150 001e FFF7FEFF 		bl	ADC_StopConvert
 126:.\removeOffsetNoise.c **** 	
 127:.\removeOffsetNoise.c ****     return result;
 151              		.loc 1 127 0
 152 0022 7B68     		ldr	r3, [r7, #4]
 128:.\removeOffsetNoise.c **** }
 153              		.loc 1 128 0
 154 0024 1846     		mov	r0, r3
 155 0026 0837     		adds	r7, r7, #8
 156              		.cfi_def_cfa_offset 8
 157 0028 BD46     		mov	sp, r7
ARM GAS  C:\Users\Lois\AppData\Local\Temp\ccYyXJne.s 			page 6


 158              		.cfi_def_cfa_register 13
 159              		@ sp needed
 160 002a 80BD     		pop	{r7, pc}
 161              		.cfi_endproc
 162              	.LFE57:
 163              		.size	GetOffset, .-GetOffset
 164              		.bss
 165              		.align	2
 166              	filteredValue.7193:
 167 0000 00000000 		.space	8
 167      00000000 
 168              		.text
 169              	.Letext0:
 170              		.file 2 "c:\\program files (x86)\\cypress\\psoc creator\\3.3\\psoc creator\\import\\gnu\\arm\\4.9.
 171              		.file 3 "c:\\program files (x86)\\cypress\\psoc creator\\3.3\\psoc creator\\import\\gnu\\arm\\4.9.
 172              		.file 4 "Generated_Source\\PSoC5/cytypes.h"
 173              		.file 5 "Generated_Source\\PSoC5/core_cm3.h"
 174              		.section	.debug_info,"",%progbits
 175              	.Ldebug_info0:
 176 0000 62010000 		.4byte	0x162
 177 0004 0400     		.2byte	0x4
 178 0006 00000000 		.4byte	.Ldebug_abbrev0
 179 000a 04       		.byte	0x4
 180 000b 01       		.uleb128 0x1
 181 000c 0A000000 		.4byte	.LASF25
 182 0010 01       		.byte	0x1
 183 0011 91010000 		.4byte	.LASF26
 184 0015 98000000 		.4byte	.LASF27
 185 0019 00000000 		.4byte	.Ldebug_ranges0+0
 186 001d 00000000 		.4byte	0
 187 0021 00000000 		.4byte	.Ldebug_line0
 188 0025 02       		.uleb128 0x2
 189 0026 01       		.byte	0x1
 190 0027 06       		.byte	0x6
 191 0028 DC010000 		.4byte	.LASF0
 192 002c 02       		.uleb128 0x2
 193 002d 01       		.byte	0x1
 194 002e 08       		.byte	0x8
 195 002f CC000000 		.4byte	.LASF1
 196 0033 02       		.uleb128 0x2
 197 0034 02       		.byte	0x2
 198 0035 05       		.byte	0x5
 199 0036 A7010000 		.4byte	.LASF2
 200 003a 02       		.uleb128 0x2
 201 003b 02       		.byte	0x2
 202 003c 07       		.byte	0x7
 203 003d E8010000 		.4byte	.LASF3
 204 0041 03       		.uleb128 0x3
 205 0042 00000000 		.4byte	.LASF9
 206 0046 02       		.byte	0x2
 207 0047 3F       		.byte	0x3f
 208 0048 4C000000 		.4byte	0x4c
 209 004c 02       		.uleb128 0x2
 210 004d 04       		.byte	0x4
 211 004e 05       		.byte	0x5
 212 004f C7010000 		.4byte	.LASF4
 213 0053 02       		.uleb128 0x2
ARM GAS  C:\Users\Lois\AppData\Local\Temp\ccYyXJne.s 			page 7


 214 0054 04       		.byte	0x4
 215 0055 07       		.byte	0x7
 216 0056 E1000000 		.4byte	.LASF5
 217 005a 02       		.uleb128 0x2
 218 005b 08       		.byte	0x8
 219 005c 05       		.byte	0x5
 220 005d 74010000 		.4byte	.LASF6
 221 0061 02       		.uleb128 0x2
 222 0062 08       		.byte	0x8
 223 0063 07       		.byte	0x7
 224 0064 28010000 		.4byte	.LASF7
 225 0068 04       		.uleb128 0x4
 226 0069 04       		.byte	0x4
 227 006a 05       		.byte	0x5
 228 006b 696E7400 		.ascii	"int\000"
 229 006f 02       		.uleb128 0x2
 230 0070 04       		.byte	0x4
 231 0071 07       		.byte	0x7
 232 0072 1B010000 		.4byte	.LASF8
 233 0076 03       		.uleb128 0x3
 234 0077 63010000 		.4byte	.LASF10
 235 007b 03       		.byte	0x3
 236 007c 2C       		.byte	0x2c
 237 007d 41000000 		.4byte	0x41
 238 0081 03       		.uleb128 0x3
 239 0082 B1010000 		.4byte	.LASF11
 240 0086 04       		.byte	0x4
 241 0087 A1       		.byte	0xa1
 242 0088 2C000000 		.4byte	0x2c
 243 008c 03       		.uleb128 0x3
 244 008d F3000000 		.4byte	.LASF12
 245 0091 04       		.byte	0x4
 246 0092 A6       		.byte	0xa6
 247 0093 4C000000 		.4byte	0x4c
 248 0097 02       		.uleb128 0x2
 249 0098 04       		.byte	0x4
 250 0099 04       		.byte	0x4
 251 009a C6000000 		.4byte	.LASF13
 252 009e 02       		.uleb128 0x2
 253 009f 08       		.byte	0x8
 254 00a0 04       		.byte	0x4
 255 00a1 06010000 		.4byte	.LASF14
 256 00a5 02       		.uleb128 0x2
 257 00a6 01       		.byte	0x1
 258 00a7 08       		.byte	0x8
 259 00a8 8C010000 		.4byte	.LASF15
 260 00ac 02       		.uleb128 0x2
 261 00ad 04       		.byte	0x4
 262 00ae 07       		.byte	0x7
 263 00af 6B010000 		.4byte	.LASF16
 264 00b3 02       		.uleb128 0x2
 265 00b4 08       		.byte	0x8
 266 00b5 04       		.byte	0x4
 267 00b6 D0010000 		.4byte	.LASF17
 268 00ba 05       		.uleb128 0x5
 269 00bb 56010000 		.4byte	.LASF22
 270 00bf 01       		.byte	0x1
ARM GAS  C:\Users\Lois\AppData\Local\Temp\ccYyXJne.s 			page 8


 271 00c0 44       		.byte	0x44
 272 00c1 8C000000 		.4byte	0x8c
 273 00c5 00000000 		.4byte	.LFB56
 274 00c9 90000000 		.4byte	.LFE56-.LFB56
 275 00cd 01       		.uleb128 0x1
 276 00ce 9C       		.byte	0x9c
 277 00cf 0F010000 		.4byte	0x10f
 278 00d3 06       		.uleb128 0x6
 279 00d4 82010000 		.4byte	.LASF18
 280 00d8 01       		.byte	0x1
 281 00d9 44       		.byte	0x44
 282 00da 8C000000 		.4byte	0x8c
 283 00de 02       		.uleb128 0x2
 284 00df 91       		.byte	0x91
 285 00e0 6C       		.sleb128 -20
 286 00e1 06       		.uleb128 0x6
 287 00e2 DA000000 		.4byte	.LASF19
 288 00e6 01       		.byte	0x1
 289 00e7 44       		.byte	0x44
 290 00e8 81000000 		.4byte	0x81
 291 00ec 02       		.uleb128 0x2
 292 00ed 91       		.byte	0x91
 293 00ee 6B       		.sleb128 -21
 294 00ef 07       		.uleb128 0x7
 295 00f0 0D010000 		.4byte	.LASF20
 296 00f4 01       		.byte	0x1
 297 00f5 47       		.byte	0x47
 298 00f6 0F010000 		.4byte	0x10f
 299 00fa 05       		.uleb128 0x5
 300 00fb 03       		.byte	0x3
 301 00fc 00000000 		.4byte	filteredValue.7193
 302 0100 07       		.uleb128 0x7
 303 0101 B7010000 		.4byte	.LASF21
 304 0105 01       		.byte	0x1
 305 0106 4A       		.byte	0x4a
 306 0107 8C000000 		.4byte	0x8c
 307 010b 02       		.uleb128 0x2
 308 010c 91       		.byte	0x91
 309 010d 74       		.sleb128 -12
 310 010e 00       		.byte	0
 311 010f 08       		.uleb128 0x8
 312 0110 8C000000 		.4byte	0x8c
 313 0114 1F010000 		.4byte	0x11f
 314 0118 09       		.uleb128 0x9
 315 0119 AC000000 		.4byte	0xac
 316 011d 01       		.byte	0x1
 317 011e 00       		.byte	0
 318 011f 0A       		.uleb128 0xa
 319 0120 FB010000 		.4byte	.LASF23
 320 0124 01       		.byte	0x1
 321 0125 74       		.byte	0x74
 322 0126 8C000000 		.4byte	0x8c
 323 012a 00000000 		.4byte	.LFB57
 324 012e 2C000000 		.4byte	.LFE57-.LFB57
 325 0132 01       		.uleb128 0x1
 326 0133 9C       		.byte	0x9c
 327 0134 54010000 		.4byte	0x154
ARM GAS  C:\Users\Lois\AppData\Local\Temp\ccYyXJne.s 			page 9


 328 0138 07       		.uleb128 0x7
 329 0139 3F010000 		.4byte	.LASF24
 330 013d 01       		.byte	0x1
 331 013e 76       		.byte	0x76
 332 013f 8C000000 		.4byte	0x8c
 333 0143 02       		.uleb128 0x2
 334 0144 91       		.byte	0x91
 335 0145 74       		.sleb128 -12
 336 0146 0B       		.uleb128 0xb
 337 0147 46010000 		.4byte	.LASF28
 338 014b 01       		.byte	0x1
 339 014c 79       		.byte	0x79
 340 014d 68000000 		.4byte	0x68
 341 0151 0C       		.uleb128 0xc
 342 0152 00       		.byte	0
 343 0153 00       		.byte	0
 344 0154 0D       		.uleb128 0xd
 345 0155 F9000000 		.4byte	.LASF29
 346 0159 05       		.byte	0x5
 347 015a 1606     		.2byte	0x616
 348 015c 60010000 		.4byte	0x160
 349 0160 0E       		.uleb128 0xe
 350 0161 76000000 		.4byte	0x76
 351 0165 00       		.byte	0
 352              		.section	.debug_abbrev,"",%progbits
 353              	.Ldebug_abbrev0:
 354 0000 01       		.uleb128 0x1
 355 0001 11       		.uleb128 0x11
 356 0002 01       		.byte	0x1
 357 0003 25       		.uleb128 0x25
 358 0004 0E       		.uleb128 0xe
 359 0005 13       		.uleb128 0x13
 360 0006 0B       		.uleb128 0xb
 361 0007 03       		.uleb128 0x3
 362 0008 0E       		.uleb128 0xe
 363 0009 1B       		.uleb128 0x1b
 364 000a 0E       		.uleb128 0xe
 365 000b 55       		.uleb128 0x55
 366 000c 17       		.uleb128 0x17
 367 000d 11       		.uleb128 0x11
 368 000e 01       		.uleb128 0x1
 369 000f 10       		.uleb128 0x10
 370 0010 17       		.uleb128 0x17
 371 0011 00       		.byte	0
 372 0012 00       		.byte	0
 373 0013 02       		.uleb128 0x2
 374 0014 24       		.uleb128 0x24
 375 0015 00       		.byte	0
 376 0016 0B       		.uleb128 0xb
 377 0017 0B       		.uleb128 0xb
 378 0018 3E       		.uleb128 0x3e
 379 0019 0B       		.uleb128 0xb
 380 001a 03       		.uleb128 0x3
 381 001b 0E       		.uleb128 0xe
 382 001c 00       		.byte	0
 383 001d 00       		.byte	0
 384 001e 03       		.uleb128 0x3
ARM GAS  C:\Users\Lois\AppData\Local\Temp\ccYyXJne.s 			page 10


 385 001f 16       		.uleb128 0x16
 386 0020 00       		.byte	0
 387 0021 03       		.uleb128 0x3
 388 0022 0E       		.uleb128 0xe
 389 0023 3A       		.uleb128 0x3a
 390 0024 0B       		.uleb128 0xb
 391 0025 3B       		.uleb128 0x3b
 392 0026 0B       		.uleb128 0xb
 393 0027 49       		.uleb128 0x49
 394 0028 13       		.uleb128 0x13
 395 0029 00       		.byte	0
 396 002a 00       		.byte	0
 397 002b 04       		.uleb128 0x4
 398 002c 24       		.uleb128 0x24
 399 002d 00       		.byte	0
 400 002e 0B       		.uleb128 0xb
 401 002f 0B       		.uleb128 0xb
 402 0030 3E       		.uleb128 0x3e
 403 0031 0B       		.uleb128 0xb
 404 0032 03       		.uleb128 0x3
 405 0033 08       		.uleb128 0x8
 406 0034 00       		.byte	0
 407 0035 00       		.byte	0
 408 0036 05       		.uleb128 0x5
 409 0037 2E       		.uleb128 0x2e
 410 0038 01       		.byte	0x1
 411 0039 3F       		.uleb128 0x3f
 412 003a 19       		.uleb128 0x19
 413 003b 03       		.uleb128 0x3
 414 003c 0E       		.uleb128 0xe
 415 003d 3A       		.uleb128 0x3a
 416 003e 0B       		.uleb128 0xb
 417 003f 3B       		.uleb128 0x3b
 418 0040 0B       		.uleb128 0xb
 419 0041 27       		.uleb128 0x27
 420 0042 19       		.uleb128 0x19
 421 0043 49       		.uleb128 0x49
 422 0044 13       		.uleb128 0x13
 423 0045 11       		.uleb128 0x11
 424 0046 01       		.uleb128 0x1
 425 0047 12       		.uleb128 0x12
 426 0048 06       		.uleb128 0x6
 427 0049 40       		.uleb128 0x40
 428 004a 18       		.uleb128 0x18
 429 004b 9742     		.uleb128 0x2117
 430 004d 19       		.uleb128 0x19
 431 004e 01       		.uleb128 0x1
 432 004f 13       		.uleb128 0x13
 433 0050 00       		.byte	0
 434 0051 00       		.byte	0
 435 0052 06       		.uleb128 0x6
 436 0053 05       		.uleb128 0x5
 437 0054 00       		.byte	0
 438 0055 03       		.uleb128 0x3
 439 0056 0E       		.uleb128 0xe
 440 0057 3A       		.uleb128 0x3a
 441 0058 0B       		.uleb128 0xb
ARM GAS  C:\Users\Lois\AppData\Local\Temp\ccYyXJne.s 			page 11


 442 0059 3B       		.uleb128 0x3b
 443 005a 0B       		.uleb128 0xb
 444 005b 49       		.uleb128 0x49
 445 005c 13       		.uleb128 0x13
 446 005d 02       		.uleb128 0x2
 447 005e 18       		.uleb128 0x18
 448 005f 00       		.byte	0
 449 0060 00       		.byte	0
 450 0061 07       		.uleb128 0x7
 451 0062 34       		.uleb128 0x34
 452 0063 00       		.byte	0
 453 0064 03       		.uleb128 0x3
 454 0065 0E       		.uleb128 0xe
 455 0066 3A       		.uleb128 0x3a
 456 0067 0B       		.uleb128 0xb
 457 0068 3B       		.uleb128 0x3b
 458 0069 0B       		.uleb128 0xb
 459 006a 49       		.uleb128 0x49
 460 006b 13       		.uleb128 0x13
 461 006c 02       		.uleb128 0x2
 462 006d 18       		.uleb128 0x18
 463 006e 00       		.byte	0
 464 006f 00       		.byte	0
 465 0070 08       		.uleb128 0x8
 466 0071 01       		.uleb128 0x1
 467 0072 01       		.byte	0x1
 468 0073 49       		.uleb128 0x49
 469 0074 13       		.uleb128 0x13
 470 0075 01       		.uleb128 0x1
 471 0076 13       		.uleb128 0x13
 472 0077 00       		.byte	0
 473 0078 00       		.byte	0
 474 0079 09       		.uleb128 0x9
 475 007a 21       		.uleb128 0x21
 476 007b 00       		.byte	0
 477 007c 49       		.uleb128 0x49
 478 007d 13       		.uleb128 0x13
 479 007e 2F       		.uleb128 0x2f
 480 007f 0B       		.uleb128 0xb
 481 0080 00       		.byte	0
 482 0081 00       		.byte	0
 483 0082 0A       		.uleb128 0xa
 484 0083 2E       		.uleb128 0x2e
 485 0084 01       		.byte	0x1
 486 0085 3F       		.uleb128 0x3f
 487 0086 19       		.uleb128 0x19
 488 0087 03       		.uleb128 0x3
 489 0088 0E       		.uleb128 0xe
 490 0089 3A       		.uleb128 0x3a
 491 008a 0B       		.uleb128 0xb
 492 008b 3B       		.uleb128 0x3b
 493 008c 0B       		.uleb128 0xb
 494 008d 27       		.uleb128 0x27
 495 008e 19       		.uleb128 0x19
 496 008f 49       		.uleb128 0x49
 497 0090 13       		.uleb128 0x13
 498 0091 11       		.uleb128 0x11
ARM GAS  C:\Users\Lois\AppData\Local\Temp\ccYyXJne.s 			page 12


 499 0092 01       		.uleb128 0x1
 500 0093 12       		.uleb128 0x12
 501 0094 06       		.uleb128 0x6
 502 0095 40       		.uleb128 0x40
 503 0096 18       		.uleb128 0x18
 504 0097 9642     		.uleb128 0x2116
 505 0099 19       		.uleb128 0x19
 506 009a 01       		.uleb128 0x1
 507 009b 13       		.uleb128 0x13
 508 009c 00       		.byte	0
 509 009d 00       		.byte	0
 510 009e 0B       		.uleb128 0xb
 511 009f 2E       		.uleb128 0x2e
 512 00a0 01       		.byte	0x1
 513 00a1 3F       		.uleb128 0x3f
 514 00a2 19       		.uleb128 0x19
 515 00a3 03       		.uleb128 0x3
 516 00a4 0E       		.uleb128 0xe
 517 00a5 3A       		.uleb128 0x3a
 518 00a6 0B       		.uleb128 0xb
 519 00a7 3B       		.uleb128 0x3b
 520 00a8 0B       		.uleb128 0xb
 521 00a9 49       		.uleb128 0x49
 522 00aa 13       		.uleb128 0x13
 523 00ab 3C       		.uleb128 0x3c
 524 00ac 19       		.uleb128 0x19
 525 00ad 00       		.byte	0
 526 00ae 00       		.byte	0
 527 00af 0C       		.uleb128 0xc
 528 00b0 18       		.uleb128 0x18
 529 00b1 00       		.byte	0
 530 00b2 00       		.byte	0
 531 00b3 00       		.byte	0
 532 00b4 0D       		.uleb128 0xd
 533 00b5 34       		.uleb128 0x34
 534 00b6 00       		.byte	0
 535 00b7 03       		.uleb128 0x3
 536 00b8 0E       		.uleb128 0xe
 537 00b9 3A       		.uleb128 0x3a
 538 00ba 0B       		.uleb128 0xb
 539 00bb 3B       		.uleb128 0x3b
 540 00bc 05       		.uleb128 0x5
 541 00bd 49       		.uleb128 0x49
 542 00be 13       		.uleb128 0x13
 543 00bf 3F       		.uleb128 0x3f
 544 00c0 19       		.uleb128 0x19
 545 00c1 3C       		.uleb128 0x3c
 546 00c2 19       		.uleb128 0x19
 547 00c3 00       		.byte	0
 548 00c4 00       		.byte	0
 549 00c5 0E       		.uleb128 0xe
 550 00c6 35       		.uleb128 0x35
 551 00c7 00       		.byte	0
 552 00c8 49       		.uleb128 0x49
 553 00c9 13       		.uleb128 0x13
 554 00ca 00       		.byte	0
 555 00cb 00       		.byte	0
ARM GAS  C:\Users\Lois\AppData\Local\Temp\ccYyXJne.s 			page 13


 556 00cc 00       		.byte	0
 557              		.section	.debug_aranges,"",%progbits
 558 0000 24000000 		.4byte	0x24
 559 0004 0200     		.2byte	0x2
 560 0006 00000000 		.4byte	.Ldebug_info0
 561 000a 04       		.byte	0x4
 562 000b 00       		.byte	0
 563 000c 0000     		.2byte	0
 564 000e 0000     		.2byte	0
 565 0010 00000000 		.4byte	.LFB56
 566 0014 90000000 		.4byte	.LFE56-.LFB56
 567 0018 00000000 		.4byte	.LFB57
 568 001c 2C000000 		.4byte	.LFE57-.LFB57
 569 0020 00000000 		.4byte	0
 570 0024 00000000 		.4byte	0
 571              		.section	.debug_ranges,"",%progbits
 572              	.Ldebug_ranges0:
 573 0000 00000000 		.4byte	.LFB56
 574 0004 90000000 		.4byte	.LFE56
 575 0008 00000000 		.4byte	.LFB57
 576 000c 2C000000 		.4byte	.LFE57
 577 0010 00000000 		.4byte	0
 578 0014 00000000 		.4byte	0
 579              		.section	.debug_line,"",%progbits
 580              	.Ldebug_line0:
 581 0000 91010000 		.section	.debug_str,"MS",%progbits,1
 581      02005601 
 581      00000201 
 581      FB0E0D00 
 581      01010101 
 582              	.LASF9:
 583 0000 5F5F696E 		.ascii	"__int32_t\000"
 583      7433325F 
 583      7400
 584              	.LASF25:
 585 000a 474E5520 		.ascii	"GNU C 4.9.3 20150303 (release) [ARM/embedded-4_9-br"
 585      4320342E 
 585      392E3320 
 585      32303135 
 585      30333033 
 586 003d 616E6368 		.ascii	"anch revision 221220] -mcpu=cortex-m3 -mthumb -g -O"
 586      20726576 
 586      6973696F 
 586      6E203232 
 586      31323230 
 587 0070 30202D66 		.ascii	"0 -ffunction-sections -ffat-lto-objects\000"
 587      66756E63 
 587      74696F6E 
 587      2D736563 
 587      74696F6E 
 588              	.LASF27:
 589 0098 433A5C55 		.ascii	"C:\\Users\\Lois\\Desktop\\MC1_5\\MC1_5_PSOC5.cydsn\000"
 589      73657273 
 589      5C4C6F69 
 589      735C4465 
 589      736B746F 
 590              	.LASF13:
ARM GAS  C:\Users\Lois\AppData\Local\Temp\ccYyXJne.s 			page 14


 591 00c6 666C6F61 		.ascii	"float\000"
 591      7400
 592              	.LASF1:
 593 00cc 756E7369 		.ascii	"unsigned char\000"
 593      676E6564 
 593      20636861 
 593      7200
 594              	.LASF19:
 595 00da 73656E73 		.ascii	"sensor\000"
 595      6F7200
 596              	.LASF5:
 597 00e1 6C6F6E67 		.ascii	"long unsigned int\000"
 597      20756E73 
 597      69676E65 
 597      6420696E 
 597      7400
 598              	.LASF12:
 599 00f3 696E7433 		.ascii	"int32\000"
 599      3200
 600              	.LASF29:
 601 00f9 49544D5F 		.ascii	"ITM_RxBuffer\000"
 601      52784275 
 601      66666572 
 601      00
 602              	.LASF14:
 603 0106 646F7562 		.ascii	"double\000"
 603      6C6500
 604              	.LASF20:
 605 010d 66696C74 		.ascii	"filteredValue\000"
 605      65726564 
 605      56616C75 
 605      6500
 606              	.LASF8:
 607 011b 756E7369 		.ascii	"unsigned int\000"
 607      676E6564 
 607      20696E74 
 607      00
 608              	.LASF7:
 609 0128 6C6F6E67 		.ascii	"long long unsigned int\000"
 609      206C6F6E 
 609      6720756E 
 609      7369676E 
 609      65642069 
 610              	.LASF24:
 611 013f 72657375 		.ascii	"result\000"
 611      6C7400
 612              	.LASF28:
 613 0146 414D7578 		.ascii	"AMux_FastSelect\000"
 613      5F466173 
 613      7453656C 
 613      65637400 
 614              	.LASF22:
 615 0156 46696C74 		.ascii	"FilterSignal\000"
 615      65725369 
 615      676E616C 
 615      00
 616              	.LASF10:
ARM GAS  C:\Users\Lois\AppData\Local\Temp\ccYyXJne.s 			page 15


 617 0163 696E7433 		.ascii	"int32_t\000"
 617      325F7400 
 618              	.LASF16:
 619 016b 73697A65 		.ascii	"sizetype\000"
 619      74797065 
 619      00
 620              	.LASF6:
 621 0174 6C6F6E67 		.ascii	"long long int\000"
 621      206C6F6E 
 621      6720696E 
 621      7400
 622              	.LASF18:
 623 0182 41444353 		.ascii	"ADCSample\000"
 623      616D706C 
 623      6500
 624              	.LASF15:
 625 018c 63686172 		.ascii	"char\000"
 625      00
 626              	.LASF26:
 627 0191 2E5C7265 		.ascii	".\\removeOffsetNoise.c\000"
 627      6D6F7665 
 627      4F666673 
 627      65744E6F 
 627      6973652E 
 628              	.LASF2:
 629 01a7 73686F72 		.ascii	"short int\000"
 629      7420696E 
 629      7400
 630              	.LASF11:
 631 01b1 75696E74 		.ascii	"uint8\000"
 631      3800
 632              	.LASF21:
 633 01b7 66696C56 		.ascii	"filValueRounded\000"
 633      616C7565 
 633      526F756E 
 633      64656400 
 634              	.LASF4:
 635 01c7 6C6F6E67 		.ascii	"long int\000"
 635      20696E74 
 635      00
 636              	.LASF17:
 637 01d0 6C6F6E67 		.ascii	"long double\000"
 637      20646F75 
 637      626C6500 
 638              	.LASF0:
 639 01dc 7369676E 		.ascii	"signed char\000"
 639      65642063 
 639      68617200 
 640              	.LASF3:
 641 01e8 73686F72 		.ascii	"short unsigned int\000"
 641      7420756E 
 641      7369676E 
 641      65642069 
 641      6E7400
 642              	.LASF23:
 643 01fb 4765744F 		.ascii	"GetOffset\000"
 643      66667365 
ARM GAS  C:\Users\Lois\AppData\Local\Temp\ccYyXJne.s 			page 16


 643      7400
 644              		.ident	"GCC: (GNU Tools for ARM Embedded Processors) 4.9.3 20150303 (release) [ARM/embedded-4_9-br
