ARM GAS  C:\Users\Lois\AppData\Local\Temp\cc0K7Kmf.s 			page 1


   1              		.syntax unified
   2              		.cpu cortex-m3
   3              		.fpu softvfp
   4              		.eabi_attribute 20, 1
   5              		.eabi_attribute 21, 1
   6              		.eabi_attribute 23, 3
   7              		.eabi_attribute 24, 1
   8              		.eabi_attribute 25, 1
   9              		.eabi_attribute 26, 1
  10              		.eabi_attribute 30, 6
  11              		.eabi_attribute 34, 1
  12              		.eabi_attribute 18, 4
  13              		.thumb
  14              		.file	"Stepper.c"
  15              		.text
  16              	.Ltext0:
  17              		.cfi_sections	.debug_frame
  18              		.section	.text.Move,"ax",%progbits
  19              		.align	2
  20              		.global	Move
  21              		.thumb
  22              		.thumb_func
  23              		.type	Move, %function
  24              	Move:
  25              	.LFB56:
  26              		.file 1 ".\\Stepper.c"
   1:.\Stepper.c   **** /* ========================================
   2:.\Stepper.c   ****  *
   3:.\Stepper.c   ****  * Copyright YOUR COMPANY, THE YEAR
   4:.\Stepper.c   ****  * All Rights Reserved
   5:.\Stepper.c   ****  * UNPUBLISHED, LICENSED SOFTWARE.
   6:.\Stepper.c   ****  *
   7:.\Stepper.c   ****  * CONFIDENTIAL AND PROPRIETARY INFORMATION
   8:.\Stepper.c   ****  * WHICH IS THE PROPERTY OF your company.
   9:.\Stepper.c   ****  *
  10:.\Stepper.c   ****  * ========================================
  11:.\Stepper.c   **** */
  12:.\Stepper.c   **** 
  13:.\Stepper.c   **** #include "Stepper.h"
  14:.\Stepper.c   **** 
  15:.\Stepper.c   **** extern MC1_5Module  mc1_5Module [2];
  16:.\Stepper.c   **** 
  17:.\Stepper.c   **** void Move(StepperDirType direction, uint8 module)
  18:.\Stepper.c   **** {
  27              		.loc 1 18 0
  28              		.cfi_startproc
  29              		@ args = 0, pretend = 0, frame = 8
  30              		@ frame_needed = 1, uses_anonymous_args = 0
  31 0000 80B5     		push	{r7, lr}
  32              		.cfi_def_cfa_offset 8
  33              		.cfi_offset 7, -8
  34              		.cfi_offset 14, -4
  35 0002 82B0     		sub	sp, sp, #8
  36              		.cfi_def_cfa_offset 16
  37 0004 00AF     		add	r7, sp, #0
  38              		.cfi_def_cfa_register 7
  39 0006 0346     		mov	r3, r0
ARM GAS  C:\Users\Lois\AppData\Local\Temp\cc0K7Kmf.s 			page 2


  40 0008 0A46     		mov	r2, r1
  41 000a FB71     		strb	r3, [r7, #7]
  42 000c 1346     		mov	r3, r2
  43 000e BB71     		strb	r3, [r7, #6]
  19:.\Stepper.c   ****     if(direction ==stepperFall || direction ==stepperRise)
  44              		.loc 1 19 0
  45 0010 FB79     		ldrb	r3, [r7, #7]	@ zero_extendqisi2
  46 0012 002B     		cmp	r3, #0
  47 0014 02D0     		beq	.L2
  48              		.loc 1 19 0 is_stmt 0 discriminator 1
  49 0016 FB79     		ldrb	r3, [r7, #7]	@ zero_extendqisi2
  50 0018 012B     		cmp	r3, #1
  51 001a 09D1     		bne	.L3
  52              	.L2:
  20:.\Stepper.c   ****     {
  21:.\Stepper.c   ****         Set_DIR(direction, module);
  53              		.loc 1 21 0 is_stmt 1
  54 001c FA79     		ldrb	r2, [r7, #7]	@ zero_extendqisi2
  55 001e BB79     		ldrb	r3, [r7, #6]	@ zero_extendqisi2
  56 0020 1046     		mov	r0, r2
  57 0022 1946     		mov	r1, r3
  58 0024 FFF7FEFF 		bl	Set_DIR
  22:.\Stepper.c   ****         Enable_Allegro(module);
  59              		.loc 1 22 0
  60 0028 BB79     		ldrb	r3, [r7, #6]	@ zero_extendqisi2
  61 002a 1846     		mov	r0, r3
  62 002c FFF7FEFF 		bl	Enable_Allegro
  63              	.L3:
  23:.\Stepper.c   ****     }
  24:.\Stepper.c   ****     switch (module)
  64              		.loc 1 24 0
  65 0030 BB79     		ldrb	r3, [r7, #6]	@ zero_extendqisi2
  66 0032 002B     		cmp	r3, #0
  67 0034 02D0     		beq	.L5
  68 0036 012B     		cmp	r3, #1
  69 0038 03D0     		beq	.L6
  25:.\Stepper.c   ****     {
  26:.\Stepper.c   ****         case 0:
  27:.\Stepper.c   ****             pwmStepper_1_Start();
  28:.\Stepper.c   ****             break;
  29:.\Stepper.c   ****         case 1:
  30:.\Stepper.c   ****             pwmStepper_2_Start();
  31:.\Stepper.c   ****             break;
  32:.\Stepper.c   ****         default:
  33:.\Stepper.c   ****             break;
  70              		.loc 1 33 0
  71 003a 05E0     		b	.L1
  72              	.L5:
  27:.\Stepper.c   ****             break;
  73              		.loc 1 27 0
  74 003c FFF7FEFF 		bl	pwmStepper_1_Start
  28:.\Stepper.c   ****         case 1:
  75              		.loc 1 28 0
  76 0040 02E0     		b	.L1
  77              	.L6:
  30:.\Stepper.c   ****             break;
  78              		.loc 1 30 0
ARM GAS  C:\Users\Lois\AppData\Local\Temp\cc0K7Kmf.s 			page 3


  79 0042 FFF7FEFF 		bl	pwmStepper_2_Start
  31:.\Stepper.c   ****         default:
  80              		.loc 1 31 0
  81 0046 00BF     		nop
  82              	.L1:
  34:.\Stepper.c   ****     }
  35:.\Stepper.c   **** }
  83              		.loc 1 35 0
  84 0048 0837     		adds	r7, r7, #8
  85              		.cfi_def_cfa_offset 8
  86 004a BD46     		mov	sp, r7
  87              		.cfi_def_cfa_register 13
  88              		@ sp needed
  89 004c 80BD     		pop	{r7, pc}
  90              		.cfi_endproc
  91              	.LFE56:
  92              		.size	Move, .-Move
  93 004e 00BF     		.section	.text.Stop,"ax",%progbits
  94              		.align	2
  95              		.global	Stop
  96              		.thumb
  97              		.thumb_func
  98              		.type	Stop, %function
  99              	Stop:
 100              	.LFB57:
  36:.\Stepper.c   **** void Stop(uint8 module)
  37:.\Stepper.c   **** {
 101              		.loc 1 37 0
 102              		.cfi_startproc
 103              		@ args = 0, pretend = 0, frame = 8
 104              		@ frame_needed = 1, uses_anonymous_args = 0
 105 0000 80B5     		push	{r7, lr}
 106              		.cfi_def_cfa_offset 8
 107              		.cfi_offset 7, -8
 108              		.cfi_offset 14, -4
 109 0002 82B0     		sub	sp, sp, #8
 110              		.cfi_def_cfa_offset 16
 111 0004 00AF     		add	r7, sp, #0
 112              		.cfi_def_cfa_register 7
 113 0006 0346     		mov	r3, r0
 114 0008 FB71     		strb	r3, [r7, #7]
  38:.\Stepper.c   ****     switch (module)
 115              		.loc 1 38 0
 116 000a FB79     		ldrb	r3, [r7, #7]	@ zero_extendqisi2
 117 000c 002B     		cmp	r3, #0
 118 000e 02D0     		beq	.L10
 119 0010 012B     		cmp	r3, #1
 120 0012 03D0     		beq	.L11
  39:.\Stepper.c   ****     {
  40:.\Stepper.c   ****         case 0:
  41:.\Stepper.c   ****             pwmStepper_1_Stop();
  42:.\Stepper.c   ****             break;
  43:.\Stepper.c   ****         case 1:
  44:.\Stepper.c   ****             pwmStepper_2_Stop();
  45:.\Stepper.c   ****             break;
  46:.\Stepper.c   ****         default:
  47:.\Stepper.c   ****             break;
ARM GAS  C:\Users\Lois\AppData\Local\Temp\cc0K7Kmf.s 			page 4


 121              		.loc 1 47 0
 122 0014 05E0     		b	.L12
 123              	.L10:
  41:.\Stepper.c   ****             break;
 124              		.loc 1 41 0
 125 0016 FFF7FEFF 		bl	pwmStepper_1_Stop
  42:.\Stepper.c   ****         case 1:
 126              		.loc 1 42 0
 127 001a 02E0     		b	.L12
 128              	.L11:
  44:.\Stepper.c   ****             break;
 129              		.loc 1 44 0
 130 001c FFF7FEFF 		bl	pwmStepper_2_Stop
  45:.\Stepper.c   ****         default:
 131              		.loc 1 45 0
 132 0020 00BF     		nop
 133              	.L12:
  48:.\Stepper.c   ****     }
  49:.\Stepper.c   ****     Disable_Allegro(module);
 134              		.loc 1 49 0
 135 0022 FB79     		ldrb	r3, [r7, #7]	@ zero_extendqisi2
 136 0024 1846     		mov	r0, r3
 137 0026 FFF7FEFF 		bl	Disable_Allegro
  50:.\Stepper.c   ****     
  51:.\Stepper.c   **** }
 138              		.loc 1 51 0
 139 002a 0837     		adds	r7, r7, #8
 140              		.cfi_def_cfa_offset 8
 141 002c BD46     		mov	sp, r7
 142              		.cfi_def_cfa_register 13
 143              		@ sp needed
 144 002e 80BD     		pop	{r7, pc}
 145              		.cfi_endproc
 146              	.LFE57:
 147              		.size	Stop, .-Stop
 148              		.section	.text.Enable_Allegro,"ax",%progbits
 149              		.align	2
 150              		.global	Enable_Allegro
 151              		.thumb
 152              		.thumb_func
 153              		.type	Enable_Allegro, %function
 154              	Enable_Allegro:
 155              	.LFB58:
  52:.\Stepper.c   **** 
  53:.\Stepper.c   **** void Enable_Allegro(uint8 module)
  54:.\Stepper.c   **** {
 156              		.loc 1 54 0
 157              		.cfi_startproc
 158              		@ args = 0, pretend = 0, frame = 8
 159              		@ frame_needed = 1, uses_anonymous_args = 0
 160 0000 80B5     		push	{r7, lr}
 161              		.cfi_def_cfa_offset 8
 162              		.cfi_offset 7, -8
 163              		.cfi_offset 14, -4
 164 0002 82B0     		sub	sp, sp, #8
 165              		.cfi_def_cfa_offset 16
 166 0004 00AF     		add	r7, sp, #0
ARM GAS  C:\Users\Lois\AppData\Local\Temp\cc0K7Kmf.s 			page 5


 167              		.cfi_def_cfa_register 7
 168 0006 0346     		mov	r3, r0
 169 0008 FB71     		strb	r3, [r7, #7]
  55:.\Stepper.c   ****     switch (module)
 170              		.loc 1 55 0
 171 000a FB79     		ldrb	r3, [r7, #7]	@ zero_extendqisi2
 172 000c 002B     		cmp	r3, #0
 173 000e 02D0     		beq	.L15
 174 0010 012B     		cmp	r3, #1
 175 0012 04D0     		beq	.L16
  56:.\Stepper.c   ****     {
  57:.\Stepper.c   ****         case 0:
  58:.\Stepper.c   ****             Stepper1_Enable_Write(0);
  59:.\Stepper.c   ****             break;
  60:.\Stepper.c   ****         case 1:
  61:.\Stepper.c   ****             Stepper2_Enable_Write(0);
  62:.\Stepper.c   ****             break;
  63:.\Stepper.c   ****         default:
  64:.\Stepper.c   ****             break;
 176              		.loc 1 64 0
 177 0014 07E0     		b	.L13
 178              	.L15:
  58:.\Stepper.c   ****             break;
 179              		.loc 1 58 0
 180 0016 0020     		movs	r0, #0
 181 0018 FFF7FEFF 		bl	Stepper1_Enable_Write
  59:.\Stepper.c   ****         case 1:
 182              		.loc 1 59 0
 183 001c 03E0     		b	.L13
 184              	.L16:
  61:.\Stepper.c   ****             break;
 185              		.loc 1 61 0
 186 001e 0020     		movs	r0, #0
 187 0020 FFF7FEFF 		bl	Stepper2_Enable_Write
  62:.\Stepper.c   ****         default:
 188              		.loc 1 62 0
 189 0024 00BF     		nop
 190              	.L13:
  65:.\Stepper.c   ****     }
  66:.\Stepper.c   **** }
 191              		.loc 1 66 0
 192 0026 0837     		adds	r7, r7, #8
 193              		.cfi_def_cfa_offset 8
 194 0028 BD46     		mov	sp, r7
 195              		.cfi_def_cfa_register 13
 196              		@ sp needed
 197 002a 80BD     		pop	{r7, pc}
 198              		.cfi_endproc
 199              	.LFE58:
 200              		.size	Enable_Allegro, .-Enable_Allegro
 201              		.section	.text.Disable_Allegro,"ax",%progbits
 202              		.align	2
 203              		.global	Disable_Allegro
 204              		.thumb
 205              		.thumb_func
 206              		.type	Disable_Allegro, %function
 207              	Disable_Allegro:
ARM GAS  C:\Users\Lois\AppData\Local\Temp\cc0K7Kmf.s 			page 6


 208              	.LFB59:
  67:.\Stepper.c   **** 
  68:.\Stepper.c   **** void Disable_Allegro(uint8 module)
  69:.\Stepper.c   **** {
 209              		.loc 1 69 0
 210              		.cfi_startproc
 211              		@ args = 0, pretend = 0, frame = 8
 212              		@ frame_needed = 1, uses_anonymous_args = 0
 213 0000 80B5     		push	{r7, lr}
 214              		.cfi_def_cfa_offset 8
 215              		.cfi_offset 7, -8
 216              		.cfi_offset 14, -4
 217 0002 82B0     		sub	sp, sp, #8
 218              		.cfi_def_cfa_offset 16
 219 0004 00AF     		add	r7, sp, #0
 220              		.cfi_def_cfa_register 7
 221 0006 0346     		mov	r3, r0
 222 0008 FB71     		strb	r3, [r7, #7]
  70:.\Stepper.c   ****     switch (module)
 223              		.loc 1 70 0
 224 000a FB79     		ldrb	r3, [r7, #7]	@ zero_extendqisi2
 225 000c 002B     		cmp	r3, #0
 226 000e 02D0     		beq	.L20
 227 0010 012B     		cmp	r3, #1
 228 0012 04D0     		beq	.L21
  71:.\Stepper.c   ****     {
  72:.\Stepper.c   ****         case 0:
  73:.\Stepper.c   ****             Stepper1_Enable_Write(1);
  74:.\Stepper.c   ****             break;
  75:.\Stepper.c   ****         case 1:
  76:.\Stepper.c   ****             Stepper2_Enable_Write(1);
  77:.\Stepper.c   ****             break; 
  78:.\Stepper.c   ****         default:
  79:.\Stepper.c   ****             break;
 229              		.loc 1 79 0
 230 0014 07E0     		b	.L18
 231              	.L20:
  73:.\Stepper.c   ****             break;
 232              		.loc 1 73 0
 233 0016 0120     		movs	r0, #1
 234 0018 FFF7FEFF 		bl	Stepper1_Enable_Write
  74:.\Stepper.c   ****         case 1:
 235              		.loc 1 74 0
 236 001c 03E0     		b	.L18
 237              	.L21:
  76:.\Stepper.c   ****             break; 
 238              		.loc 1 76 0
 239 001e 0120     		movs	r0, #1
 240 0020 FFF7FEFF 		bl	Stepper2_Enable_Write
  77:.\Stepper.c   ****         default:
 241              		.loc 1 77 0
 242 0024 00BF     		nop
 243              	.L18:
  80:.\Stepper.c   ****     }
  81:.\Stepper.c   **** }
 244              		.loc 1 81 0
 245 0026 0837     		adds	r7, r7, #8
ARM GAS  C:\Users\Lois\AppData\Local\Temp\cc0K7Kmf.s 			page 7


 246              		.cfi_def_cfa_offset 8
 247 0028 BD46     		mov	sp, r7
 248              		.cfi_def_cfa_register 13
 249              		@ sp needed
 250 002a 80BD     		pop	{r7, pc}
 251              		.cfi_endproc
 252              	.LFE59:
 253              		.size	Disable_Allegro, .-Disable_Allegro
 254              		.section	.text.Set_DIR,"ax",%progbits
 255              		.align	2
 256              		.global	Set_DIR
 257              		.thumb
 258              		.thumb_func
 259              		.type	Set_DIR, %function
 260              	Set_DIR:
 261              	.LFB60:
  82:.\Stepper.c   **** 
  83:.\Stepper.c   **** 
  84:.\Stepper.c   **** void Set_DIR(StepperDirType direction, uint8 module)
  85:.\Stepper.c   **** {
 262              		.loc 1 85 0
 263              		.cfi_startproc
 264              		@ args = 0, pretend = 0, frame = 8
 265              		@ frame_needed = 1, uses_anonymous_args = 0
 266 0000 80B5     		push	{r7, lr}
 267              		.cfi_def_cfa_offset 8
 268              		.cfi_offset 7, -8
 269              		.cfi_offset 14, -4
 270 0002 82B0     		sub	sp, sp, #8
 271              		.cfi_def_cfa_offset 16
 272 0004 00AF     		add	r7, sp, #0
 273              		.cfi_def_cfa_register 7
 274 0006 0346     		mov	r3, r0
 275 0008 0A46     		mov	r2, r1
 276 000a FB71     		strb	r3, [r7, #7]
 277 000c 1346     		mov	r3, r2
 278 000e BB71     		strb	r3, [r7, #6]
  86:.\Stepper.c   ****     switch (module)
 279              		.loc 1 86 0
 280 0010 BB79     		ldrb	r3, [r7, #6]	@ zero_extendqisi2
 281 0012 002B     		cmp	r3, #0
 282 0014 02D0     		beq	.L25
 283 0016 012B     		cmp	r3, #1
 284 0018 05D0     		beq	.L26
  87:.\Stepper.c   ****     {
  88:.\Stepper.c   ****         case 0:
  89:.\Stepper.c   ****             Stepper1_Dir_Write(direction);
  90:.\Stepper.c   ****             break;
  91:.\Stepper.c   ****         case 1:
  92:.\Stepper.c   ****             Stepper2_Dir_Write(direction);
  93:.\Stepper.c   ****             break;
  94:.\Stepper.c   ****         default:
  95:.\Stepper.c   ****             break;
 285              		.loc 1 95 0
 286 001a 09E0     		b	.L23
 287              	.L25:
  89:.\Stepper.c   ****             break;
ARM GAS  C:\Users\Lois\AppData\Local\Temp\cc0K7Kmf.s 			page 8


 288              		.loc 1 89 0
 289 001c FB79     		ldrb	r3, [r7, #7]	@ zero_extendqisi2
 290 001e 1846     		mov	r0, r3
 291 0020 FFF7FEFF 		bl	Stepper1_Dir_Write
  90:.\Stepper.c   ****         case 1:
 292              		.loc 1 90 0
 293 0024 04E0     		b	.L23
 294              	.L26:
  92:.\Stepper.c   ****             break;
 295              		.loc 1 92 0
 296 0026 FB79     		ldrb	r3, [r7, #7]	@ zero_extendqisi2
 297 0028 1846     		mov	r0, r3
 298 002a FFF7FEFF 		bl	Stepper2_Dir_Write
  93:.\Stepper.c   ****         default:
 299              		.loc 1 93 0
 300 002e 00BF     		nop
 301              	.L23:
  96:.\Stepper.c   ****     }
  97:.\Stepper.c   **** }
 302              		.loc 1 97 0
 303 0030 0837     		adds	r7, r7, #8
 304              		.cfi_def_cfa_offset 8
 305 0032 BD46     		mov	sp, r7
 306              		.cfi_def_cfa_register 13
 307              		@ sp needed
 308 0034 80BD     		pop	{r7, pc}
 309              		.cfi_endproc
 310              	.LFE60:
 311              		.size	Set_DIR, .-Set_DIR
 312 0036 00BF     		.section	.text.Set_StepSize,"ax",%progbits
 313              		.align	2
 314              		.global	Set_StepSize
 315              		.thumb
 316              		.thumb_func
 317              		.type	Set_StepSize, %function
 318              	Set_StepSize:
 319              	.LFB61:
  98:.\Stepper.c   **** 
  99:.\Stepper.c   **** void Set_StepSize()
 100:.\Stepper.c   **** {
 320              		.loc 1 100 0
 321              		.cfi_startproc
 322              		@ args = 0, pretend = 0, frame = 0
 323              		@ frame_needed = 1, uses_anonymous_args = 0
 324 0000 80B5     		push	{r7, lr}
 325              		.cfi_def_cfa_offset 8
 326              		.cfi_offset 7, -8
 327              		.cfi_offset 14, -4
 328 0002 00AF     		add	r7, sp, #0
 329              		.cfi_def_cfa_register 7
 101:.\Stepper.c   ****     Stepper1_Step_SizeA1_Write(1);
 330              		.loc 1 101 0
 331 0004 0120     		movs	r0, #1
 332 0006 FFF7FEFF 		bl	Stepper1_Step_SizeA1_Write
 102:.\Stepper.c   ****     Stepper1_Step_SizeB1_Write(1);
 333              		.loc 1 102 0
 334 000a 0120     		movs	r0, #1
ARM GAS  C:\Users\Lois\AppData\Local\Temp\cc0K7Kmf.s 			page 9


 335 000c FFF7FEFF 		bl	Stepper1_Step_SizeB1_Write
 103:.\Stepper.c   ****     Stepper2_Step_SizeA2_Write(1);
 336              		.loc 1 103 0
 337 0010 0120     		movs	r0, #1
 338 0012 FFF7FEFF 		bl	Stepper2_Step_SizeA2_Write
 104:.\Stepper.c   ****     Stepper2_Step_SizeB2_Write(1);
 339              		.loc 1 104 0
 340 0016 0120     		movs	r0, #1
 341 0018 FFF7FEFF 		bl	Stepper2_Step_SizeB2_Write
 105:.\Stepper.c   **** }
 342              		.loc 1 105 0
 343 001c 80BD     		pop	{r7, pc}
 344              		.cfi_endproc
 345              	.LFE61:
 346              		.size	Set_StepSize, .-Set_StepSize
 347 001e 00BF     		.text
 348              	.Letext0:
 349              		.file 2 "c:\\program files (x86)\\cypress\\psoc creator\\3.3\\psoc creator\\import\\gnu\\arm\\4.9.
 350              		.file 3 "c:\\program files (x86)\\cypress\\psoc creator\\3.3\\psoc creator\\import\\gnu\\arm\\4.9.
 351              		.file 4 "Generated_Source\\PSoC5/cytypes.h"
 352              		.file 5 "./Defines.h"
 353              		.file 6 "Generated_Source\\PSoC5/core_cm3.h"
 354              		.section	.debug_info,"",%progbits
 355              	.Ldebug_info0:
 356 0000 BE010000 		.4byte	0x1be
 357 0004 0400     		.2byte	0x4
 358 0006 00000000 		.4byte	.Ldebug_abbrev0
 359 000a 04       		.byte	0x4
 360 000b 01       		.uleb128 0x1
 361 000c 19000000 		.4byte	.LASF27
 362 0010 01       		.byte	0x1
 363 0011 EC000000 		.4byte	.LASF28
 364 0015 B8000000 		.4byte	.LASF29
 365 0019 00000000 		.4byte	.Ldebug_ranges0+0
 366 001d 00000000 		.4byte	0
 367 0021 00000000 		.4byte	.Ldebug_line0
 368 0025 02       		.uleb128 0x2
 369 0026 01       		.byte	0x1
 370 0027 06       		.byte	0x6
 371 0028 02020000 		.4byte	.LASF0
 372 002c 02       		.uleb128 0x2
 373 002d 01       		.byte	0x1
 374 002e 08       		.byte	0x8
 375 002f 04010000 		.4byte	.LASF1
 376 0033 02       		.uleb128 0x2
 377 0034 02       		.byte	0x2
 378 0035 05       		.byte	0x5
 379 0036 CE010000 		.4byte	.LASF2
 380 003a 02       		.uleb128 0x2
 381 003b 02       		.byte	0x2
 382 003c 07       		.byte	0x7
 383 003d 29010000 		.4byte	.LASF3
 384 0041 03       		.uleb128 0x3
 385 0042 0F000000 		.4byte	.LASF9
 386 0046 02       		.byte	0x2
 387 0047 3F       		.byte	0x3f
 388 0048 4C000000 		.4byte	0x4c
ARM GAS  C:\Users\Lois\AppData\Local\Temp\cc0K7Kmf.s 			page 10


 389 004c 02       		.uleb128 0x2
 390 004d 04       		.byte	0x4
 391 004e 05       		.byte	0x5
 392 004f ED010000 		.4byte	.LASF4
 393 0053 02       		.uleb128 0x2
 394 0054 04       		.byte	0x4
 395 0055 07       		.byte	0x7
 396 0056 17010000 		.4byte	.LASF5
 397 005a 02       		.uleb128 0x2
 398 005b 08       		.byte	0x8
 399 005c 05       		.byte	0x5
 400 005d B6010000 		.4byte	.LASF6
 401 0061 02       		.uleb128 0x2
 402 0062 08       		.byte	0x8
 403 0063 07       		.byte	0x7
 404 0064 86010000 		.4byte	.LASF7
 405 0068 04       		.uleb128 0x4
 406 0069 04       		.byte	0x4
 407 006a 05       		.byte	0x5
 408 006b 696E7400 		.ascii	"int\000"
 409 006f 02       		.uleb128 0x2
 410 0070 04       		.byte	0x4
 411 0071 07       		.byte	0x7
 412 0072 79010000 		.4byte	.LASF8
 413 0076 03       		.uleb128 0x3
 414 0077 A5010000 		.4byte	.LASF10
 415 007b 03       		.byte	0x3
 416 007c 2C       		.byte	0x2c
 417 007d 41000000 		.4byte	0x41
 418 0081 03       		.uleb128 0x3
 419 0082 D8010000 		.4byte	.LASF11
 420 0086 04       		.byte	0x4
 421 0087 A1       		.byte	0xa1
 422 0088 2C000000 		.4byte	0x2c
 423 008c 02       		.uleb128 0x2
 424 008d 04       		.byte	0x4
 425 008e 04       		.byte	0x4
 426 008f E6000000 		.4byte	.LASF12
 427 0093 02       		.uleb128 0x2
 428 0094 08       		.byte	0x8
 429 0095 04       		.byte	0x4
 430 0096 59010000 		.4byte	.LASF13
 431 009a 02       		.uleb128 0x2
 432 009b 01       		.byte	0x1
 433 009c 08       		.byte	0x8
 434 009d C9010000 		.4byte	.LASF14
 435 00a1 02       		.uleb128 0x2
 436 00a2 04       		.byte	0x4
 437 00a3 07       		.byte	0x7
 438 00a4 AD010000 		.4byte	.LASF15
 439 00a8 02       		.uleb128 0x2
 440 00a9 08       		.byte	0x8
 441 00aa 04       		.byte	0x4
 442 00ab F6010000 		.4byte	.LASF16
 443 00af 05       		.uleb128 0x5
 444 00b0 01       		.byte	0x1
 445 00b1 05       		.byte	0x5
ARM GAS  C:\Users\Lois\AppData\Local\Temp\cc0K7Kmf.s 			page 11


 446 00b2 66       		.byte	0x66
 447 00b3 C4000000 		.4byte	0xc4
 448 00b7 06       		.uleb128 0x6
 449 00b8 F8000000 		.4byte	.LASF17
 450 00bc 00       		.sleb128 0
 451 00bd 06       		.uleb128 0x6
 452 00be 6D010000 		.4byte	.LASF18
 453 00c2 01       		.sleb128 1
 454 00c3 00       		.byte	0
 455 00c4 03       		.uleb128 0x3
 456 00c5 00000000 		.4byte	.LASF19
 457 00c9 05       		.byte	0x5
 458 00ca 66       		.byte	0x66
 459 00cb AF000000 		.4byte	0xaf
 460 00cf 07       		.uleb128 0x7
 461 00d0 12010000 		.4byte	.LASF22
 462 00d4 01       		.byte	0x1
 463 00d5 11       		.byte	0x11
 464 00d6 00000000 		.4byte	.LFB56
 465 00da 4E000000 		.4byte	.LFE56-.LFB56
 466 00de 01       		.uleb128 0x1
 467 00df 9C       		.byte	0x9c
 468 00e0 01010000 		.4byte	0x101
 469 00e4 08       		.uleb128 0x8
 470 00e5 A7000000 		.4byte	.LASF20
 471 00e9 01       		.byte	0x1
 472 00ea 11       		.byte	0x11
 473 00eb C4000000 		.4byte	0xc4
 474 00ef 02       		.uleb128 0x2
 475 00f0 91       		.byte	0x91
 476 00f1 77       		.sleb128 -9
 477 00f2 08       		.uleb128 0x8
 478 00f3 B1000000 		.4byte	.LASF21
 479 00f7 01       		.byte	0x1
 480 00f8 11       		.byte	0x11
 481 00f9 81000000 		.4byte	0x81
 482 00fd 02       		.uleb128 0x2
 483 00fe 91       		.byte	0x91
 484 00ff 76       		.sleb128 -10
 485 0100 00       		.byte	0
 486 0101 07       		.uleb128 0x7
 487 0102 C4010000 		.4byte	.LASF23
 488 0106 01       		.byte	0x1
 489 0107 24       		.byte	0x24
 490 0108 00000000 		.4byte	.LFB57
 491 010c 30000000 		.4byte	.LFE57-.LFB57
 492 0110 01       		.uleb128 0x1
 493 0111 9C       		.byte	0x9c
 494 0112 25010000 		.4byte	0x125
 495 0116 08       		.uleb128 0x8
 496 0117 B1000000 		.4byte	.LASF21
 497 011b 01       		.byte	0x1
 498 011c 24       		.byte	0x24
 499 011d 81000000 		.4byte	0x81
 500 0121 02       		.uleb128 0x2
 501 0122 91       		.byte	0x91
 502 0123 77       		.sleb128 -9
ARM GAS  C:\Users\Lois\AppData\Local\Temp\cc0K7Kmf.s 			page 12


 503 0124 00       		.byte	0
 504 0125 07       		.uleb128 0x7
 505 0126 DE010000 		.4byte	.LASF24
 506 012a 01       		.byte	0x1
 507 012b 35       		.byte	0x35
 508 012c 00000000 		.4byte	.LFB58
 509 0130 2C000000 		.4byte	.LFE58-.LFB58
 510 0134 01       		.uleb128 0x1
 511 0135 9C       		.byte	0x9c
 512 0136 49010000 		.4byte	0x149
 513 013a 08       		.uleb128 0x8
 514 013b B1000000 		.4byte	.LASF21
 515 013f 01       		.byte	0x1
 516 0140 35       		.byte	0x35
 517 0141 81000000 		.4byte	0x81
 518 0145 02       		.uleb128 0x2
 519 0146 91       		.byte	0x91
 520 0147 77       		.sleb128 -9
 521 0148 00       		.byte	0
 522 0149 07       		.uleb128 0x7
 523 014a 49010000 		.4byte	.LASF25
 524 014e 01       		.byte	0x1
 525 014f 44       		.byte	0x44
 526 0150 00000000 		.4byte	.LFB59
 527 0154 2C000000 		.4byte	.LFE59-.LFB59
 528 0158 01       		.uleb128 0x1
 529 0159 9C       		.byte	0x9c
 530 015a 6D010000 		.4byte	0x16d
 531 015e 08       		.uleb128 0x8
 532 015f B1000000 		.4byte	.LASF21
 533 0163 01       		.byte	0x1
 534 0164 44       		.byte	0x44
 535 0165 81000000 		.4byte	0x81
 536 0169 02       		.uleb128 0x2
 537 016a 91       		.byte	0x91
 538 016b 77       		.sleb128 -9
 539 016c 00       		.byte	0
 540 016d 07       		.uleb128 0x7
 541 016e 9D010000 		.4byte	.LASF26
 542 0172 01       		.byte	0x1
 543 0173 54       		.byte	0x54
 544 0174 00000000 		.4byte	.LFB60
 545 0178 36000000 		.4byte	.LFE60-.LFB60
 546 017c 01       		.uleb128 0x1
 547 017d 9C       		.byte	0x9c
 548 017e 9F010000 		.4byte	0x19f
 549 0182 08       		.uleb128 0x8
 550 0183 A7000000 		.4byte	.LASF20
 551 0187 01       		.byte	0x1
 552 0188 54       		.byte	0x54
 553 0189 C4000000 		.4byte	0xc4
 554 018d 02       		.uleb128 0x2
 555 018e 91       		.byte	0x91
 556 018f 77       		.sleb128 -9
 557 0190 08       		.uleb128 0x8
 558 0191 B1000000 		.4byte	.LASF21
 559 0195 01       		.byte	0x1
ARM GAS  C:\Users\Lois\AppData\Local\Temp\cc0K7Kmf.s 			page 13


 560 0196 54       		.byte	0x54
 561 0197 81000000 		.4byte	0x81
 562 019b 02       		.uleb128 0x2
 563 019c 91       		.byte	0x91
 564 019d 76       		.sleb128 -10
 565 019e 00       		.byte	0
 566 019f 09       		.uleb128 0x9
 567 01a0 60010000 		.4byte	.LASF30
 568 01a4 01       		.byte	0x1
 569 01a5 63       		.byte	0x63
 570 01a6 00000000 		.4byte	.LFB61
 571 01aa 1E000000 		.4byte	.LFE61-.LFB61
 572 01ae 01       		.uleb128 0x1
 573 01af 9C       		.byte	0x9c
 574 01b0 0A       		.uleb128 0xa
 575 01b1 3C010000 		.4byte	.LASF31
 576 01b5 06       		.byte	0x6
 577 01b6 1606     		.2byte	0x616
 578 01b8 BC010000 		.4byte	0x1bc
 579 01bc 0B       		.uleb128 0xb
 580 01bd 76000000 		.4byte	0x76
 581 01c1 00       		.byte	0
 582              		.section	.debug_abbrev,"",%progbits
 583              	.Ldebug_abbrev0:
 584 0000 01       		.uleb128 0x1
 585 0001 11       		.uleb128 0x11
 586 0002 01       		.byte	0x1
 587 0003 25       		.uleb128 0x25
 588 0004 0E       		.uleb128 0xe
 589 0005 13       		.uleb128 0x13
 590 0006 0B       		.uleb128 0xb
 591 0007 03       		.uleb128 0x3
 592 0008 0E       		.uleb128 0xe
 593 0009 1B       		.uleb128 0x1b
 594 000a 0E       		.uleb128 0xe
 595 000b 55       		.uleb128 0x55
 596 000c 17       		.uleb128 0x17
 597 000d 11       		.uleb128 0x11
 598 000e 01       		.uleb128 0x1
 599 000f 10       		.uleb128 0x10
 600 0010 17       		.uleb128 0x17
 601 0011 00       		.byte	0
 602 0012 00       		.byte	0
 603 0013 02       		.uleb128 0x2
 604 0014 24       		.uleb128 0x24
 605 0015 00       		.byte	0
 606 0016 0B       		.uleb128 0xb
 607 0017 0B       		.uleb128 0xb
 608 0018 3E       		.uleb128 0x3e
 609 0019 0B       		.uleb128 0xb
 610 001a 03       		.uleb128 0x3
 611 001b 0E       		.uleb128 0xe
 612 001c 00       		.byte	0
 613 001d 00       		.byte	0
 614 001e 03       		.uleb128 0x3
 615 001f 16       		.uleb128 0x16
 616 0020 00       		.byte	0
ARM GAS  C:\Users\Lois\AppData\Local\Temp\cc0K7Kmf.s 			page 14


 617 0021 03       		.uleb128 0x3
 618 0022 0E       		.uleb128 0xe
 619 0023 3A       		.uleb128 0x3a
 620 0024 0B       		.uleb128 0xb
 621 0025 3B       		.uleb128 0x3b
 622 0026 0B       		.uleb128 0xb
 623 0027 49       		.uleb128 0x49
 624 0028 13       		.uleb128 0x13
 625 0029 00       		.byte	0
 626 002a 00       		.byte	0
 627 002b 04       		.uleb128 0x4
 628 002c 24       		.uleb128 0x24
 629 002d 00       		.byte	0
 630 002e 0B       		.uleb128 0xb
 631 002f 0B       		.uleb128 0xb
 632 0030 3E       		.uleb128 0x3e
 633 0031 0B       		.uleb128 0xb
 634 0032 03       		.uleb128 0x3
 635 0033 08       		.uleb128 0x8
 636 0034 00       		.byte	0
 637 0035 00       		.byte	0
 638 0036 05       		.uleb128 0x5
 639 0037 04       		.uleb128 0x4
 640 0038 01       		.byte	0x1
 641 0039 0B       		.uleb128 0xb
 642 003a 0B       		.uleb128 0xb
 643 003b 3A       		.uleb128 0x3a
 644 003c 0B       		.uleb128 0xb
 645 003d 3B       		.uleb128 0x3b
 646 003e 0B       		.uleb128 0xb
 647 003f 01       		.uleb128 0x1
 648 0040 13       		.uleb128 0x13
 649 0041 00       		.byte	0
 650 0042 00       		.byte	0
 651 0043 06       		.uleb128 0x6
 652 0044 28       		.uleb128 0x28
 653 0045 00       		.byte	0
 654 0046 03       		.uleb128 0x3
 655 0047 0E       		.uleb128 0xe
 656 0048 1C       		.uleb128 0x1c
 657 0049 0D       		.uleb128 0xd
 658 004a 00       		.byte	0
 659 004b 00       		.byte	0
 660 004c 07       		.uleb128 0x7
 661 004d 2E       		.uleb128 0x2e
 662 004e 01       		.byte	0x1
 663 004f 3F       		.uleb128 0x3f
 664 0050 19       		.uleb128 0x19
 665 0051 03       		.uleb128 0x3
 666 0052 0E       		.uleb128 0xe
 667 0053 3A       		.uleb128 0x3a
 668 0054 0B       		.uleb128 0xb
 669 0055 3B       		.uleb128 0x3b
 670 0056 0B       		.uleb128 0xb
 671 0057 27       		.uleb128 0x27
 672 0058 19       		.uleb128 0x19
 673 0059 11       		.uleb128 0x11
ARM GAS  C:\Users\Lois\AppData\Local\Temp\cc0K7Kmf.s 			page 15


 674 005a 01       		.uleb128 0x1
 675 005b 12       		.uleb128 0x12
 676 005c 06       		.uleb128 0x6
 677 005d 40       		.uleb128 0x40
 678 005e 18       		.uleb128 0x18
 679 005f 9642     		.uleb128 0x2116
 680 0061 19       		.uleb128 0x19
 681 0062 01       		.uleb128 0x1
 682 0063 13       		.uleb128 0x13
 683 0064 00       		.byte	0
 684 0065 00       		.byte	0
 685 0066 08       		.uleb128 0x8
 686 0067 05       		.uleb128 0x5
 687 0068 00       		.byte	0
 688 0069 03       		.uleb128 0x3
 689 006a 0E       		.uleb128 0xe
 690 006b 3A       		.uleb128 0x3a
 691 006c 0B       		.uleb128 0xb
 692 006d 3B       		.uleb128 0x3b
 693 006e 0B       		.uleb128 0xb
 694 006f 49       		.uleb128 0x49
 695 0070 13       		.uleb128 0x13
 696 0071 02       		.uleb128 0x2
 697 0072 18       		.uleb128 0x18
 698 0073 00       		.byte	0
 699 0074 00       		.byte	0
 700 0075 09       		.uleb128 0x9
 701 0076 2E       		.uleb128 0x2e
 702 0077 00       		.byte	0
 703 0078 3F       		.uleb128 0x3f
 704 0079 19       		.uleb128 0x19
 705 007a 03       		.uleb128 0x3
 706 007b 0E       		.uleb128 0xe
 707 007c 3A       		.uleb128 0x3a
 708 007d 0B       		.uleb128 0xb
 709 007e 3B       		.uleb128 0x3b
 710 007f 0B       		.uleb128 0xb
 711 0080 11       		.uleb128 0x11
 712 0081 01       		.uleb128 0x1
 713 0082 12       		.uleb128 0x12
 714 0083 06       		.uleb128 0x6
 715 0084 40       		.uleb128 0x40
 716 0085 18       		.uleb128 0x18
 717 0086 9642     		.uleb128 0x2116
 718 0088 19       		.uleb128 0x19
 719 0089 00       		.byte	0
 720 008a 00       		.byte	0
 721 008b 0A       		.uleb128 0xa
 722 008c 34       		.uleb128 0x34
 723 008d 00       		.byte	0
 724 008e 03       		.uleb128 0x3
 725 008f 0E       		.uleb128 0xe
 726 0090 3A       		.uleb128 0x3a
 727 0091 0B       		.uleb128 0xb
 728 0092 3B       		.uleb128 0x3b
 729 0093 05       		.uleb128 0x5
 730 0094 49       		.uleb128 0x49
ARM GAS  C:\Users\Lois\AppData\Local\Temp\cc0K7Kmf.s 			page 16


 731 0095 13       		.uleb128 0x13
 732 0096 3F       		.uleb128 0x3f
 733 0097 19       		.uleb128 0x19
 734 0098 3C       		.uleb128 0x3c
 735 0099 19       		.uleb128 0x19
 736 009a 00       		.byte	0
 737 009b 00       		.byte	0
 738 009c 0B       		.uleb128 0xb
 739 009d 35       		.uleb128 0x35
 740 009e 00       		.byte	0
 741 009f 49       		.uleb128 0x49
 742 00a0 13       		.uleb128 0x13
 743 00a1 00       		.byte	0
 744 00a2 00       		.byte	0
 745 00a3 00       		.byte	0
 746              		.section	.debug_aranges,"",%progbits
 747 0000 44000000 		.4byte	0x44
 748 0004 0200     		.2byte	0x2
 749 0006 00000000 		.4byte	.Ldebug_info0
 750 000a 04       		.byte	0x4
 751 000b 00       		.byte	0
 752 000c 0000     		.2byte	0
 753 000e 0000     		.2byte	0
 754 0010 00000000 		.4byte	.LFB56
 755 0014 4E000000 		.4byte	.LFE56-.LFB56
 756 0018 00000000 		.4byte	.LFB57
 757 001c 30000000 		.4byte	.LFE57-.LFB57
 758 0020 00000000 		.4byte	.LFB58
 759 0024 2C000000 		.4byte	.LFE58-.LFB58
 760 0028 00000000 		.4byte	.LFB59
 761 002c 2C000000 		.4byte	.LFE59-.LFB59
 762 0030 00000000 		.4byte	.LFB60
 763 0034 36000000 		.4byte	.LFE60-.LFB60
 764 0038 00000000 		.4byte	.LFB61
 765 003c 1E000000 		.4byte	.LFE61-.LFB61
 766 0040 00000000 		.4byte	0
 767 0044 00000000 		.4byte	0
 768              		.section	.debug_ranges,"",%progbits
 769              	.Ldebug_ranges0:
 770 0000 00000000 		.4byte	.LFB56
 771 0004 4E000000 		.4byte	.LFE56
 772 0008 00000000 		.4byte	.LFB57
 773 000c 30000000 		.4byte	.LFE57
 774 0010 00000000 		.4byte	.LFB58
 775 0014 2C000000 		.4byte	.LFE58
 776 0018 00000000 		.4byte	.LFB59
 777 001c 2C000000 		.4byte	.LFE59
 778 0020 00000000 		.4byte	.LFB60
 779 0024 36000000 		.4byte	.LFE60
 780 0028 00000000 		.4byte	.LFB61
 781 002c 1E000000 		.4byte	.LFE61
 782 0030 00000000 		.4byte	0
 783 0034 00000000 		.4byte	0
 784              		.section	.debug_line,"",%progbits
 785              	.Ldebug_line0:
 786 0000 05020000 		.section	.debug_str,"MS",%progbits,1
 786      02005B01 
ARM GAS  C:\Users\Lois\AppData\Local\Temp\cc0K7Kmf.s 			page 17


 786      00000201 
 786      FB0E0D00 
 786      01010101 
 787              	.LASF19:
 788 0000 53746570 		.ascii	"StepperDirType\000"
 788      70657244 
 788      69725479 
 788      706500
 789              	.LASF9:
 790 000f 5F5F696E 		.ascii	"__int32_t\000"
 790      7433325F 
 790      7400
 791              	.LASF27:
 792 0019 474E5520 		.ascii	"GNU C 4.9.3 20150303 (release) [ARM/embedded-4_9-br"
 792      4320342E 
 792      392E3320 
 792      32303135 
 792      30333033 
 793 004c 616E6368 		.ascii	"anch revision 221220] -mcpu=cortex-m3 -mthumb -g -O"
 793      20726576 
 793      6973696F 
 793      6E203232 
 793      31323230 
 794 007f 30202D66 		.ascii	"0 -ffunction-sections -ffat-lto-objects\000"
 794      66756E63 
 794      74696F6E 
 794      2D736563 
 794      74696F6E 
 795              	.LASF20:
 796 00a7 64697265 		.ascii	"direction\000"
 796      6374696F 
 796      6E00
 797              	.LASF21:
 798 00b1 6D6F6475 		.ascii	"module\000"
 798      6C6500
 799              	.LASF29:
 800 00b8 433A5C55 		.ascii	"C:\\Users\\Lois\\Desktop\\MC1_5\\MC1_5_PSOC5.cydsn\000"
 800      73657273 
 800      5C4C6F69 
 800      735C4465 
 800      736B746F 
 801              	.LASF12:
 802 00e6 666C6F61 		.ascii	"float\000"
 802      7400
 803              	.LASF28:
 804 00ec 2E5C5374 		.ascii	".\\Stepper.c\000"
 804      65707065 
 804      722E6300 
 805              	.LASF17:
 806 00f8 73746570 		.ascii	"stepperFall\000"
 806      70657246 
 806      616C6C00 
 807              	.LASF1:
 808 0104 756E7369 		.ascii	"unsigned char\000"
 808      676E6564 
 808      20636861 
 808      7200
ARM GAS  C:\Users\Lois\AppData\Local\Temp\cc0K7Kmf.s 			page 18


 809              	.LASF22:
 810 0112 4D6F7665 		.ascii	"Move\000"
 810      00
 811              	.LASF5:
 812 0117 6C6F6E67 		.ascii	"long unsigned int\000"
 812      20756E73 
 812      69676E65 
 812      6420696E 
 812      7400
 813              	.LASF3:
 814 0129 73686F72 		.ascii	"short unsigned int\000"
 814      7420756E 
 814      7369676E 
 814      65642069 
 814      6E7400
 815              	.LASF31:
 816 013c 49544D5F 		.ascii	"ITM_RxBuffer\000"
 816      52784275 
 816      66666572 
 816      00
 817              	.LASF25:
 818 0149 44697361 		.ascii	"Disable_Allegro\000"
 818      626C655F 
 818      416C6C65 
 818      67726F00 
 819              	.LASF13:
 820 0159 646F7562 		.ascii	"double\000"
 820      6C6500
 821              	.LASF30:
 822 0160 5365745F 		.ascii	"Set_StepSize\000"
 822      53746570 
 822      53697A65 
 822      00
 823              	.LASF18:
 824 016d 73746570 		.ascii	"stepperRise\000"
 824      70657252 
 824      69736500 
 825              	.LASF8:
 826 0179 756E7369 		.ascii	"unsigned int\000"
 826      676E6564 
 826      20696E74 
 826      00
 827              	.LASF7:
 828 0186 6C6F6E67 		.ascii	"long long unsigned int\000"
 828      206C6F6E 
 828      6720756E 
 828      7369676E 
 828      65642069 
 829              	.LASF26:
 830 019d 5365745F 		.ascii	"Set_DIR\000"
 830      44495200 
 831              	.LASF10:
 832 01a5 696E7433 		.ascii	"int32_t\000"
 832      325F7400 
 833              	.LASF15:
 834 01ad 73697A65 		.ascii	"sizetype\000"
 834      74797065 
ARM GAS  C:\Users\Lois\AppData\Local\Temp\cc0K7Kmf.s 			page 19


 834      00
 835              	.LASF6:
 836 01b6 6C6F6E67 		.ascii	"long long int\000"
 836      206C6F6E 
 836      6720696E 
 836      7400
 837              	.LASF23:
 838 01c4 53746F70 		.ascii	"Stop\000"
 838      00
 839              	.LASF14:
 840 01c9 63686172 		.ascii	"char\000"
 840      00
 841              	.LASF2:
 842 01ce 73686F72 		.ascii	"short int\000"
 842      7420696E 
 842      7400
 843              	.LASF11:
 844 01d8 75696E74 		.ascii	"uint8\000"
 844      3800
 845              	.LASF24:
 846 01de 456E6162 		.ascii	"Enable_Allegro\000"
 846      6C655F41 
 846      6C6C6567 
 846      726F00
 847              	.LASF4:
 848 01ed 6C6F6E67 		.ascii	"long int\000"
 848      20696E74 
 848      00
 849              	.LASF16:
 850 01f6 6C6F6E67 		.ascii	"long double\000"
 850      20646F75 
 850      626C6500 
 851              	.LASF0:
 852 0202 7369676E 		.ascii	"signed char\000"
 852      65642063 
 852      68617200 
 853              		.ident	"GCC: (GNU Tools for ARM Embedded Processors) 4.9.3 20150303 (release) [ARM/embedded-4_9-br
