ARM GAS  C:\Users\gaul2016\AppData\Local\Temp\ccMgleko.s 			page 1


   1              		.syntax unified
   2              		.cpu cortex-m3
   3              		.fpu softvfp
   4              		.eabi_attribute 20, 1
   5              		.eabi_attribute 21, 1
   6              		.eabi_attribute 23, 3
   7              		.eabi_attribute 24, 1
   8              		.eabi_attribute 25, 1
   9              		.eabi_attribute 26, 1
  10              		.eabi_attribute 30, 6
  11              		.eabi_attribute 34, 1
  12              		.eabi_attribute 18, 4
  13              		.thumb
  14              		.file	"turbido.c"
  15              		.text
  16              	.Ltext0:
  17              		.cfi_sections	.debug_frame
  18              		.data
  19              		.align	2
  20              		.type	k, %object
  21              		.size	k, 4
  22              	k:
  23 0000 32000000 		.word	50
  24              		.global	mean2
  25              		.bss
  26              		.align	2
  27              		.type	mean2, %object
  28              		.size	mean2, 40
  29              	mean2:
  30 0000 00000000 		.space	40
  30      00000000 
  30      00000000 
  30      00000000 
  30      00000000 
  31              		.global	Turbidity_buffer
  32              		.align	2
  33              		.type	Turbidity_buffer, %object
  34              		.size	Turbidity_buffer, 2000
  35              	Turbidity_buffer:
  36 0028 00000000 		.space	2000
  36      00000000 
  36      00000000 
  36      00000000 
  36      00000000 
  37              		.global	buffer
  38              		.align	2
  39              		.type	buffer, %object
  40              		.size	buffer, 2000
  41              	buffer:
  42 07f8 00000000 		.space	2000
  42      00000000 
  42      00000000 
  42      00000000 
  42      00000000 
  43              		.global	compteur
  44              		.data
  45              		.align	2
ARM GAS  C:\Users\gaul2016\AppData\Local\Temp\ccMgleko.s 			page 2


  46              		.type	compteur, %object
  47              		.size	compteur, 4
  48              	compteur:
  49 0004 FFFFFFFF 		.word	-1
  50              		.global	accumulateur
  51              		.bss
  52              		.align	2
  53              		.type	accumulateur, %object
  54              		.size	accumulateur, 4
  55              	accumulateur:
  56 0fc8 00000000 		.space	4
  57              		.global	turbido_index
  58              		.align	2
  59              		.type	turbido_index, %object
  60              		.size	turbido_index, 4
  61              	turbido_index:
  62 0fcc 00000000 		.space	4
  63              		.global	mean
  64              		.align	2
  65              		.type	mean, %object
  66              		.size	mean, 4
  67              	mean:
  68 0fd0 00000000 		.space	4
  69              		.global	__aeabi_fsub
  70              		.global	__aeabi_fadd
  71              		.global	__aeabi_fcmplt
  72              		.global	__aeabi_fdiv
  73              		.section	.text.meanTurbido,"ax",%progbits
  74              		.align	2
  75              		.global	meanTurbido
  76              		.thumb
  77              		.thumb_func
  78              		.type	meanTurbido, %function
  79              	meanTurbido:
  80              	.LFB56:
  81              		.file 1 ".\\turbido.c"
   1:.\turbido.c   **** /* ========================================
   2:.\turbido.c   ****  *
   3:.\turbido.c   ****  * Copyright YOUR COMPANY, THE YEAR
   4:.\turbido.c   ****  * All Rights Reserved
   5:.\turbido.c   ****  * UNPUBLISHED, LICENSED SOFTWARE.
   6:.\turbido.c   ****  *
   7:.\turbido.c   ****  * CONFIDENTIAL AND PROPRIETARY INFORMATION
   8:.\turbido.c   ****  * WHICH IS THE PROPERTY OF your company.
   9:.\turbido.c   ****  *
  10:.\turbido.c   ****  * ========================================
  11:.\turbido.c   **** */
  12:.\turbido.c   **** #include "turbido.h"
  13:.\turbido.c   **** 
  14:.\turbido.c   **** 
  15:.\turbido.c   **** #define BUFFER_SIZE 500
  16:.\turbido.c   **** 
  17:.\turbido.c   **** #define SAMPLE_FREQ 1500
  18:.\turbido.c   **** #define LED_FREQ 15
  19:.\turbido.c   **** 
  20:.\turbido.c   **** static int k = SAMPLE_FREQ/(LED_FREQ*2); 
  21:.\turbido.c   **** float mean2[10] = {0};
ARM GAS  C:\Users\gaul2016\AppData\Local\Temp\ccMgleko.s 			page 3


  22:.\turbido.c   **** float Turbidity_buffer[BUFFER_SIZE] = {0};
  23:.\turbido.c   **** 
  24:.\turbido.c   **** float buffer[BUFFER_SIZE] = {0};
  25:.\turbido.c   **** int compteur = -1;
  26:.\turbido.c   **** float accumulateur = 0;
  27:.\turbido.c   **** int turbido_index = 0;
  28:.\turbido.c   **** float mean= 0;
  29:.\turbido.c   **** 
  30:.\turbido.c   **** //-----------------------------------------------------------------------------
  31:.\turbido.c   **** 
  32:.\turbido.c   **** void meanTurbido(int pos,float* signalReception, float* moyenne)
  33:.\turbido.c   **** {
  82              		.loc 1 33 0
  83              		.cfi_startproc
  84              		@ args = 0, pretend = 0, frame = 32
  85              		@ frame_needed = 1, uses_anonymous_args = 0
  86 0000 B0B5     		push	{r4, r5, r7, lr}
  87              		.cfi_def_cfa_offset 16
  88              		.cfi_offset 4, -16
  89              		.cfi_offset 5, -12
  90              		.cfi_offset 7, -8
  91              		.cfi_offset 14, -4
  92 0002 88B0     		sub	sp, sp, #32
  93              		.cfi_def_cfa_offset 48
  94 0004 00AF     		add	r7, sp, #0
  95              		.cfi_def_cfa_register 7
  96 0006 F860     		str	r0, [r7, #12]
  97 0008 B960     		str	r1, [r7, #8]
  98 000a 7A60     		str	r2, [r7, #4]
  34:.\turbido.c   ****     float signalOut = 0;
  99              		.loc 1 34 0
 100 000c 4FF00003 		mov	r3, #0
 101 0010 FB61     		str	r3, [r7, #28]	@ float
  35:.\turbido.c   ****     int posMinusK = getBufferIndex(pos, -k, BUFFER_SIZE);
 102              		.loc 1 35 0
 103 0012 474B     		ldr	r3, .L8
 104 0014 1B68     		ldr	r3, [r3]
 105 0016 5B42     		negs	r3, r3
 106 0018 F868     		ldr	r0, [r7, #12]
 107 001a 1946     		mov	r1, r3
 108 001c 4FF4FA72 		mov	r2, #500
 109 0020 FFF7FEFF 		bl	getBufferIndex
 110 0024 B861     		str	r0, [r7, #24]
  36:.\turbido.c   ****     int posMinus2K = getBufferIndex(pos, -2*k, BUFFER_SIZE);
 111              		.loc 1 36 0
 112 0026 424B     		ldr	r3, .L8
 113 0028 1A68     		ldr	r2, [r3]
 114 002a 1346     		mov	r3, r2
 115 002c DB07     		lsls	r3, r3, #31
 116 002e 9B1A     		subs	r3, r3, r2
 117 0030 5B00     		lsls	r3, r3, #1
 118 0032 F868     		ldr	r0, [r7, #12]
 119 0034 1946     		mov	r1, r3
 120 0036 4FF4FA72 		mov	r2, #500
 121 003a FFF7FEFF 		bl	getBufferIndex
 122 003e 7861     		str	r0, [r7, #20]
  37:.\turbido.c   ****     int posMinus75 = getBufferIndex(pos, -75, BUFFER_SIZE);
ARM GAS  C:\Users\gaul2016\AppData\Local\Temp\ccMgleko.s 			page 4


 123              		.loc 1 37 0
 124 0040 F868     		ldr	r0, [r7, #12]
 125 0042 6FF04A01 		mvn	r1, #74
 126 0046 4FF4FA72 		mov	r2, #500
 127 004a FFF7FEFF 		bl	getBufferIndex
 128 004e 3861     		str	r0, [r7, #16]
  38:.\turbido.c   **** 
  39:.\turbido.c   ****     accumulateur = accumulateur-signalReception[pos] +
 129              		.loc 1 39 0
 130 0050 384B     		ldr	r3, .L8+4
 131 0052 1968     		ldr	r1, [r3]	@ float
 132 0054 FB68     		ldr	r3, [r7, #12]
 133 0056 9B00     		lsls	r3, r3, #2
 134 0058 BA68     		ldr	r2, [r7, #8]
 135 005a 1344     		add	r3, r3, r2
 136 005c 1B68     		ldr	r3, [r3]	@ float
 137 005e 0846     		mov	r0, r1
 138 0060 1946     		mov	r1, r3
 139 0062 FFF7FEFF 		bl	__aeabi_fsub
 140 0066 0346     		mov	r3, r0
 141 0068 1C46     		mov	r4, r3
  40:.\turbido.c   ****                     2*signalReception[posMinusK] - signalReception [posMinus2K];
 142              		.loc 1 40 0
 143 006a BB69     		ldr	r3, [r7, #24]
 144 006c 9B00     		lsls	r3, r3, #2
 145 006e BA68     		ldr	r2, [r7, #8]
 146 0070 1344     		add	r3, r3, r2
 147 0072 1B68     		ldr	r3, [r3]	@ float
 148 0074 1846     		mov	r0, r3
 149 0076 1946     		mov	r1, r3
 150 0078 FFF7FEFF 		bl	__aeabi_fadd
 151 007c 0346     		mov	r3, r0
  39:.\turbido.c   ****                     2*signalReception[posMinusK] - signalReception [posMinus2K];
 152              		.loc 1 39 0
 153 007e 2046     		mov	r0, r4
 154 0080 1946     		mov	r1, r3
 155 0082 FFF7FEFF 		bl	__aeabi_fadd
 156 0086 0346     		mov	r3, r0
 157 0088 1946     		mov	r1, r3
 158              		.loc 1 40 0
 159 008a 7B69     		ldr	r3, [r7, #20]
 160 008c 9B00     		lsls	r3, r3, #2
 161 008e BA68     		ldr	r2, [r7, #8]
 162 0090 1344     		add	r3, r3, r2
 163 0092 1B68     		ldr	r3, [r3]	@ float
 164 0094 0846     		mov	r0, r1
 165 0096 1946     		mov	r1, r3
 166 0098 FFF7FEFF 		bl	__aeabi_fsub
 167 009c 0346     		mov	r3, r0
 168 009e 1A46     		mov	r2, r3
  39:.\turbido.c   ****                     2*signalReception[posMinusK] - signalReception [posMinus2K];
 169              		.loc 1 39 0
 170 00a0 244B     		ldr	r3, .L8+4
 171 00a2 1A60     		str	r2, [r3]	@ float
  41:.\turbido.c   **** 
  42:.\turbido.c   ****     if (accumulateur < 0)
 172              		.loc 1 42 0
ARM GAS  C:\Users\gaul2016\AppData\Local\Temp\ccMgleko.s 			page 5


 173 00a4 234B     		ldr	r3, .L8+4
 174 00a6 1B68     		ldr	r3, [r3]	@ float
 175 00a8 1846     		mov	r0, r3
 176 00aa 4FF00001 		mov	r1, #0
 177 00ae FFF7FEFF 		bl	__aeabi_fcmplt
 178 00b2 0346     		mov	r3, r0
 179 00b4 002B     		cmp	r3, #0
 180 00b6 08D0     		beq	.L7
  43:.\turbido.c   **** 	{
  44:.\turbido.c   ****         signalOut = -signalReception[posMinus75];
 181              		.loc 1 44 0
 182 00b8 3B69     		ldr	r3, [r7, #16]
 183 00ba 9B00     		lsls	r3, r3, #2
 184 00bc BA68     		ldr	r2, [r7, #8]
 185 00be 1344     		add	r3, r3, r2
 186 00c0 1B68     		ldr	r3, [r3]	@ float
 187 00c2 83F00043 		eor	r3, r3, #-2147483648
 188 00c6 FB61     		str	r3, [r7, #28]	@ float
 189 00c8 05E0     		b	.L4
 190              	.L7:
  45:.\turbido.c   ****     }
  46:.\turbido.c   **** 	else
  47:.\turbido.c   ****     {
  48:.\turbido.c   **** 		signalOut = signalReception[posMinus75];
 191              		.loc 1 48 0
 192 00ca 3B69     		ldr	r3, [r7, #16]
 193 00cc 9B00     		lsls	r3, r3, #2
 194 00ce BA68     		ldr	r2, [r7, #8]
 195 00d0 1344     		add	r3, r3, r2
 196 00d2 1B68     		ldr	r3, [r3]	@ float
 197 00d4 FB61     		str	r3, [r7, #28]	@ float
 198              	.L4:
  49:.\turbido.c   ****     }
  50:.\turbido.c   **** 
  51:.\turbido.c   **** 
  52:.\turbido.c   ****     if ((pos % 1000) == 0)
 199              		.loc 1 52 0
 200 00d6 FA68     		ldr	r2, [r7, #12]
 201 00d8 174B     		ldr	r3, .L8+8
 202 00da 83FB0213 		smull	r1, r3, r3, r2
 203 00de 9911     		asrs	r1, r3, #6
 204 00e0 D317     		asrs	r3, r2, #31
 205 00e2 CB1A     		subs	r3, r1, r3
 206 00e4 4FF47A71 		mov	r1, #1000
 207 00e8 01FB03F3 		mul	r3, r1, r3
 208 00ec D31A     		subs	r3, r2, r3
 209 00ee 002B     		cmp	r3, #0
 210 00f0 04D1     		bne	.L5
  53:.\turbido.c   ****     {
  54:.\turbido.c   ****         compteur += 1;
 211              		.loc 1 54 0
 212 00f2 124B     		ldr	r3, .L8+12
 213 00f4 1B68     		ldr	r3, [r3]
 214 00f6 0133     		adds	r3, r3, #1
 215 00f8 104A     		ldr	r2, .L8+12
 216 00fa 1360     		str	r3, [r2]
 217              	.L5:
ARM GAS  C:\Users\gaul2016\AppData\Local\Temp\ccMgleko.s 			page 6


  55:.\turbido.c   **** 	}
  56:.\turbido.c   **** 
  57:.\turbido.c   ****     moyenne[compteur] = moyenne[compteur]+signalOut/BUFFER_SIZE;
 218              		.loc 1 57 0
 219 00fc 0F4B     		ldr	r3, .L8+12
 220 00fe 1B68     		ldr	r3, [r3]
 221 0100 9B00     		lsls	r3, r3, #2
 222 0102 7A68     		ldr	r2, [r7, #4]
 223 0104 D418     		adds	r4, r2, r3
 224 0106 0D4B     		ldr	r3, .L8+12
 225 0108 1B68     		ldr	r3, [r3]
 226 010a 9B00     		lsls	r3, r3, #2
 227 010c 7A68     		ldr	r2, [r7, #4]
 228 010e 1344     		add	r3, r3, r2
 229 0110 1D68     		ldr	r5, [r3]	@ float
 230 0112 F869     		ldr	r0, [r7, #28]	@ float
 231 0114 0A49     		ldr	r1, .L8+16
 232 0116 FFF7FEFF 		bl	__aeabi_fdiv
 233 011a 0346     		mov	r3, r0
 234 011c 2846     		mov	r0, r5
 235 011e 1946     		mov	r1, r3
 236 0120 FFF7FEFF 		bl	__aeabi_fadd
 237 0124 0346     		mov	r3, r0
 238 0126 2360     		str	r3, [r4]	@ float
  58:.\turbido.c   **** }
 239              		.loc 1 58 0
 240 0128 2037     		adds	r7, r7, #32
 241              		.cfi_def_cfa_offset 16
 242 012a BD46     		mov	sp, r7
 243              		.cfi_def_cfa_register 13
 244              		@ sp needed
 245 012c B0BD     		pop	{r4, r5, r7, pc}
 246              	.L9:
 247 012e 00BF     		.align	2
 248              	.L8:
 249 0130 00000000 		.word	k
 250 0134 00000000 		.word	accumulateur
 251 0138 D34D6210 		.word	274877907
 252 013c 00000000 		.word	compteur
 253 0140 0000FA43 		.word	1140457472
 254              		.cfi_endproc
 255              	.LFE56:
 256              		.size	meanTurbido, .-meanTurbido
 257              		.section	.text.getBufferIndex,"ax",%progbits
 258              		.align	2
 259              		.global	getBufferIndex
 260              		.thumb
 261              		.thumb_func
 262              		.type	getBufferIndex, %function
 263              	getBufferIndex:
 264              	.LFB57:
  59:.\turbido.c   **** 
  60:.\turbido.c   **** //-----------------------------------------------------------------------------
  61:.\turbido.c   **** 
  62:.\turbido.c   **** int getBufferIndex(int currentIndex, int increment, int bufferSize)
  63:.\turbido.c   **** {
 265              		.loc 1 63 0
ARM GAS  C:\Users\gaul2016\AppData\Local\Temp\ccMgleko.s 			page 7


 266              		.cfi_startproc
 267              		@ args = 0, pretend = 0, frame = 24
 268              		@ frame_needed = 1, uses_anonymous_args = 0
 269              		@ link register save eliminated.
 270 0000 80B4     		push	{r7}
 271              		.cfi_def_cfa_offset 4
 272              		.cfi_offset 7, -4
 273 0002 87B0     		sub	sp, sp, #28
 274              		.cfi_def_cfa_offset 32
 275 0004 00AF     		add	r7, sp, #0
 276              		.cfi_def_cfa_register 7
 277 0006 F860     		str	r0, [r7, #12]
 278 0008 B960     		str	r1, [r7, #8]
 279 000a 7A60     		str	r2, [r7, #4]
  64:.\turbido.c   ****     int index = currentIndex + increment;
 280              		.loc 1 64 0
 281 000c FA68     		ldr	r2, [r7, #12]
 282 000e BB68     		ldr	r3, [r7, #8]
 283 0010 1344     		add	r3, r3, r2
 284 0012 7B61     		str	r3, [r7, #20]
  65:.\turbido.c   ****     if (index >= 0)
 285              		.loc 1 65 0
 286 0014 7B69     		ldr	r3, [r7, #20]
 287 0016 002B     		cmp	r3, #0
 288 0018 09DB     		blt	.L11
  66:.\turbido.c   ****     {
  67:.\turbido.c   ****        index = index%bufferSize;
 289              		.loc 1 67 0
 290 001a 7B69     		ldr	r3, [r7, #20]
 291 001c 7A68     		ldr	r2, [r7, #4]
 292 001e 93FBF2F2 		sdiv	r2, r3, r2
 293 0022 7968     		ldr	r1, [r7, #4]
 294 0024 01FB02F2 		mul	r2, r1, r2
 295 0028 9B1A     		subs	r3, r3, r2
 296 002a 7B61     		str	r3, [r7, #20]
 297 002c 03E0     		b	.L12
 298              	.L11:
  68:.\turbido.c   ****     }
  69:.\turbido.c   ****     else
  70:.\turbido.c   ****     {
  71:.\turbido.c   ****         index = bufferSize + index;
 299              		.loc 1 71 0
 300 002e 7A69     		ldr	r2, [r7, #20]
 301 0030 7B68     		ldr	r3, [r7, #4]
 302 0032 1344     		add	r3, r3, r2
 303 0034 7B61     		str	r3, [r7, #20]
 304              	.L12:
  72:.\turbido.c   ****     }
  73:.\turbido.c   ****     return index;
 305              		.loc 1 73 0
 306 0036 7B69     		ldr	r3, [r7, #20]
  74:.\turbido.c   **** }
 307              		.loc 1 74 0
 308 0038 1846     		mov	r0, r3
 309 003a 1C37     		adds	r7, r7, #28
 310              		.cfi_def_cfa_offset 4
 311 003c BD46     		mov	sp, r7
ARM GAS  C:\Users\gaul2016\AppData\Local\Temp\ccMgleko.s 			page 8


 312              		.cfi_def_cfa_register 13
 313              		@ sp needed
 314 003e 5DF8047B 		ldr	r7, [sp], #4
 315              		.cfi_restore 7
 316              		.cfi_def_cfa_offset 0
 317 0042 7047     		bx	lr
 318              		.cfi_endproc
 319              	.LFE57:
 320              		.size	getBufferIndex, .-getBufferIndex
 321              		.section	.text.updateTurbidoOutput,"ax",%progbits
 322              		.align	2
 323              		.global	updateTurbidoOutput
 324              		.thumb
 325              		.thumb_func
 326              		.type	updateTurbidoOutput, %function
 327              	updateTurbidoOutput:
 328              	.LFB58:
  75:.\turbido.c   **** 
  76:.\turbido.c   **** 
  77:.\turbido.c   **** float updateTurbidoOutput(int16 Turbido_ADC_result)
  78:.\turbido.c   **** {
 329              		.loc 1 78 0
 330              		.cfi_startproc
 331              		@ args = 0, pretend = 0, frame = 16
 332              		@ frame_needed = 1, uses_anonymous_args = 0
 333 0000 90B5     		push	{r4, r7, lr}
 334              		.cfi_def_cfa_offset 12
 335              		.cfi_offset 4, -12
 336              		.cfi_offset 7, -8
 337              		.cfi_offset 14, -4
 338 0002 85B0     		sub	sp, sp, #20
 339              		.cfi_def_cfa_offset 32
 340 0004 00AF     		add	r7, sp, #0
 341              		.cfi_def_cfa_register 7
 342 0006 0346     		mov	r3, r0
 343 0008 FB80     		strh	r3, [r7, #6]	@ movhi
  79:.\turbido.c   ****     //simulation de la reception d'un echantillons
  80:.\turbido.c   ****     
  81:.\turbido.c   ****     int i =0;
 344              		.loc 1 81 0
 345 000a 0023     		movs	r3, #0
 346 000c FB60     		str	r3, [r7, #12]
  82:.\turbido.c   ****     buffer[turbido_index] = ADC_TURBIDO_CountsTo_Volts(Turbido_ADC_result);
 347              		.loc 1 82 0
 348 000e 2F4B     		ldr	r3, .L21
 349 0010 1C68     		ldr	r4, [r3]
 350 0012 B7F90630 		ldrsh	r3, [r7, #6]
 351 0016 1846     		mov	r0, r3
 352 0018 FFF7FEFF 		bl	ADC_TURBIDO_CountsTo_Volts
 353 001c 0246     		mov	r2, r0
 354 001e 2C4B     		ldr	r3, .L21+4
 355 0020 43F82420 		str	r2, [r3, r4, lsl #2]	@ float
  83:.\turbido.c   **** 
  84:.\turbido.c   ****     meanTurbido(turbido_index, buffer, mean2);
 356              		.loc 1 84 0
 357 0024 294B     		ldr	r3, .L21
 358 0026 1B68     		ldr	r3, [r3]
ARM GAS  C:\Users\gaul2016\AppData\Local\Temp\ccMgleko.s 			page 9


 359 0028 1846     		mov	r0, r3
 360 002a 2949     		ldr	r1, .L21+4
 361 002c 294A     		ldr	r2, .L21+8
 362 002e FFF7FEFF 		bl	meanTurbido
  85:.\turbido.c   ****     turbido_index = getBufferIndex(turbido_index, 1, BUFFER_SIZE);
 363              		.loc 1 85 0
 364 0032 264B     		ldr	r3, .L21
 365 0034 1B68     		ldr	r3, [r3]
 366 0036 1846     		mov	r0, r3
 367 0038 0121     		movs	r1, #1
 368 003a 4FF4FA72 		mov	r2, #500
 369 003e FFF7FEFF 		bl	getBufferIndex
 370 0042 0246     		mov	r2, r0
 371 0044 214B     		ldr	r3, .L21
 372 0046 1A60     		str	r2, [r3]
  86:.\turbido.c   ****     
  87:.\turbido.c   ****     if(compteur >= 11)
 373              		.loc 1 87 0
 374 0048 234B     		ldr	r3, .L21+12
 375 004a 1B68     		ldr	r3, [r3]
 376 004c 0A2B     		cmp	r3, #10
 377 004e 36DD     		ble	.L15
  88:.\turbido.c   ****     {
  89:.\turbido.c   ****         mean = 0;
 378              		.loc 1 89 0
 379 0050 224B     		ldr	r3, .L21+16
 380 0052 4FF00002 		mov	r2, #0
 381 0056 1A60     		str	r2, [r3]	@ float
  90:.\turbido.c   ****         for(i = 1; i<10;i++)
 382              		.loc 1 90 0
 383 0058 0123     		movs	r3, #1
 384 005a FB60     		str	r3, [r7, #12]
 385 005c 10E0     		b	.L16
 386              	.L17:
  91:.\turbido.c   ****         {
  92:.\turbido.c   ****             mean += mean2[i];
 387              		.loc 1 92 0 discriminator 3
 388 005e 1D4A     		ldr	r2, .L21+8
 389 0060 FB68     		ldr	r3, [r7, #12]
 390 0062 52F82320 		ldr	r2, [r2, r3, lsl #2]	@ float
 391 0066 1D4B     		ldr	r3, .L21+16
 392 0068 1B68     		ldr	r3, [r3]	@ float
 393 006a 1046     		mov	r0, r2
 394 006c 1946     		mov	r1, r3
 395 006e FFF7FEFF 		bl	__aeabi_fadd
 396 0072 0346     		mov	r3, r0
 397 0074 1A46     		mov	r2, r3
 398 0076 194B     		ldr	r3, .L21+16
 399 0078 1A60     		str	r2, [r3]	@ float
  90:.\turbido.c   ****         for(i = 1; i<10;i++)
 400              		.loc 1 90 0 discriminator 3
 401 007a FB68     		ldr	r3, [r7, #12]
 402 007c 0133     		adds	r3, r3, #1
 403 007e FB60     		str	r3, [r7, #12]
 404              	.L16:
  90:.\turbido.c   ****         for(i = 1; i<10;i++)
 405              		.loc 1 90 0 is_stmt 0 discriminator 1
ARM GAS  C:\Users\gaul2016\AppData\Local\Temp\ccMgleko.s 			page 10


 406 0080 FB68     		ldr	r3, [r7, #12]
 407 0082 092B     		cmp	r3, #9
 408 0084 EBDD     		ble	.L17
  93:.\turbido.c   ****         }
  94:.\turbido.c   **** 
  95:.\turbido.c   ****         mean = mean/9;
 409              		.loc 1 95 0 is_stmt 1
 410 0086 154B     		ldr	r3, .L21+16
 411 0088 1B68     		ldr	r3, [r3]	@ float
 412 008a 1846     		mov	r0, r3
 413 008c 1449     		ldr	r1, .L21+20
 414 008e FFF7FEFF 		bl	__aeabi_fdiv
 415 0092 0346     		mov	r3, r0
 416 0094 1A46     		mov	r2, r3
 417 0096 114B     		ldr	r3, .L21+16
 418 0098 1A60     		str	r2, [r3]	@ float
  96:.\turbido.c   ****         
  97:.\turbido.c   ****         compteur = 0;
 419              		.loc 1 97 0
 420 009a 0F4B     		ldr	r3, .L21+12
 421 009c 0022     		movs	r2, #0
 422 009e 1A60     		str	r2, [r3]
  98:.\turbido.c   ****         
  99:.\turbido.c   ****         for(i = 0; i<11;i++)
 423              		.loc 1 99 0
 424 00a0 0023     		movs	r3, #0
 425 00a2 FB60     		str	r3, [r7, #12]
 426 00a4 08E0     		b	.L18
 427              	.L19:
 100:.\turbido.c   ****         {
 101:.\turbido.c   ****             mean2[i] = 0;
 428              		.loc 1 101 0 discriminator 3
 429 00a6 0B4A     		ldr	r2, .L21+8
 430 00a8 FB68     		ldr	r3, [r7, #12]
 431 00aa 4FF00001 		mov	r1, #0
 432 00ae 42F82310 		str	r1, [r2, r3, lsl #2]	@ float
  99:.\turbido.c   ****         {
 433              		.loc 1 99 0 discriminator 3
 434 00b2 FB68     		ldr	r3, [r7, #12]
 435 00b4 0133     		adds	r3, r3, #1
 436 00b6 FB60     		str	r3, [r7, #12]
 437              	.L18:
  99:.\turbido.c   ****         {
 438              		.loc 1 99 0 is_stmt 0 discriminator 1
 439 00b8 FB68     		ldr	r3, [r7, #12]
 440 00ba 0A2B     		cmp	r3, #10
 441 00bc F3DD     		ble	.L19
 442              	.L15:
 102:.\turbido.c   ****         }
 103:.\turbido.c   ****     }   
 104:.\turbido.c   ****     
 105:.\turbido.c   ****     return mean;
 443              		.loc 1 105 0 is_stmt 1
 444 00be 074B     		ldr	r3, .L21+16
 445 00c0 1B68     		ldr	r3, [r3]	@ float
 106:.\turbido.c   **** }
 446              		.loc 1 106 0
ARM GAS  C:\Users\gaul2016\AppData\Local\Temp\ccMgleko.s 			page 11


 447 00c2 1846     		mov	r0, r3
 448 00c4 1437     		adds	r7, r7, #20
 449              		.cfi_def_cfa_offset 12
 450 00c6 BD46     		mov	sp, r7
 451              		.cfi_def_cfa_register 13
 452              		@ sp needed
 453 00c8 90BD     		pop	{r4, r7, pc}
 454              	.L22:
 455 00ca 00BF     		.align	2
 456              	.L21:
 457 00cc 00000000 		.word	turbido_index
 458 00d0 00000000 		.word	buffer
 459 00d4 00000000 		.word	mean2
 460 00d8 00000000 		.word	compteur
 461 00dc 00000000 		.word	mean
 462 00e0 00001041 		.word	1091567616
 463              		.cfi_endproc
 464              	.LFE58:
 465              		.size	updateTurbidoOutput, .-updateTurbidoOutput
 466              		.section	.text.initTurbido,"ax",%progbits
 467              		.align	2
 468              		.global	initTurbido
 469              		.thumb
 470              		.thumb_func
 471              		.type	initTurbido, %function
 472              	initTurbido:
 473              	.LFB59:
 107:.\turbido.c   **** 
 108:.\turbido.c   **** void initTurbido()
 109:.\turbido.c   **** {
 474              		.loc 1 109 0
 475              		.cfi_startproc
 476              		@ args = 0, pretend = 0, frame = 0
 477              		@ frame_needed = 1, uses_anonymous_args = 0
 478 0000 80B5     		push	{r7, lr}
 479              		.cfi_def_cfa_offset 8
 480              		.cfi_offset 7, -8
 481              		.cfi_offset 14, -4
 482 0002 00AF     		add	r7, sp, #0
 483              		.cfi_def_cfa_register 7
 110:.\turbido.c   ****     ADC_TURBIDO_Start();
 484              		.loc 1 110 0
 485 0004 FFF7FEFF 		bl	ADC_TURBIDO_Start
 111:.\turbido.c   ****     Turbido_PGA_Start();
 486              		.loc 1 111 0
 487 0008 FFF7FEFF 		bl	Turbido_PGA_Start
 112:.\turbido.c   ****     ClockTurbido_Start();
 488              		.loc 1 112 0
 489 000c FFF7FEFF 		bl	ClockTurbido_Start
 113:.\turbido.c   **** }
 490              		.loc 1 113 0
 491 0010 80BD     		pop	{r7, pc}
 492              		.cfi_endproc
 493              	.LFE59:
 494              		.size	initTurbido, .-initTurbido
 495 0012 00BF     		.text
 496              	.Letext0:
ARM GAS  C:\Users\gaul2016\AppData\Local\Temp\ccMgleko.s 			page 12


 497              		.file 2 "c:\\program files (x86)\\cypress\\psoc creator\\3.3\\psoc creator\\import\\gnu\\arm\\4.9.
 498              		.file 3 "c:\\program files (x86)\\cypress\\psoc creator\\3.3\\psoc creator\\import\\gnu\\arm\\4.9.
 499              		.file 4 "Generated_Source\\PSoC5/cytypes.h"
 500              		.file 5 "Generated_Source\\PSoC5/core_cm3.h"
 501              		.section	.debug_info,"",%progbits
 502              	.Ldebug_info0:
 503 0000 79020000 		.4byte	0x279
 504 0004 0400     		.2byte	0x4
 505 0006 00000000 		.4byte	.Ldebug_abbrev0
 506 000a 04       		.byte	0x4
 507 000b 01       		.uleb128 0x1
 508 000c E5000000 		.4byte	.LASF38
 509 0010 01       		.byte	0x1
 510 0011 7D010000 		.4byte	.LASF39
 511 0015 49000000 		.4byte	.LASF40
 512 0019 00000000 		.4byte	.Ldebug_ranges0+0
 513 001d 00000000 		.4byte	0
 514 0021 00000000 		.4byte	.Ldebug_line0
 515 0025 02       		.uleb128 0x2
 516 0026 01       		.byte	0x1
 517 0027 06       		.byte	0x6
 518 0028 93000000 		.4byte	.LASF0
 519 002c 02       		.uleb128 0x2
 520 002d 01       		.byte	0x1
 521 002e 08       		.byte	0x8
 522 002f 9F000000 		.4byte	.LASF1
 523 0033 02       		.uleb128 0x2
 524 0034 02       		.byte	0x2
 525 0035 05       		.byte	0x5
 526 0036 89010000 		.4byte	.LASF2
 527 003a 02       		.uleb128 0x2
 528 003b 02       		.byte	0x2
 529 003c 07       		.byte	0x7
 530 003d C5000000 		.4byte	.LASF3
 531 0041 03       		.uleb128 0x3
 532 0042 2F000000 		.4byte	.LASF9
 533 0046 02       		.byte	0x2
 534 0047 3F       		.byte	0x3f
 535 0048 4C000000 		.4byte	0x4c
 536 004c 02       		.uleb128 0x2
 537 004d 04       		.byte	0x4
 538 004e 05       		.byte	0x5
 539 004f 56020000 		.4byte	.LASF4
 540 0053 02       		.uleb128 0x2
 541 0054 04       		.byte	0x4
 542 0055 07       		.byte	0x7
 543 0056 B3000000 		.4byte	.LASF5
 544 005a 02       		.uleb128 0x2
 545 005b 08       		.byte	0x8
 546 005c 05       		.byte	0x5
 547 005d 15020000 		.4byte	.LASF6
 548 0061 02       		.uleb128 0x2
 549 0062 08       		.byte	0x8
 550 0063 07       		.byte	0x7
 551 0064 AC010000 		.4byte	.LASF7
 552 0068 04       		.uleb128 0x4
 553 0069 04       		.byte	0x4
ARM GAS  C:\Users\gaul2016\AppData\Local\Temp\ccMgleko.s 			page 13


 554 006a 05       		.byte	0x5
 555 006b 696E7400 		.ascii	"int\000"
 556 006f 02       		.uleb128 0x2
 557 0070 04       		.byte	0x4
 558 0071 07       		.byte	0x7
 559 0072 9F010000 		.4byte	.LASF8
 560 0076 03       		.uleb128 0x3
 561 0077 F9010000 		.4byte	.LASF10
 562 007b 03       		.byte	0x3
 563 007c 2C       		.byte	0x2c
 564 007d 41000000 		.4byte	0x41
 565 0081 03       		.uleb128 0x3
 566 0082 AD000000 		.4byte	.LASF11
 567 0086 04       		.byte	0x4
 568 0087 A5       		.byte	0xa5
 569 0088 33000000 		.4byte	0x33
 570 008c 02       		.uleb128 0x2
 571 008d 04       		.byte	0x4
 572 008e 04       		.byte	0x4
 573 008f 8D000000 		.4byte	.LASF12
 574 0093 02       		.uleb128 0x2
 575 0094 08       		.byte	0x8
 576 0095 04       		.byte	0x4
 577 0096 86000000 		.4byte	.LASF13
 578 009a 02       		.uleb128 0x2
 579 009b 01       		.byte	0x1
 580 009c 08       		.byte	0x8
 581 009d 2B020000 		.4byte	.LASF14
 582 00a1 02       		.uleb128 0x2
 583 00a2 04       		.byte	0x4
 584 00a3 07       		.byte	0x7
 585 00a4 01020000 		.4byte	.LASF15
 586 00a8 02       		.uleb128 0x2
 587 00a9 08       		.byte	0x8
 588 00aa 04       		.byte	0x4
 589 00ab 5F020000 		.4byte	.LASF16
 590 00af 05       		.uleb128 0x5
 591 00b0 93010000 		.4byte	.LASF41
 592 00b4 01       		.byte	0x1
 593 00b5 20       		.byte	0x20
 594 00b6 00000000 		.4byte	.LFB56
 595 00ba 44010000 		.4byte	.LFE56-.LFB56
 596 00be 01       		.uleb128 0x1
 597 00bf 9C       		.byte	0x9c
 598 00c0 27010000 		.4byte	0x127
 599 00c4 06       		.uleb128 0x6
 600 00c5 706F7300 		.ascii	"pos\000"
 601 00c9 01       		.byte	0x1
 602 00ca 20       		.byte	0x20
 603 00cb 68000000 		.4byte	0x68
 604 00cf 02       		.uleb128 0x2
 605 00d0 91       		.byte	0x91
 606 00d1 5C       		.sleb128 -36
 607 00d2 07       		.uleb128 0x7
 608 00d3 39000000 		.4byte	.LASF17
 609 00d7 01       		.byte	0x1
 610 00d8 20       		.byte	0x20
ARM GAS  C:\Users\gaul2016\AppData\Local\Temp\ccMgleko.s 			page 14


 611 00d9 27010000 		.4byte	0x127
 612 00dd 02       		.uleb128 0x2
 613 00de 91       		.byte	0x91
 614 00df 58       		.sleb128 -40
 615 00e0 07       		.uleb128 0x7
 616 00e1 23020000 		.4byte	.LASF18
 617 00e5 01       		.byte	0x1
 618 00e6 20       		.byte	0x20
 619 00e7 27010000 		.4byte	0x127
 620 00eb 02       		.uleb128 0x2
 621 00ec 91       		.byte	0x91
 622 00ed 54       		.sleb128 -44
 623 00ee 08       		.uleb128 0x8
 624 00ef 6B020000 		.4byte	.LASF19
 625 00f3 01       		.byte	0x1
 626 00f4 22       		.byte	0x22
 627 00f5 8C000000 		.4byte	0x8c
 628 00f9 02       		.uleb128 0x2
 629 00fa 91       		.byte	0x91
 630 00fb 6C       		.sleb128 -20
 631 00fc 08       		.uleb128 0x8
 632 00fd 73010000 		.4byte	.LASF20
 633 0101 01       		.byte	0x1
 634 0102 23       		.byte	0x23
 635 0103 68000000 		.4byte	0x68
 636 0107 02       		.uleb128 0x2
 637 0108 91       		.byte	0x91
 638 0109 68       		.sleb128 -24
 639 010a 08       		.uleb128 0x8
 640 010b 0A020000 		.4byte	.LASF21
 641 010f 01       		.byte	0x1
 642 0110 24       		.byte	0x24
 643 0111 68000000 		.4byte	0x68
 644 0115 02       		.uleb128 0x2
 645 0116 91       		.byte	0x91
 646 0117 64       		.sleb128 -28
 647 0118 08       		.uleb128 0x8
 648 0119 7B000000 		.4byte	.LASF22
 649 011d 01       		.byte	0x1
 650 011e 25       		.byte	0x25
 651 011f 68000000 		.4byte	0x68
 652 0123 02       		.uleb128 0x2
 653 0124 91       		.byte	0x91
 654 0125 60       		.sleb128 -32
 655 0126 00       		.byte	0
 656 0127 09       		.uleb128 0x9
 657 0128 04       		.byte	0x4
 658 0129 8C000000 		.4byte	0x8c
 659 012d 0A       		.uleb128 0xa
 660 012e DC010000 		.4byte	.LASF27
 661 0132 01       		.byte	0x1
 662 0133 3E       		.byte	0x3e
 663 0134 68000000 		.4byte	0x68
 664 0138 00000000 		.4byte	.LFB57
 665 013c 44000000 		.4byte	.LFE57-.LFB57
 666 0140 01       		.uleb128 0x1
 667 0141 9C       		.byte	0x9c
ARM GAS  C:\Users\gaul2016\AppData\Local\Temp\ccMgleko.s 			page 15


 668 0142 7F010000 		.4byte	0x17f
 669 0146 07       		.uleb128 0x7
 670 0147 C3010000 		.4byte	.LASF23
 671 014b 01       		.byte	0x1
 672 014c 3E       		.byte	0x3e
 673 014d 68000000 		.4byte	0x68
 674 0151 02       		.uleb128 0x2
 675 0152 91       		.byte	0x91
 676 0153 6C       		.sleb128 -20
 677 0154 07       		.uleb128 0x7
 678 0155 25000000 		.4byte	.LASF24
 679 0159 01       		.byte	0x1
 680 015a 3E       		.byte	0x3e
 681 015b 68000000 		.4byte	0x68
 682 015f 02       		.uleb128 0x2
 683 0160 91       		.byte	0x91
 684 0161 68       		.sleb128 -24
 685 0162 07       		.uleb128 0x7
 686 0163 36020000 		.4byte	.LASF25
 687 0167 01       		.byte	0x1
 688 0168 3E       		.byte	0x3e
 689 0169 68000000 		.4byte	0x68
 690 016d 02       		.uleb128 0x2
 691 016e 91       		.byte	0x91
 692 016f 64       		.sleb128 -28
 693 0170 08       		.uleb128 0x8
 694 0171 30020000 		.4byte	.LASF26
 695 0175 01       		.byte	0x1
 696 0176 40       		.byte	0x40
 697 0177 68000000 		.4byte	0x68
 698 017b 02       		.uleb128 0x2
 699 017c 91       		.byte	0x91
 700 017d 74       		.sleb128 -12
 701 017e 00       		.byte	0
 702 017f 0B       		.uleb128 0xb
 703 0180 00000000 		.4byte	.LASF28
 704 0184 01       		.byte	0x1
 705 0185 4D       		.byte	0x4d
 706 0186 8C000000 		.4byte	0x8c
 707 018a 00000000 		.4byte	.LFB58
 708 018e E4000000 		.4byte	.LFE58-.LFB58
 709 0192 01       		.uleb128 0x1
 710 0193 9C       		.byte	0x9c
 711 0194 B3010000 		.4byte	0x1b3
 712 0198 07       		.uleb128 0x7
 713 0199 75020000 		.4byte	.LASF29
 714 019d 01       		.byte	0x1
 715 019e 4D       		.byte	0x4d
 716 019f 81000000 		.4byte	0x81
 717 01a3 02       		.uleb128 0x2
 718 01a4 91       		.byte	0x91
 719 01a5 66       		.sleb128 -26
 720 01a6 0C       		.uleb128 0xc
 721 01a7 6900     		.ascii	"i\000"
 722 01a9 01       		.byte	0x1
 723 01aa 51       		.byte	0x51
 724 01ab 68000000 		.4byte	0x68
ARM GAS  C:\Users\gaul2016\AppData\Local\Temp\ccMgleko.s 			page 16


 725 01af 02       		.uleb128 0x2
 726 01b0 91       		.byte	0x91
 727 01b1 6C       		.sleb128 -20
 728 01b2 00       		.byte	0
 729 01b3 0D       		.uleb128 0xd
 730 01b4 D0010000 		.4byte	.LASF42
 731 01b8 01       		.byte	0x1
 732 01b9 6C       		.byte	0x6c
 733 01ba 00000000 		.4byte	.LFB59
 734 01be 12000000 		.4byte	.LFE59-.LFB59
 735 01c2 01       		.uleb128 0x1
 736 01c3 9C       		.byte	0x9c
 737 01c4 0C       		.uleb128 0xc
 738 01c5 6B00     		.ascii	"k\000"
 739 01c7 01       		.byte	0x1
 740 01c8 14       		.byte	0x14
 741 01c9 68000000 		.4byte	0x68
 742 01cd 05       		.uleb128 0x5
 743 01ce 03       		.byte	0x3
 744 01cf 00000000 		.4byte	k
 745 01d3 0E       		.uleb128 0xe
 746 01d4 D8000000 		.4byte	.LASF30
 747 01d8 05       		.byte	0x5
 748 01d9 1606     		.2byte	0x616
 749 01db DF010000 		.4byte	0x1df
 750 01df 0F       		.uleb128 0xf
 751 01e0 76000000 		.4byte	0x76
 752 01e4 10       		.uleb128 0x10
 753 01e5 8C000000 		.4byte	0x8c
 754 01e9 F4010000 		.4byte	0x1f4
 755 01ed 11       		.uleb128 0x11
 756 01ee A1000000 		.4byte	0xa1
 757 01f2 09       		.byte	0x9
 758 01f3 00       		.byte	0
 759 01f4 12       		.uleb128 0x12
 760 01f5 95020000 		.4byte	.LASF31
 761 01f9 01       		.byte	0x1
 762 01fa 15       		.byte	0x15
 763 01fb E4010000 		.4byte	0x1e4
 764 01ff 05       		.uleb128 0x5
 765 0200 03       		.byte	0x3
 766 0201 00000000 		.4byte	mean2
 767 0205 10       		.uleb128 0x10
 768 0206 8C000000 		.4byte	0x8c
 769 020a 16020000 		.4byte	0x216
 770 020e 13       		.uleb128 0x13
 771 020f A1000000 		.4byte	0xa1
 772 0213 F301     		.2byte	0x1f3
 773 0215 00       		.byte	0
 774 0216 12       		.uleb128 0x12
 775 0217 14000000 		.4byte	.LASF32
 776 021b 01       		.byte	0x1
 777 021c 16       		.byte	0x16
 778 021d 05020000 		.4byte	0x205
 779 0221 05       		.uleb128 0x5
 780 0222 03       		.byte	0x3
 781 0223 00000000 		.4byte	Turbidity_buffer
ARM GAS  C:\Users\gaul2016\AppData\Local\Temp\ccMgleko.s 			page 17


 782 0227 12       		.uleb128 0x12
 783 0228 4F020000 		.4byte	.LASF33
 784 022c 01       		.byte	0x1
 785 022d 18       		.byte	0x18
 786 022e 05020000 		.4byte	0x205
 787 0232 05       		.uleb128 0x5
 788 0233 03       		.byte	0x3
 789 0234 00000000 		.4byte	buffer
 790 0238 12       		.uleb128 0x12
 791 0239 F0010000 		.4byte	.LASF34
 792 023d 01       		.byte	0x1
 793 023e 19       		.byte	0x19
 794 023f 68000000 		.4byte	0x68
 795 0243 05       		.uleb128 0x5
 796 0244 03       		.byte	0x3
 797 0245 00000000 		.4byte	compteur
 798 0249 12       		.uleb128 0x12
 799 024a 88020000 		.4byte	.LASF35
 800 024e 01       		.byte	0x1
 801 024f 1A       		.byte	0x1a
 802 0250 8C000000 		.4byte	0x8c
 803 0254 05       		.uleb128 0x5
 804 0255 03       		.byte	0x3
 805 0256 00000000 		.4byte	accumulateur
 806 025a 12       		.uleb128 0x12
 807 025b 41020000 		.4byte	.LASF36
 808 025f 01       		.byte	0x1
 809 0260 1B       		.byte	0x1b
 810 0261 68000000 		.4byte	0x68
 811 0265 05       		.uleb128 0x5
 812 0266 03       		.byte	0x3
 813 0267 00000000 		.4byte	turbido_index
 814 026b 12       		.uleb128 0x12
 815 026c EB010000 		.4byte	.LASF37
 816 0270 01       		.byte	0x1
 817 0271 1C       		.byte	0x1c
 818 0272 8C000000 		.4byte	0x8c
 819 0276 05       		.uleb128 0x5
 820 0277 03       		.byte	0x3
 821 0278 00000000 		.4byte	mean
 822 027c 00       		.byte	0
 823              		.section	.debug_abbrev,"",%progbits
 824              	.Ldebug_abbrev0:
 825 0000 01       		.uleb128 0x1
 826 0001 11       		.uleb128 0x11
 827 0002 01       		.byte	0x1
 828 0003 25       		.uleb128 0x25
 829 0004 0E       		.uleb128 0xe
 830 0005 13       		.uleb128 0x13
 831 0006 0B       		.uleb128 0xb
 832 0007 03       		.uleb128 0x3
 833 0008 0E       		.uleb128 0xe
 834 0009 1B       		.uleb128 0x1b
 835 000a 0E       		.uleb128 0xe
 836 000b 55       		.uleb128 0x55
 837 000c 17       		.uleb128 0x17
 838 000d 11       		.uleb128 0x11
ARM GAS  C:\Users\gaul2016\AppData\Local\Temp\ccMgleko.s 			page 18


 839 000e 01       		.uleb128 0x1
 840 000f 10       		.uleb128 0x10
 841 0010 17       		.uleb128 0x17
 842 0011 00       		.byte	0
 843 0012 00       		.byte	0
 844 0013 02       		.uleb128 0x2
 845 0014 24       		.uleb128 0x24
 846 0015 00       		.byte	0
 847 0016 0B       		.uleb128 0xb
 848 0017 0B       		.uleb128 0xb
 849 0018 3E       		.uleb128 0x3e
 850 0019 0B       		.uleb128 0xb
 851 001a 03       		.uleb128 0x3
 852 001b 0E       		.uleb128 0xe
 853 001c 00       		.byte	0
 854 001d 00       		.byte	0
 855 001e 03       		.uleb128 0x3
 856 001f 16       		.uleb128 0x16
 857 0020 00       		.byte	0
 858 0021 03       		.uleb128 0x3
 859 0022 0E       		.uleb128 0xe
 860 0023 3A       		.uleb128 0x3a
 861 0024 0B       		.uleb128 0xb
 862 0025 3B       		.uleb128 0x3b
 863 0026 0B       		.uleb128 0xb
 864 0027 49       		.uleb128 0x49
 865 0028 13       		.uleb128 0x13
 866 0029 00       		.byte	0
 867 002a 00       		.byte	0
 868 002b 04       		.uleb128 0x4
 869 002c 24       		.uleb128 0x24
 870 002d 00       		.byte	0
 871 002e 0B       		.uleb128 0xb
 872 002f 0B       		.uleb128 0xb
 873 0030 3E       		.uleb128 0x3e
 874 0031 0B       		.uleb128 0xb
 875 0032 03       		.uleb128 0x3
 876 0033 08       		.uleb128 0x8
 877 0034 00       		.byte	0
 878 0035 00       		.byte	0
 879 0036 05       		.uleb128 0x5
 880 0037 2E       		.uleb128 0x2e
 881 0038 01       		.byte	0x1
 882 0039 3F       		.uleb128 0x3f
 883 003a 19       		.uleb128 0x19
 884 003b 03       		.uleb128 0x3
 885 003c 0E       		.uleb128 0xe
 886 003d 3A       		.uleb128 0x3a
 887 003e 0B       		.uleb128 0xb
 888 003f 3B       		.uleb128 0x3b
 889 0040 0B       		.uleb128 0xb
 890 0041 27       		.uleb128 0x27
 891 0042 19       		.uleb128 0x19
 892 0043 11       		.uleb128 0x11
 893 0044 01       		.uleb128 0x1
 894 0045 12       		.uleb128 0x12
 895 0046 06       		.uleb128 0x6
ARM GAS  C:\Users\gaul2016\AppData\Local\Temp\ccMgleko.s 			page 19


 896 0047 40       		.uleb128 0x40
 897 0048 18       		.uleb128 0x18
 898 0049 9642     		.uleb128 0x2116
 899 004b 19       		.uleb128 0x19
 900 004c 01       		.uleb128 0x1
 901 004d 13       		.uleb128 0x13
 902 004e 00       		.byte	0
 903 004f 00       		.byte	0
 904 0050 06       		.uleb128 0x6
 905 0051 05       		.uleb128 0x5
 906 0052 00       		.byte	0
 907 0053 03       		.uleb128 0x3
 908 0054 08       		.uleb128 0x8
 909 0055 3A       		.uleb128 0x3a
 910 0056 0B       		.uleb128 0xb
 911 0057 3B       		.uleb128 0x3b
 912 0058 0B       		.uleb128 0xb
 913 0059 49       		.uleb128 0x49
 914 005a 13       		.uleb128 0x13
 915 005b 02       		.uleb128 0x2
 916 005c 18       		.uleb128 0x18
 917 005d 00       		.byte	0
 918 005e 00       		.byte	0
 919 005f 07       		.uleb128 0x7
 920 0060 05       		.uleb128 0x5
 921 0061 00       		.byte	0
 922 0062 03       		.uleb128 0x3
 923 0063 0E       		.uleb128 0xe
 924 0064 3A       		.uleb128 0x3a
 925 0065 0B       		.uleb128 0xb
 926 0066 3B       		.uleb128 0x3b
 927 0067 0B       		.uleb128 0xb
 928 0068 49       		.uleb128 0x49
 929 0069 13       		.uleb128 0x13
 930 006a 02       		.uleb128 0x2
 931 006b 18       		.uleb128 0x18
 932 006c 00       		.byte	0
 933 006d 00       		.byte	0
 934 006e 08       		.uleb128 0x8
 935 006f 34       		.uleb128 0x34
 936 0070 00       		.byte	0
 937 0071 03       		.uleb128 0x3
 938 0072 0E       		.uleb128 0xe
 939 0073 3A       		.uleb128 0x3a
 940 0074 0B       		.uleb128 0xb
 941 0075 3B       		.uleb128 0x3b
 942 0076 0B       		.uleb128 0xb
 943 0077 49       		.uleb128 0x49
 944 0078 13       		.uleb128 0x13
 945 0079 02       		.uleb128 0x2
 946 007a 18       		.uleb128 0x18
 947 007b 00       		.byte	0
 948 007c 00       		.byte	0
 949 007d 09       		.uleb128 0x9
 950 007e 0F       		.uleb128 0xf
 951 007f 00       		.byte	0
 952 0080 0B       		.uleb128 0xb
ARM GAS  C:\Users\gaul2016\AppData\Local\Temp\ccMgleko.s 			page 20


 953 0081 0B       		.uleb128 0xb
 954 0082 49       		.uleb128 0x49
 955 0083 13       		.uleb128 0x13
 956 0084 00       		.byte	0
 957 0085 00       		.byte	0
 958 0086 0A       		.uleb128 0xa
 959 0087 2E       		.uleb128 0x2e
 960 0088 01       		.byte	0x1
 961 0089 3F       		.uleb128 0x3f
 962 008a 19       		.uleb128 0x19
 963 008b 03       		.uleb128 0x3
 964 008c 0E       		.uleb128 0xe
 965 008d 3A       		.uleb128 0x3a
 966 008e 0B       		.uleb128 0xb
 967 008f 3B       		.uleb128 0x3b
 968 0090 0B       		.uleb128 0xb
 969 0091 27       		.uleb128 0x27
 970 0092 19       		.uleb128 0x19
 971 0093 49       		.uleb128 0x49
 972 0094 13       		.uleb128 0x13
 973 0095 11       		.uleb128 0x11
 974 0096 01       		.uleb128 0x1
 975 0097 12       		.uleb128 0x12
 976 0098 06       		.uleb128 0x6
 977 0099 40       		.uleb128 0x40
 978 009a 18       		.uleb128 0x18
 979 009b 9742     		.uleb128 0x2117
 980 009d 19       		.uleb128 0x19
 981 009e 01       		.uleb128 0x1
 982 009f 13       		.uleb128 0x13
 983 00a0 00       		.byte	0
 984 00a1 00       		.byte	0
 985 00a2 0B       		.uleb128 0xb
 986 00a3 2E       		.uleb128 0x2e
 987 00a4 01       		.byte	0x1
 988 00a5 3F       		.uleb128 0x3f
 989 00a6 19       		.uleb128 0x19
 990 00a7 03       		.uleb128 0x3
 991 00a8 0E       		.uleb128 0xe
 992 00a9 3A       		.uleb128 0x3a
 993 00aa 0B       		.uleb128 0xb
 994 00ab 3B       		.uleb128 0x3b
 995 00ac 0B       		.uleb128 0xb
 996 00ad 27       		.uleb128 0x27
 997 00ae 19       		.uleb128 0x19
 998 00af 49       		.uleb128 0x49
 999 00b0 13       		.uleb128 0x13
 1000 00b1 11       		.uleb128 0x11
 1001 00b2 01       		.uleb128 0x1
 1002 00b3 12       		.uleb128 0x12
 1003 00b4 06       		.uleb128 0x6
 1004 00b5 40       		.uleb128 0x40
 1005 00b6 18       		.uleb128 0x18
 1006 00b7 9642     		.uleb128 0x2116
 1007 00b9 19       		.uleb128 0x19
 1008 00ba 01       		.uleb128 0x1
 1009 00bb 13       		.uleb128 0x13
ARM GAS  C:\Users\gaul2016\AppData\Local\Temp\ccMgleko.s 			page 21


 1010 00bc 00       		.byte	0
 1011 00bd 00       		.byte	0
 1012 00be 0C       		.uleb128 0xc
 1013 00bf 34       		.uleb128 0x34
 1014 00c0 00       		.byte	0
 1015 00c1 03       		.uleb128 0x3
 1016 00c2 08       		.uleb128 0x8
 1017 00c3 3A       		.uleb128 0x3a
 1018 00c4 0B       		.uleb128 0xb
 1019 00c5 3B       		.uleb128 0x3b
 1020 00c6 0B       		.uleb128 0xb
 1021 00c7 49       		.uleb128 0x49
 1022 00c8 13       		.uleb128 0x13
 1023 00c9 02       		.uleb128 0x2
 1024 00ca 18       		.uleb128 0x18
 1025 00cb 00       		.byte	0
 1026 00cc 00       		.byte	0
 1027 00cd 0D       		.uleb128 0xd
 1028 00ce 2E       		.uleb128 0x2e
 1029 00cf 00       		.byte	0
 1030 00d0 3F       		.uleb128 0x3f
 1031 00d1 19       		.uleb128 0x19
 1032 00d2 03       		.uleb128 0x3
 1033 00d3 0E       		.uleb128 0xe
 1034 00d4 3A       		.uleb128 0x3a
 1035 00d5 0B       		.uleb128 0xb
 1036 00d6 3B       		.uleb128 0x3b
 1037 00d7 0B       		.uleb128 0xb
 1038 00d8 11       		.uleb128 0x11
 1039 00d9 01       		.uleb128 0x1
 1040 00da 12       		.uleb128 0x12
 1041 00db 06       		.uleb128 0x6
 1042 00dc 40       		.uleb128 0x40
 1043 00dd 18       		.uleb128 0x18
 1044 00de 9642     		.uleb128 0x2116
 1045 00e0 19       		.uleb128 0x19
 1046 00e1 00       		.byte	0
 1047 00e2 00       		.byte	0
 1048 00e3 0E       		.uleb128 0xe
 1049 00e4 34       		.uleb128 0x34
 1050 00e5 00       		.byte	0
 1051 00e6 03       		.uleb128 0x3
 1052 00e7 0E       		.uleb128 0xe
 1053 00e8 3A       		.uleb128 0x3a
 1054 00e9 0B       		.uleb128 0xb
 1055 00ea 3B       		.uleb128 0x3b
 1056 00eb 05       		.uleb128 0x5
 1057 00ec 49       		.uleb128 0x49
 1058 00ed 13       		.uleb128 0x13
 1059 00ee 3F       		.uleb128 0x3f
 1060 00ef 19       		.uleb128 0x19
 1061 00f0 3C       		.uleb128 0x3c
 1062 00f1 19       		.uleb128 0x19
 1063 00f2 00       		.byte	0
 1064 00f3 00       		.byte	0
 1065 00f4 0F       		.uleb128 0xf
 1066 00f5 35       		.uleb128 0x35
ARM GAS  C:\Users\gaul2016\AppData\Local\Temp\ccMgleko.s 			page 22


 1067 00f6 00       		.byte	0
 1068 00f7 49       		.uleb128 0x49
 1069 00f8 13       		.uleb128 0x13
 1070 00f9 00       		.byte	0
 1071 00fa 00       		.byte	0
 1072 00fb 10       		.uleb128 0x10
 1073 00fc 01       		.uleb128 0x1
 1074 00fd 01       		.byte	0x1
 1075 00fe 49       		.uleb128 0x49
 1076 00ff 13       		.uleb128 0x13
 1077 0100 01       		.uleb128 0x1
 1078 0101 13       		.uleb128 0x13
 1079 0102 00       		.byte	0
 1080 0103 00       		.byte	0
 1081 0104 11       		.uleb128 0x11
 1082 0105 21       		.uleb128 0x21
 1083 0106 00       		.byte	0
 1084 0107 49       		.uleb128 0x49
 1085 0108 13       		.uleb128 0x13
 1086 0109 2F       		.uleb128 0x2f
 1087 010a 0B       		.uleb128 0xb
 1088 010b 00       		.byte	0
 1089 010c 00       		.byte	0
 1090 010d 12       		.uleb128 0x12
 1091 010e 34       		.uleb128 0x34
 1092 010f 00       		.byte	0
 1093 0110 03       		.uleb128 0x3
 1094 0111 0E       		.uleb128 0xe
 1095 0112 3A       		.uleb128 0x3a
 1096 0113 0B       		.uleb128 0xb
 1097 0114 3B       		.uleb128 0x3b
 1098 0115 0B       		.uleb128 0xb
 1099 0116 49       		.uleb128 0x49
 1100 0117 13       		.uleb128 0x13
 1101 0118 3F       		.uleb128 0x3f
 1102 0119 19       		.uleb128 0x19
 1103 011a 02       		.uleb128 0x2
 1104 011b 18       		.uleb128 0x18
 1105 011c 00       		.byte	0
 1106 011d 00       		.byte	0
 1107 011e 13       		.uleb128 0x13
 1108 011f 21       		.uleb128 0x21
 1109 0120 00       		.byte	0
 1110 0121 49       		.uleb128 0x49
 1111 0122 13       		.uleb128 0x13
 1112 0123 2F       		.uleb128 0x2f
 1113 0124 05       		.uleb128 0x5
 1114 0125 00       		.byte	0
 1115 0126 00       		.byte	0
 1116 0127 00       		.byte	0
 1117              		.section	.debug_aranges,"",%progbits
 1118 0000 34000000 		.4byte	0x34
 1119 0004 0200     		.2byte	0x2
 1120 0006 00000000 		.4byte	.Ldebug_info0
 1121 000a 04       		.byte	0x4
 1122 000b 00       		.byte	0
 1123 000c 0000     		.2byte	0
ARM GAS  C:\Users\gaul2016\AppData\Local\Temp\ccMgleko.s 			page 23


 1124 000e 0000     		.2byte	0
 1125 0010 00000000 		.4byte	.LFB56
 1126 0014 44010000 		.4byte	.LFE56-.LFB56
 1127 0018 00000000 		.4byte	.LFB57
 1128 001c 44000000 		.4byte	.LFE57-.LFB57
 1129 0020 00000000 		.4byte	.LFB58
 1130 0024 E4000000 		.4byte	.LFE58-.LFB58
 1131 0028 00000000 		.4byte	.LFB59
 1132 002c 12000000 		.4byte	.LFE59-.LFB59
 1133 0030 00000000 		.4byte	0
 1134 0034 00000000 		.4byte	0
 1135              		.section	.debug_ranges,"",%progbits
 1136              	.Ldebug_ranges0:
 1137 0000 00000000 		.4byte	.LFB56
 1138 0004 44010000 		.4byte	.LFE56
 1139 0008 00000000 		.4byte	.LFB57
 1140 000c 44000000 		.4byte	.LFE57
 1141 0010 00000000 		.4byte	.LFB58
 1142 0014 E4000000 		.4byte	.LFE58
 1143 0018 00000000 		.4byte	.LFB59
 1144 001c 12000000 		.4byte	.LFE59
 1145 0020 00000000 		.4byte	0
 1146 0024 00000000 		.4byte	0
 1147              		.section	.debug_line,"",%progbits
 1148              	.Ldebug_line0:
 1149 0000 D8010000 		.section	.debug_str,"MS",%progbits,1
 1149      02004C01 
 1149      00000201 
 1149      FB0E0D00 
 1149      01010101 
 1150              	.LASF28:
 1151 0000 75706461 		.ascii	"updateTurbidoOutput\000"
 1151      74655475 
 1151      72626964 
 1151      6F4F7574 
 1151      70757400 
 1152              	.LASF32:
 1153 0014 54757262 		.ascii	"Turbidity_buffer\000"
 1153      69646974 
 1153      795F6275 
 1153      66666572 
 1153      00
 1154              	.LASF24:
 1155 0025 696E6372 		.ascii	"increment\000"
 1155      656D656E 
 1155      7400
 1156              	.LASF9:
 1157 002f 5F5F696E 		.ascii	"__int32_t\000"
 1157      7433325F 
 1157      7400
 1158              	.LASF17:
 1159 0039 7369676E 		.ascii	"signalReception\000"
 1159      616C5265 
 1159      63657074 
 1159      696F6E00 
 1160              	.LASF40:
 1161 0049 433A5C55 		.ascii	"C:\\Users\\gaul2016\\Desktop\\TAC_PID\\TAC_PSOC5.cy"
ARM GAS  C:\Users\gaul2016\AppData\Local\Temp\ccMgleko.s 			page 24


 1161      73657273 
 1161      5C676175 
 1161      6C323031 
 1161      365C4465 
 1162 0077 64736E00 		.ascii	"dsn\000"
 1163              	.LASF22:
 1164 007b 706F734D 		.ascii	"posMinus75\000"
 1164      696E7573 
 1164      373500
 1165              	.LASF13:
 1166 0086 646F7562 		.ascii	"double\000"
 1166      6C6500
 1167              	.LASF12:
 1168 008d 666C6F61 		.ascii	"float\000"
 1168      7400
 1169              	.LASF0:
 1170 0093 7369676E 		.ascii	"signed char\000"
 1170      65642063 
 1170      68617200 
 1171              	.LASF1:
 1172 009f 756E7369 		.ascii	"unsigned char\000"
 1172      676E6564 
 1172      20636861 
 1172      7200
 1173              	.LASF11:
 1174 00ad 696E7431 		.ascii	"int16\000"
 1174      3600
 1175              	.LASF5:
 1176 00b3 6C6F6E67 		.ascii	"long unsigned int\000"
 1176      20756E73 
 1176      69676E65 
 1176      6420696E 
 1176      7400
 1177              	.LASF3:
 1178 00c5 73686F72 		.ascii	"short unsigned int\000"
 1178      7420756E 
 1178      7369676E 
 1178      65642069 
 1178      6E7400
 1179              	.LASF30:
 1180 00d8 49544D5F 		.ascii	"ITM_RxBuffer\000"
 1180      52784275 
 1180      66666572 
 1180      00
 1181              	.LASF38:
 1182 00e5 474E5520 		.ascii	"GNU C 4.9.3 20150303 (release) [ARM/embedded-4_9-br"
 1182      4320342E 
 1182      392E3320 
 1182      32303135 
 1182      30333033 
 1183 0118 616E6368 		.ascii	"anch revision 221220] -mcpu=cortex-m3 -mthumb -g -O"
 1183      20726576 
 1183      6973696F 
 1183      6E203232 
 1183      31323230 
 1184 014b 30202D66 		.ascii	"0 -ffunction-sections -ffat-lto-objects\000"
 1184      66756E63 
ARM GAS  C:\Users\gaul2016\AppData\Local\Temp\ccMgleko.s 			page 25


 1184      74696F6E 
 1184      2D736563 
 1184      74696F6E 
 1185              	.LASF20:
 1186 0173 706F734D 		.ascii	"posMinusK\000"
 1186      696E7573 
 1186      4B00
 1187              	.LASF39:
 1188 017d 2E5C7475 		.ascii	".\\turbido.c\000"
 1188      72626964 
 1188      6F2E6300 
 1189              	.LASF2:
 1190 0189 73686F72 		.ascii	"short int\000"
 1190      7420696E 
 1190      7400
 1191              	.LASF41:
 1192 0193 6D65616E 		.ascii	"meanTurbido\000"
 1192      54757262 
 1192      69646F00 
 1193              	.LASF8:
 1194 019f 756E7369 		.ascii	"unsigned int\000"
 1194      676E6564 
 1194      20696E74 
 1194      00
 1195              	.LASF7:
 1196 01ac 6C6F6E67 		.ascii	"long long unsigned int\000"
 1196      206C6F6E 
 1196      6720756E 
 1196      7369676E 
 1196      65642069 
 1197              	.LASF23:
 1198 01c3 63757272 		.ascii	"currentIndex\000"
 1198      656E7449 
 1198      6E646578 
 1198      00
 1199              	.LASF42:
 1200 01d0 696E6974 		.ascii	"initTurbido\000"
 1200      54757262 
 1200      69646F00 
 1201              	.LASF27:
 1202 01dc 67657442 		.ascii	"getBufferIndex\000"
 1202      75666665 
 1202      72496E64 
 1202      657800
 1203              	.LASF37:
 1204 01eb 6D65616E 		.ascii	"mean\000"
 1204      00
 1205              	.LASF34:
 1206 01f0 636F6D70 		.ascii	"compteur\000"
 1206      74657572 
 1206      00
 1207              	.LASF10:
 1208 01f9 696E7433 		.ascii	"int32_t\000"
 1208      325F7400 
 1209              	.LASF15:
 1210 0201 73697A65 		.ascii	"sizetype\000"
 1210      74797065 
ARM GAS  C:\Users\gaul2016\AppData\Local\Temp\ccMgleko.s 			page 26


 1210      00
 1211              	.LASF21:
 1212 020a 706F734D 		.ascii	"posMinus2K\000"
 1212      696E7573 
 1212      324B00
 1213              	.LASF6:
 1214 0215 6C6F6E67 		.ascii	"long long int\000"
 1214      206C6F6E 
 1214      6720696E 
 1214      7400
 1215              	.LASF18:
 1216 0223 6D6F7965 		.ascii	"moyenne\000"
 1216      6E6E6500 
 1217              	.LASF14:
 1218 022b 63686172 		.ascii	"char\000"
 1218      00
 1219              	.LASF26:
 1220 0230 696E6465 		.ascii	"index\000"
 1220      7800
 1221              	.LASF25:
 1222 0236 62756666 		.ascii	"bufferSize\000"
 1222      65725369 
 1222      7A6500
 1223              	.LASF36:
 1224 0241 74757262 		.ascii	"turbido_index\000"
 1224      69646F5F 
 1224      696E6465 
 1224      7800
 1225              	.LASF33:
 1226 024f 62756666 		.ascii	"buffer\000"
 1226      657200
 1227              	.LASF4:
 1228 0256 6C6F6E67 		.ascii	"long int\000"
 1228      20696E74 
 1228      00
 1229              	.LASF16:
 1230 025f 6C6F6E67 		.ascii	"long double\000"
 1230      20646F75 
 1230      626C6500 
 1231              	.LASF19:
 1232 026b 7369676E 		.ascii	"signalOut\000"
 1232      616C4F75 
 1232      7400
 1233              	.LASF29:
 1234 0275 54757262 		.ascii	"Turbido_ADC_result\000"
 1234      69646F5F 
 1234      4144435F 
 1234      72657375 
 1234      6C7400
 1235              	.LASF35:
 1236 0288 61636375 		.ascii	"accumulateur\000"
 1236      6D756C61 
 1236      74657572 
 1236      00
 1237              	.LASF31:
 1238 0295 6D65616E 		.ascii	"mean2\000"
 1238      3200
ARM GAS  C:\Users\gaul2016\AppData\Local\Temp\ccMgleko.s 			page 27


 1239              		.ident	"GCC: (GNU Tools for ARM Embedded Processors) 4.9.3 20150303 (release) [ARM/embedded-4_9-br
